[ 2018-05-16T20:54:30+08:00 ] 221.217.235.164 /admin
INFO: [ app_init ] --START--
INFO: Run Behavior\BuildLiteBehavior [ RunTime:0.000017s ]
INFO: [ app_init ] --END-- [ RunTime:0.000075s ]
INFO: [ app_begin ] --START--
INFO: Run Behavior\ReadHtmlCacheBehavior [ RunTime:0.000383s ]
INFO: [ app_begin ] --END-- [ RunTime:0.000425s ]

[ 2018-05-16T20:54:30+08:00 ] 221.217.235.164 /Admin/Login/index.html
INFO: [ app_init ] --START--
INFO: Run Behavior\BuildLiteBehavior [ RunTime:0.000014s ]
INFO: [ app_init ] --END-- [ RunTime:0.000073s ]
INFO: [ app_begin ] --START--
INFO: Run Behavior\ReadHtmlCacheBehavior [ RunTime:0.000403s ]
INFO: [ app_begin ] --END-- [ RunTime:0.000465s ]
INFO: [ view_parse ] --START--
INFO: [ template_filter ] --START--
INFO: Run Behavior\ContentReplaceBehavior [ RunTime:0.000052s ]
INFO: [ template_filter ] --END-- [ RunTime:0.000100s ]
INFO: Run Behavior\ParseTemplateBehavior [ RunTime:0.005730s ]
INFO: [ view_parse ] --END-- [ RunTime:0.005771s ]
INFO: [ view_filter ] --START--
INFO: Run Behavior\WriteHtmlCacheBehavior [ RunTime:0.000117s ]
INFO: [ view_filter ] --END-- [ RunTime:0.000145s ]
INFO: [ app_end ] --START--
INFO: Run Behavior\ShowPageTraceBehavior [ RunTime:0.000375s ]
INFO: [ app_end ] --END-- [ RunTime:0.000411s ]

[ 2018-05-16T20:54:30+08:00 ] 221.217.235.164 /Admin/Login/verify.html
INFO: [ app_init ] --START--
INFO: Run Behavior\BuildLiteBehavior [ RunTime:0.000017s ]
INFO: [ app_init ] --END-- [ RunTime:0.000077s ]
INFO: [ app_begin ] --START--
INFO: Run Behavior\ReadHtmlCacheBehavior [ RunTime:0.000329s ]
INFO: [ app_begin ] --END-- [ RunTime:0.000370s ]
INFO: [ app_end ] --START--
INFO: Run Behavior\ShowPageTraceBehavior [ RunTime:0.000524s ]
INFO: [ app_end ] --END-- [ RunTime:0.000602s ]

[ 2018-05-16T20:54:35+08:00 ] 221.217.235.164 /Admin/Login/verify.html?0.8768179252974448
INFO: [ app_init ] --START--
INFO: Run Behavior\BuildLiteBehavior [ RunTime:0.000015s ]
INFO: [ app_init ] --END-- [ RunTime:0.000075s ]
INFO: [ app_begin ] --START--
INFO: Run Behavior\ReadHtmlCacheBehavior [ RunTime:0.000324s ]
INFO: [ app_begin ] --END-- [ RunTime:0.000364s ]
INFO: [ app_end ] --START--
INFO: Run Behavior\ShowPageTraceBehavior [ RunTime:0.000345s ]
INFO: [ app_end ] --END-- [ RunTime:0.000391s ]

[ 2018-05-16T20:54:42+08:00 ] 221.217.235.164 /Admin/Login/login.html
INFO: [ app_init ] --START--
INFO: Run Behavior\BuildLiteBehavior [ RunTime:0.000014s ]
INFO: [ app_init ] --END-- [ RunTime:0.000075s ]
INFO: [ app_begin ] --START--
INFO: Run Behavior\ReadHtmlCacheBehavior [ RunTime:0.000369s ]
INFO: [ app_begin ] --END-- [ RunTime:0.000430s ]
SQL: SHOW COLUMNS FROM `news_admin` [ RunTime:0.0005s ]
SQL: SELECT * FROM `news_admin` WHERE `username` = 'admin' AND `password` = '1a145a23d6e47aadfe2063f1f951e691'  [ RunTime:0.0003s ]
INFO: [ view_parse ] --START--
INFO: [ template_filter ] --START--
INFO: Run Behavior\ContentReplaceBehavior [ RunTime:0.000033s ]
INFO: [ template_filter ] --END-- [ RunTime:0.000074s ]
INFO: Run Behavior\ParseTemplateBehavior [ RunTime:0.005064s ]
INFO: [ view_parse ] --END-- [ RunTime:0.005104s ]
INFO: [ view_filter ] --START--
INFO: Run Behavior\WriteHtmlCacheBehavior [ RunTime:0.000117s ]
INFO: [ view_filter ] --END-- [ RunTime:0.000144s ]
INFO: [ app_end ] --START--
INFO: Run Behavior\ShowPageTraceBehavior [ RunTime:0.000373s ]
INFO: [ app_end ] --END-- [ RunTime:0.000408s ]

[ 2018-05-16T20:54:43+08:00 ] 221.217.235.164 /Admin/Index/index.html
INFO: [ app_init ] --START--
INFO: Run Behavior\BuildLiteBehavior [ RunTime:0.000014s ]
INFO: [ app_init ] --END-- [ RunTime:0.000070s ]
INFO: [ app_begin ] --START--
INFO: Run Behavior\ReadHtmlCacheBehavior [ RunTime:0.000338s ]
INFO: [ app_begin ] --END-- [ RunTime:0.000379s ]
INFO: [ view_parse ] --START--
INFO: [ template_filter ] --START--
INFO: Run Behavior\ContentReplaceBehavior [ RunTime:0.000067s ]
INFO: [ template_filter ] --END-- [ RunTime:0.000106s ]
NOTIC: [8] Undefined index: logintime /home/wwwroot/blog/ydyl/Runtime/Cache/Admin/d3b702bf72ed230e8c20adf6e3c65fe7.php 第 70 行.
NOTIC: [8] Undefined index: loginip /home/wwwroot/blog/ydyl/Runtime/Cache/Admin/d3b702bf72ed230e8c20adf6e3c65fe7.php 第 79 行.
NOTIC: [8] Undefined index: username /home/wwwroot/blog/ydyl/Runtime/Cache/Admin/d3b702bf72ed230e8c20adf6e3c65fe7.php 第 90 行.
NOTIC: [8] Undefined index: REMOTE_HOST /home/wwwroot/blog/ydyl/Runtime/Cache/Admin/d3b702bf72ed230e8c20adf6e3c65fe7.php 第 395 行.
INFO: Run Behavior\ParseTemplateBehavior [ RunTime:0.009109s ]
INFO: [ view_parse ] --END-- [ RunTime:0.009142s ]
INFO: [ view_filter ] --START--
INFO: Run Behavior\WriteHtmlCacheBehavior [ RunTime:0.000106s ]
INFO: [ view_filter ] --END-- [ RunTime:0.000134s ]
INFO: [ app_end ] --START--
INFO: Run Behavior\ShowPageTraceBehavior [ RunTime:0.000348s ]
INFO: [ app_end ] --END-- [ RunTime:0.000385s ]

[ 2018-05-16T20:54:45+08:00 ] 221.217.235.164 /Admin/News/index.html
INFO: [ app_init ] --START--
INFO: Run Behavior\BuildLiteBehavior [ RunTime:0.000014s ]
INFO: [ app_init ] --END-- [ RunTime:0.000073s ]
INFO: [ app_begin ] --START--
INFO: Run Behavior\ReadHtmlCacheBehavior [ RunTime:0.000330s ]
INFO: [ app_begin ] --END-- [ RunTime:0.000384s ]
SQL: SHOW COLUMNS FROM `news_news` [ RunTime:0.0005s ]
SQL: SELECT COUNT(*) AS tp_count FROM `news_news` WHERE ( 1=1 ) LIMIT 1   [ RunTime:0.0003s ]
SQL: SELECT * FROM `news_news` WHERE ( 1=1 ) ORDER BY id desc LIMIT 0,20   [ RunTime:0.0003s ]
INFO: [ view_parse ] --START--
INFO: [ template_filter ] --START--
INFO: Run Behavior\ContentReplaceBehavior [ RunTime:0.000073s ]
INFO: [ template_filter ] --END-- [ RunTime:0.000118s ]
NOTIC: [8] Undefined index: logintime /home/wwwroot/blog/ydyl/Runtime/Cache/Admin/51c9d9e69a17f360f9b5c6d4a3de2bf8.php 第 70 行.
NOTIC: [8] Undefined index: loginip /home/wwwroot/blog/ydyl/Runtime/Cache/Admin/51c9d9e69a17f360f9b5c6d4a3de2bf8.php 第 79 行.
NOTIC: [8] Undefined index: username /home/wwwroot/blog/ydyl/Runtime/Cache/Admin/51c9d9e69a17f360f9b5c6d4a3de2bf8.php 第 90 行.
NOTIC: [8] Undefined variable: type /home/wwwroot/blog/ydyl/Runtime/Cache/Admin/51c9d9e69a17f360f9b5c6d4a3de2bf8.php 第 314 行.
NOTIC: [8] Undefined index: status /home/wwwroot/blog/ydyl/Runtime/Cache/Admin/51c9d9e69a17f360f9b5c6d4a3de2bf8.php 第 357 行.
NOTIC: [8] Undefined variable: type /home/wwwroot/blog/ydyl/Runtime/Cache/Admin/51c9d9e69a17f360f9b5c6d4a3de2bf8.php 第 364 行.
NOTIC: [8] Undefined index: status /home/wwwroot/blog/ydyl/Runtime/Cache/Admin/51c9d9e69a17f360f9b5c6d4a3de2bf8.php 第 357 行.
NOTIC: [8] Undefined variable: type /home/wwwroot/blog/ydyl/Runtime/Cache/Admin/51c9d9e69a17f360f9b5c6d4a3de2bf8.php 第 364 行.
NOTIC: [8] Undefined index: status /home/wwwroot/blog/ydyl/Runtime/Cache/Admin/51c9d9e69a17f360f9b5c6d4a3de2bf8.php 第 357 行.
NOTIC: [8] Undefined variable: type /home/wwwroot/blog/ydyl/Runtime/Cache/Admin/51c9d9e69a17f360f9b5c6d4a3de2bf8.php 第 364 行.
NOTIC: [8] Undefined index: status /home/wwwroot/blog/ydyl/Runtime/Cache/Admin/51c9d9e69a17f360f9b5c6d4a3de2bf8.php 第 357 行.
NOTIC: [8] Undefined variable: type /home/wwwroot/blog/ydyl/Runtime/Cache/Admin/51c9d9e69a17f360f9b5c6d4a3de2bf8.php 第 364 行.
NOTIC: [8] Undefined index: status /home/wwwroot/blog/ydyl/Runtime/Cache/Admin/51c9d9e69a17f360f9b5c6d4a3de2bf8.php 第 357 行.
NOTIC: [8] Undefined variable: type /home/wwwroot/blog/ydyl/Runtime/Cache/Admin/51c9d9e69a17f360f9b5c6d4a3de2bf8.php 第 364 行.
NOTIC: [8] Undefined index: status /home/wwwroot/blog/ydyl/Runtime/Cache/Admin/51c9d9e69a17f360f9b5c6d4a3de2bf8.php 第 357 行.
NOTIC: [8] Undefined variable: type /home/wwwroot/blog/ydyl/Runtime/Cache/Admin/51c9d9e69a17f360f9b5c6d4a3de2bf8.php 第 364 行.
NOTIC: [8] Undefined index: status /home/wwwroot/blog/ydyl/Runtime/Cache/Admin/51c9d9e69a17f360f9b5c6d4a3de2bf8.php 第 357 行.
NOTIC: [8] Undefined variable: type /home/wwwroot/blog/ydyl/Runtime/Cache/Admin/51c9d9e69a17f360f9b5c6d4a3de2bf8.php 第 364 行.
NOTIC: [8] Undefined index: status /home/wwwroot/blog/ydyl/Runtime/Cache/Admin/51c9d9e69a17f360f9b5c6d4a3de2bf8.php 第 357 行.
NOTIC: [8] Undefined variable: type /home/wwwroot/blog/ydyl/Runtime/Cache/Admin/51c9d9e69a17f360f9b5c6d4a3de2bf8.php 第 364 行.
NOTIC: [8] Undefined index: status /home/wwwroot/blog/ydyl/Runtime/Cache/Admin/51c9d9e69a17f360f9b5c6d4a3de2bf8.php 第 357 行.
NOTIC: [8] Undefined variable: type /home/wwwroot/blog/ydyl/Runtime/Cache/Admin/51c9d9e69a17f360f9b5c6d4a3de2bf8.php 第 364 行.
NOTIC: [8] Undefined index: status /home/wwwroot/blog/ydyl/Runtime/Cache/Admin/51c9d9e69a17f360f9b5c6d4a3de2bf8.php 第 357 行.
NOTIC: [8] Undefined variable: type /home/wwwroot/blog/ydyl/Runtime/Cache/Admin/51c9d9e69a17f360f9b5c6d4a3de2bf8.php 第 364 行.
NOTIC: [8] Undefined index: status /home/wwwroot/blog/ydyl/Runtime/Cache/Admin/51c9d9e69a17f360f9b5c6d4a3de2bf8.php 第 357 行.
NOTIC: [8] Undefined variable: type /home/wwwroot/blog/ydyl/Runtime/Cache/Admin/51c9d9e69a17f360f9b5c6d4a3de2bf8.php 第 364 行.
NOTIC: [8] Undefined index: status /home/wwwroot/blog/ydyl/Runtime/Cache/Admin/51c9d9e69a17f360f9b5c6d4a3de2bf8.php 第 357 行.
NOTIC: [8] Undefined variable: type /home/wwwroot/blog/ydyl/Runtime/Cache/Admin/51c9d9e69a17f360f9b5c6d4a3de2bf8.php 第 364 行.
NOTIC: [8] Undefined index: status /home/wwwroot/blog/ydyl/Runtime/Cache/Admin/51c9d9e69a17f360f9b5c6d4a3de2bf8.php 第 357 行.
NOTIC: [8] Undefined variable: type /home/wwwroot/blog/ydyl/Runtime/Cache/Admin/51c9d9e69a17f360f9b5c6d4a3de2bf8.php 第 364 行.
NOTIC: [8] Undefined index: status /home/wwwroot/blog/ydyl/Runtime/Cache/Admin/51c9d9e69a17f360f9b5c6d4a3de2bf8.php 第 357 行.
NOTIC: [8] Undefined variable: type /home/wwwroot/blog/ydyl/Runtime/Cache/Admin/51c9d9e69a17f360f9b5c6d4a3de2bf8.php 第 364 行.
NOTIC: [8] Undefined index: status /home/wwwroot/blog/ydyl/Runtime/Cache/Admin/51c9d9e69a17f360f9b5c6d4a3de2bf8.php 第 357 行.
NOTIC: [8] Undefined variable: type /home/wwwroot/blog/ydyl/Runtime/Cache/Admin/51c9d9e69a17f360f9b5c6d4a3de2bf8.php 第 364 行.
NOTIC: [8] Undefined index: status /home/wwwroot/blog/ydyl/Runtime/Cache/Admin/51c9d9e69a17f360f9b5c6d4a3de2bf8.php 第 357 行.
NOTIC: [8] Undefined variable: type /home/wwwroot/blog/ydyl/Runtime/Cache/Admin/51c9d9e69a17f360f9b5c6d4a3de2bf8.php 第 364 行.
NOTIC: [8] Undefined index: status /home/wwwroot/blog/ydyl/Runtime/Cache/Admin/51c9d9e69a17f360f9b5c6d4a3de2bf8.php 第 357 行.
NOTIC: [8] Undefined variable: type /home/wwwroot/blog/ydyl/Runtime/Cache/Admin/51c9d9e69a17f360f9b5c6d4a3de2bf8.php 第 364 行.
NOTIC: [8] Undefined index: status /home/wwwroot/blog/ydyl/Runtime/Cache/Admin/51c9d9e69a17f360f9b5c6d4a3de2bf8.php 第 357 行.
NOTIC: [8] Undefined variable: type /home/wwwroot/blog/ydyl/Runtime/Cache/Admin/51c9d9e69a17f360f9b5c6d4a3de2bf8.php 第 364 行.
NOTIC: [8] Undefined index: status /home/wwwroot/blog/ydyl/Runtime/Cache/Admin/51c9d9e69a17f360f9b5c6d4a3de2bf8.php 第 357 行.
NOTIC: [8] Undefined variable: type /home/wwwroot/blog/ydyl/Runtime/Cache/Admin/51c9d9e69a17f360f9b5c6d4a3de2bf8.php 第 364 行.
NOTIC: [8] Undefined index: status /home/wwwroot/blog/ydyl/Runtime/Cache/Admin/51c9d9e69a17f360f9b5c6d4a3de2bf8.php 第 357 行.
NOTIC: [8] Undefined variable: type /home/wwwroot/blog/ydyl/Runtime/Cache/Admin/51c9d9e69a17f360f9b5c6d4a3de2bf8.php 第 364 行.
INFO: Run Behavior\ParseTemplateBehavior [ RunTime:0.014036s ]
INFO: [ view_parse ] --END-- [ RunTime:0.014082s ]
INFO: [ view_filter ] --START--
INFO: Run Behavior\WriteHtmlCacheBehavior [ RunTime:0.000128s ]
INFO: [ view_filter ] --END-- [ RunTime:0.000156s ]
INFO: [ app_end ] --START--
INFO: Run Behavior\ShowPageTraceBehavior [ RunTime:0.000399s ]
INFO: [ app_end ] --END-- [ RunTime:0.000446s ]

[ 2018-05-16T20:54:46+08:00 ] 221.217.235.164 /Admin/News/type.html
INFO: [ app_init ] --START--
INFO: Run Behavior\BuildLiteBehavior [ RunTime:0.000034s ]
INFO: [ app_init ] --END-- [ RunTime:0.000126s ]
INFO: [ app_begin ] --START--
INFO: Run Behavior\ReadHtmlCacheBehavior [ RunTime:0.000411s ]
INFO: [ app_begin ] --END-- [ RunTime:0.000451s ]
SQL: SHOW COLUMNS FROM `news_type` [ RunTime:0.0004s ]
SQL: SELECT * FROM `news_type`  [ RunTime:0.0001s ]
SQL: SHOW COLUMNS FROM `news_nexttype` [ RunTime:0.0003s ]
SQL: SELECT * FROM `news_nexttype` WHERE `sid` = 1  [ RunTime:0.0003s ]
SQL: SELECT * FROM `news_nexttype` WHERE `sid` = 2  [ RunTime:0.0002s ]
SQL: SELECT * FROM `news_nexttype` WHERE `sid` = 5  [ RunTime:0.0002s ]
SQL: SELECT * FROM `news_nexttype` WHERE `sid` = 6  [ RunTime:0.0002s ]
SQL: SELECT * FROM `news_nexttype` WHERE `sid` = 8  [ RunTime:0.0001s ]
SQL: SELECT * FROM `news_nexttype` WHERE `sid` = 9  [ RunTime:0.0002s ]
SQL: SELECT * FROM `news_nexttype` WHERE `sid` = 10  [ RunTime:0.0002s ]
SQL: SELECT * FROM `news_nexttype` WHERE `sid` = 11  [ RunTime:0.0002s ]
SQL: SELECT * FROM `news_nexttype` WHERE `sid` = 12  [ RunTime:0.0002s ]
SQL: SELECT * FROM `news_nexttype` WHERE `sid` = 13  [ RunTime:0.0002s ]
SQL: SELECT * FROM `news_nexttype` WHERE `sid` = 14  [ RunTime:0.0002s ]
SQL: SELECT * FROM `news_nexttype` WHERE `sid` = 15  [ RunTime:0.0002s ]
SQL: SELECT * FROM `news_nexttype` WHERE `sid` = 16  [ RunTime:0.0002s ]
SQL: SELECT * FROM `news_nexttype` WHERE `sid` = 19  [ RunTime:0.0002s ]
SQL: SELECT * FROM `news_nexttype` WHERE `sid` = 20  [ RunTime:0.0002s ]
SQL: SELECT * FROM `news_nexttype` WHERE `sid` = 21  [ RunTime:0.0002s ]
SQL: SELECT * FROM `news_nexttype` WHERE `sid` = 23  [ RunTime:0.0002s ]
SQL: SELECT * FROM `news_nexttype` WHERE `sid` = 25  [ RunTime:0.0002s ]
SQL: SELECT * FROM `news_nexttype` WHERE `sid` = 26  [ RunTime:0.0002s ]
SQL: SELECT * FROM `news_nexttype` WHERE `sid` = 27  [ RunTime:0.0002s ]
INFO: [ app_end ] --START--
INFO: Run Behavior\ShowPageTraceBehavior [ RunTime:0.000454s ]
INFO: [ app_end ] --END-- [ RunTime:0.000495s ]

[ 2018-05-16T20:54:48+08:00 ] 221.217.235.164 /Admin/News/news.html
INFO: [ app_init ] --START--
INFO: Run Behavior\BuildLiteBehavior [ RunTime:0.000013s ]
INFO: [ app_init ] --END-- [ RunTime:0.000075s ]
INFO: [ app_begin ] --START--
INFO: Run Behavior\ReadHtmlCacheBehavior [ RunTime:0.000331s ]
INFO: [ app_begin ] --END-- [ RunTime:0.000374s ]
INFO: [ view_parse ] --START--
INFO: [ template_filter ] --START--
INFO: Run Behavior\ContentReplaceBehavior [ RunTime:0.000069s ]
INFO: [ template_filter ] --END-- [ RunTime:0.000111s ]
NOTIC: [8] Undefined index: logintime /home/wwwroot/blog/ydyl/Runtime/Cache/Admin/52a1ca446a8a4a712935178c3b252c68.php 第 66 行.
NOTIC: [8] Undefined index: loginip /home/wwwroot/blog/ydyl/Runtime/Cache/Admin/52a1ca446a8a4a712935178c3b252c68.php 第 75 行.
NOTIC: [8] Undefined index: username /home/wwwroot/blog/ydyl/Runtime/Cache/Admin/52a1ca446a8a4a712935178c3b252c68.php 第 86 行.
NOTIC: [8] Undefined variable: type /home/wwwroot/blog/ydyl/Runtime/Cache/Admin/52a1ca446a8a4a712935178c3b252c68.php 第 308 行.
INFO: Run Behavior\ParseTemplateBehavior [ RunTime:0.009909s ]
INFO: [ view_parse ] --END-- [ RunTime:0.009945s ]
INFO: [ view_filter ] --START--
INFO: Run Behavior\WriteHtmlCacheBehavior [ RunTime:0.000115s ]
INFO: [ view_filter ] --END-- [ RunTime:0.000144s ]
INFO: [ app_end ] --START--
INFO: Run Behavior\ShowPageTraceBehavior [ RunTime:0.000349s ]
INFO: [ app_end ] --END-- [ RunTime:0.000387s ]

[ 2018-05-16T20:54:49+08:00 ] 221.217.235.164 /Admin/News/type.html
INFO: [ app_init ] --START--
INFO: Run Behavior\BuildLiteBehavior [ RunTime:0.000017s ]
INFO: [ app_init ] --END-- [ RunTime:0.000083s ]
INFO: [ app_begin ] --START--
INFO: Run Behavior\ReadHtmlCacheBehavior [ RunTime:0.000336s ]
INFO: [ app_begin ] --END-- [ RunTime:0.000376s ]
SQL: SHOW COLUMNS FROM `news_type` [ RunTime:0.0005s ]
SQL: SELECT * FROM `news_type`  [ RunTime:0.0001s ]
SQL: SHOW COLUMNS FROM `news_nexttype` [ RunTime:0.0003s ]
SQL: SELECT * FROM `news_nexttype` WHERE `sid` = 1  [ RunTime:0.0001s ]
SQL: SELECT * FROM `news_nexttype` WHERE `sid` = 2  [ RunTime:0.0001s ]
SQL: SELECT * FROM `news_nexttype` WHERE `sid` = 5  [ RunTime:0.0001s ]
SQL: SELECT * FROM `news_nexttype` WHERE `sid` = 6  [ RunTime:0.0001s ]
SQL: SELECT * FROM `news_nexttype` WHERE `sid` = 8  [ RunTime:0.0001s ]
SQL: SELECT * FROM `news_nexttype` WHERE `sid` = 9  [ RunTime:0.0001s ]
SQL: SELECT * FROM `news_nexttype` WHERE `sid` = 10  [ RunTime:0.0001s ]
SQL: SELECT * FROM `news_nexttype` WHERE `sid` = 11  [ RunTime:0.0001s ]
SQL: SELECT * FROM `news_nexttype` WHERE `sid` = 12  [ RunTime:0.0001s ]
SQL: SELECT * FROM `news_nexttype` WHERE `sid` = 13  [ RunTime:0.0001s ]
SQL: SELECT * FROM `news_nexttype` WHERE `sid` = 14  [ RunTime:0.0001s ]
SQL: SELECT * FROM `news_nexttype` WHERE `sid` = 15  [ RunTime:0.0001s ]
SQL: SELECT * FROM `news_nexttype` WHERE `sid` = 16  [ RunTime:0.0001s ]
SQL: SELECT * FROM `news_nexttype` WHERE `sid` = 19  [ RunTime:0.0001s ]
SQL: SELECT * FROM `news_nexttype` WHERE `sid` = 20  [ RunTime:0.0001s ]
SQL: SELECT * FROM `news_nexttype` WHERE `sid` = 21  [ RunTime:0.0001s ]
SQL: SELECT * FROM `news_nexttype` WHERE `sid` = 23  [ RunTime:0.0001s ]
SQL: SELECT * FROM `news_nexttype` WHERE `sid` = 25  [ RunTime:0.0001s ]
SQL: SELECT * FROM `news_nexttype` WHERE `sid` = 26  [ RunTime:0.0000s ]
SQL: SELECT * FROM `news_nexttype` WHERE `sid` = 27  [ RunTime:0.0001s ]
INFO: [ app_end ] --START--
INFO: Run Behavior\ShowPageTraceBehavior [ RunTime:0.000412s ]
INFO: [ app_end ] --END-- [ RunTime:0.000451s ]

[ 2018-05-16T21:02:23+08:00 ] 221.217.235.164 /Admin/News/addnew.html
INFO: [ app_init ] --START--
INFO: Run Behavior\BuildLiteBehavior [ RunTime:0.000019s ]
INFO: [ app_init ] --END-- [ RunTime:0.000096s ]
INFO: [ app_begin ] --START--
INFO: Run Behavior\ReadHtmlCacheBehavior [ RunTime:0.000375s ]
INFO: [ app_begin ] --END-- [ RunTime:0.000429s ]
NOTIC: [2] call_user_func() expects parameter 1 to be a valid callback, no array or string given /home/wwwroot/blog/ThinkPHP/Library/Think/Upload.class.php 第 170 行.
NOTIC: [8] Undefined offset: 1 /home/wwwroot/blog/ydyl/Admin/Controller/NewsController.class.php 第 165 行.
NOTIC: [8] Undefined offset: 1 /home/wwwroot/blog/ydyl/Admin/Controller/NewsController.class.php 第 165 行.
SQL: SHOW COLUMNS FROM `news_news` [ RunTime:0.0007s ]
SQL: INSERT INTO `news_news` (`title`,`message`,`editorname`,`comefrom`,`onetype`,`twotype`,`isleft`,`newsdescribe`,`isvideo`,`intime`,`isdel`,`himg`,`videopath`) VALUES ('习近平发表《携手推进“一带一路”建设》主旨演讲一周年','&lt;p style=&quot;line-height: 1.5em;&quot;&gt;&lt;span style=&quot;color: rgb(127, 127, 127);&quot;&gt;今年3月，在澳大利亚悉尼，300多名澳大利亚政商界人士汇聚一堂，探讨如何抓住首届中国国际进口博览会带来的大商机。这一全球首个以进口为主题的国家级博览会，正在吸引世界目光。&lt;br/&gt;&lt;/span&gt;&lt;/p&gt;&lt;p style=&quot;line-height: 1.5em;&quot;&gt;&lt;span style=&quot;color: rgb(127, 127, 127);&quot;&gt;这个大项目，正是一年前中国国家主席习近平在“一带一路”国际合作高峰论坛开幕式主旨演讲中宣布的一系列举措之一。一年来，“一带一路”建设合作的“国际列车”进一步聚合动能，加速向前，携各方驶向幸福安宁和谐美好的未来。&lt;/span&gt;&lt;/p&gt;&lt;p class=&quot;text&quot; style=&quot;margin-top: 15px; margin-bottom: 15px; padding: 0px; color: rgb(68, 68, 68); line-height: 1.8; text-indent: 2em; font-family: 微软雅黑, SimSun, Helvetica, STHeiti, &amp;quot;Droid Sans Fallback&amp;quot;; white-space: normal; text-size-adjust: auto;&quot;&gt;&lt;br/&gt;&lt;/p&gt;&lt;h2 style=&quot;margin: 17px auto; padding: 0px; color: rgb(26, 26, 26); font-size: 18px; line-height: 27px; font-family: 微软雅黑, SimSun, Helvetica, STHeiti, &amp;quot;Droid Sans Fallback&amp;quot;; white-space: normal; text-size-adjust: auto;&quot;&gt;汇涓成流——全球共识不断积累&lt;/h2&gt;&lt;h2&gt;&lt;span style=&quot;color: rgb(127, 127, 127); font-size: 16px;&quot;&gt;“中国特色的水墨画卷”——英国牛津大学访问学者蒋希蘅在谈及“一带一路”时曾这样作比。&lt;/span&gt;&lt;/h2&gt;&lt;p&gt;&lt;span style=&quot;color: rgb(127, 127, 127); font-size: 16px;&quot;&gt;她说，就像看惯油画的西方人开始不太领会中国水墨的留白，到后来学会欣赏其格局和意蕴。有的国家曾对中国提出的“一带一路”倡议缺乏理解、抱有疑虑，但随着建设推进，共识不断增多。&lt;/span&gt;&lt;/p&gt;&lt;p&gt;&lt;span style=&quot;color: rgb(127, 127, 127); font-size: 16px;&quot;&gt;“具有深远的世界影响”——英国首相特雷莎·梅今年2月访华时如此看待“一带一路”。&lt;/span&gt;&lt;/p&gt;&lt;p&gt;&lt;span style=&quot;color: rgb(127, 127, 127); font-size: 16px;&quot;&gt;“中国对地区繁荣作出的重要贡献”——新加坡总理李显龙在博鳌亚洲论坛年会上这样评价“一带一路”。&lt;/span&gt;&lt;/p&gt;&lt;p&gt;&lt;span style=&quot;color: rgb(127, 127, 127); font-size: 16px;&quot;&gt;这一源自中国、属于世界的倡议正被越来越多的国家认同和接纳。&lt;/span&gt;&lt;/p&gt;&lt;p&gt;&lt;span style=&quot;color: rgb(127, 127, 127); font-size: 16px;&quot;&gt;将“一带一路”建成和平之路、繁荣之路、开放之路、创新之路、文明之路，这是习近平主席在一年前的演讲中提出的明确目标和愿景。&lt;/span&gt;&lt;/p&gt;&lt;p&gt;&lt;span style=&quot;color: rgb(127, 127, 127); font-size: 16px;&quot;&gt;从“一带一路”国际合作高峰论坛到金砖国家领导人厦门会晤，从亚太经合组织岘港会议到博鳌亚洲论坛年会，一年来，习近平主席在多个重大国际场合反复阐释“一带一路”倡议，让世界对这一造福众多国家人民的世纪工程有了更多理解和认同。&lt;/span&gt;&lt;/p&gt;&lt;p&gt;&lt;span style=&quot;color: rgb(127, 127, 127); font-size: 16px;&quot;&gt;正是得益于这样的指引，由中国起笔，横跨大洲的“一带一路”画卷正变得越来越清晰、生动而丰富。“一带一路”的建设规划和项目落地不断推进，国际合作不断结出硕果。&lt;/span&gt;&lt;/p&gt;&lt;p&gt;&lt;span style=&quot;color: rgb(127, 127, 127); font-size: 16px;&quot;&gt;“‘一带一路’倡议或将成为人类历史上规模最大、最为重要的经济发展项目，它将以前所未有的方式推动商业并为人类福祉作出贡献。”英国亚洲之家主席葛霖如此展望。&lt;/span&gt;&lt;/p&gt;&lt;p class=&quot;text&quot; style=&quot;margin-top: 15px; margin-bottom: 15px; padding: 0px; color: rgb(68, 68, 68); line-height: 1.8; text-indent: 2em; font-family: 微软雅黑, SimSun, Helvetica, STHeiti, &amp;quot;Droid Sans Fallback&amp;quot;; white-space: normal; text-size-adjust: auto;&quot;&gt;&lt;br/&gt;&lt;/p&gt;&lt;h2 style=&quot;margin: 17px auto; padding: 0px; color: rgb(26, 26, 26); font-size: 18px; line-height: 27px; font-family: 微软雅黑, SimSun, Helvetica, STHeiti, &amp;quot;Droid Sans Fallback&amp;quot;; white-space: normal; text-size-adjust: auto;&quot;&gt;交相呼应——国际伙伴越聚越多&lt;/h2&gt;&lt;p style=&quot;line-height: 1.5em;&quot;&gt;&lt;span style=&quot;color: rgb(127, 127, 127);&quot;&gt;古丝绸之路绵亘万里，“一带一路”更没有尽头。这一重点面向亚欧非大陆的倡议正向全世界敞开怀抱。&lt;/span&gt;&lt;br/&gt;&lt;/p&gt;&lt;p style=&quot;line-height: 1.5em;&quot;&gt;&lt;span style=&quot;color: rgb(127, 127, 127);&quot;&gt;地处中美洲的巴拿马去年6月同中国建交后，迅速加入“一带一路”建设，成为第一个与中国签订“一带一路”建设备忘录的拉美国家。&lt;/span&gt;&lt;/p&gt;&lt;p style=&quot;line-height: 1.5em;&quot;&gt;&lt;span style=&quot;color: rgb(127, 127, 127);&quot;&gt;巴拿马驻华大使施可方不久前接受新华社记者采访时说：“‘一带一路’倡议联动全球，巴拿马希望成为‘一带一路’倡议中关键的一点。”&lt;/span&gt;&lt;/p&gt;&lt;p style=&quot;line-height: 1.5em;&quot;&gt;&lt;span style=&quot;color: rgb(127, 127, 127);&quot;&gt;一年前，习近平主席在演讲中郑重承诺：“不论来自亚洲、欧洲，还是非洲、美洲，都是‘一带一路’建设国际合作的伙伴。‘一带一路’建设将由大家共同商量，‘一带一路’建设成果将由大家共同分享。”&lt;/span&gt;&lt;/p&gt;&lt;p style=&quot;line-height: 1.5em;&quot;&gt;&lt;span style=&quot;color: rgb(127, 127, 127);&quot;&gt;正是这种平等性、开放性、普惠性的特质，让“一带一路”的朋友圈不断扩大，越来越多的国家、国际组织和企业对“一带一路”倡议投出了“信任票”和“支持票”。&lt;/span&gt;&lt;/p&gt;&lt;p style=&quot;line-height: 1.5em;&quot;&gt;&lt;span style=&quot;color: rgb(127, 127, 127);&quot;&gt;迄今，已有80多个国家和国际组织同中国签署了共建“一带一路”合作协议；联合国大会、联合国安理会等重要决议纳入“一带一路”建设内容；乌兹别克斯坦将“一带一路”写入外交法令......&lt;/span&gt;&lt;/p&gt;&lt;p style=&quot;line-height: 1.5em;&quot;&gt;&lt;span style=&quot;color: rgb(127, 127, 127);&quot;&gt;全球企业界也已把“一带一路”视作不可错失的机遇。今年3月，德国工业巨头西门子公司宣布在北京设立全球“一带一路”办公室，并已与超过100家中国企业合作开拓“一带一路”沿线国家市场。&lt;/span&gt;&lt;/p&gt;&lt;p style=&quot;line-height: 1.5em;&quot;&gt;&lt;span style=&quot;color: rgb(127, 127, 127);&quot;&gt;美国高科技制造企业霍尼韦尔公司、英国汇丰银行、澳大利亚矿业巨头力拓公司......在美国消费者新闻与商业频道的报道中，多家跨国公司高管表示，“一带一路”倡议意味着难得机遇，特别是在基础设施等领域催生大量新商机。&lt;/span&gt;&lt;/p&gt;&lt;p style=&quot;line-height: 1.5em;&quot;&gt;&lt;span style=&quot;color: rgb(127, 127, 127);&quot;&gt;彭博新闻社的文章说，“一带一路”已经成为“真正的全球方案”。&lt;/span&gt;&lt;/p&gt;&lt;p class=&quot;text&quot; style=&quot;margin-top: 15px; margin-bottom: 15px; padding: 0px; color: rgb(68, 68, 68); line-height: 1.8; text-indent: 2em; font-family: 微软雅黑, SimSun, Helvetica, STHeiti, &amp;quot;Droid Sans Fallback&amp;quot;; white-space: normal; text-size-adjust: auto;&quot;&gt;&lt;br/&gt;&lt;/p&gt;&lt;h2 style=&quot;margin: 17px auto; padding: 0px; color: rgb(26, 26, 26); font-size: 18px; line-height: 27px; font-family: 微软雅黑, SimSun, Helvetica, STHeiti, &amp;quot;Droid Sans Fallback&amp;quot;; white-space: normal; text-size-adjust: auto;&quot;&gt;扎实推进——宏伟图景更添新色&lt;/h2&gt;&lt;p style=&quot;line-height: 1.5em;&quot;&gt;&lt;span style=&quot;color: rgb(127, 127, 127);&quot;&gt;到处是土灰色的煤渣砖房，四周被悬崖、沙漠和海水环绕，如同被世界遗忘的角落。巴基斯坦瓜达尔曾经是一座偏远沉寂的南亚小渔港，世界经济的蓬勃脉动在此难寻。如今焕然一新的集装箱码头、正在建造的酒店，以及联通远方的高速公路和铁路展现眼前，一派热火朝天的城市建设景象。&lt;/span&gt;&lt;/p&gt;&lt;p style=&quot;line-height: 1.5em;&quot;&gt;&lt;span style=&quot;color: rgb(127, 127, 127);&quot;&gt;这是美国《大西洋》月刊记者在瓜达尔港的所见。这种改变正源于“一带一路”建设。作为中巴“一带一路”合作的标志性项目，瓜达尔港自中国企业负责建设和运营以来发展提速，点亮了当地人的梦想。&lt;/span&gt;&lt;/p&gt;&lt;p style=&quot;line-height: 1.5em;&quot;&gt;&lt;span style=&quot;color: rgb(127, 127, 127);&quot;&gt;巴基斯坦内政部长阿赫桑·伊克巴尔近日接受新华社记者采访时说：“‘一带一路’倡议推动下的中巴经贸合作，为数百万巴基斯坦人民生活带来积极变化。”&lt;/span&gt;&lt;/p&gt;&lt;p style=&quot;line-height: 1.5em;&quot;&gt;&lt;span style=&quot;color: rgb(127, 127, 127);&quot;&gt;伟大的事业需要伟大的实践。从发展友好合作到达成务实协定，从加大建设资金支持到加强创新合作，习近平主席在主旨演讲中提出的一系列务实举措向世界宣示，中国是共建“一带一路”的倡议者，更是负责任、有担当的实践者。&lt;/span&gt;&lt;/p&gt;&lt;p style=&quot;line-height: 1.5em;&quot;&gt;&lt;span style=&quot;color: rgb(127, 127, 127);&quot;&gt;一年来，从由中企承建的肯尼亚蒙内铁路正式通车，到中俄亚马尔液化天然气项目首条生产线投产；从“冰上丝绸之路”“数字丝绸之路”，到中老经济走廊、中缅经济走廊……“一带一路”建设国际合作正掀起新高潮。&lt;/span&gt;&lt;/p&gt;&lt;p style=&quot;line-height: 1.5em;&quot;&gt;&lt;span style=&quot;color: rgb(127, 127, 127);&quot;&gt;正如美国《福布斯》杂志所观察到的，“在世界各地的政府与企业会议室里，在物流枢纽现场，在数十个国家的新建经济特区，‘一带一路’建设正实实在在地发生着”。&lt;/span&gt;&lt;/p&gt;&lt;p style=&quot;line-height: 1.5em;&quot;&gt;&lt;span style=&quot;color: rgb(127, 127, 127);&quot;&gt;“一带一路”建设正一步一个脚印推进实施，一点一滴积累成果。“一带一路”承载着各国发展与繁荣的梦想，通向更加美好的未来。&lt;/span&gt;&lt;/p&gt;&lt;p&gt;&lt;br/&gt;&lt;/p&gt;','新华社记者杜静','新华网','8','31','0','新华社北京电 特稿：“道”行天下 通向未来——写在习近平主席发表《携手推进“一带一路”建设》主旨演讲一周年之际','0','1526475743','0','/Uploads/2018-05-16/5afc2bdfe5dc1.jpeg','/Uploads/') [ RunTime:0.0319s ]
INFO: [ view_parse ] --START--
INFO: [ template_filter ] --START--
INFO: Run Behavior\ContentReplaceBehavior [ RunTime:0.000035s ]
INFO: [ template_filter ] --END-- [ RunTime:0.000077s ]
INFO: Run Behavior\ParseTemplateBehavior [ RunTime:0.005501s ]
INFO: [ view_parse ] --END-- [ RunTime:0.005542s ]
INFO: [ view_filter ] --START--
INFO: Run Behavior\WriteHtmlCacheBehavior [ RunTime:0.000136s ]
INFO: [ view_filter ] --END-- [ RunTime:0.000168s ]
INFO: [ app_end ] --START--
INFO: Run Behavior\ShowPageTraceBehavior [ RunTime:0.000436s ]
INFO: [ app_end ] --END-- [ RunTime:0.000491s ]

[ 2018-05-16T21:02:25+08:00 ] 221.217.235.164 /Admin/News/news.html
INFO: [ app_init ] --START--
INFO: Run Behavior\BuildLiteBehavior [ RunTime:0.000015s ]
INFO: [ app_init ] --END-- [ RunTime:0.000077s ]
INFO: [ app_begin ] --START--
INFO: Run Behavior\ReadHtmlCacheBehavior [ RunTime:0.000322s ]
INFO: [ app_begin ] --END-- [ RunTime:0.000363s ]
INFO: [ view_parse ] --START--
INFO: [ template_filter ] --START--
INFO: Run Behavior\ContentReplaceBehavior [ RunTime:0.000065s ]
INFO: [ template_filter ] --END-- [ RunTime:0.000103s ]
NOTIC: [8] Undefined index: logintime /home/wwwroot/blog/ydyl/Runtime/Cache/Admin/52a1ca446a8a4a712935178c3b252c68.php 第 66 行.
NOTIC: [8] Undefined index: loginip /home/wwwroot/blog/ydyl/Runtime/Cache/Admin/52a1ca446a8a4a712935178c3b252c68.php 第 75 行.
NOTIC: [8] Undefined index: username /home/wwwroot/blog/ydyl/Runtime/Cache/Admin/52a1ca446a8a4a712935178c3b252c68.php 第 86 行.
NOTIC: [8] Undefined variable: type /home/wwwroot/blog/ydyl/Runtime/Cache/Admin/52a1ca446a8a4a712935178c3b252c68.php 第 308 行.
INFO: Run Behavior\ParseTemplateBehavior [ RunTime:0.009741s ]
INFO: [ view_parse ] --END-- [ RunTime:0.009774s ]
INFO: [ view_filter ] --START--
INFO: Run Behavior\WriteHtmlCacheBehavior [ RunTime:0.000106s ]
INFO: [ view_filter ] --END-- [ RunTime:0.000133s ]
INFO: [ app_end ] --START--
INFO: Run Behavior\ShowPageTraceBehavior [ RunTime:0.000333s ]
INFO: [ app_end ] --END-- [ RunTime:0.000383s ]

[ 2018-05-16T21:02:25+08:00 ] 221.217.235.164 /Admin/News/type.html
INFO: [ app_init ] --START--
INFO: Run Behavior\BuildLiteBehavior [ RunTime:0.000013s ]
INFO: [ app_init ] --END-- [ RunTime:0.000071s ]
INFO: [ app_begin ] --START--
INFO: Run Behavior\ReadHtmlCacheBehavior [ RunTime:0.000350s ]
INFO: [ app_begin ] --END-- [ RunTime:0.000391s ]
SQL: SHOW COLUMNS FROM `news_type` [ RunTime:0.0004s ]
SQL: SELECT * FROM `news_type`  [ RunTime:0.0001s ]
SQL: SHOW COLUMNS FROM `news_nexttype` [ RunTime:0.0003s ]
SQL: SELECT * FROM `news_nexttype` WHERE `sid` = 1  [ RunTime:0.0001s ]
SQL: SELECT * FROM `news_nexttype` WHERE `sid` = 2  [ RunTime:0.0001s ]
SQL: SELECT * FROM `news_nexttype` WHERE `sid` = 5  [ RunTime:0.0001s ]
SQL: SELECT * FROM `news_nexttype` WHERE `sid` = 6  [ RunTime:0.0001s ]
SQL: SELECT * FROM `news_nexttype` WHERE `sid` = 8  [ RunTime:0.0001s ]
SQL: SELECT * FROM `news_nexttype` WHERE `sid` = 9  [ RunTime:0.0001s ]
SQL: SELECT * FROM `news_nexttype` WHERE `sid` = 10  [ RunTime:0.0001s ]
SQL: SELECT * FROM `news_nexttype` WHERE `sid` = 11  [ RunTime:0.0001s ]
SQL: SELECT * FROM `news_nexttype` WHERE `sid` = 12  [ RunTime:0.0001s ]
SQL: SELECT * FROM `news_nexttype` WHERE `sid` = 13  [ RunTime:0.0001s ]
SQL: SELECT * FROM `news_nexttype` WHERE `sid` = 14  [ RunTime:0.0001s ]
SQL: SELECT * FROM `news_nexttype` WHERE `sid` = 15  [ RunTime:0.0001s ]
SQL: SELECT * FROM `news_nexttype` WHERE `sid` = 16  [ RunTime:0.0001s ]
SQL: SELECT * FROM `news_nexttype` WHERE `sid` = 19  [ RunTime:0.0001s ]
SQL: SELECT * FROM `news_nexttype` WHERE `sid` = 20  [ RunTime:0.0001s ]
SQL: SELECT * FROM `news_nexttype` WHERE `sid` = 21  [ RunTime:0.0001s ]
SQL: SELECT * FROM `news_nexttype` WHERE `sid` = 23  [ RunTime:0.0001s ]
SQL: SELECT * FROM `news_nexttype` WHERE `sid` = 25  [ RunTime:0.0001s ]
SQL: SELECT * FROM `news_nexttype` WHERE `sid` = 26  [ RunTime:0.0000s ]
SQL: SELECT * FROM `news_nexttype` WHERE `sid` = 27  [ RunTime:0.0000s ]
INFO: [ app_end ] --START--
INFO: Run Behavior\ShowPageTraceBehavior [ RunTime:0.000409s ]
INFO: [ app_end ] --END-- [ RunTime:0.000449s ]

[ 2018-05-16T21:03:22+08:00 ] 221.217.235.164 /Admin/News/index.html
INFO: [ app_init ] --START--
INFO: Run Behavior\BuildLiteBehavior [ RunTime:0.000020s ]
INFO: [ app_init ] --END-- [ RunTime:0.000080s ]
INFO: [ app_begin ] --START--
INFO: Run Behavior\ReadHtmlCacheBehavior [ RunTime:0.000342s ]
INFO: [ app_begin ] --END-- [ RunTime:0.000383s ]
SQL: SHOW COLUMNS FROM `news_news` [ RunTime:0.0005s ]
SQL: SELECT COUNT(*) AS tp_count FROM `news_news` WHERE ( 1=1 ) LIMIT 1   [ RunTime:0.0003s ]
SQL: SELECT * FROM `news_news` WHERE ( 1=1 ) ORDER BY id desc LIMIT 0,20   [ RunTime:0.0004s ]
INFO: [ view_parse ] --START--
INFO: [ template_filter ] --START--
INFO: Run Behavior\ContentReplaceBehavior [ RunTime:0.000075s ]
INFO: [ template_filter ] --END-- [ RunTime:0.000121s ]
NOTIC: [8] Undefined index: logintime /home/wwwroot/blog/ydyl/Runtime/Cache/Admin/51c9d9e69a17f360f9b5c6d4a3de2bf8.php 第 70 行.
NOTIC: [8] Undefined index: loginip /home/wwwroot/blog/ydyl/Runtime/Cache/Admin/51c9d9e69a17f360f9b5c6d4a3de2bf8.php 第 79 行.
NOTIC: [8] Undefined index: username /home/wwwroot/blog/ydyl/Runtime/Cache/Admin/51c9d9e69a17f360f9b5c6d4a3de2bf8.php 第 90 行.
NOTIC: [8] Undefined variable: type /home/wwwroot/blog/ydyl/Runtime/Cache/Admin/51c9d9e69a17f360f9b5c6d4a3de2bf8.php 第 314 行.
NOTIC: [8] Undefined index: status /home/wwwroot/blog/ydyl/Runtime/Cache/Admin/51c9d9e69a17f360f9b5c6d4a3de2bf8.php 第 357 行.
NOTIC: [8] Undefined variable: type /home/wwwroot/blog/ydyl/Runtime/Cache/Admin/51c9d9e69a17f360f9b5c6d4a3de2bf8.php 第 364 行.
NOTIC: [8] Undefined index: status /home/wwwroot/blog/ydyl/Runtime/Cache/Admin/51c9d9e69a17f360f9b5c6d4a3de2bf8.php 第 357 行.
NOTIC: [8] Undefined variable: type /home/wwwroot/blog/ydyl/Runtime/Cache/Admin/51c9d9e69a17f360f9b5c6d4a3de2bf8.php 第 364 行.
NOTIC: [8] Undefined index: status /home/wwwroot/blog/ydyl/Runtime/Cache/Admin/51c9d9e69a17f360f9b5c6d4a3de2bf8.php 第 357 行.
NOTIC: [8] Undefined variable: type /home/wwwroot/blog/ydyl/Runtime/Cache/Admin/51c9d9e69a17f360f9b5c6d4a3de2bf8.php 第 364 行.
NOTIC: [8] Undefined index: status /home/wwwroot/blog/ydyl/Runtime/Cache/Admin/51c9d9e69a17f360f9b5c6d4a3de2bf8.php 第 357 行.
NOTIC: [8] Undefined variable: type /home/wwwroot/blog/ydyl/Runtime/Cache/Admin/51c9d9e69a17f360f9b5c6d4a3de2bf8.php 第 364 行.
NOTIC: [8] Undefined index: status /home/wwwroot/blog/ydyl/Runtime/Cache/Admin/51c9d9e69a17f360f9b5c6d4a3de2bf8.php 第 357 行.
NOTIC: [8] Undefined variable: type /home/wwwroot/blog/ydyl/Runtime/Cache/Admin/51c9d9e69a17f360f9b5c6d4a3de2bf8.php 第 364 行.
NOTIC: [8] Undefined index: status /home/wwwroot/blog/ydyl/Runtime/Cache/Admin/51c9d9e69a17f360f9b5c6d4a3de2bf8.php 第 357 行.
NOTIC: [8] Undefined variable: type /home/wwwroot/blog/ydyl/Runtime/Cache/Admin/51c9d9e69a17f360f9b5c6d4a3de2bf8.php 第 364 行.
NOTIC: [8] Undefined index: status /home/wwwroot/blog/ydyl/Runtime/Cache/Admin/51c9d9e69a17f360f9b5c6d4a3de2bf8.php 第 357 行.
NOTIC: [8] Undefined variable: type /home/wwwroot/blog/ydyl/Runtime/Cache/Admin/51c9d9e69a17f360f9b5c6d4a3de2bf8.php 第 364 行.
NOTIC: [8] Undefined index: status /home/wwwroot/blog/ydyl/Runtime/Cache/Admin/51c9d9e69a17f360f9b5c6d4a3de2bf8.php 第 357 行.
NOTIC: [8] Undefined variable: type /home/wwwroot/blog/ydyl/Runtime/Cache/Admin/51c9d9e69a17f360f9b5c6d4a3de2bf8.php 第 364 行.
NOTIC: [8] Undefined index: status /home/wwwroot/blog/ydyl/Runtime/Cache/Admin/51c9d9e69a17f360f9b5c6d4a3de2bf8.php 第 357 行.
NOTIC: [8] Undefined variable: type /home/wwwroot/blog/ydyl/Runtime/Cache/Admin/51c9d9e69a17f360f9b5c6d4a3de2bf8.php 第 364 行.
NOTIC: [8] Undefined index: status /home/wwwroot/blog/ydyl/Runtime/Cache/Admin/51c9d9e69a17f360f9b5c6d4a3de2bf8.php 第 357 行.
NOTIC: [8] Undefined variable: type /home/wwwroot/blog/ydyl/Runtime/Cache/Admin/51c9d9e69a17f360f9b5c6d4a3de2bf8.php 第 364 行.
NOTIC: [8] Undefined index: status /home/wwwroot/blog/ydyl/Runtime/Cache/Admin/51c9d9e69a17f360f9b5c6d4a3de2bf8.php 第 357 行.
NOTIC: [8] Undefined variable: type /home/wwwroot/blog/ydyl/Runtime/Cache/Admin/51c9d9e69a17f360f9b5c6d4a3de2bf8.php 第 364 行.
NOTIC: [8] Undefined index: status /home/wwwroot/blog/ydyl/Runtime/Cache/Admin/51c9d9e69a17f360f9b5c6d4a3de2bf8.php 第 357 行.
NOTIC: [8] Undefined variable: type /home/wwwroot/blog/ydyl/Runtime/Cache/Admin/51c9d9e69a17f360f9b5c6d4a3de2bf8.php 第 364 行.
NOTIC: [8] Undefined index: status /home/wwwroot/blog/ydyl/Runtime/Cache/Admin/51c9d9e69a17f360f9b5c6d4a3de2bf8.php 第 357 行.
NOTIC: [8] Undefined variable: type /home/wwwroot/blog/ydyl/Runtime/Cache/Admin/51c9d9e69a17f360f9b5c6d4a3de2bf8.php 第 364 行.
NOTIC: [8] Undefined index: status /home/wwwroot/blog/ydyl/Runtime/Cache/Admin/51c9d9e69a17f360f9b5c6d4a3de2bf8.php 第 357 行.
NOTIC: [8] Undefined variable: type /home/wwwroot/blog/ydyl/Runtime/Cache/Admin/51c9d9e69a17f360f9b5c6d4a3de2bf8.php 第 364 行.
NOTIC: [8] Undefined index: status /home/wwwroot/blog/ydyl/Runtime/Cache/Admin/51c9d9e69a17f360f9b5c6d4a3de2bf8.php 第 357 行.
NOTIC: [8] Undefined variable: type /home/wwwroot/blog/ydyl/Runtime/Cache/Admin/51c9d9e69a17f360f9b5c6d4a3de2bf8.php 第 364 行.
NOTIC: [8] Undefined index: status /home/wwwroot/blog/ydyl/Runtime/Cache/Admin/51c9d9e69a17f360f9b5c6d4a3de2bf8.php 第 357 行.
NOTIC: [8] Undefined variable: type /home/wwwroot/blog/ydyl/Runtime/Cache/Admin/51c9d9e69a17f360f9b5c6d4a3de2bf8.php 第 364 行.
NOTIC: [8] Undefined index: status /home/wwwroot/blog/ydyl/Runtime/Cache/Admin/51c9d9e69a17f360f9b5c6d4a3de2bf8.php 第 357 行.
NOTIC: [8] Undefined variable: type /home/wwwroot/blog/ydyl/Runtime/Cache/Admin/51c9d9e69a17f360f9b5c6d4a3de2bf8.php 第 364 行.
NOTIC: [8] Undefined index: status /home/wwwroot/blog/ydyl/Runtime/Cache/Admin/51c9d9e69a17f360f9b5c6d4a3de2bf8.php 第 357 行.
NOTIC: [8] Undefined variable: type /home/wwwroot/blog/ydyl/Runtime/Cache/Admin/51c9d9e69a17f360f9b5c6d4a3de2bf8.php 第 364 行.
NOTIC: [8] Undefined index: status /home/wwwroot/blog/ydyl/Runtime/Cache/Admin/51c9d9e69a17f360f9b5c6d4a3de2bf8.php 第 357 行.
NOTIC: [8] Undefined variable: type /home/wwwroot/blog/ydyl/Runtime/Cache/Admin/51c9d9e69a17f360f9b5c6d4a3de2bf8.php 第 364 行.
NOTIC: [8] Undefined index: status /home/wwwroot/blog/ydyl/Runtime/Cache/Admin/51c9d9e69a17f360f9b5c6d4a3de2bf8.php 第 357 行.
NOTIC: [8] Undefined variable: type /home/wwwroot/blog/ydyl/Runtime/Cache/Admin/51c9d9e69a17f360f9b5c6d4a3de2bf8.php 第 364 行.
INFO: Run Behavior\ParseTemplateBehavior [ RunTime:0.013557s ]
INFO: [ view_parse ] --END-- [ RunTime:0.013595s ]
INFO: [ view_filter ] --START--
INFO: Run Behavior\WriteHtmlCacheBehavior [ RunTime:0.000132s ]
INFO: [ view_filter ] --END-- [ RunTime:0.000162s ]
INFO: [ app_end ] --START--
INFO: Run Behavior\ShowPageTraceBehavior [ RunTime:0.000373s ]
INFO: [ app_end ] --END-- [ RunTime:0.000411s ]

[ 2018-05-16T21:03:22+08:00 ] 221.217.235.164 /Admin/News/type.html
INFO: [ app_init ] --START--
INFO: Run Behavior\BuildLiteBehavior [ RunTime:0.000020s ]
INFO: [ app_init ] --END-- [ RunTime:0.000079s ]
INFO: [ app_begin ] --START--
INFO: Run Behavior\ReadHtmlCacheBehavior [ RunTime:0.000328s ]
INFO: [ app_begin ] --END-- [ RunTime:0.000367s ]
SQL: SHOW COLUMNS FROM `news_type` [ RunTime:0.0004s ]
SQL: SELECT * FROM `news_type`  [ RunTime:0.0001s ]
SQL: SHOW COLUMNS FROM `news_nexttype` [ RunTime:0.0003s ]
SQL: SELECT * FROM `news_nexttype` WHERE `sid` = 1  [ RunTime:0.0001s ]
SQL: SELECT * FROM `news_nexttype` WHERE `sid` = 2  [ RunTime:0.0001s ]
SQL: SELECT * FROM `news_nexttype` WHERE `sid` = 5  [ RunTime:0.0001s ]
SQL: SELECT * FROM `news_nexttype` WHERE `sid` = 6  [ RunTime:0.0000s ]
SQL: SELECT * FROM `news_nexttype` WHERE `sid` = 8  [ RunTime:0.0001s ]
SQL: SELECT * FROM `news_nexttype` WHERE `sid` = 9  [ RunTime:0.0001s ]
SQL: SELECT * FROM `news_nexttype` WHERE `sid` = 10  [ RunTime:0.0001s ]
SQL: SELECT * FROM `news_nexttype` WHERE `sid` = 11  [ RunTime:0.0001s ]
SQL: SELECT * FROM `news_nexttype` WHERE `sid` = 12  [ RunTime:0.0001s ]
SQL: SELECT * FROM `news_nexttype` WHERE `sid` = 13  [ RunTime:0.0000s ]
SQL: SELECT * FROM `news_nexttype` WHERE `sid` = 14  [ RunTime:0.0000s ]
SQL: SELECT * FROM `news_nexttype` WHERE `sid` = 15  [ RunTime:0.0001s ]
SQL: SELECT * FROM `news_nexttype` WHERE `sid` = 16  [ RunTime:0.0000s ]
SQL: SELECT * FROM `news_nexttype` WHERE `sid` = 19  [ RunTime:0.0001s ]
SQL: SELECT * FROM `news_nexttype` WHERE `sid` = 20  [ RunTime:0.0001s ]
SQL: SELECT * FROM `news_nexttype` WHERE `sid` = 21  [ RunTime:0.0001s ]
SQL: SELECT * FROM `news_nexttype` WHERE `sid` = 23  [ RunTime:0.0000s ]
SQL: SELECT * FROM `news_nexttype` WHERE `sid` = 25  [ RunTime:0.0000s ]
SQL: SELECT * FROM `news_nexttype` WHERE `sid` = 26  [ RunTime:0.0000s ]
SQL: SELECT * FROM `news_nexttype` WHERE `sid` = 27  [ RunTime:0.0000s ]
INFO: [ app_end ] --START--
INFO: Run Behavior\ShowPageTraceBehavior [ RunTime:0.000375s ]
INFO: [ app_end ] --END-- [ RunTime:0.000411s ]

[ 2018-05-16T21:03:37+08:00 ] 221.217.235.164 /Admin/News/index?onetype=8&twotype=32&%E7%AD%9B%E9%80%89=%E6%8F%90%E4%BA%A4
INFO: [ app_init ] --START--
INFO: Run Behavior\BuildLiteBehavior [ RunTime:0.000014s ]
INFO: [ app_init ] --END-- [ RunTime:0.000074s ]
INFO: [ app_begin ] --START--
INFO: Run Behavior\ReadHtmlCacheBehavior [ RunTime:0.000325s ]
INFO: [ app_begin ] --END-- [ RunTime:0.000378s ]
SQL: SHOW COLUMNS FROM `news_news` [ RunTime:0.0005s ]
SQL: SELECT COUNT(*) AS tp_count FROM `news_news` WHERE `onetype` = 8 AND `twotype` = 32 LIMIT 1   [ RunTime:0.0003s ]
SQL: SELECT * FROM `news_news` WHERE `onetype` = 8 AND `twotype` = 32 ORDER BY id desc LIMIT 0,20   [ RunTime:0.0007s ]
INFO: [ view_parse ] --START--
INFO: [ template_filter ] --START--
INFO: Run Behavior\ContentReplaceBehavior [ RunTime:0.000081s ]
INFO: [ template_filter ] --END-- [ RunTime:0.000126s ]
NOTIC: [8] Undefined index: logintime /home/wwwroot/blog/ydyl/Runtime/Cache/Admin/51c9d9e69a17f360f9b5c6d4a3de2bf8.php 第 70 行.
NOTIC: [8] Undefined index: loginip /home/wwwroot/blog/ydyl/Runtime/Cache/Admin/51c9d9e69a17f360f9b5c6d4a3de2bf8.php 第 79 行.
NOTIC: [8] Undefined index: username /home/wwwroot/blog/ydyl/Runtime/Cache/Admin/51c9d9e69a17f360f9b5c6d4a3de2bf8.php 第 90 行.
NOTIC: [8] Undefined variable: type /home/wwwroot/blog/ydyl/Runtime/Cache/Admin/51c9d9e69a17f360f9b5c6d4a3de2bf8.php 第 314 行.
NOTIC: [8] Undefined index: status /home/wwwroot/blog/ydyl/Runtime/Cache/Admin/51c9d9e69a17f360f9b5c6d4a3de2bf8.php 第 357 行.
NOTIC: [8] Undefined variable: type /home/wwwroot/blog/ydyl/Runtime/Cache/Admin/51c9d9e69a17f360f9b5c6d4a3de2bf8.php 第 364 行.
NOTIC: [8] Undefined index: status /home/wwwroot/blog/ydyl/Runtime/Cache/Admin/51c9d9e69a17f360f9b5c6d4a3de2bf8.php 第 357 行.
NOTIC: [8] Undefined variable: type /home/wwwroot/blog/ydyl/Runtime/Cache/Admin/51c9d9e69a17f360f9b5c6d4a3de2bf8.php 第 364 行.
NOTIC: [8] Undefined index: status /home/wwwroot/blog/ydyl/Runtime/Cache/Admin/51c9d9e69a17f360f9b5c6d4a3de2bf8.php 第 357 行.
NOTIC: [8] Undefined variable: type /home/wwwroot/blog/ydyl/Runtime/Cache/Admin/51c9d9e69a17f360f9b5c6d4a3de2bf8.php 第 364 行.
NOTIC: [8] Undefined index: status /home/wwwroot/blog/ydyl/Runtime/Cache/Admin/51c9d9e69a17f360f9b5c6d4a3de2bf8.php 第 357 行.
NOTIC: [8] Undefined variable: type /home/wwwroot/blog/ydyl/Runtime/Cache/Admin/51c9d9e69a17f360f9b5c6d4a3de2bf8.php 第 364 行.
NOTIC: [8] Undefined index: status /home/wwwroot/blog/ydyl/Runtime/Cache/Admin/51c9d9e69a17f360f9b5c6d4a3de2bf8.php 第 357 行.
NOTIC: [8] Undefined variable: type /home/wwwroot/blog/ydyl/Runtime/Cache/Admin/51c9d9e69a17f360f9b5c6d4a3de2bf8.php 第 364 行.
NOTIC: [8] Undefined index: status /home/wwwroot/blog/ydyl/Runtime/Cache/Admin/51c9d9e69a17f360f9b5c6d4a3de2bf8.php 第 357 行.
NOTIC: [8] Undefined variable: type /home/wwwroot/blog/ydyl/Runtime/Cache/Admin/51c9d9e69a17f360f9b5c6d4a3de2bf8.php 第 364 行.
NOTIC: [8] Undefined index: status /home/wwwroot/blog/ydyl/Runtime/Cache/Admin/51c9d9e69a17f360f9b5c6d4a3de2bf8.php 第 357 行.
NOTIC: [8] Undefined variable: type /home/wwwroot/blog/ydyl/Runtime/Cache/Admin/51c9d9e69a17f360f9b5c6d4a3de2bf8.php 第 364 行.
NOTIC: [8] Undefined index: status /home/wwwroot/blog/ydyl/Runtime/Cache/Admin/51c9d9e69a17f360f9b5c6d4a3de2bf8.php 第 357 行.
NOTIC: [8] Undefined variable: type /home/wwwroot/blog/ydyl/Runtime/Cache/Admin/51c9d9e69a17f360f9b5c6d4a3de2bf8.php 第 364 行.
NOTIC: [8] Undefined index: status /home/wwwroot/blog/ydyl/Runtime/Cache/Admin/51c9d9e69a17f360f9b5c6d4a3de2bf8.php 第 357 行.
NOTIC: [8] Undefined variable: type /home/wwwroot/blog/ydyl/Runtime/Cache/Admin/51c9d9e69a17f360f9b5c6d4a3de2bf8.php 第 364 行.
NOTIC: [8] Undefined index: status /home/wwwroot/blog/ydyl/Runtime/Cache/Admin/51c9d9e69a17f360f9b5c6d4a3de2bf8.php 第 357 行.
NOTIC: [8] Undefined variable: type /home/wwwroot/blog/ydyl/Runtime/Cache/Admin/51c9d9e69a17f360f9b5c6d4a3de2bf8.php 第 364 行.
NOTIC: [8] Undefined index: status /home/wwwroot/blog/ydyl/Runtime/Cache/Admin/51c9d9e69a17f360f9b5c6d4a3de2bf8.php 第 357 行.
NOTIC: [8] Undefined variable: type /home/wwwroot/blog/ydyl/Runtime/Cache/Admin/51c9d9e69a17f360f9b5c6d4a3de2bf8.php 第 364 行.
INFO: Run Behavior\ParseTemplateBehavior [ RunTime:0.012371s ]
INFO: [ view_parse ] --END-- [ RunTime:0.012406s ]
INFO: [ view_filter ] --START--
INFO: Run Behavior\WriteHtmlCacheBehavior [ RunTime:0.000133s ]
INFO: [ view_filter ] --END-- [ RunTime:0.000161s ]
INFO: [ app_end ] --START--
INFO: Run Behavior\ShowPageTraceBehavior [ RunTime:0.000363s ]
INFO: [ app_end ] --END-- [ RunTime:0.000402s ]

[ 2018-05-16T21:03:37+08:00 ] 221.217.235.164 /Admin/News/type.html
INFO: [ app_init ] --START--
INFO: Run Behavior\BuildLiteBehavior [ RunTime:0.000015s ]
INFO: [ app_init ] --END-- [ RunTime:0.000072s ]
INFO: [ app_begin ] --START--
INFO: Run Behavior\ReadHtmlCacheBehavior [ RunTime:0.000345s ]
INFO: [ app_begin ] --END-- [ RunTime:0.000385s ]
SQL: SHOW COLUMNS FROM `news_type` [ RunTime:0.0004s ]
SQL: SELECT * FROM `news_type`  [ RunTime:0.0001s ]
SQL: SHOW COLUMNS FROM `news_nexttype` [ RunTime:0.0003s ]
SQL: SELECT * FROM `news_nexttype` WHERE `sid` = 1  [ RunTime:0.0001s ]
SQL: SELECT * FROM `news_nexttype` WHERE `sid` = 2  [ RunTime:0.0001s ]
SQL: SELECT * FROM `news_nexttype` WHERE `sid` = 5  [ RunTime:0.0001s ]
SQL: SELECT * FROM `news_nexttype` WHERE `sid` = 6  [ RunTime:0.0001s ]
SQL: SELECT * FROM `news_nexttype` WHERE `sid` = 8  [ RunTime:0.0001s ]
SQL: SELECT * FROM `news_nexttype` WHERE `sid` = 9  [ RunTime:0.0001s ]
SQL: SELECT * FROM `news_nexttype` WHERE `sid` = 10  [ RunTime:0.0001s ]
SQL: SELECT * FROM `news_nexttype` WHERE `sid` = 11  [ RunTime:0.0001s ]
SQL: SELECT * FROM `news_nexttype` WHERE `sid` = 12  [ RunTime:0.0001s ]
SQL: SELECT * FROM `news_nexttype` WHERE `sid` = 13  [ RunTime:0.0001s ]
SQL: SELECT * FROM `news_nexttype` WHERE `sid` = 14  [ RunTime:0.0001s ]
SQL: SELECT * FROM `news_nexttype` WHERE `sid` = 15  [ RunTime:0.0001s ]
SQL: SELECT * FROM `news_nexttype` WHERE `sid` = 16  [ RunTime:0.0001s ]
SQL: SELECT * FROM `news_nexttype` WHERE `sid` = 19  [ RunTime:0.0001s ]
SQL: SELECT * FROM `news_nexttype` WHERE `sid` = 20  [ RunTime:0.0001s ]
SQL: SELECT * FROM `news_nexttype` WHERE `sid` = 21  [ RunTime:0.0001s ]
SQL: SELECT * FROM `news_nexttype` WHERE `sid` = 23  [ RunTime:0.0001s ]
SQL: SELECT * FROM `news_nexttype` WHERE `sid` = 25  [ RunTime:0.0001s ]
SQL: SELECT * FROM `news_nexttype` WHERE `sid` = 26  [ RunTime:0.0000s ]
SQL: SELECT * FROM `news_nexttype` WHERE `sid` = 27  [ RunTime:0.0000s ]
INFO: [ app_end ] --START--
INFO: Run Behavior\ShowPageTraceBehavior [ RunTime:0.000436s ]
INFO: [ app_end ] --END-- [ RunTime:0.000475s ]

[ 2018-05-16T21:03:50+08:00 ] 221.217.235.164 /Admin/News/change/id/2782.html
INFO: [ app_init ] --START--
INFO: Run Behavior\BuildLiteBehavior [ RunTime:0.000016s ]
INFO: [ app_init ] --END-- [ RunTime:0.000078s ]
INFO: [ app_begin ] --START--
INFO: Run Behavior\ReadHtmlCacheBehavior [ RunTime:0.000339s ]
INFO: [ app_begin ] --END-- [ RunTime:0.000380s ]
SQL: SHOW COLUMNS FROM `news_news` [ RunTime:0.0005s ]
SQL: SELECT * FROM `news_news` WHERE `id` = 2782 LIMIT 1   [ RunTime:0.0002s ]
INFO: [ view_parse ] --START--
INFO: [ template_filter ] --START--
INFO: Run Behavior\ContentReplaceBehavior [ RunTime:0.000068s ]
INFO: [ template_filter ] --END-- [ RunTime:0.000117s ]
NOTIC: [8] Undefined index: logintime /home/wwwroot/blog/ydyl/Runtime/Cache/Admin/b025d611e62425af5ac817b0053cca37.php 第 97 行.
NOTIC: [8] Undefined index: loginip /home/wwwroot/blog/ydyl/Runtime/Cache/Admin/b025d611e62425af5ac817b0053cca37.php 第 106 行.
NOTIC: [8] Undefined index: username /home/wwwroot/blog/ydyl/Runtime/Cache/Admin/b025d611e62425af5ac817b0053cca37.php 第 117 行.
INFO: Run Behavior\ParseTemplateBehavior [ RunTime:0.010132s ]
INFO: [ view_parse ] --END-- [ RunTime:0.010178s ]
INFO: [ view_filter ] --START--
INFO: Run Behavior\WriteHtmlCacheBehavior [ RunTime:0.000129s ]
INFO: [ view_filter ] --END-- [ RunTime:0.000159s ]
INFO: [ app_end ] --START--
INFO: Run Behavior\ShowPageTraceBehavior [ RunTime:0.000371s ]
INFO: [ app_end ] --END-- [ RunTime:0.000411s ]

[ 2018-05-16T21:03:50+08:00 ] 221.217.235.164 /Admin/News/type.html
INFO: [ app_init ] --START--
INFO: Run Behavior\BuildLiteBehavior [ RunTime:0.000017s ]
INFO: [ app_init ] --END-- [ RunTime:0.000078s ]
INFO: [ app_begin ] --START--
INFO: Run Behavior\ReadHtmlCacheBehavior [ RunTime:0.000349s ]
INFO: [ app_begin ] --END-- [ RunTime:0.000387s ]
SQL: SHOW COLUMNS FROM `news_type` [ RunTime:0.0004s ]
SQL: SELECT * FROM `news_type`  [ RunTime:0.0001s ]
SQL: SHOW COLUMNS FROM `news_nexttype` [ RunTime:0.0003s ]
SQL: SELECT * FROM `news_nexttype` WHERE `sid` = 1  [ RunTime:0.0001s ]
SQL: SELECT * FROM `news_nexttype` WHERE `sid` = 2  [ RunTime:0.0001s ]
SQL: SELECT * FROM `news_nexttype` WHERE `sid` = 5  [ RunTime:0.0001s ]
SQL: SELECT * FROM `news_nexttype` WHERE `sid` = 6  [ RunTime:0.0000s ]
SQL: SELECT * FROM `news_nexttype` WHERE `sid` = 8  [ RunTime:0.0001s ]
SQL: SELECT * FROM `news_nexttype` WHERE `sid` = 9  [ RunTime:0.0001s ]
SQL: SELECT * FROM `news_nexttype` WHERE `sid` = 10  [ RunTime:0.0001s ]
SQL: SELECT * FROM `news_nexttype` WHERE `sid` = 11  [ RunTime:0.0000s ]
SQL: SELECT * FROM `news_nexttype` WHERE `sid` = 12  [ RunTime:0.0001s ]
SQL: SELECT * FROM `news_nexttype` WHERE `sid` = 13  [ RunTime:0.0000s ]
SQL: SELECT * FROM `news_nexttype` WHERE `sid` = 14  [ RunTime:0.0001s ]
SQL: SELECT * FROM `news_nexttype` WHERE `sid` = 15  [ RunTime:0.0001s ]
SQL: SELECT * FROM `news_nexttype` WHERE `sid` = 16  [ RunTime:0.0001s ]
SQL: SELECT * FROM `news_nexttype` WHERE `sid` = 19  [ RunTime:0.0001s ]
SQL: SELECT * FROM `news_nexttype` WHERE `sid` = 20  [ RunTime:0.0001s ]
SQL: SELECT * FROM `news_nexttype` WHERE `sid` = 21  [ RunTime:0.0000s ]
SQL: SELECT * FROM `news_nexttype` WHERE `sid` = 23  [ RunTime:0.0001s ]
SQL: SELECT * FROM `news_nexttype` WHERE `sid` = 25  [ RunTime:0.0001s ]
SQL: SELECT * FROM `news_nexttype` WHERE `sid` = 26  [ RunTime:0.0001s ]
SQL: SELECT * FROM `news_nexttype` WHERE `sid` = 27  [ RunTime:0.0001s ]
INFO: [ app_end ] --START--
INFO: Run Behavior\ShowPageTraceBehavior [ RunTime:0.000469s ]
INFO: [ app_end ] --END-- [ RunTime:0.000506s ]

[ 2018-05-16T21:03:50+08:00 ] 221.217.235.164 /Admin/News/changemessage.html?id=2782
INFO: [ app_init ] --START--
INFO: Run Behavior\BuildLiteBehavior [ RunTime:0.000014s ]
INFO: [ app_init ] --END-- [ RunTime:0.000073s ]
INFO: [ app_begin ] --START--
INFO: Run Behavior\ReadHtmlCacheBehavior [ RunTime:0.000334s ]
INFO: [ app_begin ] --END-- [ RunTime:0.000372s ]
SQL: SHOW COLUMNS FROM `news_news` [ RunTime:0.0005s ]
SQL: SELECT * FROM `news_news` WHERE `id` = 2782 LIMIT 1   [ RunTime:0.0001s ]
SQL: SHOW COLUMNS FROM `news_type` [ RunTime:0.0003s ]
SQL: SELECT * FROM `news_type` WHERE `id` = 8 LIMIT 1   [ RunTime:0.0002s ]
SQL: SHOW COLUMNS FROM `news_nexttype` [ RunTime:0.0002s ]
SQL: SELECT * FROM `news_nexttype` WHERE `id` = 32 LIMIT 1   [ RunTime:0.0001s ]
INFO: [ app_end ] --START--
INFO: Run Behavior\ShowPageTraceBehavior [ RunTime:0.000384s ]
INFO: [ app_end ] --END-- [ RunTime:0.000422s ]

[ 2018-05-16T21:04:10+08:00 ] 221.217.235.164 /Admin/News/dochange.html
INFO: [ app_init ] --START--
INFO: Run Behavior\BuildLiteBehavior [ RunTime:0.000014s ]
INFO: [ app_init ] --END-- [ RunTime:0.000077s ]
INFO: [ app_begin ] --START--
INFO: Run Behavior\ReadHtmlCacheBehavior [ RunTime:0.000342s ]
INFO: [ app_begin ] --END-- [ RunTime:0.000383s ]
NOTIC: [2] call_user_func() expects parameter 1 to be a valid callback, no array or string given /home/wwwroot/blog/ThinkPHP/Library/Think/Upload.class.php 第 170 行.
NOTIC: [8] Undefined offset: 1 /home/wwwroot/blog/ydyl/Admin/Controller/NewsController.class.php 第 236 行.
NOTIC: [8] Undefined offset: 1 /home/wwwroot/blog/ydyl/Admin/Controller/NewsController.class.php 第 237 行.
SQL: SHOW COLUMNS FROM `news_news` [ RunTime:0.0005s ]
SQL: UPDATE `news_news` SET `himg`='/Uploads/2018-05-16/5afc2c4aecd34.jpeg',`title`='过去一周，“一带一路”发生了这些大事（4月23日-4月27日）',`editorname`='测试人员',`comefrom`='中国一带一路',`newsdescribe`='',`isleft`='0',`isvideo`='0',`message`='&lt;p&gt;&lt;a href=&quot;https://www.yidaiyilu.gov.cn/slyww.htm&quot; target=&quot;_blank&quot; title=&quot;过去一周，“一带一路”发生了这些大事（4月23日-4月27日）&quot; style=&quot;color: rgb(77, 77, 77); text-decoration: none; font-size: 18px; margin-right: 5px; font-family: 微软雅黑, sans-serif; text-indent: 15px; white-space: normal;&quot;&gt;过去一周，“一带一路”发生了这些大事（4月23日-4月27日）&lt;/a&gt;&lt;a href=&quot;https://www.yidaiyilu.gov.cn/slyww.htm&quot; target=&quot;_blank&quot; title=&quot;过去一周，“一带一路”发生了这些大事（4月23日-4月27日）&quot; style=&quot;color: rgb(77, 77, 77); text-decoration: none; font-size: 18px; margin-right: 5px; font-family: 微软雅黑, sans-serif; text-indent: 15px; white-space: normal;&quot;&gt;过去一周，“一带一路”发生了这些大事（4月23日-4月27日）&lt;/a&gt;&lt;a href=&quot;https://www.yidaiyilu.gov.cn/slyww.htm&quot; target=&quot;_blank&quot; title=&quot;过去一周，“一带一路”发生了这些大事（4月23日-4月27日）&quot; style=&quot;color: rgb(77, 77, 77); text-decoration: none; font-size: 18px; margin-right: 5px; font-family: 微软雅黑, sans-serif; text-indent: 15px; white-space: normal;&quot;&gt;过去一周，“一带一路”发生了这些大事（4月23日-4月27日）&lt;/a&gt;&lt;a href=&quot;https://www.yidaiyilu.gov.cn/slyww.htm&quot; target=&quot;_blank&quot; title=&quot;过去一周，“一带一路”发生了这些大事（4月23日-4月27日）&quot; style=&quot;color: rgb(77, 77, 77); text-decoration: none; font-size: 18px; margin-right: 5px; font-family: 微软雅黑, sans-serif; text-indent: 15px; white-space: normal;&quot;&gt;过去一周，“一带一路”发生了这些大事（4月23日-4月27日）&lt;/a&gt;&lt;a href=&quot;https://www.yidaiyilu.gov.cn/slyww.htm&quot; target=&quot;_blank&quot; title=&quot;过去一周，“一带一路”发生了这些大事（4月23日-4月27日）&quot; style=&quot;color: rgb(77, 77, 77); text-decoration: none; font-size: 18px; margin-right: 5px; font-family: 微软雅黑, sans-serif; text-indent: 15px; white-space: normal;&quot;&gt;过去一周，“一带一路”发生了这些大事（4月23日-4月27日）&lt;/a&gt;&lt;a href=&quot;https://www.yidaiyilu.gov.cn/slyww.htm&quot; target=&quot;_blank&quot; title=&quot;过去一周，“一带一路”发生了这些大事（4月23日-4月27日）&quot; style=&quot;color: rgb(77, 77, 77); text-decoration: none; font-size: 18px; margin-right: 5px; font-family: 微软雅黑, sans-serif; text-indent: 15px; white-space: normal;&quot;&gt;过去一周，“一带一路”发生了这些大事（4月23日-4月27日）&lt;/a&gt;&lt;a href=&quot;https://www.yidaiyilu.gov.cn/slyww.htm&quot; target=&quot;_blank&quot; title=&quot;过去一周，“一带一路”发生了这些大事（4月23日-4月27日）&quot; style=&quot;color: rgb(77, 77, 77); text-decoration: none; font-size: 18px; margin-right: 5px; font-family: 微软雅黑, sans-serif; text-indent: 15px; white-space: normal;&quot;&gt;过去一周，“一带一路”发生了这些大事（4月23日-4月27日）&lt;/a&gt;&lt;a href=&quot;https://www.yidaiyilu.gov.cn/slyww.htm&quot; target=&quot;_blank&quot; title=&quot;过去一周，“一带一路”发生了这些大事（4月23日-4月27日）&quot; style=&quot;color: rgb(77, 77, 77); text-decoration: none; font-size: 18px; margin-right: 5px; font-family: 微软雅黑, sans-serif; text-indent: 15px; white-space: normal;&quot;&gt;过去一周，“一带一路”发生了这些大事（4月23日-4月27日）&lt;/a&gt;&lt;/p&gt;' WHERE `id` = 2782 [ RunTime:0.0158s ]
INFO: [ view_parse ] --START--
INFO: [ template_filter ] --START--
INFO: Run Behavior\ContentReplaceBehavior [ RunTime:0.000032s ]
INFO: [ template_filter ] --END-- [ RunTime:0.000078s ]
INFO: Run Behavior\ParseTemplateBehavior [ RunTime:0.004406s ]
INFO: [ view_parse ] --END-- [ RunTime:0.004447s ]
INFO: [ view_filter ] --START--
INFO: Run Behavior\WriteHtmlCacheBehavior [ RunTime:0.000101s ]
INFO: [ view_filter ] --END-- [ RunTime:0.000127s ]
NOTIC: [2] Cannot modify header information - headers already sent by (output started at /home/wwwroot/blog/ydyl/Admin/Controller/NewsController.class.php:257) /home/wwwroot/blog/ThinkPHP/Library/Think/View.class.php 第 91 行.
NOTIC: [2] Cannot modify header information - headers already sent by (output started at /home/wwwroot/blog/ydyl/Admin/Controller/NewsController.class.php:257) /home/wwwroot/blog/ThinkPHP/Library/Think/View.class.php 第 92 行.
NOTIC: [2] Cannot modify header information - headers already sent by (output started at /home/wwwroot/blog/ydyl/Admin/Controller/NewsController.class.php:257) /home/wwwroot/blog/ThinkPHP/Library/Think/View.class.php 第 93 行.
INFO: [ app_end ] --START--
INFO: Run Behavior\ShowPageTraceBehavior [ RunTime:0.000354s ]
INFO: [ app_end ] --END-- [ RunTime:0.000394s ]

[ 2018-05-16T21:04:12+08:00 ] 221.217.235.164 /Admin/News/index.html
INFO: [ app_init ] --START--
INFO: Run Behavior\BuildLiteBehavior [ RunTime:0.000015s ]
INFO: [ app_init ] --END-- [ RunTime:0.000076s ]
INFO: [ app_begin ] --START--
INFO: Run Behavior\ReadHtmlCacheBehavior [ RunTime:0.000336s ]
INFO: [ app_begin ] --END-- [ RunTime:0.000381s ]
SQL: SHOW COLUMNS FROM `news_news` [ RunTime:0.0005s ]
SQL: SELECT COUNT(*) AS tp_count FROM `news_news` WHERE ( 1=1 ) LIMIT 1   [ RunTime:0.0003s ]
SQL: SELECT * FROM `news_news` WHERE ( 1=1 ) ORDER BY id desc LIMIT 0,20   [ RunTime:0.0003s ]
INFO: [ view_parse ] --START--
INFO: [ template_filter ] --START--
INFO: Run Behavior\ContentReplaceBehavior [ RunTime:0.000070s ]
INFO: [ template_filter ] --END-- [ RunTime:0.000112s ]
NOTIC: [8] Undefined index: logintime /home/wwwroot/blog/ydyl/Runtime/Cache/Admin/51c9d9e69a17f360f9b5c6d4a3de2bf8.php 第 70 行.
NOTIC: [8] Undefined index: loginip /home/wwwroot/blog/ydyl/Runtime/Cache/Admin/51c9d9e69a17f360f9b5c6d4a3de2bf8.php 第 79 行.
NOTIC: [8] Undefined index: username /home/wwwroot/blog/ydyl/Runtime/Cache/Admin/51c9d9e69a17f360f9b5c6d4a3de2bf8.php 第 90 行.
NOTIC: [8] Undefined variable: type /home/wwwroot/blog/ydyl/Runtime/Cache/Admin/51c9d9e69a17f360f9b5c6d4a3de2bf8.php 第 314 行.
NOTIC: [8] Undefined index: status /home/wwwroot/blog/ydyl/Runtime/Cache/Admin/51c9d9e69a17f360f9b5c6d4a3de2bf8.php 第 357 行.
NOTIC: [8] Undefined variable: type /home/wwwroot/blog/ydyl/Runtime/Cache/Admin/51c9d9e69a17f360f9b5c6d4a3de2bf8.php 第 364 行.
NOTIC: [8] Undefined index: status /home/wwwroot/blog/ydyl/Runtime/Cache/Admin/51c9d9e69a17f360f9b5c6d4a3de2bf8.php 第 357 行.
NOTIC: [8] Undefined variable: type /home/wwwroot/blog/ydyl/Runtime/Cache/Admin/51c9d9e69a17f360f9b5c6d4a3de2bf8.php 第 364 行.
NOTIC: [8] Undefined index: status /home/wwwroot/blog/ydyl/Runtime/Cache/Admin/51c9d9e69a17f360f9b5c6d4a3de2bf8.php 第 357 行.
NOTIC: [8] Undefined variable: type /home/wwwroot/blog/ydyl/Runtime/Cache/Admin/51c9d9e69a17f360f9b5c6d4a3de2bf8.php 第 364 行.
NOTIC: [8] Undefined index: status /home/wwwroot/blog/ydyl/Runtime/Cache/Admin/51c9d9e69a17f360f9b5c6d4a3de2bf8.php 第 357 行.
NOTIC: [8] Undefined variable: type /home/wwwroot/blog/ydyl/Runtime/Cache/Admin/51c9d9e69a17f360f9b5c6d4a3de2bf8.php 第 364 行.
NOTIC: [8] Undefined index: status /home/wwwroot/blog/ydyl/Runtime/Cache/Admin/51c9d9e69a17f360f9b5c6d4a3de2bf8.php 第 357 行.
NOTIC: [8] Undefined variable: type /home/wwwroot/blog/ydyl/Runtime/Cache/Admin/51c9d9e69a17f360f9b5c6d4a3de2bf8.php 第 364 行.
NOTIC: [8] Undefined index: status /home/wwwroot/blog/ydyl/Runtime/Cache/Admin/51c9d9e69a17f360f9b5c6d4a3de2bf8.php 第 357 行.
NOTIC: [8] Undefined variable: type /home/wwwroot/blog/ydyl/Runtime/Cache/Admin/51c9d9e69a17f360f9b5c6d4a3de2bf8.php 第 364 行.
NOTIC: [8] Undefined index: status /home/wwwroot/blog/ydyl/Runtime/Cache/Admin/51c9d9e69a17f360f9b5c6d4a3de2bf8.php 第 357 行.
NOTIC: [8] Undefined variable: type /home/wwwroot/blog/ydyl/Runtime/Cache/Admin/51c9d9e69a17f360f9b5c6d4a3de2bf8.php 第 364 行.
NOTIC: [8] Undefined index: status /home/wwwroot/blog/ydyl/Runtime/Cache/Admin/51c9d9e69a17f360f9b5c6d4a3de2bf8.php 第 357 行.
NOTIC: [8] Undefined variable: type /home/wwwroot/blog/ydyl/Runtime/Cache/Admin/51c9d9e69a17f360f9b5c6d4a3de2bf8.php 第 364 行.
NOTIC: [8] Undefined index: status /home/wwwroot/blog/ydyl/Runtime/Cache/Admin/51c9d9e69a17f360f9b5c6d4a3de2bf8.php 第 357 行.
NOTIC: [8] Undefined variable: type /home/wwwroot/blog/ydyl/Runtime/Cache/Admin/51c9d9e69a17f360f9b5c6d4a3de2bf8.php 第 364 行.
NOTIC: [8] Undefined index: status /home/wwwroot/blog/ydyl/Runtime/Cache/Admin/51c9d9e69a17f360f9b5c6d4a3de2bf8.php 第 357 行.
NOTIC: [8] Undefined variable: type /home/wwwroot/blog/ydyl/Runtime/Cache/Admin/51c9d9e69a17f360f9b5c6d4a3de2bf8.php 第 364 行.
NOTIC: [8] Undefined index: status /home/wwwroot/blog/ydyl/Runtime/Cache/Admin/51c9d9e69a17f360f9b5c6d4a3de2bf8.php 第 357 行.
NOTIC: [8] Undefined variable: type /home/wwwroot/blog/ydyl/Runtime/Cache/Admin/51c9d9e69a17f360f9b5c6d4a3de2bf8.php 第 364 行.
NOTIC: [8] Undefined index: status /home/wwwroot/blog/ydyl/Runtime/Cache/Admin/51c9d9e69a17f360f9b5c6d4a3de2bf8.php 第 357 行.
NOTIC: [8] Undefined variable: type /home/wwwroot/blog/ydyl/Runtime/Cache/Admin/51c9d9e69a17f360f9b5c6d4a3de2bf8.php 第 364 行.
NOTIC: [8] Undefined index: status /home/wwwroot/blog/ydyl/Runtime/Cache/Admin/51c9d9e69a17f360f9b5c6d4a3de2bf8.php 第 357 行.
NOTIC: [8] Undefined variable: type /home/wwwroot/blog/ydyl/Runtime/Cache/Admin/51c9d9e69a17f360f9b5c6d4a3de2bf8.php 第 364 行.
NOTIC: [8] Undefined index: status /home/wwwroot/blog/ydyl/Runtime/Cache/Admin/51c9d9e69a17f360f9b5c6d4a3de2bf8.php 第 357 行.
NOTIC: [8] Undefined variable: type /home/wwwroot/blog/ydyl/Runtime/Cache/Admin/51c9d9e69a17f360f9b5c6d4a3de2bf8.php 第 364 行.
NOTIC: [8] Undefined index: status /home/wwwroot/blog/ydyl/Runtime/Cache/Admin/51c9d9e69a17f360f9b5c6d4a3de2bf8.php 第 357 行.
NOTIC: [8] Undefined variable: type /home/wwwroot/blog/ydyl/Runtime/Cache/Admin/51c9d9e69a17f360f9b5c6d4a3de2bf8.php 第 364 行.
NOTIC: [8] Undefined index: status /home/wwwroot/blog/ydyl/Runtime/Cache/Admin/51c9d9e69a17f360f9b5c6d4a3de2bf8.php 第 357 行.
NOTIC: [8] Undefined variable: type /home/wwwroot/blog/ydyl/Runtime/Cache/Admin/51c9d9e69a17f360f9b5c6d4a3de2bf8.php 第 364 行.
NOTIC: [8] Undefined index: status /home/wwwroot/blog/ydyl/Runtime/Cache/Admin/51c9d9e69a17f360f9b5c6d4a3de2bf8.php 第 357 行.
NOTIC: [8] Undefined variable: type /home/wwwroot/blog/ydyl/Runtime/Cache/Admin/51c9d9e69a17f360f9b5c6d4a3de2bf8.php 第 364 行.
NOTIC: [8] Undefined index: status /home/wwwroot/blog/ydyl/Runtime/Cache/Admin/51c9d9e69a17f360f9b5c6d4a3de2bf8.php 第 357 行.
NOTIC: [8] Undefined variable: type /home/wwwroot/blog/ydyl/Runtime/Cache/Admin/51c9d9e69a17f360f9b5c6d4a3de2bf8.php 第 364 行.
NOTIC: [8] Undefined index: status /home/wwwroot/blog/ydyl/Runtime/Cache/Admin/51c9d9e69a17f360f9b5c6d4a3de2bf8.php 第 357 行.
NOTIC: [8] Undefined variable: type /home/wwwroot/blog/ydyl/Runtime/Cache/Admin/51c9d9e69a17f360f9b5c6d4a3de2bf8.php 第 364 行.
NOTIC: [8] Undefined index: status /home/wwwroot/blog/ydyl/Runtime/Cache/Admin/51c9d9e69a17f360f9b5c6d4a3de2bf8.php 第 357 行.
NOTIC: [8] Undefined variable: type /home/wwwroot/blog/ydyl/Runtime/Cache/Admin/51c9d9e69a17f360f9b5c6d4a3de2bf8.php 第 364 行.
INFO: Run Behavior\ParseTemplateBehavior [ RunTime:0.013132s ]
INFO: [ view_parse ] --END-- [ RunTime:0.013168s ]
INFO: [ view_filter ] --START--
INFO: Run Behavior\WriteHtmlCacheBehavior [ RunTime:0.000120s ]
INFO: [ view_filter ] --END-- [ RunTime:0.000160s ]
INFO: [ app_end ] --START--
INFO: Run Behavior\ShowPageTraceBehavior [ RunTime:0.000372s ]
INFO: [ app_end ] --END-- [ RunTime:0.000408s ]

[ 2018-05-16T21:04:12+08:00 ] 221.217.235.164 /Admin/News/type.html
INFO: [ app_init ] --START--
INFO: Run Behavior\BuildLiteBehavior [ RunTime:0.000015s ]
INFO: [ app_init ] --END-- [ RunTime:0.000073s ]
INFO: [ app_begin ] --START--
INFO: Run Behavior\ReadHtmlCacheBehavior [ RunTime:0.000340s ]
INFO: [ app_begin ] --END-- [ RunTime:0.000380s ]
SQL: SHOW COLUMNS FROM `news_type` [ RunTime:0.0004s ]
SQL: SELECT * FROM `news_type`  [ RunTime:0.0001s ]
SQL: SHOW COLUMNS FROM `news_nexttype` [ RunTime:0.0003s ]
SQL: SELECT * FROM `news_nexttype` WHERE `sid` = 1  [ RunTime:0.0001s ]
SQL: SELECT * FROM `news_nexttype` WHERE `sid` = 2  [ RunTime:0.0001s ]
SQL: SELECT * FROM `news_nexttype` WHERE `sid` = 5  [ RunTime:0.0001s ]
SQL: SELECT * FROM `news_nexttype` WHERE `sid` = 6  [ RunTime:0.0001s ]
SQL: SELECT * FROM `news_nexttype` WHERE `sid` = 8  [ RunTime:0.0001s ]
SQL: SELECT * FROM `news_nexttype` WHERE `sid` = 9  [ RunTime:0.0001s ]
SQL: SELECT * FROM `news_nexttype` WHERE `sid` = 10  [ RunTime:0.0001s ]
SQL: SELECT * FROM `news_nexttype` WHERE `sid` = 11  [ RunTime:0.0001s ]
SQL: SELECT * FROM `news_nexttype` WHERE `sid` = 12  [ RunTime:0.0001s ]
SQL: SELECT * FROM `news_nexttype` WHERE `sid` = 13  [ RunTime:0.0001s ]
SQL: SELECT * FROM `news_nexttype` WHERE `sid` = 14  [ RunTime:0.0001s ]
SQL: SELECT * FROM `news_nexttype` WHERE `sid` = 15  [ RunTime:0.0001s ]
SQL: SELECT * FROM `news_nexttype` WHERE `sid` = 16  [ RunTime:0.0000s ]
SQL: SELECT * FROM `news_nexttype` WHERE `sid` = 19  [ RunTime:0.0001s ]
SQL: SELECT * FROM `news_nexttype` WHERE `sid` = 20  [ RunTime:0.0001s ]
SQL: SELECT * FROM `news_nexttype` WHERE `sid` = 21  [ RunTime:0.0001s ]
SQL: SELECT * FROM `news_nexttype` WHERE `sid` = 23  [ RunTime:0.0001s ]
SQL: SELECT * FROM `news_nexttype` WHERE `sid` = 25  [ RunTime:0.0000s ]
SQL: SELECT * FROM `news_nexttype` WHERE `sid` = 26  [ RunTime:0.0000s ]
SQL: SELECT * FROM `news_nexttype` WHERE `sid` = 27  [ RunTime:0.0001s ]
INFO: [ app_end ] --START--
INFO: Run Behavior\ShowPageTraceBehavior [ RunTime:0.000395s ]
INFO: [ app_end ] --END-- [ RunTime:0.000432s ]

