[ 2018-04-30T23:35:22+08:00 ] 111.194.48.94 /Admin/News/type.html
INFO: [ app_init ] --START--
INFO: Run Behavior\BuildLiteBehavior [ RunTime:0.000023s ]
INFO: [ app_init ] --END-- [ RunTime:0.000109s ]
INFO: [ app_begin ] --START--
INFO: Run Behavior\ReadHtmlCacheBehavior [ RunTime:0.000490s ]
INFO: [ app_begin ] --END-- [ RunTime:0.000573s ]
SQL: SHOW COLUMNS FROM `news_type` [ RunTime:0.0004s ]
SQL: SELECT * FROM `news_type`  [ RunTime:0.0001s ]
SQL: SHOW COLUMNS FROM `news_nexttype` [ RunTime:0.0003s ]
SQL: SELECT * FROM `news_nexttype` WHERE `sid` = 1  [ RunTime:0.0001s ]
SQL: SELECT * FROM `news_nexttype` WHERE `sid` = 2  [ RunTime:0.0001s ]
SQL: SELECT * FROM `news_nexttype` WHERE `sid` = 5  [ RunTime:0.0001s ]
SQL: SELECT * FROM `news_nexttype` WHERE `sid` = 6  [ RunTime:0.0001s ]
SQL: SELECT * FROM `news_nexttype` WHERE `sid` = 8  [ RunTime:0.0001s ]
SQL: SELECT * FROM `news_nexttype` WHERE `sid` = 9  [ RunTime:0.0000s ]
SQL: SELECT * FROM `news_nexttype` WHERE `sid` = 10  [ RunTime:0.0001s ]
SQL: SELECT * FROM `news_nexttype` WHERE `sid` = 11  [ RunTime:0.0000s ]
SQL: SELECT * FROM `news_nexttype` WHERE `sid` = 12  [ RunTime:0.0001s ]
SQL: SELECT * FROM `news_nexttype` WHERE `sid` = 13  [ RunTime:0.0001s ]
SQL: SELECT * FROM `news_nexttype` WHERE `sid` = 14  [ RunTime:0.0001s ]
SQL: SELECT * FROM `news_nexttype` WHERE `sid` = 15  [ RunTime:0.0001s ]
SQL: SELECT * FROM `news_nexttype` WHERE `sid` = 16  [ RunTime:0.0001s ]
SQL: SELECT * FROM `news_nexttype` WHERE `sid` = 19  [ RunTime:0.0001s ]
SQL: SELECT * FROM `news_nexttype` WHERE `sid` = 20  [ RunTime:0.0001s ]
SQL: SELECT * FROM `news_nexttype` WHERE `sid` = 21  [ RunTime:0.0001s ]
SQL: SELECT * FROM `news_nexttype` WHERE `sid` = 23  [ RunTime:0.0001s ]
SQL: SELECT * FROM `news_nexttype` WHERE `sid` = 25  [ RunTime:0.0000s ]
SQL: SELECT * FROM `news_nexttype` WHERE `sid` = 26  [ RunTime:0.0000s ]
SQL: SELECT * FROM `news_nexttype` WHERE `sid` = 27  [ RunTime:0.0000s ]
INFO: [ app_end ] --START--
INFO: Run Behavior\ShowPageTraceBehavior [ RunTime:0.000392s ]
INFO: [ app_end ] --END-- [ RunTime:0.000495s ]

[ 2018-04-30T23:35:26+08:00 ] 221.218.78.246 /Admin/Login/verify.html?0.06575270787457921
INFO: [ app_init ] --START--
INFO: Run Behavior\BuildLiteBehavior [ RunTime:0.000017s ]
INFO: [ app_init ] --END-- [ RunTime:0.000092s ]
INFO: [ app_begin ] --START--
INFO: Run Behavior\ReadHtmlCacheBehavior [ RunTime:0.000337s ]
INFO: [ app_begin ] --END-- [ RunTime:0.000377s ]
INFO: [ app_end ] --START--
INFO: Run Behavior\ShowPageTraceBehavior [ RunTime:0.000332s ]
INFO: [ app_end ] --END-- [ RunTime:0.000377s ]

[ 2018-04-30T23:35:33+08:00 ] 221.218.78.246 /Admin/Login/login.html
INFO: [ app_init ] --START--
INFO: Run Behavior\BuildLiteBehavior [ RunTime:0.000011s ]
INFO: [ app_init ] --END-- [ RunTime:0.000070s ]
INFO: [ app_begin ] --START--
INFO: Run Behavior\ReadHtmlCacheBehavior [ RunTime:0.000338s ]
INFO: [ app_begin ] --END-- [ RunTime:0.000381s ]
SQL: SHOW COLUMNS FROM `news_admin` [ RunTime:0.0005s ]
SQL: SELECT * FROM `news_admin` WHERE `username` = 'admin' AND `password` = '1a145a23d6e47aadfe2063f1f951e691'  [ RunTime:0.0001s ]
INFO: [ view_parse ] --START--
INFO: [ template_filter ] --START--
INFO: Run Behavior\ContentReplaceBehavior [ RunTime:0.000031s ]
INFO: [ template_filter ] --END-- [ RunTime:0.000066s ]
INFO: Run Behavior\ParseTemplateBehavior [ RunTime:0.004433s ]
INFO: [ view_parse ] --END-- [ RunTime:0.004481s ]
INFO: [ view_filter ] --START--
INFO: Run Behavior\WriteHtmlCacheBehavior [ RunTime:0.000116s ]
INFO: [ view_filter ] --END-- [ RunTime:0.000149s ]
INFO: [ app_end ] --START--
INFO: Run Behavior\ShowPageTraceBehavior [ RunTime:0.000350s ]
INFO: [ app_end ] --END-- [ RunTime:0.000383s ]

[ 2018-04-30T23:35:34+08:00 ] 221.218.78.246 /Admin/Index/index.html
INFO: [ app_init ] --START--
INFO: Run Behavior\BuildLiteBehavior [ RunTime:0.000014s ]
INFO: [ app_init ] --END-- [ RunTime:0.000106s ]
INFO: [ app_begin ] --START--
INFO: Run Behavior\ReadHtmlCacheBehavior [ RunTime:0.000364s ]
INFO: [ app_begin ] --END-- [ RunTime:0.000415s ]
INFO: [ view_parse ] --START--
INFO: [ template_filter ] --START--
INFO: Run Behavior\ContentReplaceBehavior [ RunTime:0.000083s ]
INFO: [ template_filter ] --END-- [ RunTime:0.000135s ]
NOTIC: [8] Undefined index: logintime /home/wwwroot/blog/ydyl/Runtime/Cache/Admin/d3b702bf72ed230e8c20adf6e3c65fe7.php 第 70 行.
NOTIC: [8] Undefined index: loginip /home/wwwroot/blog/ydyl/Runtime/Cache/Admin/d3b702bf72ed230e8c20adf6e3c65fe7.php 第 79 行.
NOTIC: [8] Undefined index: username /home/wwwroot/blog/ydyl/Runtime/Cache/Admin/d3b702bf72ed230e8c20adf6e3c65fe7.php 第 90 行.
NOTIC: [8] Undefined index: REMOTE_HOST /home/wwwroot/blog/ydyl/Runtime/Cache/Admin/d3b702bf72ed230e8c20adf6e3c65fe7.php 第 369 行.
INFO: Run Behavior\ParseTemplateBehavior [ RunTime:0.009695s ]
INFO: [ view_parse ] --END-- [ RunTime:0.009731s ]
INFO: [ view_filter ] --START--
INFO: Run Behavior\WriteHtmlCacheBehavior [ RunTime:0.000123s ]
INFO: [ view_filter ] --END-- [ RunTime:0.000167s ]
INFO: [ app_end ] --START--
INFO: Run Behavior\ShowPageTraceBehavior [ RunTime:0.000440s ]
INFO: [ app_end ] --END-- [ RunTime:0.000488s ]

[ 2018-04-30T23:35:37+08:00 ] 221.218.78.246 /Admin/News/index.html
INFO: [ app_init ] --START--
INFO: Run Behavior\BuildLiteBehavior [ RunTime:0.000011s ]
INFO: [ app_init ] --END-- [ RunTime:0.000078s ]
INFO: [ app_begin ] --START--
INFO: Run Behavior\ReadHtmlCacheBehavior [ RunTime:0.000331s ]
INFO: [ app_begin ] --END-- [ RunTime:0.000373s ]
SQL: SHOW COLUMNS FROM `news_news` [ RunTime:0.0006s ]
SQL: SELECT COUNT(*) AS tp_count FROM `news_news` WHERE ( 1=1 ) LIMIT 1   [ RunTime:0.0001s ]
SQL: SELECT * FROM `news_news` WHERE ( 1=1 ) ORDER BY id desc LIMIT 0,20   [ RunTime:0.0003s ]
INFO: [ view_parse ] --START--
INFO: [ template_filter ] --START--
INFO: Run Behavior\ContentReplaceBehavior [ RunTime:0.000065s ]
INFO: [ template_filter ] --END-- [ RunTime:0.000104s ]
NOTIC: [8] Undefined index: logintime /home/wwwroot/blog/ydyl/Runtime/Cache/Admin/51c9d9e69a17f360f9b5c6d4a3de2bf8.php 第 70 行.
NOTIC: [8] Undefined index: loginip /home/wwwroot/blog/ydyl/Runtime/Cache/Admin/51c9d9e69a17f360f9b5c6d4a3de2bf8.php 第 79 行.
NOTIC: [8] Undefined index: username /home/wwwroot/blog/ydyl/Runtime/Cache/Admin/51c9d9e69a17f360f9b5c6d4a3de2bf8.php 第 90 行.
NOTIC: [8] Undefined variable: type /home/wwwroot/blog/ydyl/Runtime/Cache/Admin/51c9d9e69a17f360f9b5c6d4a3de2bf8.php 第 288 行.
NOTIC: [8] Undefined index: status /home/wwwroot/blog/ydyl/Runtime/Cache/Admin/51c9d9e69a17f360f9b5c6d4a3de2bf8.php 第 331 行.
NOTIC: [8] Undefined variable: type /home/wwwroot/blog/ydyl/Runtime/Cache/Admin/51c9d9e69a17f360f9b5c6d4a3de2bf8.php 第 338 行.
NOTIC: [8] Undefined index: status /home/wwwroot/blog/ydyl/Runtime/Cache/Admin/51c9d9e69a17f360f9b5c6d4a3de2bf8.php 第 331 行.
NOTIC: [8] Undefined variable: type /home/wwwroot/blog/ydyl/Runtime/Cache/Admin/51c9d9e69a17f360f9b5c6d4a3de2bf8.php 第 338 行.
NOTIC: [8] Undefined index: status /home/wwwroot/blog/ydyl/Runtime/Cache/Admin/51c9d9e69a17f360f9b5c6d4a3de2bf8.php 第 331 行.
NOTIC: [8] Undefined variable: type /home/wwwroot/blog/ydyl/Runtime/Cache/Admin/51c9d9e69a17f360f9b5c6d4a3de2bf8.php 第 338 行.
NOTIC: [8] Undefined index: status /home/wwwroot/blog/ydyl/Runtime/Cache/Admin/51c9d9e69a17f360f9b5c6d4a3de2bf8.php 第 331 行.
NOTIC: [8] Undefined variable: type /home/wwwroot/blog/ydyl/Runtime/Cache/Admin/51c9d9e69a17f360f9b5c6d4a3de2bf8.php 第 338 行.
NOTIC: [8] Undefined index: status /home/wwwroot/blog/ydyl/Runtime/Cache/Admin/51c9d9e69a17f360f9b5c6d4a3de2bf8.php 第 331 行.
NOTIC: [8] Undefined variable: type /home/wwwroot/blog/ydyl/Runtime/Cache/Admin/51c9d9e69a17f360f9b5c6d4a3de2bf8.php 第 338 行.
NOTIC: [8] Undefined index: status /home/wwwroot/blog/ydyl/Runtime/Cache/Admin/51c9d9e69a17f360f9b5c6d4a3de2bf8.php 第 331 行.
NOTIC: [8] Undefined variable: type /home/wwwroot/blog/ydyl/Runtime/Cache/Admin/51c9d9e69a17f360f9b5c6d4a3de2bf8.php 第 338 行.
NOTIC: [8] Undefined index: status /home/wwwroot/blog/ydyl/Runtime/Cache/Admin/51c9d9e69a17f360f9b5c6d4a3de2bf8.php 第 331 行.
NOTIC: [8] Undefined variable: type /home/wwwroot/blog/ydyl/Runtime/Cache/Admin/51c9d9e69a17f360f9b5c6d4a3de2bf8.php 第 338 行.
NOTIC: [8] Undefined index: status /home/wwwroot/blog/ydyl/Runtime/Cache/Admin/51c9d9e69a17f360f9b5c6d4a3de2bf8.php 第 331 行.
NOTIC: [8] Undefined variable: type /home/wwwroot/blog/ydyl/Runtime/Cache/Admin/51c9d9e69a17f360f9b5c6d4a3de2bf8.php 第 338 行.
NOTIC: [8] Undefined index: status /home/wwwroot/blog/ydyl/Runtime/Cache/Admin/51c9d9e69a17f360f9b5c6d4a3de2bf8.php 第 331 行.
NOTIC: [8] Undefined variable: type /home/wwwroot/blog/ydyl/Runtime/Cache/Admin/51c9d9e69a17f360f9b5c6d4a3de2bf8.php 第 338 行.
NOTIC: [8] Undefined index: status /home/wwwroot/blog/ydyl/Runtime/Cache/Admin/51c9d9e69a17f360f9b5c6d4a3de2bf8.php 第 331 行.
NOTIC: [8] Undefined variable: type /home/wwwroot/blog/ydyl/Runtime/Cache/Admin/51c9d9e69a17f360f9b5c6d4a3de2bf8.php 第 338 行.
NOTIC: [8] Undefined index: status /home/wwwroot/blog/ydyl/Runtime/Cache/Admin/51c9d9e69a17f360f9b5c6d4a3de2bf8.php 第 331 行.
NOTIC: [8] Undefined variable: type /home/wwwroot/blog/ydyl/Runtime/Cache/Admin/51c9d9e69a17f360f9b5c6d4a3de2bf8.php 第 338 行.
NOTIC: [8] Undefined index: status /home/wwwroot/blog/ydyl/Runtime/Cache/Admin/51c9d9e69a17f360f9b5c6d4a3de2bf8.php 第 331 行.
NOTIC: [8] Undefined variable: type /home/wwwroot/blog/ydyl/Runtime/Cache/Admin/51c9d9e69a17f360f9b5c6d4a3de2bf8.php 第 338 行.
NOTIC: [8] Undefined index: status /home/wwwroot/blog/ydyl/Runtime/Cache/Admin/51c9d9e69a17f360f9b5c6d4a3de2bf8.php 第 331 行.
NOTIC: [8] Undefined variable: type /home/wwwroot/blog/ydyl/Runtime/Cache/Admin/51c9d9e69a17f360f9b5c6d4a3de2bf8.php 第 338 行.
NOTIC: [8] Undefined index: status /home/wwwroot/blog/ydyl/Runtime/Cache/Admin/51c9d9e69a17f360f9b5c6d4a3de2bf8.php 第 331 行.
NOTIC: [8] Undefined variable: type /home/wwwroot/blog/ydyl/Runtime/Cache/Admin/51c9d9e69a17f360f9b5c6d4a3de2bf8.php 第 338 行.
NOTIC: [8] Undefined index: status /home/wwwroot/blog/ydyl/Runtime/Cache/Admin/51c9d9e69a17f360f9b5c6d4a3de2bf8.php 第 331 行.
NOTIC: [8] Undefined variable: type /home/wwwroot/blog/ydyl/Runtime/Cache/Admin/51c9d9e69a17f360f9b5c6d4a3de2bf8.php 第 338 行.
NOTIC: [8] Undefined index: status /home/wwwroot/blog/ydyl/Runtime/Cache/Admin/51c9d9e69a17f360f9b5c6d4a3de2bf8.php 第 331 行.
NOTIC: [8] Undefined variable: type /home/wwwroot/blog/ydyl/Runtime/Cache/Admin/51c9d9e69a17f360f9b5c6d4a3de2bf8.php 第 338 行.
NOTIC: [8] Undefined index: status /home/wwwroot/blog/ydyl/Runtime/Cache/Admin/51c9d9e69a17f360f9b5c6d4a3de2bf8.php 第 331 行.
NOTIC: [8] Undefined variable: type /home/wwwroot/blog/ydyl/Runtime/Cache/Admin/51c9d9e69a17f360f9b5c6d4a3de2bf8.php 第 338 行.
NOTIC: [8] Undefined index: status /home/wwwroot/blog/ydyl/Runtime/Cache/Admin/51c9d9e69a17f360f9b5c6d4a3de2bf8.php 第 331 行.
NOTIC: [8] Undefined variable: type /home/wwwroot/blog/ydyl/Runtime/Cache/Admin/51c9d9e69a17f360f9b5c6d4a3de2bf8.php 第 338 行.
NOTIC: [8] Undefined index: status /home/wwwroot/blog/ydyl/Runtime/Cache/Admin/51c9d9e69a17f360f9b5c6d4a3de2bf8.php 第 331 行.
NOTIC: [8] Undefined variable: type /home/wwwroot/blog/ydyl/Runtime/Cache/Admin/51c9d9e69a17f360f9b5c6d4a3de2bf8.php 第 338 行.
NOTIC: [8] Undefined index: status /home/wwwroot/blog/ydyl/Runtime/Cache/Admin/51c9d9e69a17f360f9b5c6d4a3de2bf8.php 第 331 行.
NOTIC: [8] Undefined variable: type /home/wwwroot/blog/ydyl/Runtime/Cache/Admin/51c9d9e69a17f360f9b5c6d4a3de2bf8.php 第 338 行.
INFO: Run Behavior\ParseTemplateBehavior [ RunTime:0.012865s ]
INFO: [ view_parse ] --END-- [ RunTime:0.012900s ]
INFO: [ view_filter ] --START--
INFO: Run Behavior\WriteHtmlCacheBehavior [ RunTime:0.000114s ]
INFO: [ view_filter ] --END-- [ RunTime:0.000143s ]
INFO: [ app_end ] --START--
INFO: Run Behavior\ShowPageTraceBehavior [ RunTime:0.000356s ]
INFO: [ app_end ] --END-- [ RunTime:0.000409s ]

[ 2018-04-30T23:35:37+08:00 ] 221.218.78.246 /Admin/News/type.html
INFO: [ app_init ] --START--
INFO: Run Behavior\BuildLiteBehavior [ RunTime:0.000013s ]
INFO: [ app_init ] --END-- [ RunTime:0.000071s ]
INFO: [ app_begin ] --START--
INFO: Run Behavior\ReadHtmlCacheBehavior [ RunTime:0.000327s ]
INFO: [ app_begin ] --END-- [ RunTime:0.000363s ]
SQL: SHOW COLUMNS FROM `news_type` [ RunTime:0.0004s ]
SQL: SELECT * FROM `news_type`  [ RunTime:0.0001s ]
SQL: SHOW COLUMNS FROM `news_nexttype` [ RunTime:0.0003s ]
SQL: SELECT * FROM `news_nexttype` WHERE `sid` = 1  [ RunTime:0.0001s ]
SQL: SELECT * FROM `news_nexttype` WHERE `sid` = 2  [ RunTime:0.0001s ]
SQL: SELECT * FROM `news_nexttype` WHERE `sid` = 5  [ RunTime:0.0001s ]
SQL: SELECT * FROM `news_nexttype` WHERE `sid` = 6  [ RunTime:0.0001s ]
SQL: SELECT * FROM `news_nexttype` WHERE `sid` = 8  [ RunTime:0.0001s ]
SQL: SELECT * FROM `news_nexttype` WHERE `sid` = 9  [ RunTime:0.0001s ]
SQL: SELECT * FROM `news_nexttype` WHERE `sid` = 10  [ RunTime:0.0001s ]
SQL: SELECT * FROM `news_nexttype` WHERE `sid` = 11  [ RunTime:0.0000s ]
SQL: SELECT * FROM `news_nexttype` WHERE `sid` = 12  [ RunTime:0.0001s ]
SQL: SELECT * FROM `news_nexttype` WHERE `sid` = 13  [ RunTime:0.0001s ]
SQL: SELECT * FROM `news_nexttype` WHERE `sid` = 14  [ RunTime:0.0000s ]
SQL: SELECT * FROM `news_nexttype` WHERE `sid` = 15  [ RunTime:0.0001s ]
SQL: SELECT * FROM `news_nexttype` WHERE `sid` = 16  [ RunTime:0.0001s ]
SQL: SELECT * FROM `news_nexttype` WHERE `sid` = 19  [ RunTime:0.0001s ]
SQL: SELECT * FROM `news_nexttype` WHERE `sid` = 20  [ RunTime:0.0001s ]
SQL: SELECT * FROM `news_nexttype` WHERE `sid` = 21  [ RunTime:0.0001s ]
SQL: SELECT * FROM `news_nexttype` WHERE `sid` = 23  [ RunTime:0.0000s ]
SQL: SELECT * FROM `news_nexttype` WHERE `sid` = 25  [ RunTime:0.0000s ]
SQL: SELECT * FROM `news_nexttype` WHERE `sid` = 26  [ RunTime:0.0000s ]
SQL: SELECT * FROM `news_nexttype` WHERE `sid` = 27  [ RunTime:0.0000s ]
INFO: [ app_end ] --START--
INFO: Run Behavior\ShowPageTraceBehavior [ RunTime:0.000383s ]
INFO: [ app_end ] --END-- [ RunTime:0.000419s ]

[ 2018-04-30T23:35:37+08:00 ] 111.194.48.94 /Admin/Index/logout.html
INFO: [ app_init ] --START--
INFO: Run Behavior\BuildLiteBehavior [ RunTime:0.000010s ]
INFO: [ app_init ] --END-- [ RunTime:0.000067s ]
INFO: [ app_begin ] --START--
INFO: Run Behavior\ReadHtmlCacheBehavior [ RunTime:0.000339s ]
INFO: [ app_begin ] --END-- [ RunTime:0.000381s ]
ERR: 非法操作:logout

[ 2018-04-30T23:35:41+08:00 ] 221.218.78.246 /Admin/News/index?onetype=5&twotype=29&%E7%AD%9B%E9%80%89=%E6%8F%90%E4%BA%A4
INFO: [ app_init ] --START--
INFO: Run Behavior\BuildLiteBehavior [ RunTime:0.000015s ]
INFO: [ app_init ] --END-- [ RunTime:0.000091s ]
INFO: [ app_begin ] --START--
INFO: Run Behavior\ReadHtmlCacheBehavior [ RunTime:0.000354s ]
INFO: [ app_begin ] --END-- [ RunTime:0.000396s ]
SQL: SHOW COLUMNS FROM `news_news` [ RunTime:0.0005s ]
SQL: SELECT COUNT(*) AS tp_count FROM `news_news` WHERE `onetype` = 5 AND `twotype` = 29 LIMIT 1   [ RunTime:0.0004s ]
SQL: SELECT * FROM `news_news` WHERE `onetype` = 5 AND `twotype` = 29 ORDER BY id desc LIMIT 0,20   [ RunTime:0.0006s ]
INFO: [ view_parse ] --START--
INFO: [ template_filter ] --START--
INFO: Run Behavior\ContentReplaceBehavior [ RunTime:0.000067s ]
INFO: [ template_filter ] --END-- [ RunTime:0.000112s ]
NOTIC: [8] Undefined index: logintime /home/wwwroot/blog/ydyl/Runtime/Cache/Admin/51c9d9e69a17f360f9b5c6d4a3de2bf8.php 第 70 行.
NOTIC: [8] Undefined index: loginip /home/wwwroot/blog/ydyl/Runtime/Cache/Admin/51c9d9e69a17f360f9b5c6d4a3de2bf8.php 第 79 行.
NOTIC: [8] Undefined index: username /home/wwwroot/blog/ydyl/Runtime/Cache/Admin/51c9d9e69a17f360f9b5c6d4a3de2bf8.php 第 90 行.
NOTIC: [8] Undefined variable: type /home/wwwroot/blog/ydyl/Runtime/Cache/Admin/51c9d9e69a17f360f9b5c6d4a3de2bf8.php 第 288 行.
NOTIC: [8] Undefined index: status /home/wwwroot/blog/ydyl/Runtime/Cache/Admin/51c9d9e69a17f360f9b5c6d4a3de2bf8.php 第 331 行.
NOTIC: [8] Undefined variable: type /home/wwwroot/blog/ydyl/Runtime/Cache/Admin/51c9d9e69a17f360f9b5c6d4a3de2bf8.php 第 338 行.
NOTIC: [8] Undefined index: status /home/wwwroot/blog/ydyl/Runtime/Cache/Admin/51c9d9e69a17f360f9b5c6d4a3de2bf8.php 第 331 行.
NOTIC: [8] Undefined variable: type /home/wwwroot/blog/ydyl/Runtime/Cache/Admin/51c9d9e69a17f360f9b5c6d4a3de2bf8.php 第 338 行.
NOTIC: [8] Undefined index: status /home/wwwroot/blog/ydyl/Runtime/Cache/Admin/51c9d9e69a17f360f9b5c6d4a3de2bf8.php 第 331 行.
NOTIC: [8] Undefined variable: type /home/wwwroot/blog/ydyl/Runtime/Cache/Admin/51c9d9e69a17f360f9b5c6d4a3de2bf8.php 第 338 行.
INFO: Run Behavior\ParseTemplateBehavior [ RunTime:0.011891s ]
INFO: [ view_parse ] --END-- [ RunTime:0.011926s ]
INFO: [ view_filter ] --START--
INFO: Run Behavior\WriteHtmlCacheBehavior [ RunTime:0.000117s ]
INFO: [ view_filter ] --END-- [ RunTime:0.000144s ]
INFO: [ app_end ] --START--
INFO: Run Behavior\ShowPageTraceBehavior [ RunTime:0.000363s ]
INFO: [ app_end ] --END-- [ RunTime:0.000400s ]

[ 2018-04-30T23:35:42+08:00 ] 221.218.78.246 /Admin/News/type.html
INFO: [ app_init ] --START--
INFO: Run Behavior\BuildLiteBehavior [ RunTime:0.000012s ]
INFO: [ app_init ] --END-- [ RunTime:0.000069s ]
INFO: [ app_begin ] --START--
INFO: Run Behavior\ReadHtmlCacheBehavior [ RunTime:0.000457s ]
INFO: [ app_begin ] --END-- [ RunTime:0.000502s ]
SQL: SHOW COLUMNS FROM `news_type` [ RunTime:0.0004s ]
SQL: SELECT * FROM `news_type`  [ RunTime:0.0001s ]
SQL: SHOW COLUMNS FROM `news_nexttype` [ RunTime:0.0003s ]
SQL: SELECT * FROM `news_nexttype` WHERE `sid` = 1  [ RunTime:0.0001s ]
SQL: SELECT * FROM `news_nexttype` WHERE `sid` = 2  [ RunTime:0.0001s ]
SQL: SELECT * FROM `news_nexttype` WHERE `sid` = 5  [ RunTime:0.0001s ]
SQL: SELECT * FROM `news_nexttype` WHERE `sid` = 6  [ RunTime:0.0001s ]
SQL: SELECT * FROM `news_nexttype` WHERE `sid` = 8  [ RunTime:0.0001s ]
SQL: SELECT * FROM `news_nexttype` WHERE `sid` = 9  [ RunTime:0.0001s ]
SQL: SELECT * FROM `news_nexttype` WHERE `sid` = 10  [ RunTime:0.0001s ]
SQL: SELECT * FROM `news_nexttype` WHERE `sid` = 11  [ RunTime:0.0001s ]
SQL: SELECT * FROM `news_nexttype` WHERE `sid` = 12  [ RunTime:0.0001s ]
SQL: SELECT * FROM `news_nexttype` WHERE `sid` = 13  [ RunTime:0.0001s ]
SQL: SELECT * FROM `news_nexttype` WHERE `sid` = 14  [ RunTime:0.0001s ]
SQL: SELECT * FROM `news_nexttype` WHERE `sid` = 15  [ RunTime:0.0001s ]
SQL: SELECT * FROM `news_nexttype` WHERE `sid` = 16  [ RunTime:0.0001s ]
SQL: SELECT * FROM `news_nexttype` WHERE `sid` = 19  [ RunTime:0.0001s ]
SQL: SELECT * FROM `news_nexttype` WHERE `sid` = 20  [ RunTime:0.0001s ]
SQL: SELECT * FROM `news_nexttype` WHERE `sid` = 21  [ RunTime:0.0001s ]
SQL: SELECT * FROM `news_nexttype` WHERE `sid` = 23  [ RunTime:0.0001s ]
SQL: SELECT * FROM `news_nexttype` WHERE `sid` = 25  [ RunTime:0.0000s ]
SQL: SELECT * FROM `news_nexttype` WHERE `sid` = 26  [ RunTime:0.0001s ]
SQL: SELECT * FROM `news_nexttype` WHERE `sid` = 27  [ RunTime:0.0001s ]
INFO: [ app_end ] --START--
INFO: Run Behavior\ShowPageTraceBehavior [ RunTime:0.000470s ]
INFO: [ app_end ] --END-- [ RunTime:0.000531s ]

[ 2018-04-30T23:35:42+08:00 ] 111.194.48.94 /Admin/News/type.html
INFO: [ app_init ] --START--
INFO: Run Behavior\BuildLiteBehavior [ RunTime:0.000012s ]
INFO: [ app_init ] --END-- [ RunTime:0.000085s ]
INFO: [ app_begin ] --START--
INFO: Run Behavior\ReadHtmlCacheBehavior [ RunTime:0.000375s ]
INFO: [ app_begin ] --END-- [ RunTime:0.000413s ]
SQL: SHOW COLUMNS FROM `news_type` [ RunTime:0.0004s ]
SQL: SELECT * FROM `news_type`  [ RunTime:0.0001s ]
SQL: SHOW COLUMNS FROM `news_nexttype` [ RunTime:0.0003s ]
SQL: SELECT * FROM `news_nexttype` WHERE `sid` = 1  [ RunTime:0.0001s ]
SQL: SELECT * FROM `news_nexttype` WHERE `sid` = 2  [ RunTime:0.0001s ]
SQL: SELECT * FROM `news_nexttype` WHERE `sid` = 5  [ RunTime:0.0001s ]
SQL: SELECT * FROM `news_nexttype` WHERE `sid` = 6  [ RunTime:0.0000s ]
SQL: SELECT * FROM `news_nexttype` WHERE `sid` = 8  [ RunTime:0.0001s ]
SQL: SELECT * FROM `news_nexttype` WHERE `sid` = 9  [ RunTime:0.0001s ]
SQL: SELECT * FROM `news_nexttype` WHERE `sid` = 10  [ RunTime:0.0001s ]
SQL: SELECT * FROM `news_nexttype` WHERE `sid` = 11  [ RunTime:0.0001s ]
SQL: SELECT * FROM `news_nexttype` WHERE `sid` = 12  [ RunTime:0.0001s ]
SQL: SELECT * FROM `news_nexttype` WHERE `sid` = 13  [ RunTime:0.0000s ]
SQL: SELECT * FROM `news_nexttype` WHERE `sid` = 14  [ RunTime:0.0000s ]
SQL: SELECT * FROM `news_nexttype` WHERE `sid` = 15  [ RunTime:0.0001s ]
SQL: SELECT * FROM `news_nexttype` WHERE `sid` = 16  [ RunTime:0.0001s ]
SQL: SELECT * FROM `news_nexttype` WHERE `sid` = 19  [ RunTime:0.0001s ]
SQL: SELECT * FROM `news_nexttype` WHERE `sid` = 20  [ RunTime:0.0001s ]
SQL: SELECT * FROM `news_nexttype` WHERE `sid` = 21  [ RunTime:0.0000s ]
SQL: SELECT * FROM `news_nexttype` WHERE `sid` = 23  [ RunTime:0.0000s ]
SQL: SELECT * FROM `news_nexttype` WHERE `sid` = 25  [ RunTime:0.0000s ]
SQL: SELECT * FROM `news_nexttype` WHERE `sid` = 26  [ RunTime:0.0000s ]
SQL: SELECT * FROM `news_nexttype` WHERE `sid` = 27  [ RunTime:0.0000s ]
INFO: [ app_end ] --START--
INFO: Run Behavior\ShowPageTraceBehavior [ RunTime:0.000353s ]
INFO: [ app_end ] --END-- [ RunTime:0.000392s ]

[ 2018-04-30T23:36:26+08:00 ] 58.247.204.63 /Admin/Login/verify.html?0.06575270787457921
INFO: [ app_init ] --START--
INFO: Run Behavior\BuildLiteBehavior [ RunTime:0.000012s ]
INFO: [ app_init ] --END-- [ RunTime:0.000074s ]
INFO: [ app_begin ] --START--
INFO: Run Behavior\ReadHtmlCacheBehavior [ RunTime:0.000342s ]
INFO: [ app_begin ] --END-- [ RunTime:0.000384s ]
INFO: [ app_end ] --START--
INFO: Run Behavior\ShowPageTraceBehavior [ RunTime:0.000385s ]
INFO: [ app_end ] --END-- [ RunTime:0.000431s ]

[ 2018-04-30T23:36:28+08:00 ] 221.218.78.246 /Admin/News/index?onetype=14&twotype=66&%E7%AD%9B%E9%80%89=%E6%8F%90%E4%BA%A4
INFO: [ app_init ] --START--
INFO: Run Behavior\BuildLiteBehavior [ RunTime:0.000010s ]
INFO: [ app_init ] --END-- [ RunTime:0.000069s ]
INFO: [ app_begin ] --START--
INFO: Run Behavior\ReadHtmlCacheBehavior [ RunTime:0.000384s ]
INFO: [ app_begin ] --END-- [ RunTime:0.000424s ]
SQL: SHOW COLUMNS FROM `news_news` [ RunTime:0.0005s ]
SQL: SELECT COUNT(*) AS tp_count FROM `news_news` WHERE `onetype` = 14 AND `twotype` = 66 LIMIT 1   [ RunTime:0.0004s ]
SQL: SELECT * FROM `news_news` WHERE `onetype` = 14 AND `twotype` = 66 ORDER BY id desc LIMIT 0,20   [ RunTime:0.0008s ]
INFO: [ view_parse ] --START--
INFO: [ template_filter ] --START--
INFO: Run Behavior\ContentReplaceBehavior [ RunTime:0.000066s ]
INFO: [ template_filter ] --END-- [ RunTime:0.000107s ]
NOTIC: [8] Undefined index: logintime /home/wwwroot/blog/ydyl/Runtime/Cache/Admin/51c9d9e69a17f360f9b5c6d4a3de2bf8.php 第 70 行.
NOTIC: [8] Undefined index: loginip /home/wwwroot/blog/ydyl/Runtime/Cache/Admin/51c9d9e69a17f360f9b5c6d4a3de2bf8.php 第 79 行.
NOTIC: [8] Undefined index: username /home/wwwroot/blog/ydyl/Runtime/Cache/Admin/51c9d9e69a17f360f9b5c6d4a3de2bf8.php 第 90 行.
NOTIC: [8] Undefined variable: type /home/wwwroot/blog/ydyl/Runtime/Cache/Admin/51c9d9e69a17f360f9b5c6d4a3de2bf8.php 第 288 行.
NOTIC: [8] Undefined index: status /home/wwwroot/blog/ydyl/Runtime/Cache/Admin/51c9d9e69a17f360f9b5c6d4a3de2bf8.php 第 331 行.
NOTIC: [8] Undefined variable: type /home/wwwroot/blog/ydyl/Runtime/Cache/Admin/51c9d9e69a17f360f9b5c6d4a3de2bf8.php 第 338 行.
NOTIC: [8] Undefined index: status /home/wwwroot/blog/ydyl/Runtime/Cache/Admin/51c9d9e69a17f360f9b5c6d4a3de2bf8.php 第 331 行.
NOTIC: [8] Undefined variable: type /home/wwwroot/blog/ydyl/Runtime/Cache/Admin/51c9d9e69a17f360f9b5c6d4a3de2bf8.php 第 338 行.
NOTIC: [8] Undefined index: status /home/wwwroot/blog/ydyl/Runtime/Cache/Admin/51c9d9e69a17f360f9b5c6d4a3de2bf8.php 第 331 行.
NOTIC: [8] Undefined variable: type /home/wwwroot/blog/ydyl/Runtime/Cache/Admin/51c9d9e69a17f360f9b5c6d4a3de2bf8.php 第 338 行.
NOTIC: [8] Undefined index: status /home/wwwroot/blog/ydyl/Runtime/Cache/Admin/51c9d9e69a17f360f9b5c6d4a3de2bf8.php 第 331 行.
NOTIC: [8] Undefined variable: type /home/wwwroot/blog/ydyl/Runtime/Cache/Admin/51c9d9e69a17f360f9b5c6d4a3de2bf8.php 第 338 行.
NOTIC: [8] Undefined index: status /home/wwwroot/blog/ydyl/Runtime/Cache/Admin/51c9d9e69a17f360f9b5c6d4a3de2bf8.php 第 331 行.
NOTIC: [8] Undefined variable: type /home/wwwroot/blog/ydyl/Runtime/Cache/Admin/51c9d9e69a17f360f9b5c6d4a3de2bf8.php 第 338 行.
NOTIC: [8] Undefined index: status /home/wwwroot/blog/ydyl/Runtime/Cache/Admin/51c9d9e69a17f360f9b5c6d4a3de2bf8.php 第 331 行.
NOTIC: [8] Undefined variable: type /home/wwwroot/blog/ydyl/Runtime/Cache/Admin/51c9d9e69a17f360f9b5c6d4a3de2bf8.php 第 338 行.
INFO: Run Behavior\ParseTemplateBehavior [ RunTime:0.011886s ]
INFO: [ view_parse ] --END-- [ RunTime:0.011923s ]
INFO: [ view_filter ] --START--
INFO: Run Behavior\WriteHtmlCacheBehavior [ RunTime:0.000125s ]
INFO: [ view_filter ] --END-- [ RunTime:0.000154s ]
INFO: [ app_end ] --START--
INFO: Run Behavior\ShowPageTraceBehavior [ RunTime:0.000357s ]
INFO: [ app_end ] --END-- [ RunTime:0.000394s ]

[ 2018-04-30T23:36:28+08:00 ] 221.218.78.246 /Admin/News/type.html
INFO: [ app_init ] --START--
INFO: Run Behavior\BuildLiteBehavior [ RunTime:0.000011s ]
INFO: [ app_init ] --END-- [ RunTime:0.000070s ]
INFO: [ app_begin ] --START--
INFO: Run Behavior\ReadHtmlCacheBehavior [ RunTime:0.000329s ]
INFO: [ app_begin ] --END-- [ RunTime:0.000381s ]
SQL: SHOW COLUMNS FROM `news_type` [ RunTime:0.0005s ]
SQL: SELECT * FROM `news_type`  [ RunTime:0.0001s ]
SQL: SHOW COLUMNS FROM `news_nexttype` [ RunTime:0.0003s ]
SQL: SELECT * FROM `news_nexttype` WHERE `sid` = 1  [ RunTime:0.0001s ]
SQL: SELECT * FROM `news_nexttype` WHERE `sid` = 2  [ RunTime:0.0001s ]
SQL: SELECT * FROM `news_nexttype` WHERE `sid` = 5  [ RunTime:0.0001s ]
SQL: SELECT * FROM `news_nexttype` WHERE `sid` = 6  [ RunTime:0.0001s ]
SQL: SELECT * FROM `news_nexttype` WHERE `sid` = 8  [ RunTime:0.0001s ]
SQL: SELECT * FROM `news_nexttype` WHERE `sid` = 9  [ RunTime:0.0001s ]
SQL: SELECT * FROM `news_nexttype` WHERE `sid` = 10  [ RunTime:0.0001s ]
SQL: SELECT * FROM `news_nexttype` WHERE `sid` = 11  [ RunTime:0.0001s ]
SQL: SELECT * FROM `news_nexttype` WHERE `sid` = 12  [ RunTime:0.0001s ]
SQL: SELECT * FROM `news_nexttype` WHERE `sid` = 13  [ RunTime:0.0001s ]
SQL: SELECT * FROM `news_nexttype` WHERE `sid` = 14  [ RunTime:0.0001s ]
SQL: SELECT * FROM `news_nexttype` WHERE `sid` = 15  [ RunTime:0.0001s ]
SQL: SELECT * FROM `news_nexttype` WHERE `sid` = 16  [ RunTime:0.0001s ]
SQL: SELECT * FROM `news_nexttype` WHERE `sid` = 19  [ RunTime:0.0001s ]
SQL: SELECT * FROM `news_nexttype` WHERE `sid` = 20  [ RunTime:0.0001s ]
SQL: SELECT * FROM `news_nexttype` WHERE `sid` = 21  [ RunTime:0.0001s ]
SQL: SELECT * FROM `news_nexttype` WHERE `sid` = 23  [ RunTime:0.0001s ]
SQL: SELECT * FROM `news_nexttype` WHERE `sid` = 25  [ RunTime:0.0001s ]
SQL: SELECT * FROM `news_nexttype` WHERE `sid` = 26  [ RunTime:0.0001s ]
SQL: SELECT * FROM `news_nexttype` WHERE `sid` = 27  [ RunTime:0.0001s ]
INFO: [ app_end ] --START--
INFO: Run Behavior\ShowPageTraceBehavior [ RunTime:0.000378s ]
INFO: [ app_end ] --END-- [ RunTime:0.000416s ]

[ 2018-04-30T23:37:09+08:00 ] 111.194.48.94 /Admin/Index/logout.html
INFO: [ app_init ] --START--
INFO: Run Behavior\BuildLiteBehavior [ RunTime:0.000010s ]
INFO: [ app_init ] --END-- [ RunTime:0.000069s ]
INFO: [ app_begin ] --START--
INFO: Run Behavior\ReadHtmlCacheBehavior [ RunTime:0.000322s ]
INFO: [ app_begin ] --END-- [ RunTime:0.000363s ]
ERR: 非法操作:logout

[ 2018-04-30T23:38:08+08:00 ] 111.194.48.94 /Admin/News/type.html
INFO: [ app_init ] --START--
INFO: Run Behavior\BuildLiteBehavior [ RunTime:0.000014s ]
INFO: [ app_init ] --END-- [ RunTime:0.000091s ]
INFO: [ app_begin ] --START--
INFO: Run Behavior\ReadHtmlCacheBehavior [ RunTime:0.000337s ]
INFO: [ app_begin ] --END-- [ RunTime:0.000374s ]
SQL: SHOW COLUMNS FROM `news_type` [ RunTime:0.0004s ]
SQL: SELECT * FROM `news_type`  [ RunTime:0.0001s ]
SQL: SHOW COLUMNS FROM `news_nexttype` [ RunTime:0.0003s ]
SQL: SELECT * FROM `news_nexttype` WHERE `sid` = 1  [ RunTime:0.0001s ]
SQL: SELECT * FROM `news_nexttype` WHERE `sid` = 2  [ RunTime:0.0001s ]
SQL: SELECT * FROM `news_nexttype` WHERE `sid` = 5  [ RunTime:0.0001s ]
SQL: SELECT * FROM `news_nexttype` WHERE `sid` = 6  [ RunTime:0.0000s ]
SQL: SELECT * FROM `news_nexttype` WHERE `sid` = 8  [ RunTime:0.0001s ]
SQL: SELECT * FROM `news_nexttype` WHERE `sid` = 9  [ RunTime:0.0001s ]
SQL: SELECT * FROM `news_nexttype` WHERE `sid` = 10  [ RunTime:0.0001s ]
SQL: SELECT * FROM `news_nexttype` WHERE `sid` = 11  [ RunTime:0.0000s ]
SQL: SELECT * FROM `news_nexttype` WHERE `sid` = 12  [ RunTime:0.0001s ]
SQL: SELECT * FROM `news_nexttype` WHERE `sid` = 13  [ RunTime:0.0000s ]
SQL: SELECT * FROM `news_nexttype` WHERE `sid` = 14  [ RunTime:0.0000s ]
SQL: SELECT * FROM `news_nexttype` WHERE `sid` = 15  [ RunTime:0.0001s ]
SQL: SELECT * FROM `news_nexttype` WHERE `sid` = 16  [ RunTime:0.0001s ]
SQL: SELECT * FROM `news_nexttype` WHERE `sid` = 19  [ RunTime:0.0001s ]
SQL: SELECT * FROM `news_nexttype` WHERE `sid` = 20  [ RunTime:0.0001s ]
SQL: SELECT * FROM `news_nexttype` WHERE `sid` = 21  [ RunTime:0.0001s ]
SQL: SELECT * FROM `news_nexttype` WHERE `sid` = 23  [ RunTime:0.0001s ]
SQL: SELECT * FROM `news_nexttype` WHERE `sid` = 25  [ RunTime:0.0000s ]
SQL: SELECT * FROM `news_nexttype` WHERE `sid` = 26  [ RunTime:0.0001s ]
SQL: SELECT * FROM `news_nexttype` WHERE `sid` = 27  [ RunTime:0.0000s ]
INFO: [ app_end ] --START--
INFO: Run Behavior\ShowPageTraceBehavior [ RunTime:0.000367s ]
INFO: [ app_end ] --END-- [ RunTime:0.000419s ]

[ 2018-04-30T23:38:08+08:00 ] 111.194.48.94 /Admin/News/index.html
INFO: [ app_init ] --START--
INFO: Run Behavior\BuildLiteBehavior [ RunTime:0.000012s ]
INFO: [ app_init ] --END-- [ RunTime:0.000070s ]
INFO: [ app_begin ] --START--
INFO: Run Behavior\ReadHtmlCacheBehavior [ RunTime:0.000335s ]
INFO: [ app_begin ] --END-- [ RunTime:0.000375s ]
SQL: SHOW COLUMNS FROM `news_news` [ RunTime:0.0005s ]
SQL: SELECT COUNT(*) AS tp_count FROM `news_news` WHERE ( 1=1 ) LIMIT 1   [ RunTime:0.0001s ]
SQL: SELECT * FROM `news_news` WHERE ( 1=1 ) ORDER BY id desc LIMIT 0,20   [ RunTime:0.0003s ]
INFO: [ view_parse ] --START--
INFO: [ template_filter ] --START--
INFO: Run Behavior\ContentReplaceBehavior [ RunTime:0.000074s ]
INFO: [ template_filter ] --END-- [ RunTime:0.000118s ]
NOTIC: [8] Undefined index: logintime /home/wwwroot/blog/ydyl/Runtime/Cache/Admin/51c9d9e69a17f360f9b5c6d4a3de2bf8.php 第 70 行.
NOTIC: [8] Undefined index: loginip /home/wwwroot/blog/ydyl/Runtime/Cache/Admin/51c9d9e69a17f360f9b5c6d4a3de2bf8.php 第 79 行.
NOTIC: [8] Undefined index: username /home/wwwroot/blog/ydyl/Runtime/Cache/Admin/51c9d9e69a17f360f9b5c6d4a3de2bf8.php 第 90 行.
NOTIC: [8] Undefined variable: type /home/wwwroot/blog/ydyl/Runtime/Cache/Admin/51c9d9e69a17f360f9b5c6d4a3de2bf8.php 第 288 行.
NOTIC: [8] Undefined index: status /home/wwwroot/blog/ydyl/Runtime/Cache/Admin/51c9d9e69a17f360f9b5c6d4a3de2bf8.php 第 331 行.
NOTIC: [8] Undefined variable: type /home/wwwroot/blog/ydyl/Runtime/Cache/Admin/51c9d9e69a17f360f9b5c6d4a3de2bf8.php 第 338 行.
NOTIC: [8] Undefined index: status /home/wwwroot/blog/ydyl/Runtime/Cache/Admin/51c9d9e69a17f360f9b5c6d4a3de2bf8.php 第 331 行.
NOTIC: [8] Undefined variable: type /home/wwwroot/blog/ydyl/Runtime/Cache/Admin/51c9d9e69a17f360f9b5c6d4a3de2bf8.php 第 338 行.
NOTIC: [8] Undefined index: status /home/wwwroot/blog/ydyl/Runtime/Cache/Admin/51c9d9e69a17f360f9b5c6d4a3de2bf8.php 第 331 行.
NOTIC: [8] Undefined variable: type /home/wwwroot/blog/ydyl/Runtime/Cache/Admin/51c9d9e69a17f360f9b5c6d4a3de2bf8.php 第 338 行.
NOTIC: [8] Undefined index: status /home/wwwroot/blog/ydyl/Runtime/Cache/Admin/51c9d9e69a17f360f9b5c6d4a3de2bf8.php 第 331 行.
NOTIC: [8] Undefined variable: type /home/wwwroot/blog/ydyl/Runtime/Cache/Admin/51c9d9e69a17f360f9b5c6d4a3de2bf8.php 第 338 行.
NOTIC: [8] Undefined index: status /home/wwwroot/blog/ydyl/Runtime/Cache/Admin/51c9d9e69a17f360f9b5c6d4a3de2bf8.php 第 331 行.
NOTIC: [8] Undefined variable: type /home/wwwroot/blog/ydyl/Runtime/Cache/Admin/51c9d9e69a17f360f9b5c6d4a3de2bf8.php 第 338 行.
NOTIC: [8] Undefined index: status /home/wwwroot/blog/ydyl/Runtime/Cache/Admin/51c9d9e69a17f360f9b5c6d4a3de2bf8.php 第 331 行.
NOTIC: [8] Undefined variable: type /home/wwwroot/blog/ydyl/Runtime/Cache/Admin/51c9d9e69a17f360f9b5c6d4a3de2bf8.php 第 338 行.
NOTIC: [8] Undefined index: status /home/wwwroot/blog/ydyl/Runtime/Cache/Admin/51c9d9e69a17f360f9b5c6d4a3de2bf8.php 第 331 行.
NOTIC: [8] Undefined variable: type /home/wwwroot/blog/ydyl/Runtime/Cache/Admin/51c9d9e69a17f360f9b5c6d4a3de2bf8.php 第 338 行.
NOTIC: [8] Undefined index: status /home/wwwroot/blog/ydyl/Runtime/Cache/Admin/51c9d9e69a17f360f9b5c6d4a3de2bf8.php 第 331 行.
NOTIC: [8] Undefined variable: type /home/wwwroot/blog/ydyl/Runtime/Cache/Admin/51c9d9e69a17f360f9b5c6d4a3de2bf8.php 第 338 行.
NOTIC: [8] Undefined index: status /home/wwwroot/blog/ydyl/Runtime/Cache/Admin/51c9d9e69a17f360f9b5c6d4a3de2bf8.php 第 331 行.
NOTIC: [8] Undefined variable: type /home/wwwroot/blog/ydyl/Runtime/Cache/Admin/51c9d9e69a17f360f9b5c6d4a3de2bf8.php 第 338 行.
NOTIC: [8] Undefined index: status /home/wwwroot/blog/ydyl/Runtime/Cache/Admin/51c9d9e69a17f360f9b5c6d4a3de2bf8.php 第 331 行.
NOTIC: [8] Undefined variable: type /home/wwwroot/blog/ydyl/Runtime/Cache/Admin/51c9d9e69a17f360f9b5c6d4a3de2bf8.php 第 338 行.
NOTIC: [8] Undefined index: status /home/wwwroot/blog/ydyl/Runtime/Cache/Admin/51c9d9e69a17f360f9b5c6d4a3de2bf8.php 第 331 行.
NOTIC: [8] Undefined variable: type /home/wwwroot/blog/ydyl/Runtime/Cache/Admin/51c9d9e69a17f360f9b5c6d4a3de2bf8.php 第 338 行.
NOTIC: [8] Undefined index: status /home/wwwroot/blog/ydyl/Runtime/Cache/Admin/51c9d9e69a17f360f9b5c6d4a3de2bf8.php 第 331 行.
NOTIC: [8] Undefined variable: type /home/wwwroot/blog/ydyl/Runtime/Cache/Admin/51c9d9e69a17f360f9b5c6d4a3de2bf8.php 第 338 行.
NOTIC: [8] Undefined index: status /home/wwwroot/blog/ydyl/Runtime/Cache/Admin/51c9d9e69a17f360f9b5c6d4a3de2bf8.php 第 331 行.
NOTIC: [8] Undefined variable: type /home/wwwroot/blog/ydyl/Runtime/Cache/Admin/51c9d9e69a17f360f9b5c6d4a3de2bf8.php 第 338 行.
NOTIC: [8] Undefined index: status /home/wwwroot/blog/ydyl/Runtime/Cache/Admin/51c9d9e69a17f360f9b5c6d4a3de2bf8.php 第 331 行.
NOTIC: [8] Undefined variable: type /home/wwwroot/blog/ydyl/Runtime/Cache/Admin/51c9d9e69a17f360f9b5c6d4a3de2bf8.php 第 338 行.
NOTIC: [8] Undefined index: status /home/wwwroot/blog/ydyl/Runtime/Cache/Admin/51c9d9e69a17f360f9b5c6d4a3de2bf8.php 第 331 行.
NOTIC: [8] Undefined variable: type /home/wwwroot/blog/ydyl/Runtime/Cache/Admin/51c9d9e69a17f360f9b5c6d4a3de2bf8.php 第 338 行.
NOTIC: [8] Undefined index: status /home/wwwroot/blog/ydyl/Runtime/Cache/Admin/51c9d9e69a17f360f9b5c6d4a3de2bf8.php 第 331 行.
NOTIC: [8] Undefined variable: type /home/wwwroot/blog/ydyl/Runtime/Cache/Admin/51c9d9e69a17f360f9b5c6d4a3de2bf8.php 第 338 行.
NOTIC: [8] Undefined index: status /home/wwwroot/blog/ydyl/Runtime/Cache/Admin/51c9d9e69a17f360f9b5c6d4a3de2bf8.php 第 331 行.
NOTIC: [8] Undefined variable: type /home/wwwroot/blog/ydyl/Runtime/Cache/Admin/51c9d9e69a17f360f9b5c6d4a3de2bf8.php 第 338 行.
NOTIC: [8] Undefined index: status /home/wwwroot/blog/ydyl/Runtime/Cache/Admin/51c9d9e69a17f360f9b5c6d4a3de2bf8.php 第 331 行.
NOTIC: [8] Undefined variable: type /home/wwwroot/blog/ydyl/Runtime/Cache/Admin/51c9d9e69a17f360f9b5c6d4a3de2bf8.php 第 338 行.
NOTIC: [8] Undefined index: status /home/wwwroot/blog/ydyl/Runtime/Cache/Admin/51c9d9e69a17f360f9b5c6d4a3de2bf8.php 第 331 行.
NOTIC: [8] Undefined variable: type /home/wwwroot/blog/ydyl/Runtime/Cache/Admin/51c9d9e69a17f360f9b5c6d4a3de2bf8.php 第 338 行.
NOTIC: [8] Undefined index: status /home/wwwroot/blog/ydyl/Runtime/Cache/Admin/51c9d9e69a17f360f9b5c6d4a3de2bf8.php 第 331 行.
NOTIC: [8] Undefined variable: type /home/wwwroot/blog/ydyl/Runtime/Cache/Admin/51c9d9e69a17f360f9b5c6d4a3de2bf8.php 第 338 行.
INFO: Run Behavior\ParseTemplateBehavior [ RunTime:0.017965s ]
INFO: [ view_parse ] --END-- [ RunTime:0.018007s ]
INFO: [ view_filter ] --START--
INFO: Run Behavior\WriteHtmlCacheBehavior [ RunTime:0.000148s ]
INFO: [ view_filter ] --END-- [ RunTime:0.000178s ]
INFO: [ app_end ] --START--
INFO: Run Behavior\ShowPageTraceBehavior [ RunTime:0.000392s ]
INFO: [ app_end ] --END-- [ RunTime:0.000430s ]

[ 2018-04-30T23:38:08+08:00 ] 111.194.48.94 /Admin/News/type.html
INFO: [ app_init ] --START--
INFO: Run Behavior\BuildLiteBehavior [ RunTime:0.000011s ]
INFO: [ app_init ] --END-- [ RunTime:0.000069s ]
INFO: [ app_begin ] --START--
INFO: Run Behavior\ReadHtmlCacheBehavior [ RunTime:0.000352s ]
INFO: [ app_begin ] --END-- [ RunTime:0.000394s ]
SQL: SHOW COLUMNS FROM `news_type` [ RunTime:0.0004s ]
SQL: SELECT * FROM `news_type`  [ RunTime:0.0001s ]
SQL: SHOW COLUMNS FROM `news_nexttype` [ RunTime:0.0003s ]
SQL: SELECT * FROM `news_nexttype` WHERE `sid` = 1  [ RunTime:0.0001s ]
SQL: SELECT * FROM `news_nexttype` WHERE `sid` = 2  [ RunTime:0.0001s ]
SQL: SELECT * FROM `news_nexttype` WHERE `sid` = 5  [ RunTime:0.0001s ]
SQL: SELECT * FROM `news_nexttype` WHERE `sid` = 6  [ RunTime:0.0001s ]
SQL: SELECT * FROM `news_nexttype` WHERE `sid` = 8  [ RunTime:0.0001s ]
SQL: SELECT * FROM `news_nexttype` WHERE `sid` = 9  [ RunTime:0.0001s ]
SQL: SELECT * FROM `news_nexttype` WHERE `sid` = 10  [ RunTime:0.0001s ]
SQL: SELECT * FROM `news_nexttype` WHERE `sid` = 11  [ RunTime:0.0001s ]
SQL: SELECT * FROM `news_nexttype` WHERE `sid` = 12  [ RunTime:0.0001s ]
SQL: SELECT * FROM `news_nexttype` WHERE `sid` = 13  [ RunTime:0.0000s ]
SQL: SELECT * FROM `news_nexttype` WHERE `sid` = 14  [ RunTime:0.0000s ]
SQL: SELECT * FROM `news_nexttype` WHERE `sid` = 15  [ RunTime:0.0001s ]
SQL: SELECT * FROM `news_nexttype` WHERE `sid` = 16  [ RunTime:0.0000s ]
SQL: SELECT * FROM `news_nexttype` WHERE `sid` = 19  [ RunTime:0.0000s ]
SQL: SELECT * FROM `news_nexttype` WHERE `sid` = 20  [ RunTime:0.0000s ]
SQL: SELECT * FROM `news_nexttype` WHERE `sid` = 21  [ RunTime:0.0001s ]
SQL: SELECT * FROM `news_nexttype` WHERE `sid` = 23  [ RunTime:0.0001s ]
SQL: SELECT * FROM `news_nexttype` WHERE `sid` = 25  [ RunTime:0.0001s ]
SQL: SELECT * FROM `news_nexttype` WHERE `sid` = 26  [ RunTime:0.0001s ]
SQL: SELECT * FROM `news_nexttype` WHERE `sid` = 27  [ RunTime:0.0001s ]
INFO: [ app_end ] --START--
INFO: Run Behavior\ShowPageTraceBehavior [ RunTime:0.000371s ]
INFO: [ app_end ] --END-- [ RunTime:0.000409s ]

[ 2018-04-30T23:38:10+08:00 ] 111.194.48.94 /Admin/Login/logout.html
INFO: [ app_init ] --START--
INFO: Run Behavior\BuildLiteBehavior [ RunTime:0.000017s ]
INFO: [ app_init ] --END-- [ RunTime:0.000099s ]
INFO: [ app_begin ] --START--
INFO: Run Behavior\ReadHtmlCacheBehavior [ RunTime:0.000494s ]
INFO: [ app_begin ] --END-- [ RunTime:0.000553s ]
INFO: [ view_parse ] --START--
INFO: [ template_filter ] --START--
INFO: Run Behavior\ContentReplaceBehavior [ RunTime:0.000034s ]
INFO: [ template_filter ] --END-- [ RunTime:0.000077s ]
INFO: Run Behavior\ParseTemplateBehavior [ RunTime:0.005809s ]
INFO: [ view_parse ] --END-- [ RunTime:0.005853s ]
INFO: [ view_filter ] --START--
INFO: Run Behavior\WriteHtmlCacheBehavior [ RunTime:0.000100s ]
INFO: [ view_filter ] --END-- [ RunTime:0.000140s ]
INFO: [ app_end ] --START--
INFO: Run Behavior\ShowPageTraceBehavior [ RunTime:0.000513s ]
INFO: [ app_end ] --END-- [ RunTime:0.000572s ]

[ 2018-04-30T23:38:11+08:00 ] 111.194.48.94 /Admin/Index/index.html
INFO: [ app_init ] --START--
INFO: Run Behavior\BuildLiteBehavior [ RunTime:0.000010s ]
INFO: [ app_init ] --END-- [ RunTime:0.000066s ]
INFO: [ app_begin ] --START--
INFO: Run Behavior\ReadHtmlCacheBehavior [ RunTime:0.000488s ]
INFO: [ app_begin ] --END-- [ RunTime:0.000567s ]

[ 2018-04-30T23:38:11+08:00 ] 111.194.48.94 /Admin/Login/index.html
INFO: [ app_init ] --START--
INFO: Run Behavior\BuildLiteBehavior [ RunTime:0.000011s ]
INFO: [ app_init ] --END-- [ RunTime:0.000063s ]
INFO: [ app_begin ] --START--
INFO: Run Behavior\ReadHtmlCacheBehavior [ RunTime:0.000313s ]
INFO: [ app_begin ] --END-- [ RunTime:0.000352s ]
INFO: [ view_parse ] --START--
INFO: [ template_filter ] --START--
INFO: Run Behavior\ContentReplaceBehavior [ RunTime:0.000044s ]
INFO: [ template_filter ] --END-- [ RunTime:0.000082s ]
INFO: Run Behavior\ParseTemplateBehavior [ RunTime:0.005745s ]
INFO: [ view_parse ] --END-- [ RunTime:0.005790s ]
INFO: [ view_filter ] --START--
INFO: Run Behavior\WriteHtmlCacheBehavior [ RunTime:0.000108s ]
INFO: [ view_filter ] --END-- [ RunTime:0.000158s ]
INFO: [ app_end ] --START--
INFO: Run Behavior\ShowPageTraceBehavior [ RunTime:0.000322s ]
INFO: [ app_end ] --END-- [ RunTime:0.000359s ]

[ 2018-04-30T23:38:11+08:00 ] 111.194.48.94 /Admin/Login/verify.html
INFO: [ app_init ] --START--
INFO: Run Behavior\BuildLiteBehavior [ RunTime:0.000011s ]
INFO: [ app_init ] --END-- [ RunTime:0.000072s ]
INFO: [ app_begin ] --START--
INFO: Run Behavior\ReadHtmlCacheBehavior [ RunTime:0.000360s ]
INFO: [ app_begin ] --END-- [ RunTime:0.000406s ]
INFO: [ app_end ] --START--
INFO: Run Behavior\ShowPageTraceBehavior [ RunTime:0.000329s ]
INFO: [ app_end ] --END-- [ RunTime:0.000372s ]

[ 2018-04-30T23:38:31+08:00 ] 221.218.78.246 /Admin/News/index.html
INFO: [ app_init ] --START--
INFO: Run Behavior\BuildLiteBehavior [ RunTime:0.000010s ]
INFO: [ app_init ] --END-- [ RunTime:0.000067s ]
INFO: [ app_begin ] --START--
INFO: Run Behavior\ReadHtmlCacheBehavior [ RunTime:0.000350s ]
INFO: [ app_begin ] --END-- [ RunTime:0.000390s ]
SQL: SHOW COLUMNS FROM `news_news` [ RunTime:0.0005s ]
SQL: SELECT COUNT(*) AS tp_count FROM `news_news` WHERE ( 1=1 ) LIMIT 1   [ RunTime:0.0001s ]
SQL: SELECT * FROM `news_news` WHERE ( 1=1 ) ORDER BY id desc LIMIT 0,20   [ RunTime:0.0003s ]
INFO: [ view_parse ] --START--
INFO: [ template_filter ] --START--
INFO: Run Behavior\ContentReplaceBehavior [ RunTime:0.000065s ]
INFO: [ template_filter ] --END-- [ RunTime:0.000111s ]
NOTIC: [8] Undefined index: logintime /home/wwwroot/blog/ydyl/Runtime/Cache/Admin/51c9d9e69a17f360f9b5c6d4a3de2bf8.php 第 70 行.
NOTIC: [8] Undefined index: loginip /home/wwwroot/blog/ydyl/Runtime/Cache/Admin/51c9d9e69a17f360f9b5c6d4a3de2bf8.php 第 79 行.
NOTIC: [8] Undefined index: username /home/wwwroot/blog/ydyl/Runtime/Cache/Admin/51c9d9e69a17f360f9b5c6d4a3de2bf8.php 第 90 行.
NOTIC: [8] Undefined variable: type /home/wwwroot/blog/ydyl/Runtime/Cache/Admin/51c9d9e69a17f360f9b5c6d4a3de2bf8.php 第 288 行.
NOTIC: [8] Undefined index: status /home/wwwroot/blog/ydyl/Runtime/Cache/Admin/51c9d9e69a17f360f9b5c6d4a3de2bf8.php 第 331 行.
NOTIC: [8] Undefined variable: type /home/wwwroot/blog/ydyl/Runtime/Cache/Admin/51c9d9e69a17f360f9b5c6d4a3de2bf8.php 第 338 行.
NOTIC: [8] Undefined index: status /home/wwwroot/blog/ydyl/Runtime/Cache/Admin/51c9d9e69a17f360f9b5c6d4a3de2bf8.php 第 331 行.
NOTIC: [8] Undefined variable: type /home/wwwroot/blog/ydyl/Runtime/Cache/Admin/51c9d9e69a17f360f9b5c6d4a3de2bf8.php 第 338 行.
NOTIC: [8] Undefined index: status /home/wwwroot/blog/ydyl/Runtime/Cache/Admin/51c9d9e69a17f360f9b5c6d4a3de2bf8.php 第 331 行.
NOTIC: [8] Undefined variable: type /home/wwwroot/blog/ydyl/Runtime/Cache/Admin/51c9d9e69a17f360f9b5c6d4a3de2bf8.php 第 338 行.
NOTIC: [8] Undefined index: status /home/wwwroot/blog/ydyl/Runtime/Cache/Admin/51c9d9e69a17f360f9b5c6d4a3de2bf8.php 第 331 行.
NOTIC: [8] Undefined variable: type /home/wwwroot/blog/ydyl/Runtime/Cache/Admin/51c9d9e69a17f360f9b5c6d4a3de2bf8.php 第 338 行.
NOTIC: [8] Undefined index: status /home/wwwroot/blog/ydyl/Runtime/Cache/Admin/51c9d9e69a17f360f9b5c6d4a3de2bf8.php 第 331 行.
NOTIC: [8] Undefined variable: type /home/wwwroot/blog/ydyl/Runtime/Cache/Admin/51c9d9e69a17f360f9b5c6d4a3de2bf8.php 第 338 行.
NOTIC: [8] Undefined index: status /home/wwwroot/blog/ydyl/Runtime/Cache/Admin/51c9d9e69a17f360f9b5c6d4a3de2bf8.php 第 331 行.
NOTIC: [8] Undefined variable: type /home/wwwroot/blog/ydyl/Runtime/Cache/Admin/51c9d9e69a17f360f9b5c6d4a3de2bf8.php 第 338 行.
NOTIC: [8] Undefined index: status /home/wwwroot/blog/ydyl/Runtime/Cache/Admin/51c9d9e69a17f360f9b5c6d4a3de2bf8.php 第 331 行.
NOTIC: [8] Undefined variable: type /home/wwwroot/blog/ydyl/Runtime/Cache/Admin/51c9d9e69a17f360f9b5c6d4a3de2bf8.php 第 338 行.
NOTIC: [8] Undefined index: status /home/wwwroot/blog/ydyl/Runtime/Cache/Admin/51c9d9e69a17f360f9b5c6d4a3de2bf8.php 第 331 行.
NOTIC: [8] Undefined variable: type /home/wwwroot/blog/ydyl/Runtime/Cache/Admin/51c9d9e69a17f360f9b5c6d4a3de2bf8.php 第 338 行.
NOTIC: [8] Undefined index: status /home/wwwroot/blog/ydyl/Runtime/Cache/Admin/51c9d9e69a17f360f9b5c6d4a3de2bf8.php 第 331 行.
NOTIC: [8] Undefined variable: type /home/wwwroot/blog/ydyl/Runtime/Cache/Admin/51c9d9e69a17f360f9b5c6d4a3de2bf8.php 第 338 行.
NOTIC: [8] Undefined index: status /home/wwwroot/blog/ydyl/Runtime/Cache/Admin/51c9d9e69a17f360f9b5c6d4a3de2bf8.php 第 331 行.
NOTIC: [8] Undefined variable: type /home/wwwroot/blog/ydyl/Runtime/Cache/Admin/51c9d9e69a17f360f9b5c6d4a3de2bf8.php 第 338 行.
NOTIC: [8] Undefined index: status /home/wwwroot/blog/ydyl/Runtime/Cache/Admin/51c9d9e69a17f360f9b5c6d4a3de2bf8.php 第 331 行.
NOTIC: [8] Undefined variable: type /home/wwwroot/blog/ydyl/Runtime/Cache/Admin/51c9d9e69a17f360f9b5c6d4a3de2bf8.php 第 338 行.
NOTIC: [8] Undefined index: status /home/wwwroot/blog/ydyl/Runtime/Cache/Admin/51c9d9e69a17f360f9b5c6d4a3de2bf8.php 第 331 行.
NOTIC: [8] Undefined variable: type /home/wwwroot/blog/ydyl/Runtime/Cache/Admin/51c9d9e69a17f360f9b5c6d4a3de2bf8.php 第 338 行.
NOTIC: [8] Undefined index: status /home/wwwroot/blog/ydyl/Runtime/Cache/Admin/51c9d9e69a17f360f9b5c6d4a3de2bf8.php 第 331 行.
NOTIC: [8] Undefined variable: type /home/wwwroot/blog/ydyl/Runtime/Cache/Admin/51c9d9e69a17f360f9b5c6d4a3de2bf8.php 第 338 行.
NOTIC: [8] Undefined index: status /home/wwwroot/blog/ydyl/Runtime/Cache/Admin/51c9d9e69a17f360f9b5c6d4a3de2bf8.php 第 331 行.
NOTIC: [8] Undefined variable: type /home/wwwroot/blog/ydyl/Runtime/Cache/Admin/51c9d9e69a17f360f9b5c6d4a3de2bf8.php 第 338 行.
NOTIC: [8] Undefined index: status /home/wwwroot/blog/ydyl/Runtime/Cache/Admin/51c9d9e69a17f360f9b5c6d4a3de2bf8.php 第 331 行.
NOTIC: [8] Undefined variable: type /home/wwwroot/blog/ydyl/Runtime/Cache/Admin/51c9d9e69a17f360f9b5c6d4a3de2bf8.php 第 338 行.
NOTIC: [8] Undefined index: status /home/wwwroot/blog/ydyl/Runtime/Cache/Admin/51c9d9e69a17f360f9b5c6d4a3de2bf8.php 第 331 行.
NOTIC: [8] Undefined variable: type /home/wwwroot/blog/ydyl/Runtime/Cache/Admin/51c9d9e69a17f360f9b5c6d4a3de2bf8.php 第 338 行.
NOTIC: [8] Undefined index: status /home/wwwroot/blog/ydyl/Runtime/Cache/Admin/51c9d9e69a17f360f9b5c6d4a3de2bf8.php 第 331 行.
NOTIC: [8] Undefined variable: type /home/wwwroot/blog/ydyl/Runtime/Cache/Admin/51c9d9e69a17f360f9b5c6d4a3de2bf8.php 第 338 行.
NOTIC: [8] Undefined index: status /home/wwwroot/blog/ydyl/Runtime/Cache/Admin/51c9d9e69a17f360f9b5c6d4a3de2bf8.php 第 331 行.
NOTIC: [8] Undefined variable: type /home/wwwroot/blog/ydyl/Runtime/Cache/Admin/51c9d9e69a17f360f9b5c6d4a3de2bf8.php 第 338 行.
NOTIC: [8] Undefined index: status /home/wwwroot/blog/ydyl/Runtime/Cache/Admin/51c9d9e69a17f360f9b5c6d4a3de2bf8.php 第 331 行.
NOTIC: [8] Undefined variable: type /home/wwwroot/blog/ydyl/Runtime/Cache/Admin/51c9d9e69a17f360f9b5c6d4a3de2bf8.php 第 338 行.
NOTIC: [8] Undefined index: status /home/wwwroot/blog/ydyl/Runtime/Cache/Admin/51c9d9e69a17f360f9b5c6d4a3de2bf8.php 第 331 行.
NOTIC: [8] Undefined variable: type /home/wwwroot/blog/ydyl/Runtime/Cache/Admin/51c9d9e69a17f360f9b5c6d4a3de2bf8.php 第 338 行.
INFO: Run Behavior\ParseTemplateBehavior [ RunTime:0.012923s ]
INFO: [ view_parse ] --END-- [ RunTime:0.012957s ]
INFO: [ view_filter ] --START--
INFO: Run Behavior\WriteHtmlCacheBehavior [ RunTime:0.000112s ]
INFO: [ view_filter ] --END-- [ RunTime:0.000141s ]
INFO: [ app_end ] --START--
INFO: Run Behavior\ShowPageTraceBehavior [ RunTime:0.000361s ]
INFO: [ app_end ] --END-- [ RunTime:0.000397s ]

[ 2018-04-30T23:38:31+08:00 ] 221.218.78.246 /Admin/News/type.html
INFO: [ app_init ] --START--
INFO: Run Behavior\BuildLiteBehavior [ RunTime:0.000011s ]
INFO: [ app_init ] --END-- [ RunTime:0.000068s ]
INFO: [ app_begin ] --START--
INFO: Run Behavior\ReadHtmlCacheBehavior [ RunTime:0.000337s ]
INFO: [ app_begin ] --END-- [ RunTime:0.000374s ]
SQL: SHOW COLUMNS FROM `news_type` [ RunTime:0.0004s ]
SQL: SELECT * FROM `news_type`  [ RunTime:0.0001s ]
SQL: SHOW COLUMNS FROM `news_nexttype` [ RunTime:0.0003s ]
SQL: SELECT * FROM `news_nexttype` WHERE `sid` = 1  [ RunTime:0.0001s ]
SQL: SELECT * FROM `news_nexttype` WHERE `sid` = 2  [ RunTime:0.0001s ]
SQL: SELECT * FROM `news_nexttype` WHERE `sid` = 5  [ RunTime:0.0001s ]
SQL: SELECT * FROM `news_nexttype` WHERE `sid` = 6  [ RunTime:0.0001s ]
SQL: SELECT * FROM `news_nexttype` WHERE `sid` = 8  [ RunTime:0.0000s ]
SQL: SELECT * FROM `news_nexttype` WHERE `sid` = 9  [ RunTime:0.0001s ]
SQL: SELECT * FROM `news_nexttype` WHERE `sid` = 10  [ RunTime:0.0001s ]
SQL: SELECT * FROM `news_nexttype` WHERE `sid` = 11  [ RunTime:0.0000s ]
SQL: SELECT * FROM `news_nexttype` WHERE `sid` = 12  [ RunTime:0.0001s ]
SQL: SELECT * FROM `news_nexttype` WHERE `sid` = 13  [ RunTime:0.0001s ]
SQL: SELECT * FROM `news_nexttype` WHERE `sid` = 14  [ RunTime:0.0000s ]
SQL: SELECT * FROM `news_nexttype` WHERE `sid` = 15  [ RunTime:0.0001s ]
SQL: SELECT * FROM `news_nexttype` WHERE `sid` = 16  [ RunTime:0.0000s ]
SQL: SELECT * FROM `news_nexttype` WHERE `sid` = 19  [ RunTime:0.0001s ]
SQL: SELECT * FROM `news_nexttype` WHERE `sid` = 20  [ RunTime:0.0001s ]
SQL: SELECT * FROM `news_nexttype` WHERE `sid` = 21  [ RunTime:0.0001s ]
SQL: SELECT * FROM `news_nexttype` WHERE `sid` = 23  [ RunTime:0.0001s ]
SQL: SELECT * FROM `news_nexttype` WHERE `sid` = 25  [ RunTime:0.0000s ]
SQL: SELECT * FROM `news_nexttype` WHERE `sid` = 26  [ RunTime:0.0000s ]
SQL: SELECT * FROM `news_nexttype` WHERE `sid` = 27  [ RunTime:0.0001s ]
INFO: [ app_end ] --START--
INFO: Run Behavior\ShowPageTraceBehavior [ RunTime:0.000376s ]
INFO: [ app_end ] --END-- [ RunTime:0.000411s ]

[ 2018-04-30T23:38:49+08:00 ] 221.218.78.246 /Admin/News/index?onetype=5&twotype=29&%E7%AD%9B%E9%80%89=%E6%8F%90%E4%BA%A4
INFO: [ app_init ] --START--
INFO: Run Behavior\BuildLiteBehavior [ RunTime:0.000012s ]
INFO: [ app_init ] --END-- [ RunTime:0.000072s ]
INFO: [ app_begin ] --START--
INFO: Run Behavior\ReadHtmlCacheBehavior [ RunTime:0.000344s ]
INFO: [ app_begin ] --END-- [ RunTime:0.000385s ]
SQL: SHOW COLUMNS FROM `news_news` [ RunTime:0.0005s ]
SQL: SELECT COUNT(*) AS tp_count FROM `news_news` WHERE `onetype` = 5 AND `twotype` = 29 LIMIT 1   [ RunTime:0.0001s ]
SQL: SELECT * FROM `news_news` WHERE `onetype` = 5 AND `twotype` = 29 ORDER BY id desc LIMIT 0,20   [ RunTime:0.0001s ]
INFO: [ view_parse ] --START--
INFO: [ template_filter ] --START--
INFO: Run Behavior\ContentReplaceBehavior [ RunTime:0.000075s ]
INFO: [ template_filter ] --END-- [ RunTime:0.000117s ]
NOTIC: [8] Undefined index: logintime /home/wwwroot/blog/ydyl/Runtime/Cache/Admin/51c9d9e69a17f360f9b5c6d4a3de2bf8.php 第 70 行.
NOTIC: [8] Undefined index: loginip /home/wwwroot/blog/ydyl/Runtime/Cache/Admin/51c9d9e69a17f360f9b5c6d4a3de2bf8.php 第 79 行.
NOTIC: [8] Undefined index: username /home/wwwroot/blog/ydyl/Runtime/Cache/Admin/51c9d9e69a17f360f9b5c6d4a3de2bf8.php 第 90 行.
NOTIC: [8] Undefined variable: type /home/wwwroot/blog/ydyl/Runtime/Cache/Admin/51c9d9e69a17f360f9b5c6d4a3de2bf8.php 第 288 行.
NOTIC: [8] Undefined index: status /home/wwwroot/blog/ydyl/Runtime/Cache/Admin/51c9d9e69a17f360f9b5c6d4a3de2bf8.php 第 331 行.
NOTIC: [8] Undefined variable: type /home/wwwroot/blog/ydyl/Runtime/Cache/Admin/51c9d9e69a17f360f9b5c6d4a3de2bf8.php 第 338 行.
NOTIC: [8] Undefined index: status /home/wwwroot/blog/ydyl/Runtime/Cache/Admin/51c9d9e69a17f360f9b5c6d4a3de2bf8.php 第 331 行.
NOTIC: [8] Undefined variable: type /home/wwwroot/blog/ydyl/Runtime/Cache/Admin/51c9d9e69a17f360f9b5c6d4a3de2bf8.php 第 338 行.
NOTIC: [8] Undefined index: status /home/wwwroot/blog/ydyl/Runtime/Cache/Admin/51c9d9e69a17f360f9b5c6d4a3de2bf8.php 第 331 行.
NOTIC: [8] Undefined variable: type /home/wwwroot/blog/ydyl/Runtime/Cache/Admin/51c9d9e69a17f360f9b5c6d4a3de2bf8.php 第 338 行.
INFO: Run Behavior\ParseTemplateBehavior [ RunTime:0.011431s ]
INFO: [ view_parse ] --END-- [ RunTime:0.011466s ]
INFO: [ view_filter ] --START--
INFO: Run Behavior\WriteHtmlCacheBehavior [ RunTime:0.000115s ]
INFO: [ view_filter ] --END-- [ RunTime:0.000142s ]
INFO: [ app_end ] --START--
INFO: Run Behavior\ShowPageTraceBehavior [ RunTime:0.000389s ]
INFO: [ app_end ] --END-- [ RunTime:0.000430s ]

[ 2018-04-30T23:38:50+08:00 ] 221.218.78.246 /Admin/News/type.html
INFO: [ app_init ] --START--
INFO: Run Behavior\BuildLiteBehavior [ RunTime:0.000013s ]
INFO: [ app_init ] --END-- [ RunTime:0.000075s ]
INFO: [ app_begin ] --START--
INFO: Run Behavior\ReadHtmlCacheBehavior [ RunTime:0.000460s ]
INFO: [ app_begin ] --END-- [ RunTime:0.000516s ]
SQL: SHOW COLUMNS FROM `news_type` [ RunTime:0.0006s ]
SQL: SELECT * FROM `news_type`  [ RunTime:0.0001s ]
SQL: SHOW COLUMNS FROM `news_nexttype` [ RunTime:0.0004s ]
SQL: SELECT * FROM `news_nexttype` WHERE `sid` = 1  [ RunTime:0.0001s ]
SQL: SELECT * FROM `news_nexttype` WHERE `sid` = 2  [ RunTime:0.0001s ]
SQL: SELECT * FROM `news_nexttype` WHERE `sid` = 5  [ RunTime:0.0001s ]
SQL: SELECT * FROM `news_nexttype` WHERE `sid` = 6  [ RunTime:0.0001s ]
SQL: SELECT * FROM `news_nexttype` WHERE `sid` = 8  [ RunTime:0.0001s ]
SQL: SELECT * FROM `news_nexttype` WHERE `sid` = 9  [ RunTime:0.0001s ]
SQL: SELECT * FROM `news_nexttype` WHERE `sid` = 10  [ RunTime:0.0001s ]
SQL: SELECT * FROM `news_nexttype` WHERE `sid` = 11  [ RunTime:0.0001s ]
SQL: SELECT * FROM `news_nexttype` WHERE `sid` = 12  [ RunTime:0.0001s ]
SQL: SELECT * FROM `news_nexttype` WHERE `sid` = 13  [ RunTime:0.0001s ]
SQL: SELECT * FROM `news_nexttype` WHERE `sid` = 14  [ RunTime:0.0001s ]
SQL: SELECT * FROM `news_nexttype` WHERE `sid` = 15  [ RunTime:0.0001s ]
SQL: SELECT * FROM `news_nexttype` WHERE `sid` = 16  [ RunTime:0.0001s ]
SQL: SELECT * FROM `news_nexttype` WHERE `sid` = 19  [ RunTime:0.0001s ]
SQL: SELECT * FROM `news_nexttype` WHERE `sid` = 20  [ RunTime:0.0001s ]
SQL: SELECT * FROM `news_nexttype` WHERE `sid` = 21  [ RunTime:0.0001s ]
SQL: SELECT * FROM `news_nexttype` WHERE `sid` = 23  [ RunTime:0.0001s ]
SQL: SELECT * FROM `news_nexttype` WHERE `sid` = 25  [ RunTime:0.0001s ]
SQL: SELECT * FROM `news_nexttype` WHERE `sid` = 26  [ RunTime:0.0001s ]
SQL: SELECT * FROM `news_nexttype` WHERE `sid` = 27  [ RunTime:0.0001s ]
INFO: [ app_end ] --START--
INFO: Run Behavior\ShowPageTraceBehavior [ RunTime:0.000594s ]
INFO: [ app_end ] --END-- [ RunTime:0.000646s ]

[ 2018-04-30T23:41:42+08:00 ] 221.218.78.246 /Admin/News/index?onetype=14&twotype=66&%E7%AD%9B%E9%80%89=%E6%8F%90%E4%BA%A4
INFO: [ app_init ] --START--
INFO: Run Behavior\BuildLiteBehavior [ RunTime:0.000011s ]
INFO: [ app_init ] --END-- [ RunTime:0.000071s ]
INFO: [ app_begin ] --START--
INFO: Run Behavior\ReadHtmlCacheBehavior [ RunTime:0.000337s ]
INFO: [ app_begin ] --END-- [ RunTime:0.000396s ]
SQL: SHOW COLUMNS FROM `news_news` [ RunTime:0.0005s ]
SQL: SELECT COUNT(*) AS tp_count FROM `news_news` WHERE `onetype` = 14 AND `twotype` = 66 LIMIT 1   [ RunTime:0.0001s ]
SQL: SELECT * FROM `news_news` WHERE `onetype` = 14 AND `twotype` = 66 ORDER BY id desc LIMIT 0,20   [ RunTime:0.0002s ]
INFO: [ view_parse ] --START--
INFO: [ template_filter ] --START--
INFO: Run Behavior\ContentReplaceBehavior [ RunTime:0.000068s ]
INFO: [ template_filter ] --END-- [ RunTime:0.000109s ]
NOTIC: [8] Undefined index: logintime /home/wwwroot/blog/ydyl/Runtime/Cache/Admin/51c9d9e69a17f360f9b5c6d4a3de2bf8.php 第 70 行.
NOTIC: [8] Undefined index: loginip /home/wwwroot/blog/ydyl/Runtime/Cache/Admin/51c9d9e69a17f360f9b5c6d4a3de2bf8.php 第 79 行.
NOTIC: [8] Undefined index: username /home/wwwroot/blog/ydyl/Runtime/Cache/Admin/51c9d9e69a17f360f9b5c6d4a3de2bf8.php 第 90 行.
NOTIC: [8] Undefined variable: type /home/wwwroot/blog/ydyl/Runtime/Cache/Admin/51c9d9e69a17f360f9b5c6d4a3de2bf8.php 第 288 行.
NOTIC: [8] Undefined index: status /home/wwwroot/blog/ydyl/Runtime/Cache/Admin/51c9d9e69a17f360f9b5c6d4a3de2bf8.php 第 331 行.
NOTIC: [8] Undefined variable: type /home/wwwroot/blog/ydyl/Runtime/Cache/Admin/51c9d9e69a17f360f9b5c6d4a3de2bf8.php 第 338 行.
NOTIC: [8] Undefined index: status /home/wwwroot/blog/ydyl/Runtime/Cache/Admin/51c9d9e69a17f360f9b5c6d4a3de2bf8.php 第 331 行.
NOTIC: [8] Undefined variable: type /home/wwwroot/blog/ydyl/Runtime/Cache/Admin/51c9d9e69a17f360f9b5c6d4a3de2bf8.php 第 338 行.
NOTIC: [8] Undefined index: status /home/wwwroot/blog/ydyl/Runtime/Cache/Admin/51c9d9e69a17f360f9b5c6d4a3de2bf8.php 第 331 行.
NOTIC: [8] Undefined variable: type /home/wwwroot/blog/ydyl/Runtime/Cache/Admin/51c9d9e69a17f360f9b5c6d4a3de2bf8.php 第 338 行.
NOTIC: [8] Undefined index: status /home/wwwroot/blog/ydyl/Runtime/Cache/Admin/51c9d9e69a17f360f9b5c6d4a3de2bf8.php 第 331 行.
NOTIC: [8] Undefined variable: type /home/wwwroot/blog/ydyl/Runtime/Cache/Admin/51c9d9e69a17f360f9b5c6d4a3de2bf8.php 第 338 行.
NOTIC: [8] Undefined index: status /home/wwwroot/blog/ydyl/Runtime/Cache/Admin/51c9d9e69a17f360f9b5c6d4a3de2bf8.php 第 331 行.
NOTIC: [8] Undefined variable: type /home/wwwroot/blog/ydyl/Runtime/Cache/Admin/51c9d9e69a17f360f9b5c6d4a3de2bf8.php 第 338 行.
NOTIC: [8] Undefined index: status /home/wwwroot/blog/ydyl/Runtime/Cache/Admin/51c9d9e69a17f360f9b5c6d4a3de2bf8.php 第 331 行.
NOTIC: [8] Undefined variable: type /home/wwwroot/blog/ydyl/Runtime/Cache/Admin/51c9d9e69a17f360f9b5c6d4a3de2bf8.php 第 338 行.
INFO: Run Behavior\ParseTemplateBehavior [ RunTime:0.011928s ]
INFO: [ view_parse ] --END-- [ RunTime:0.011976s ]
INFO: [ view_filter ] --START--
INFO: Run Behavior\WriteHtmlCacheBehavior [ RunTime:0.000121s ]
INFO: [ view_filter ] --END-- [ RunTime:0.000152s ]
INFO: [ app_end ] --START--
INFO: Run Behavior\ShowPageTraceBehavior [ RunTime:0.000364s ]
INFO: [ app_end ] --END-- [ RunTime:0.000403s ]

[ 2018-04-30T23:41:43+08:00 ] 221.218.78.246 /Admin/News/type.html
INFO: [ app_init ] --START--
INFO: Run Behavior\BuildLiteBehavior [ RunTime:0.000010s ]
INFO: [ app_init ] --END-- [ RunTime:0.000065s ]
INFO: [ app_begin ] --START--
INFO: Run Behavior\ReadHtmlCacheBehavior [ RunTime:0.000322s ]
INFO: [ app_begin ] --END-- [ RunTime:0.000358s ]
SQL: SHOW COLUMNS FROM `news_type` [ RunTime:0.0004s ]
SQL: SELECT * FROM `news_type`  [ RunTime:0.0001s ]
SQL: SHOW COLUMNS FROM `news_nexttype` [ RunTime:0.0003s ]
SQL: SELECT * FROM `news_nexttype` WHERE `sid` = 1  [ RunTime:0.0001s ]
SQL: SELECT * FROM `news_nexttype` WHERE `sid` = 2  [ RunTime:0.0001s ]
SQL: SELECT * FROM `news_nexttype` WHERE `sid` = 5  [ RunTime:0.0001s ]
SQL: SELECT * FROM `news_nexttype` WHERE `sid` = 6  [ RunTime:0.0000s ]
SQL: SELECT * FROM `news_nexttype` WHERE `sid` = 8  [ RunTime:0.0000s ]
SQL: SELECT * FROM `news_nexttype` WHERE `sid` = 9  [ RunTime:0.0000s ]
SQL: SELECT * FROM `news_nexttype` WHERE `sid` = 10  [ RunTime:0.0001s ]
SQL: SELECT * FROM `news_nexttype` WHERE `sid` = 11  [ RunTime:0.0000s ]
SQL: SELECT * FROM `news_nexttype` WHERE `sid` = 12  [ RunTime:0.0001s ]
SQL: SELECT * FROM `news_nexttype` WHERE `sid` = 13  [ RunTime:0.0000s ]
SQL: SELECT * FROM `news_nexttype` WHERE `sid` = 14  [ RunTime:0.0000s ]
SQL: SELECT * FROM `news_nexttype` WHERE `sid` = 15  [ RunTime:0.0001s ]
SQL: SELECT * FROM `news_nexttype` WHERE `sid` = 16  [ RunTime:0.0000s ]
SQL: SELECT * FROM `news_nexttype` WHERE `sid` = 19  [ RunTime:0.0001s ]
SQL: SELECT * FROM `news_nexttype` WHERE `sid` = 20  [ RunTime:0.0000s ]
SQL: SELECT * FROM `news_nexttype` WHERE `sid` = 21  [ RunTime:0.0001s ]
SQL: SELECT * FROM `news_nexttype` WHERE `sid` = 23  [ RunTime:0.0000s ]
SQL: SELECT * FROM `news_nexttype` WHERE `sid` = 25  [ RunTime:0.0000s ]
SQL: SELECT * FROM `news_nexttype` WHERE `sid` = 26  [ RunTime:0.0000s ]
SQL: SELECT * FROM `news_nexttype` WHERE `sid` = 27  [ RunTime:0.0000s ]
INFO: [ app_end ] --START--
INFO: Run Behavior\ShowPageTraceBehavior [ RunTime:0.000376s ]
INFO: [ app_end ] --END-- [ RunTime:0.000411s ]

[ 2018-04-30T23:44:05+08:00 ] 221.218.78.246 /Admin/News/index?onetype=1&twotype=1&%E7%AD%9B%E9%80%89=%E6%8F%90%E4%BA%A4
INFO: [ app_init ] --START--
INFO: Run Behavior\BuildLiteBehavior [ RunTime:0.000010s ]
INFO: [ app_init ] --END-- [ RunTime:0.000066s ]
INFO: [ app_begin ] --START--
INFO: Run Behavior\ReadHtmlCacheBehavior [ RunTime:0.000337s ]
INFO: [ app_begin ] --END-- [ RunTime:0.000376s ]
SQL: SHOW COLUMNS FROM `news_news` [ RunTime:0.0005s ]
SQL: SELECT COUNT(*) AS tp_count FROM `news_news` WHERE `onetype` = 1 AND `twotype` = 1 LIMIT 1   [ RunTime:0.0003s ]
SQL: SELECT * FROM `news_news` WHERE `onetype` = 1 AND `twotype` = 1 ORDER BY id desc LIMIT 0,20   [ RunTime:0.0007s ]
INFO: [ view_parse ] --START--
INFO: [ template_filter ] --START--
INFO: Run Behavior\ContentReplaceBehavior [ RunTime:0.000056s ]
INFO: [ template_filter ] --END-- [ RunTime:0.000096s ]
NOTIC: [8] Undefined index: logintime /home/wwwroot/blog/ydyl/Runtime/Cache/Admin/51c9d9e69a17f360f9b5c6d4a3de2bf8.php 第 70 行.
NOTIC: [8] Undefined index: loginip /home/wwwroot/blog/ydyl/Runtime/Cache/Admin/51c9d9e69a17f360f9b5c6d4a3de2bf8.php 第 79 行.
NOTIC: [8] Undefined index: username /home/wwwroot/blog/ydyl/Runtime/Cache/Admin/51c9d9e69a17f360f9b5c6d4a3de2bf8.php 第 90 行.
NOTIC: [8] Undefined variable: type /home/wwwroot/blog/ydyl/Runtime/Cache/Admin/51c9d9e69a17f360f9b5c6d4a3de2bf8.php 第 288 行.
NOTIC: [8] Undefined index: status /home/wwwroot/blog/ydyl/Runtime/Cache/Admin/51c9d9e69a17f360f9b5c6d4a3de2bf8.php 第 331 行.
NOTIC: [8] Undefined variable: type /home/wwwroot/blog/ydyl/Runtime/Cache/Admin/51c9d9e69a17f360f9b5c6d4a3de2bf8.php 第 338 行.
NOTIC: [8] Undefined index: status /home/wwwroot/blog/ydyl/Runtime/Cache/Admin/51c9d9e69a17f360f9b5c6d4a3de2bf8.php 第 331 行.
NOTIC: [8] Undefined variable: type /home/wwwroot/blog/ydyl/Runtime/Cache/Admin/51c9d9e69a17f360f9b5c6d4a3de2bf8.php 第 338 行.
INFO: Run Behavior\ParseTemplateBehavior [ RunTime:0.011069s ]
INFO: [ view_parse ] --END-- [ RunTime:0.011103s ]
INFO: [ view_filter ] --START--
INFO: Run Behavior\WriteHtmlCacheBehavior [ RunTime:0.000111s ]
INFO: [ view_filter ] --END-- [ RunTime:0.000138s ]
INFO: [ app_end ] --START--
INFO: Run Behavior\ShowPageTraceBehavior [ RunTime:0.000338s ]
INFO: [ app_end ] --END-- [ RunTime:0.000374s ]

[ 2018-04-30T23:44:05+08:00 ] 221.218.78.246 /Admin/News/type.html
INFO: [ app_init ] --START--
INFO: Run Behavior\BuildLiteBehavior [ RunTime:0.000011s ]
INFO: [ app_init ] --END-- [ RunTime:0.000066s ]
INFO: [ app_begin ] --START--
INFO: Run Behavior\ReadHtmlCacheBehavior [ RunTime:0.000316s ]
INFO: [ app_begin ] --END-- [ RunTime:0.000353s ]
SQL: SHOW COLUMNS FROM `news_type` [ RunTime:0.0004s ]
SQL: SELECT * FROM `news_type`  [ RunTime:0.0001s ]
SQL: SHOW COLUMNS FROM `news_nexttype` [ RunTime:0.0003s ]
SQL: SELECT * FROM `news_nexttype` WHERE `sid` = 1  [ RunTime:0.0001s ]
SQL: SELECT * FROM `news_nexttype` WHERE `sid` = 2  [ RunTime:0.0001s ]
SQL: SELECT * FROM `news_nexttype` WHERE `sid` = 5  [ RunTime:0.0001s ]
SQL: SELECT * FROM `news_nexttype` WHERE `sid` = 6  [ RunTime:0.0001s ]
SQL: SELECT * FROM `news_nexttype` WHERE `sid` = 8  [ RunTime:0.0000s ]
SQL: SELECT * FROM `news_nexttype` WHERE `sid` = 9  [ RunTime:0.0001s ]
SQL: SELECT * FROM `news_nexttype` WHERE `sid` = 10  [ RunTime:0.0001s ]
SQL: SELECT * FROM `news_nexttype` WHERE `sid` = 11  [ RunTime:0.0000s ]
SQL: SELECT * FROM `news_nexttype` WHERE `sid` = 12  [ RunTime:0.0001s ]
SQL: SELECT * FROM `news_nexttype` WHERE `sid` = 13  [ RunTime:0.0000s ]
SQL: SELECT * FROM `news_nexttype` WHERE `sid` = 14  [ RunTime:0.0001s ]
SQL: SELECT * FROM `news_nexttype` WHERE `sid` = 15  [ RunTime:0.0001s ]
SQL: SELECT * FROM `news_nexttype` WHERE `sid` = 16  [ RunTime:0.0000s ]
SQL: SELECT * FROM `news_nexttype` WHERE `sid` = 19  [ RunTime:0.0001s ]
SQL: SELECT * FROM `news_nexttype` WHERE `sid` = 20  [ RunTime:0.0000s ]
SQL: SELECT * FROM `news_nexttype` WHERE `sid` = 21  [ RunTime:0.0000s ]
SQL: SELECT * FROM `news_nexttype` WHERE `sid` = 23  [ RunTime:0.0001s ]
SQL: SELECT * FROM `news_nexttype` WHERE `sid` = 25  [ RunTime:0.0000s ]
SQL: SELECT * FROM `news_nexttype` WHERE `sid` = 26  [ RunTime:0.0000s ]
SQL: SELECT * FROM `news_nexttype` WHERE `sid` = 27  [ RunTime:0.0000s ]
INFO: [ app_end ] --START--
INFO: Run Behavior\ShowPageTraceBehavior [ RunTime:0.000357s ]
INFO: [ app_end ] --END-- [ RunTime:0.000392s ]

[ 2018-04-30T23:44:23+08:00 ] 221.218.78.246 /Admin/News/index?onetype=13&twotype=63&%E7%AD%9B%E9%80%89=%E6%8F%90%E4%BA%A4
INFO: [ app_init ] --START--
INFO: Run Behavior\BuildLiteBehavior [ RunTime:0.000011s ]
INFO: [ app_init ] --END-- [ RunTime:0.000069s ]
INFO: [ app_begin ] --START--
INFO: Run Behavior\ReadHtmlCacheBehavior [ RunTime:0.000327s ]
INFO: [ app_begin ] --END-- [ RunTime:0.000369s ]
SQL: SHOW COLUMNS FROM `news_news` [ RunTime:0.0006s ]
SQL: SELECT COUNT(*) AS tp_count FROM `news_news` WHERE `onetype` = 13 AND `twotype` = 63 LIMIT 1   [ RunTime:0.0003s ]
SQL: SELECT * FROM `news_news` WHERE `onetype` = 13 AND `twotype` = 63 ORDER BY id desc LIMIT 0,20   [ RunTime:0.0006s ]
INFO: [ view_parse ] --START--
INFO: [ template_filter ] --START--
INFO: Run Behavior\ContentReplaceBehavior [ RunTime:0.000057s ]
INFO: [ template_filter ] --END-- [ RunTime:0.000104s ]
NOTIC: [8] Undefined index: logintime /home/wwwroot/blog/ydyl/Runtime/Cache/Admin/51c9d9e69a17f360f9b5c6d4a3de2bf8.php 第 70 行.
NOTIC: [8] Undefined index: loginip /home/wwwroot/blog/ydyl/Runtime/Cache/Admin/51c9d9e69a17f360f9b5c6d4a3de2bf8.php 第 79 行.
NOTIC: [8] Undefined index: username /home/wwwroot/blog/ydyl/Runtime/Cache/Admin/51c9d9e69a17f360f9b5c6d4a3de2bf8.php 第 90 行.
NOTIC: [8] Undefined variable: type /home/wwwroot/blog/ydyl/Runtime/Cache/Admin/51c9d9e69a17f360f9b5c6d4a3de2bf8.php 第 288 行.
INFO: Run Behavior\ParseTemplateBehavior [ RunTime:0.011184s ]
INFO: [ view_parse ] --END-- [ RunTime:0.011220s ]
INFO: [ view_filter ] --START--
INFO: Run Behavior\WriteHtmlCacheBehavior [ RunTime:0.000122s ]
INFO: [ view_filter ] --END-- [ RunTime:0.000167s ]
INFO: [ app_end ] --START--
INFO: Run Behavior\ShowPageTraceBehavior [ RunTime:0.000386s ]
INFO: [ app_end ] --END-- [ RunTime:0.000426s ]

[ 2018-04-30T23:44:23+08:00 ] 221.218.78.246 /Admin/News/type.html
INFO: [ app_init ] --START--
INFO: Run Behavior\BuildLiteBehavior [ RunTime:0.000011s ]
INFO: [ app_init ] --END-- [ RunTime:0.000090s ]
INFO: [ app_begin ] --START--
INFO: Run Behavior\ReadHtmlCacheBehavior [ RunTime:0.000369s ]
INFO: [ app_begin ] --END-- [ RunTime:0.000412s ]
SQL: SHOW COLUMNS FROM `news_type` [ RunTime:0.0005s ]
SQL: SELECT * FROM `news_type`  [ RunTime:0.0001s ]
SQL: SHOW COLUMNS FROM `news_nexttype` [ RunTime:0.0003s ]
SQL: SELECT * FROM `news_nexttype` WHERE `sid` = 1  [ RunTime:0.0001s ]
SQL: SELECT * FROM `news_nexttype` WHERE `sid` = 2  [ RunTime:0.0001s ]
SQL: SELECT * FROM `news_nexttype` WHERE `sid` = 5  [ RunTime:0.0001s ]
SQL: SELECT * FROM `news_nexttype` WHERE `sid` = 6  [ RunTime:0.0000s ]
SQL: SELECT * FROM `news_nexttype` WHERE `sid` = 8  [ RunTime:0.0000s ]
SQL: SELECT * FROM `news_nexttype` WHERE `sid` = 9  [ RunTime:0.0000s ]
SQL: SELECT * FROM `news_nexttype` WHERE `sid` = 10  [ RunTime:0.0001s ]
SQL: SELECT * FROM `news_nexttype` WHERE `sid` = 11  [ RunTime:0.0001s ]
SQL: SELECT * FROM `news_nexttype` WHERE `sid` = 12  [ RunTime:0.0001s ]
SQL: SELECT * FROM `news_nexttype` WHERE `sid` = 13  [ RunTime:0.0000s ]
SQL: SELECT * FROM `news_nexttype` WHERE `sid` = 14  [ RunTime:0.0000s ]
SQL: SELECT * FROM `news_nexttype` WHERE `sid` = 15  [ RunTime:0.0001s ]
SQL: SELECT * FROM `news_nexttype` WHERE `sid` = 16  [ RunTime:0.0001s ]
SQL: SELECT * FROM `news_nexttype` WHERE `sid` = 19  [ RunTime:0.0001s ]
SQL: SELECT * FROM `news_nexttype` WHERE `sid` = 20  [ RunTime:0.0001s ]
SQL: SELECT * FROM `news_nexttype` WHERE `sid` = 21  [ RunTime:0.0001s ]
SQL: SELECT * FROM `news_nexttype` WHERE `sid` = 23  [ RunTime:0.0001s ]
SQL: SELECT * FROM `news_nexttype` WHERE `sid` = 25  [ RunTime:0.0000s ]
SQL: SELECT * FROM `news_nexttype` WHERE `sid` = 26  [ RunTime:0.0001s ]
SQL: SELECT * FROM `news_nexttype` WHERE `sid` = 27  [ RunTime:0.0000s ]
INFO: [ app_end ] --START--
INFO: Run Behavior\ShowPageTraceBehavior [ RunTime:0.000359s ]
INFO: [ app_end ] --END-- [ RunTime:0.000399s ]

[ 2018-04-30T23:44:29+08:00 ] 221.218.78.246 /Admin/News/index?onetype=19&twotype=85&%E7%AD%9B%E9%80%89=%E6%8F%90%E4%BA%A4
INFO: [ app_init ] --START--
INFO: Run Behavior\BuildLiteBehavior [ RunTime:0.000011s ]
INFO: [ app_init ] --END-- [ RunTime:0.000067s ]
INFO: [ app_begin ] --START--
INFO: Run Behavior\ReadHtmlCacheBehavior [ RunTime:0.000318s ]
INFO: [ app_begin ] --END-- [ RunTime:0.000358s ]
SQL: SHOW COLUMNS FROM `news_news` [ RunTime:0.0005s ]
SQL: SELECT COUNT(*) AS tp_count FROM `news_news` WHERE `onetype` = 19 AND `twotype` = 85 LIMIT 1   [ RunTime:0.0003s ]
SQL: SELECT * FROM `news_news` WHERE `onetype` = 19 AND `twotype` = 85 ORDER BY id desc LIMIT 0,20   [ RunTime:0.0005s ]
INFO: [ view_parse ] --START--
INFO: [ template_filter ] --START--
INFO: Run Behavior\ContentReplaceBehavior [ RunTime:0.000053s ]
INFO: [ template_filter ] --END-- [ RunTime:0.000093s ]
NOTIC: [8] Undefined index: logintime /home/wwwroot/blog/ydyl/Runtime/Cache/Admin/51c9d9e69a17f360f9b5c6d4a3de2bf8.php 第 70 行.
NOTIC: [8] Undefined index: loginip /home/wwwroot/blog/ydyl/Runtime/Cache/Admin/51c9d9e69a17f360f9b5c6d4a3de2bf8.php 第 79 行.
NOTIC: [8] Undefined index: username /home/wwwroot/blog/ydyl/Runtime/Cache/Admin/51c9d9e69a17f360f9b5c6d4a3de2bf8.php 第 90 行.
NOTIC: [8] Undefined variable: type /home/wwwroot/blog/ydyl/Runtime/Cache/Admin/51c9d9e69a17f360f9b5c6d4a3de2bf8.php 第 288 行.
INFO: Run Behavior\ParseTemplateBehavior [ RunTime:0.010850s ]
INFO: [ view_parse ] --END-- [ RunTime:0.010884s ]
INFO: [ view_filter ] --START--
INFO: Run Behavior\WriteHtmlCacheBehavior [ RunTime:0.000108s ]
INFO: [ view_filter ] --END-- [ RunTime:0.000136s ]
INFO: [ app_end ] --START--
INFO: Run Behavior\ShowPageTraceBehavior [ RunTime:0.000337s ]
INFO: [ app_end ] --END-- [ RunTime:0.000375s ]

[ 2018-04-30T23:44:29+08:00 ] 221.218.78.246 /Admin/News/type.html
INFO: [ app_init ] --START--
INFO: Run Behavior\BuildLiteBehavior [ RunTime:0.000011s ]
INFO: [ app_init ] --END-- [ RunTime:0.000068s ]
INFO: [ app_begin ] --START--
INFO: Run Behavior\ReadHtmlCacheBehavior [ RunTime:0.000318s ]
INFO: [ app_begin ] --END-- [ RunTime:0.000354s ]
SQL: SHOW COLUMNS FROM `news_type` [ RunTime:0.0004s ]
SQL: SELECT * FROM `news_type`  [ RunTime:0.0001s ]
SQL: SHOW COLUMNS FROM `news_nexttype` [ RunTime:0.0003s ]
SQL: SELECT * FROM `news_nexttype` WHERE `sid` = 1  [ RunTime:0.0001s ]
SQL: SELECT * FROM `news_nexttype` WHERE `sid` = 2  [ RunTime:0.0001s ]
SQL: SELECT * FROM `news_nexttype` WHERE `sid` = 5  [ RunTime:0.0001s ]
SQL: SELECT * FROM `news_nexttype` WHERE `sid` = 6  [ RunTime:0.0001s ]
SQL: SELECT * FROM `news_nexttype` WHERE `sid` = 8  [ RunTime:0.0000s ]
SQL: SELECT * FROM `news_nexttype` WHERE `sid` = 9  [ RunTime:0.0000s ]
SQL: SELECT * FROM `news_nexttype` WHERE `sid` = 10  [ RunTime:0.0001s ]
SQL: SELECT * FROM `news_nexttype` WHERE `sid` = 11  [ RunTime:0.0000s ]
SQL: SELECT * FROM `news_nexttype` WHERE `sid` = 12  [ RunTime:0.0001s ]
SQL: SELECT * FROM `news_nexttype` WHERE `sid` = 13  [ RunTime:0.0000s ]
SQL: SELECT * FROM `news_nexttype` WHERE `sid` = 14  [ RunTime:0.0001s ]
SQL: SELECT * FROM `news_nexttype` WHERE `sid` = 15  [ RunTime:0.0001s ]
SQL: SELECT * FROM `news_nexttype` WHERE `sid` = 16  [ RunTime:0.0000s ]
SQL: SELECT * FROM `news_nexttype` WHERE `sid` = 19  [ RunTime:0.0001s ]
SQL: SELECT * FROM `news_nexttype` WHERE `sid` = 20  [ RunTime:0.0000s ]
SQL: SELECT * FROM `news_nexttype` WHERE `sid` = 21  [ RunTime:0.0001s ]
SQL: SELECT * FROM `news_nexttype` WHERE `sid` = 23  [ RunTime:0.0001s ]
SQL: SELECT * FROM `news_nexttype` WHERE `sid` = 25  [ RunTime:0.0000s ]
SQL: SELECT * FROM `news_nexttype` WHERE `sid` = 26  [ RunTime:0.0000s ]
SQL: SELECT * FROM `news_nexttype` WHERE `sid` = 27  [ RunTime:0.0000s ]
INFO: [ app_end ] --START--
INFO: Run Behavior\ShowPageTraceBehavior [ RunTime:0.000360s ]
INFO: [ app_end ] --END-- [ RunTime:0.000409s ]

[ 2018-04-30T23:44:39+08:00 ] 221.218.78.246 /Admin/News/index?onetype=26&twotype=121&%E7%AD%9B%E9%80%89=%E6%8F%90%E4%BA%A4
INFO: [ app_init ] --START--
INFO: Run Behavior\BuildLiteBehavior [ RunTime:0.000010s ]
INFO: [ app_init ] --END-- [ RunTime:0.000067s ]
INFO: [ app_begin ] --START--
INFO: Run Behavior\ReadHtmlCacheBehavior [ RunTime:0.000327s ]
INFO: [ app_begin ] --END-- [ RunTime:0.000366s ]
SQL: SHOW COLUMNS FROM `news_news` [ RunTime:0.0005s ]
SQL: SELECT COUNT(*) AS tp_count FROM `news_news` WHERE `onetype` = 26 AND `twotype` = 121 LIMIT 1   [ RunTime:0.0003s ]
SQL: SELECT * FROM `news_news` WHERE `onetype` = 26 AND `twotype` = 121 ORDER BY id desc LIMIT 0,20   [ RunTime:0.0005s ]
INFO: [ view_parse ] --START--
INFO: [ template_filter ] --START--
INFO: Run Behavior\ContentReplaceBehavior [ RunTime:0.000060s ]
INFO: [ template_filter ] --END-- [ RunTime:0.000103s ]
NOTIC: [8] Undefined index: logintime /home/wwwroot/blog/ydyl/Runtime/Cache/Admin/51c9d9e69a17f360f9b5c6d4a3de2bf8.php 第 70 行.
NOTIC: [8] Undefined index: loginip /home/wwwroot/blog/ydyl/Runtime/Cache/Admin/51c9d9e69a17f360f9b5c6d4a3de2bf8.php 第 79 行.
NOTIC: [8] Undefined index: username /home/wwwroot/blog/ydyl/Runtime/Cache/Admin/51c9d9e69a17f360f9b5c6d4a3de2bf8.php 第 90 行.
NOTIC: [8] Undefined variable: type /home/wwwroot/blog/ydyl/Runtime/Cache/Admin/51c9d9e69a17f360f9b5c6d4a3de2bf8.php 第 288 行.
INFO: Run Behavior\ParseTemplateBehavior [ RunTime:0.011893s ]
INFO: [ view_parse ] --END-- [ RunTime:0.011949s ]
INFO: [ view_filter ] --START--
INFO: Run Behavior\WriteHtmlCacheBehavior [ RunTime:0.000134s ]
INFO: [ view_filter ] --END-- [ RunTime:0.000161s ]
INFO: [ app_end ] --START--
INFO: Run Behavior\ShowPageTraceBehavior [ RunTime:0.000412s ]
INFO: [ app_end ] --END-- [ RunTime:0.000452s ]

[ 2018-04-30T23:44:40+08:00 ] 221.218.78.246 /Admin/News/type.html
INFO: [ app_init ] --START--
INFO: Run Behavior\BuildLiteBehavior [ RunTime:0.000010s ]
INFO: [ app_init ] --END-- [ RunTime:0.000080s ]
INFO: [ app_begin ] --START--
INFO: Run Behavior\ReadHtmlCacheBehavior [ RunTime:0.000366s ]
INFO: [ app_begin ] --END-- [ RunTime:0.000410s ]
SQL: SHOW COLUMNS FROM `news_type` [ RunTime:0.0004s ]
SQL: SELECT * FROM `news_type`  [ RunTime:0.0001s ]
SQL: SHOW COLUMNS FROM `news_nexttype` [ RunTime:0.0003s ]
SQL: SELECT * FROM `news_nexttype` WHERE `sid` = 1  [ RunTime:0.0001s ]
SQL: SELECT * FROM `news_nexttype` WHERE `sid` = 2  [ RunTime:0.0001s ]
SQL: SELECT * FROM `news_nexttype` WHERE `sid` = 5  [ RunTime:0.0001s ]
SQL: SELECT * FROM `news_nexttype` WHERE `sid` = 6  [ RunTime:0.0000s ]
SQL: SELECT * FROM `news_nexttype` WHERE `sid` = 8  [ RunTime:0.0001s ]
SQL: SELECT * FROM `news_nexttype` WHERE `sid` = 9  [ RunTime:0.0001s ]
SQL: SELECT * FROM `news_nexttype` WHERE `sid` = 10  [ RunTime:0.0001s ]
SQL: SELECT * FROM `news_nexttype` WHERE `sid` = 11  [ RunTime:0.0000s ]
SQL: SELECT * FROM `news_nexttype` WHERE `sid` = 12  [ RunTime:0.0001s ]
SQL: SELECT * FROM `news_nexttype` WHERE `sid` = 13  [ RunTime:0.0000s ]
SQL: SELECT * FROM `news_nexttype` WHERE `sid` = 14  [ RunTime:0.0000s ]
SQL: SELECT * FROM `news_nexttype` WHERE `sid` = 15  [ RunTime:0.0001s ]
SQL: SELECT * FROM `news_nexttype` WHERE `sid` = 16  [ RunTime:0.0001s ]
SQL: SELECT * FROM `news_nexttype` WHERE `sid` = 19  [ RunTime:0.0001s ]
SQL: SELECT * FROM `news_nexttype` WHERE `sid` = 20  [ RunTime:0.0001s ]
SQL: SELECT * FROM `news_nexttype` WHERE `sid` = 21  [ RunTime:0.0000s ]
SQL: SELECT * FROM `news_nexttype` WHERE `sid` = 23  [ RunTime:0.0000s ]
SQL: SELECT * FROM `news_nexttype` WHERE `sid` = 25  [ RunTime:0.0001s ]
SQL: SELECT * FROM `news_nexttype` WHERE `sid` = 26  [ RunTime:0.0001s ]
SQL: SELECT * FROM `news_nexttype` WHERE `sid` = 27  [ RunTime:0.0000s ]
INFO: [ app_end ] --START--
INFO: Run Behavior\ShowPageTraceBehavior [ RunTime:0.000358s ]
INFO: [ app_end ] --END-- [ RunTime:0.000404s ]

[ 2018-04-30T23:44:48+08:00 ] 221.218.78.246 /Admin/News/index?onetype=14&twotype=66&%E7%AD%9B%E9%80%89=%E6%8F%90%E4%BA%A4
INFO: [ app_init ] --START--
INFO: Run Behavior\BuildLiteBehavior [ RunTime:0.000010s ]
INFO: [ app_init ] --END-- [ RunTime:0.000067s ]
INFO: [ app_begin ] --START--
INFO: Run Behavior\ReadHtmlCacheBehavior [ RunTime:0.000317s ]
INFO: [ app_begin ] --END-- [ RunTime:0.000369s ]
SQL: SHOW COLUMNS FROM `news_news` [ RunTime:0.0005s ]
SQL: SELECT COUNT(*) AS tp_count FROM `news_news` WHERE `onetype` = 14 AND `twotype` = 66 LIMIT 1   [ RunTime:0.0001s ]
SQL: SELECT * FROM `news_news` WHERE `onetype` = 14 AND `twotype` = 66 ORDER BY id desc LIMIT 0,20   [ RunTime:0.0002s ]
INFO: [ view_parse ] --START--
INFO: [ template_filter ] --START--
INFO: Run Behavior\ContentReplaceBehavior [ RunTime:0.000062s ]
INFO: [ template_filter ] --END-- [ RunTime:0.000100s ]
NOTIC: [8] Undefined index: logintime /home/wwwroot/blog/ydyl/Runtime/Cache/Admin/51c9d9e69a17f360f9b5c6d4a3de2bf8.php 第 70 行.
NOTIC: [8] Undefined index: loginip /home/wwwroot/blog/ydyl/Runtime/Cache/Admin/51c9d9e69a17f360f9b5c6d4a3de2bf8.php 第 79 行.
NOTIC: [8] Undefined index: username /home/wwwroot/blog/ydyl/Runtime/Cache/Admin/51c9d9e69a17f360f9b5c6d4a3de2bf8.php 第 90 行.
NOTIC: [8] Undefined variable: type /home/wwwroot/blog/ydyl/Runtime/Cache/Admin/51c9d9e69a17f360f9b5c6d4a3de2bf8.php 第 288 行.
NOTIC: [8] Undefined index: status /home/wwwroot/blog/ydyl/Runtime/Cache/Admin/51c9d9e69a17f360f9b5c6d4a3de2bf8.php 第 331 行.
NOTIC: [8] Undefined variable: type /home/wwwroot/blog/ydyl/Runtime/Cache/Admin/51c9d9e69a17f360f9b5c6d4a3de2bf8.php 第 338 行.
NOTIC: [8] Undefined index: status /home/wwwroot/blog/ydyl/Runtime/Cache/Admin/51c9d9e69a17f360f9b5c6d4a3de2bf8.php 第 331 行.
NOTIC: [8] Undefined variable: type /home/wwwroot/blog/ydyl/Runtime/Cache/Admin/51c9d9e69a17f360f9b5c6d4a3de2bf8.php 第 338 行.
NOTIC: [8] Undefined index: status /home/wwwroot/blog/ydyl/Runtime/Cache/Admin/51c9d9e69a17f360f9b5c6d4a3de2bf8.php 第 331 行.
NOTIC: [8] Undefined variable: type /home/wwwroot/blog/ydyl/Runtime/Cache/Admin/51c9d9e69a17f360f9b5c6d4a3de2bf8.php 第 338 行.
NOTIC: [8] Undefined index: status /home/wwwroot/blog/ydyl/Runtime/Cache/Admin/51c9d9e69a17f360f9b5c6d4a3de2bf8.php 第 331 行.
NOTIC: [8] Undefined variable: type /home/wwwroot/blog/ydyl/Runtime/Cache/Admin/51c9d9e69a17f360f9b5c6d4a3de2bf8.php 第 338 行.
NOTIC: [8] Undefined index: status /home/wwwroot/blog/ydyl/Runtime/Cache/Admin/51c9d9e69a17f360f9b5c6d4a3de2bf8.php 第 331 行.
NOTIC: [8] Undefined variable: type /home/wwwroot/blog/ydyl/Runtime/Cache/Admin/51c9d9e69a17f360f9b5c6d4a3de2bf8.php 第 338 行.
NOTIC: [8] Undefined index: status /home/wwwroot/blog/ydyl/Runtime/Cache/Admin/51c9d9e69a17f360f9b5c6d4a3de2bf8.php 第 331 行.
NOTIC: [8] Undefined variable: type /home/wwwroot/blog/ydyl/Runtime/Cache/Admin/51c9d9e69a17f360f9b5c6d4a3de2bf8.php 第 338 行.
INFO: Run Behavior\ParseTemplateBehavior [ RunTime:0.011422s ]
INFO: [ view_parse ] --END-- [ RunTime:0.011458s ]
INFO: [ view_filter ] --START--
INFO: Run Behavior\WriteHtmlCacheBehavior [ RunTime:0.000108s ]
INFO: [ view_filter ] --END-- [ RunTime:0.000137s ]
INFO: [ app_end ] --START--
INFO: Run Behavior\ShowPageTraceBehavior [ RunTime:0.000339s ]
INFO: [ app_end ] --END-- [ RunTime:0.000376s ]

[ 2018-04-30T23:44:48+08:00 ] 221.218.78.246 /Admin/News/type.html
INFO: [ app_init ] --START--
INFO: Run Behavior\BuildLiteBehavior [ RunTime:0.000012s ]
INFO: [ app_init ] --END-- [ RunTime:0.000072s ]
INFO: [ app_begin ] --START--
INFO: Run Behavior\ReadHtmlCacheBehavior [ RunTime:0.000327s ]
INFO: [ app_begin ] --END-- [ RunTime:0.000366s ]
SQL: SHOW COLUMNS FROM `news_type` [ RunTime:0.0005s ]
SQL: SELECT * FROM `news_type`  [ RunTime:0.0001s ]
SQL: SHOW COLUMNS FROM `news_nexttype` [ RunTime:0.0004s ]
SQL: SELECT * FROM `news_nexttype` WHERE `sid` = 1  [ RunTime:0.0001s ]
SQL: SELECT * FROM `news_nexttype` WHERE `sid` = 2  [ RunTime:0.0001s ]
SQL: SELECT * FROM `news_nexttype` WHERE `sid` = 5  [ RunTime:0.0001s ]
SQL: SELECT * FROM `news_nexttype` WHERE `sid` = 6  [ RunTime:0.0001s ]
SQL: SELECT * FROM `news_nexttype` WHERE `sid` = 8  [ RunTime:0.0001s ]
SQL: SELECT * FROM `news_nexttype` WHERE `sid` = 9  [ RunTime:0.0001s ]
SQL: SELECT * FROM `news_nexttype` WHERE `sid` = 10  [ RunTime:0.0001s ]
SQL: SELECT * FROM `news_nexttype` WHERE `sid` = 11  [ RunTime:0.0001s ]
SQL: SELECT * FROM `news_nexttype` WHERE `sid` = 12  [ RunTime:0.0001s ]
SQL: SELECT * FROM `news_nexttype` WHERE `sid` = 13  [ RunTime:0.0001s ]
SQL: SELECT * FROM `news_nexttype` WHERE `sid` = 14  [ RunTime:0.0001s ]
SQL: SELECT * FROM `news_nexttype` WHERE `sid` = 15  [ RunTime:0.0001s ]
SQL: SELECT * FROM `news_nexttype` WHERE `sid` = 16  [ RunTime:0.0001s ]
SQL: SELECT * FROM `news_nexttype` WHERE `sid` = 19  [ RunTime:0.0001s ]
SQL: SELECT * FROM `news_nexttype` WHERE `sid` = 20  [ RunTime:0.0001s ]
SQL: SELECT * FROM `news_nexttype` WHERE `sid` = 21  [ RunTime:0.0001s ]
SQL: SELECT * FROM `news_nexttype` WHERE `sid` = 23  [ RunTime:0.0001s ]
SQL: SELECT * FROM `news_nexttype` WHERE `sid` = 25  [ RunTime:0.0001s ]
SQL: SELECT * FROM `news_nexttype` WHERE `sid` = 26  [ RunTime:0.0000s ]
SQL: SELECT * FROM `news_nexttype` WHERE `sid` = 27  [ RunTime:0.0000s ]
INFO: [ app_end ] --START--
INFO: Run Behavior\ShowPageTraceBehavior [ RunTime:0.000507s ]
INFO: [ app_end ] --END-- [ RunTime:0.000546s ]

[ 2018-04-30T23:45:05+08:00 ] 140.207.54.197 /Admin/News/index?onetype=1&twotype=1&?-???=????o
INFO: [ app_init ] --START--
INFO: Run Behavior\BuildLiteBehavior [ RunTime:0.000013s ]
INFO: [ app_init ] --END-- [ RunTime:0.000073s ]
INFO: [ app_begin ] --START--
INFO: Run Behavior\ReadHtmlCacheBehavior [ RunTime:0.000325s ]
INFO: [ app_begin ] --END-- [ RunTime:0.000372s ]

[ 2018-04-30T23:45:07+08:00 ] 221.218.78.246 /Admin/News/index?onetype=10&twotype=49&%E7%AD%9B%E9%80%89=%E6%8F%90%E4%BA%A4
INFO: [ app_init ] --START--
INFO: Run Behavior\BuildLiteBehavior [ RunTime:0.000011s ]
INFO: [ app_init ] --END-- [ RunTime:0.000071s ]
INFO: [ app_begin ] --START--
INFO: Run Behavior\ReadHtmlCacheBehavior [ RunTime:0.000345s ]
INFO: [ app_begin ] --END-- [ RunTime:0.000386s ]
SQL: SHOW COLUMNS FROM `news_news` [ RunTime:0.0005s ]
SQL: SELECT COUNT(*) AS tp_count FROM `news_news` WHERE `onetype` = 10 AND `twotype` = 49 LIMIT 1   [ RunTime:0.0003s ]
SQL: SELECT * FROM `news_news` WHERE `onetype` = 10 AND `twotype` = 49 ORDER BY id desc LIMIT 0,20   [ RunTime:0.0008s ]
INFO: [ view_parse ] --START--
INFO: [ template_filter ] --START--
INFO: Run Behavior\ContentReplaceBehavior [ RunTime:0.000069s ]
INFO: [ template_filter ] --END-- [ RunTime:0.000114s ]
NOTIC: [8] Undefined index: logintime /home/wwwroot/blog/ydyl/Runtime/Cache/Admin/51c9d9e69a17f360f9b5c6d4a3de2bf8.php 第 70 行.
NOTIC: [8] Undefined index: loginip /home/wwwroot/blog/ydyl/Runtime/Cache/Admin/51c9d9e69a17f360f9b5c6d4a3de2bf8.php 第 79 行.
NOTIC: [8] Undefined index: username /home/wwwroot/blog/ydyl/Runtime/Cache/Admin/51c9d9e69a17f360f9b5c6d4a3de2bf8.php 第 90 行.
NOTIC: [8] Undefined variable: type /home/wwwroot/blog/ydyl/Runtime/Cache/Admin/51c9d9e69a17f360f9b5c6d4a3de2bf8.php 第 288 行.
NOTIC: [8] Undefined index: status /home/wwwroot/blog/ydyl/Runtime/Cache/Admin/51c9d9e69a17f360f9b5c6d4a3de2bf8.php 第 331 行.
NOTIC: [8] Undefined variable: type /home/wwwroot/blog/ydyl/Runtime/Cache/Admin/51c9d9e69a17f360f9b5c6d4a3de2bf8.php 第 338 行.
NOTIC: [8] Undefined index: status /home/wwwroot/blog/ydyl/Runtime/Cache/Admin/51c9d9e69a17f360f9b5c6d4a3de2bf8.php 第 331 行.
NOTIC: [8] Undefined variable: type /home/wwwroot/blog/ydyl/Runtime/Cache/Admin/51c9d9e69a17f360f9b5c6d4a3de2bf8.php 第 338 行.
NOTIC: [8] Undefined index: status /home/wwwroot/blog/ydyl/Runtime/Cache/Admin/51c9d9e69a17f360f9b5c6d4a3de2bf8.php 第 331 行.
NOTIC: [8] Undefined variable: type /home/wwwroot/blog/ydyl/Runtime/Cache/Admin/51c9d9e69a17f360f9b5c6d4a3de2bf8.php 第 338 行.
NOTIC: [8] Undefined index: status /home/wwwroot/blog/ydyl/Runtime/Cache/Admin/51c9d9e69a17f360f9b5c6d4a3de2bf8.php 第 331 行.
NOTIC: [8] Undefined variable: type /home/wwwroot/blog/ydyl/Runtime/Cache/Admin/51c9d9e69a17f360f9b5c6d4a3de2bf8.php 第 338 行.
INFO: Run Behavior\ParseTemplateBehavior [ RunTime:0.011511s ]
INFO: [ view_parse ] --END-- [ RunTime:0.011548s ]
INFO: [ view_filter ] --START--
INFO: Run Behavior\WriteHtmlCacheBehavior [ RunTime:0.000124s ]
INFO: [ view_filter ] --END-- [ RunTime:0.000152s ]
INFO: [ app_end ] --START--
INFO: Run Behavior\ShowPageTraceBehavior [ RunTime:0.000359s ]
INFO: [ app_end ] --END-- [ RunTime:0.000398s ]

[ 2018-04-30T23:45:08+08:00 ] 221.218.78.246 /Admin/News/type.html
INFO: [ app_init ] --START--
INFO: Run Behavior\BuildLiteBehavior [ RunTime:0.000012s ]
INFO: [ app_init ] --END-- [ RunTime:0.000071s ]
INFO: [ app_begin ] --START--
INFO: Run Behavior\ReadHtmlCacheBehavior [ RunTime:0.000329s ]
INFO: [ app_begin ] --END-- [ RunTime:0.000376s ]
SQL: SHOW COLUMNS FROM `news_type` [ RunTime:0.0004s ]
SQL: SELECT * FROM `news_type`  [ RunTime:0.0001s ]
SQL: SHOW COLUMNS FROM `news_nexttype` [ RunTime:0.0003s ]
SQL: SELECT * FROM `news_nexttype` WHERE `sid` = 1  [ RunTime:0.0001s ]
SQL: SELECT * FROM `news_nexttype` WHERE `sid` = 2  [ RunTime:0.0001s ]
SQL: SELECT * FROM `news_nexttype` WHERE `sid` = 5  [ RunTime:0.0001s ]
SQL: SELECT * FROM `news_nexttype` WHERE `sid` = 6  [ RunTime:0.0001s ]
SQL: SELECT * FROM `news_nexttype` WHERE `sid` = 8  [ RunTime:0.0001s ]
SQL: SELECT * FROM `news_nexttype` WHERE `sid` = 9  [ RunTime:0.0000s ]
SQL: SELECT * FROM `news_nexttype` WHERE `sid` = 10  [ RunTime:0.0001s ]
SQL: SELECT * FROM `news_nexttype` WHERE `sid` = 11  [ RunTime:0.0000s ]
SQL: SELECT * FROM `news_nexttype` WHERE `sid` = 12  [ RunTime:0.0000s ]
SQL: SELECT * FROM `news_nexttype` WHERE `sid` = 13  [ RunTime:0.0000s ]
SQL: SELECT * FROM `news_nexttype` WHERE `sid` = 14  [ RunTime:0.0001s ]
SQL: SELECT * FROM `news_nexttype` WHERE `sid` = 15  [ RunTime:0.0001s ]
SQL: SELECT * FROM `news_nexttype` WHERE `sid` = 16  [ RunTime:0.0000s ]
SQL: SELECT * FROM `news_nexttype` WHERE `sid` = 19  [ RunTime:0.0001s ]
SQL: SELECT * FROM `news_nexttype` WHERE `sid` = 20  [ RunTime:0.0000s ]
SQL: SELECT * FROM `news_nexttype` WHERE `sid` = 21  [ RunTime:0.0000s ]
SQL: SELECT * FROM `news_nexttype` WHERE `sid` = 23  [ RunTime:0.0001s ]
SQL: SELECT * FROM `news_nexttype` WHERE `sid` = 25  [ RunTime:0.0000s ]
SQL: SELECT * FROM `news_nexttype` WHERE `sid` = 26  [ RunTime:0.0000s ]
SQL: SELECT * FROM `news_nexttype` WHERE `sid` = 27  [ RunTime:0.0000s ]
INFO: [ app_end ] --START--
INFO: Run Behavior\ShowPageTraceBehavior [ RunTime:0.000382s ]
INFO: [ app_end ] --END-- [ RunTime:0.000419s ]

[ 2018-04-30T23:45:23+08:00 ] 140.207.54.197 /Admin/News/index?onetype=13&twotype=63&?-???=????o
INFO: [ app_init ] --START--
INFO: Run Behavior\BuildLiteBehavior [ RunTime:0.000014s ]
INFO: [ app_init ] --END-- [ RunTime:0.000078s ]
INFO: [ app_begin ] --START--
INFO: Run Behavior\ReadHtmlCacheBehavior [ RunTime:0.000351s ]
INFO: [ app_begin ] --END-- [ RunTime:0.000392s ]

[ 2018-04-30T23:45:23+08:00 ] 140.207.54.197 /Admin/Login/index.html
INFO: [ app_init ] --START--
INFO: Run Behavior\BuildLiteBehavior [ RunTime:0.000013s ]
INFO: [ app_init ] --END-- [ RunTime:0.000085s ]
INFO: [ app_begin ] --START--
INFO: Run Behavior\ReadHtmlCacheBehavior [ RunTime:0.000343s ]
INFO: [ app_begin ] --END-- [ RunTime:0.000401s ]
INFO: [ view_parse ] --START--
INFO: [ template_filter ] --START--
INFO: Run Behavior\ContentReplaceBehavior [ RunTime:0.000050s ]
INFO: [ template_filter ] --END-- [ RunTime:0.000094s ]
INFO: Run Behavior\ParseTemplateBehavior [ RunTime:0.005516s ]
INFO: [ view_parse ] --END-- [ RunTime:0.005556s ]
INFO: [ view_filter ] --START--
INFO: Run Behavior\WriteHtmlCacheBehavior [ RunTime:0.000109s ]
INFO: [ view_filter ] --END-- [ RunTime:0.000152s ]
INFO: [ app_end ] --START--
INFO: Run Behavior\ShowPageTraceBehavior [ RunTime:0.000347s ]
INFO: [ app_end ] --END-- [ RunTime:0.000383s ]

[ 2018-04-30T23:45:29+08:00 ] 223.167.152.22 /Admin/News/index?onetype=19&twotype=85&?-???=????o
INFO: [ app_init ] --START--
INFO: Run Behavior\BuildLiteBehavior [ RunTime:0.000013s ]
INFO: [ app_init ] --END-- [ RunTime:0.000071s ]
INFO: [ app_begin ] --START--
INFO: Run Behavior\ReadHtmlCacheBehavior [ RunTime:0.000322s ]
INFO: [ app_begin ] --END-- [ RunTime:0.000363s ]

[ 2018-04-30T23:45:29+08:00 ] 223.167.152.22 /Admin/Login/index.html
INFO: [ app_init ] --START--
INFO: Run Behavior\BuildLiteBehavior [ RunTime:0.000012s ]
INFO: [ app_init ] --END-- [ RunTime:0.000070s ]
INFO: [ app_begin ] --START--
INFO: Run Behavior\ReadHtmlCacheBehavior [ RunTime:0.000324s ]
INFO: [ app_begin ] --END-- [ RunTime:0.000366s ]
INFO: [ view_parse ] --START--
INFO: [ template_filter ] --START--
INFO: Run Behavior\ContentReplaceBehavior [ RunTime:0.000045s ]
INFO: [ template_filter ] --END-- [ RunTime:0.000083s ]
INFO: Run Behavior\ParseTemplateBehavior [ RunTime:0.005412s ]
INFO: [ view_parse ] --END-- [ RunTime:0.005456s ]
INFO: [ view_filter ] --START--
INFO: Run Behavior\WriteHtmlCacheBehavior [ RunTime:0.000106s ]
INFO: [ view_filter ] --END-- [ RunTime:0.000133s ]
INFO: [ app_end ] --START--
INFO: Run Behavior\ShowPageTraceBehavior [ RunTime:0.000358s ]
INFO: [ app_end ] --END-- [ RunTime:0.000394s ]

