[ 2018-04-17T11:04:25+08:00 ] 222.128.92.94 /
INFO: [ app_init ] --START--
INFO: Run Behavior\BuildLiteBehavior [ RunTime:0.000010s ]
INFO: [ app_init ] --END-- [ RunTime:0.000240s ]
INFO: [ app_begin ] --START--
INFO: Run Behavior\ReadHtmlCacheBehavior [ RunTime:0.000308s ]
INFO: [ app_begin ] --END-- [ RunTime:0.000355s ]
INFO: [ view_parse ] --START--
INFO: [ template_filter ] --START--
INFO: Run Behavior\ContentReplaceBehavior [ RunTime:0.000022s ]
INFO: [ template_filter ] --END-- [ RunTime:0.000055s ]
INFO: Run Behavior\ParseTemplateBehavior [ RunTime:0.003616s ]
INFO: [ view_parse ] --END-- [ RunTime:0.003650s ]
INFO: [ view_filter ] --START--
INFO: Run Behavior\WriteHtmlCacheBehavior [ RunTime:0.000096s ]
INFO: [ view_filter ] --END-- [ RunTime:0.000122s ]
INFO: [ app_end ] --START--
INFO: Run Behavior\ShowPageTraceBehavior [ RunTime:0.000309s ]
INFO: [ app_end ] --END-- [ RunTime:0.000339s ]

[ 2018-04-17T11:05:25+08:00 ] 222.128.92.94 /
INFO: [ app_init ] --START--
INFO: Run Behavior\BuildLiteBehavior [ RunTime:0.000026s ]
INFO: [ app_init ] --END-- [ RunTime:0.000281s ]
INFO: [ app_begin ] --START--
INFO: Run Behavior\ReadHtmlCacheBehavior [ RunTime:0.000307s ]
INFO: [ app_begin ] --END-- [ RunTime:0.000341s ]
INFO: [ view_parse ] --START--
INFO: Run Behavior\ParseTemplateBehavior [ RunTime:0.000106s ]
INFO: [ view_parse ] --END-- [ RunTime:0.000139s ]
INFO: [ view_filter ] --START--
INFO: Run Behavior\WriteHtmlCacheBehavior [ RunTime:0.000096s ]
INFO: [ view_filter ] --END-- [ RunTime:0.000123s ]
INFO: [ app_end ] --START--
INFO: Run Behavior\ShowPageTraceBehavior [ RunTime:0.000319s ]
INFO: [ app_end ] --END-- [ RunTime:0.000348s ]

[ 2018-04-17T15:27:29+08:00 ] 222.128.92.94 /Admin
INFO: [ app_init ] --START--
INFO: Run Behavior\BuildLiteBehavior [ RunTime:0.000011s ]
INFO: [ app_init ] --END-- [ RunTime:0.000068s ]
INFO: [ app_begin ] --START--
INFO: Run Behavior\ReadHtmlCacheBehavior [ RunTime:0.000324s ]
INFO: [ app_begin ] --END-- [ RunTime:0.000370s ]
INFO: [ view_parse ] --START--
INFO: [ template_filter ] --START--
INFO: Run Behavior\ContentReplaceBehavior [ RunTime:0.000082s ]
INFO: [ template_filter ] --END-- [ RunTime:0.000122s ]
NOTIC: [8] Use of undefined constant GROUP_NAME - assumed 'GROUP_NAME' /home/wwwroot/blog/ydyl/Runtime/Cache/Admin/d3b702bf72ed230e8c20adf6e3c65fe7.php 第 55 行.
NOTIC: [8] Undefined index: logintime /home/wwwroot/blog/ydyl/Runtime/Cache/Admin/d3b702bf72ed230e8c20adf6e3c65fe7.php 第 70 行.
NOTIC: [8] Undefined index: loginip /home/wwwroot/blog/ydyl/Runtime/Cache/Admin/d3b702bf72ed230e8c20adf6e3c65fe7.php 第 79 行.
NOTIC: [8] Undefined index: username /home/wwwroot/blog/ydyl/Runtime/Cache/Admin/d3b702bf72ed230e8c20adf6e3c65fe7.php 第 90 行.
NOTIC: [8] Use of undefined constant GROUP_NAME - assumed 'GROUP_NAME' /home/wwwroot/blog/ydyl/Runtime/Cache/Admin/d3b702bf72ed230e8c20adf6e3c65fe7.php 第 98 行.
NOTIC: [8] Use of undefined constant GROUP_NAME - assumed 'GROUP_NAME' /home/wwwroot/blog/ydyl/Runtime/Cache/Admin/d3b702bf72ed230e8c20adf6e3c65fe7.php 第 108 行.
NOTIC: [8] Use of undefined constant GROUP_NAME - assumed 'GROUP_NAME' /home/wwwroot/blog/ydyl/Runtime/Cache/Admin/d3b702bf72ed230e8c20adf6e3c65fe7.php 第 168 行.
NOTIC: [8] Use of undefined constant GROUP_NAME - assumed 'GROUP_NAME' /home/wwwroot/blog/ydyl/Runtime/Cache/Admin/d3b702bf72ed230e8c20adf6e3c65fe7.php 第 175 行.
NOTIC: [8] Use of undefined constant GROUP_NAME - assumed 'GROUP_NAME' /home/wwwroot/blog/ydyl/Runtime/Cache/Admin/d3b702bf72ed230e8c20adf6e3c65fe7.php 第 182 行.
NOTIC: [8] Use of undefined constant GROUP_NAME - assumed 'GROUP_NAME' /home/wwwroot/blog/ydyl/Runtime/Cache/Admin/d3b702bf72ed230e8c20adf6e3c65fe7.php 第 189 行.
NOTIC: [8] Use of undefined constant GROUP_NAME - assumed 'GROUP_NAME' /home/wwwroot/blog/ydyl/Runtime/Cache/Admin/d3b702bf72ed230e8c20adf6e3c65fe7.php 第 207 行.
NOTIC: [8] Use of undefined constant GROUP_NAME - assumed 'GROUP_NAME' /home/wwwroot/blog/ydyl/Runtime/Cache/Admin/d3b702bf72ed230e8c20adf6e3c65fe7.php 第 214 行.
NOTIC: [8] Use of undefined constant GROUP_NAME - assumed 'GROUP_NAME' /home/wwwroot/blog/ydyl/Runtime/Cache/Admin/d3b702bf72ed230e8c20adf6e3c65fe7.php 第 221 行.
NOTIC: [8] Use of undefined constant GROUP_NAME - assumed 'GROUP_NAME' /home/wwwroot/blog/ydyl/Runtime/Cache/Admin/d3b702bf72ed230e8c20adf6e3c65fe7.php 第 228 行.
NOTIC: [8] Use of undefined constant GROUP_NAME - assumed 'GROUP_NAME' /home/wwwroot/blog/ydyl/Runtime/Cache/Admin/d3b702bf72ed230e8c20adf6e3c65fe7.php 第 235 行.
NOTIC: [8] Use of undefined constant GROUP_NAME - assumed 'GROUP_NAME' /home/wwwroot/blog/ydyl/Runtime/Cache/Admin/d3b702bf72ed230e8c20adf6e3c65fe7.php 第 242 行.
NOTIC: [8] Use of undefined constant GROUP_NAME - assumed 'GROUP_NAME' /home/wwwroot/blog/ydyl/Runtime/Cache/Admin/d3b702bf72ed230e8c20adf6e3c65fe7.php 第 261 行.
NOTIC: [8] Use of undefined constant GROUP_NAME - assumed 'GROUP_NAME' /home/wwwroot/blog/ydyl/Runtime/Cache/Admin/d3b702bf72ed230e8c20adf6e3c65fe7.php 第 268 行.
NOTIC: [8] Use of undefined constant GROUP_NAME - assumed 'GROUP_NAME' /home/wwwroot/blog/ydyl/Runtime/Cache/Admin/d3b702bf72ed230e8c20adf6e3c65fe7.php 第 275 行.
NOTIC: [8] Use of undefined constant GROUP_NAME - assumed 'GROUP_NAME' /home/wwwroot/blog/ydyl/Runtime/Cache/Admin/d3b702bf72ed230e8c20adf6e3c65fe7.php 第 282 行.
NOTIC: [8] Use of undefined constant GROUP_NAME - assumed 'GROUP_NAME' /home/wwwroot/blog/ydyl/Runtime/Cache/Admin/d3b702bf72ed230e8c20adf6e3c65fe7.php 第 313 行.
NOTIC: [8] Use of undefined constant GROUP_NAME - assumed 'GROUP_NAME' /home/wwwroot/blog/ydyl/Runtime/Cache/Admin/d3b702bf72ed230e8c20adf6e3c65fe7.php 第 320 行.
NOTIC: [8] Use of undefined constant GROUP_NAME - assumed 'GROUP_NAME' /home/wwwroot/blog/ydyl/Runtime/Cache/Admin/d3b702bf72ed230e8c20adf6e3c65fe7.php 第 327 行.
NOTIC: [8] Use of undefined constant GROUP_NAME - assumed 'GROUP_NAME' /home/wwwroot/blog/ydyl/Runtime/Cache/Admin/d3b702bf72ed230e8c20adf6e3c65fe7.php 第 334 行.
NOTIC: [8] Use of undefined constant GROUP_NAME - assumed 'GROUP_NAME' /home/wwwroot/blog/ydyl/Runtime/Cache/Admin/d3b702bf72ed230e8c20adf6e3c65fe7.php 第 359 行.
NOTIC: [8] Use of undefined constant GROUP_NAME - assumed 'GROUP_NAME' /home/wwwroot/blog/ydyl/Runtime/Cache/Admin/d3b702bf72ed230e8c20adf6e3c65fe7.php 第 366 行.
NOTIC: [8] Use of undefined constant GROUP_NAME - assumed 'GROUP_NAME' /home/wwwroot/blog/ydyl/Runtime/Cache/Admin/d3b702bf72ed230e8c20adf6e3c65fe7.php 第 373 行.
NOTIC: [8] Use of undefined constant GROUP_NAME - assumed 'GROUP_NAME' /home/wwwroot/blog/ydyl/Runtime/Cache/Admin/d3b702bf72ed230e8c20adf6e3c65fe7.php 第 379 行.
NOTIC: [8] Use of undefined constant GROUP_NAME - assumed 'GROUP_NAME' /home/wwwroot/blog/ydyl/Runtime/Cache/Admin/d3b702bf72ed230e8c20adf6e3c65fe7.php 第 405 行.
NOTIC: [8] Use of undefined constant GROUP_NAME - assumed 'GROUP_NAME' /home/wwwroot/blog/ydyl/Runtime/Cache/Admin/d3b702bf72ed230e8c20adf6e3c65fe7.php 第 412 行.
NOTIC: [8] Undefined index: REMOTE_HOST /home/wwwroot/blog/ydyl/Runtime/Cache/Admin/d3b702bf72ed230e8c20adf6e3c65fe7.php 第 609 行.
INFO: Run Behavior\ParseTemplateBehavior [ RunTime:0.012491s ]
INFO: [ view_parse ] --END-- [ RunTime:0.012526s ]
INFO: [ view_filter ] --START--
INFO: Run Behavior\WriteHtmlCacheBehavior [ RunTime:0.000133s ]
INFO: [ view_filter ] --END-- [ RunTime:0.000165s ]
INFO: [ app_end ] --START--
INFO: Run Behavior\ShowPageTraceBehavior [ RunTime:0.000331s ]
INFO: [ app_end ] --END-- [ RunTime:0.000374s ]

[ 2018-04-17T15:28:56+08:00 ] 222.128.92.94 /Admin
INFO: [ app_init ] --START--
INFO: Run Behavior\BuildLiteBehavior [ RunTime:0.000011s ]
INFO: [ app_init ] --END-- [ RunTime:0.000067s ]
INFO: [ app_begin ] --START--
INFO: Run Behavior\ReadHtmlCacheBehavior [ RunTime:0.000317s ]
INFO: [ app_begin ] --END-- [ RunTime:0.000362s ]
INFO: [ view_parse ] --START--
INFO: [ template_filter ] --START--
INFO: Run Behavior\ContentReplaceBehavior [ RunTime:0.000100s ]
INFO: [ template_filter ] --END-- [ RunTime:0.000144s ]
NOTIC: [8] Use of undefined constant GROUP_NAME - assumed 'GROUP_NAME' /home/wwwroot/blog/ydyl/Runtime/Cache/Admin/d3b702bf72ed230e8c20adf6e3c65fe7.php 第 55 行.
NOTIC: [8] Undefined index: logintime /home/wwwroot/blog/ydyl/Runtime/Cache/Admin/d3b702bf72ed230e8c20adf6e3c65fe7.php 第 70 行.
NOTIC: [8] Undefined index: loginip /home/wwwroot/blog/ydyl/Runtime/Cache/Admin/d3b702bf72ed230e8c20adf6e3c65fe7.php 第 79 行.
NOTIC: [8] Undefined index: username /home/wwwroot/blog/ydyl/Runtime/Cache/Admin/d3b702bf72ed230e8c20adf6e3c65fe7.php 第 90 行.
NOTIC: [8] Use of undefined constant GROUP_NAME - assumed 'GROUP_NAME' /home/wwwroot/blog/ydyl/Runtime/Cache/Admin/d3b702bf72ed230e8c20adf6e3c65fe7.php 第 98 行.
NOTIC: [8] Use of undefined constant GROUP_NAME - assumed 'GROUP_NAME' /home/wwwroot/blog/ydyl/Runtime/Cache/Admin/d3b702bf72ed230e8c20adf6e3c65fe7.php 第 108 行.
NOTIC: [8] Use of undefined constant GROUP_NAME - assumed 'GROUP_NAME' /home/wwwroot/blog/ydyl/Runtime/Cache/Admin/d3b702bf72ed230e8c20adf6e3c65fe7.php 第 168 行.
NOTIC: [8] Use of undefined constant GROUP_NAME - assumed 'GROUP_NAME' /home/wwwroot/blog/ydyl/Runtime/Cache/Admin/d3b702bf72ed230e8c20adf6e3c65fe7.php 第 175 行.
NOTIC: [8] Use of undefined constant GROUP_NAME - assumed 'GROUP_NAME' /home/wwwroot/blog/ydyl/Runtime/Cache/Admin/d3b702bf72ed230e8c20adf6e3c65fe7.php 第 182 行.
NOTIC: [8] Use of undefined constant GROUP_NAME - assumed 'GROUP_NAME' /home/wwwroot/blog/ydyl/Runtime/Cache/Admin/d3b702bf72ed230e8c20adf6e3c65fe7.php 第 189 行.
NOTIC: [8] Use of undefined constant GROUP_NAME - assumed 'GROUP_NAME' /home/wwwroot/blog/ydyl/Runtime/Cache/Admin/d3b702bf72ed230e8c20adf6e3c65fe7.php 第 207 行.
NOTIC: [8] Use of undefined constant GROUP_NAME - assumed 'GROUP_NAME' /home/wwwroot/blog/ydyl/Runtime/Cache/Admin/d3b702bf72ed230e8c20adf6e3c65fe7.php 第 214 行.
NOTIC: [8] Use of undefined constant GROUP_NAME - assumed 'GROUP_NAME' /home/wwwroot/blog/ydyl/Runtime/Cache/Admin/d3b702bf72ed230e8c20adf6e3c65fe7.php 第 221 行.
NOTIC: [8] Use of undefined constant GROUP_NAME - assumed 'GROUP_NAME' /home/wwwroot/blog/ydyl/Runtime/Cache/Admin/d3b702bf72ed230e8c20adf6e3c65fe7.php 第 228 行.
NOTIC: [8] Use of undefined constant GROUP_NAME - assumed 'GROUP_NAME' /home/wwwroot/blog/ydyl/Runtime/Cache/Admin/d3b702bf72ed230e8c20adf6e3c65fe7.php 第 235 行.
NOTIC: [8] Use of undefined constant GROUP_NAME - assumed 'GROUP_NAME' /home/wwwroot/blog/ydyl/Runtime/Cache/Admin/d3b702bf72ed230e8c20adf6e3c65fe7.php 第 242 行.
NOTIC: [8] Use of undefined constant GROUP_NAME - assumed 'GROUP_NAME' /home/wwwroot/blog/ydyl/Runtime/Cache/Admin/d3b702bf72ed230e8c20adf6e3c65fe7.php 第 261 行.
NOTIC: [8] Use of undefined constant GROUP_NAME - assumed 'GROUP_NAME' /home/wwwroot/blog/ydyl/Runtime/Cache/Admin/d3b702bf72ed230e8c20adf6e3c65fe7.php 第 268 行.
NOTIC: [8] Use of undefined constant GROUP_NAME - assumed 'GROUP_NAME' /home/wwwroot/blog/ydyl/Runtime/Cache/Admin/d3b702bf72ed230e8c20adf6e3c65fe7.php 第 275 行.
NOTIC: [8] Use of undefined constant GROUP_NAME - assumed 'GROUP_NAME' /home/wwwroot/blog/ydyl/Runtime/Cache/Admin/d3b702bf72ed230e8c20adf6e3c65fe7.php 第 282 行.
NOTIC: [8] Use of undefined constant GROUP_NAME - assumed 'GROUP_NAME' /home/wwwroot/blog/ydyl/Runtime/Cache/Admin/d3b702bf72ed230e8c20adf6e3c65fe7.php 第 313 行.
NOTIC: [8] Use of undefined constant GROUP_NAME - assumed 'GROUP_NAME' /home/wwwroot/blog/ydyl/Runtime/Cache/Admin/d3b702bf72ed230e8c20adf6e3c65fe7.php 第 320 行.
NOTIC: [8] Use of undefined constant GROUP_NAME - assumed 'GROUP_NAME' /home/wwwroot/blog/ydyl/Runtime/Cache/Admin/d3b702bf72ed230e8c20adf6e3c65fe7.php 第 327 行.
NOTIC: [8] Use of undefined constant GROUP_NAME - assumed 'GROUP_NAME' /home/wwwroot/blog/ydyl/Runtime/Cache/Admin/d3b702bf72ed230e8c20adf6e3c65fe7.php 第 334 行.
NOTIC: [8] Use of undefined constant GROUP_NAME - assumed 'GROUP_NAME' /home/wwwroot/blog/ydyl/Runtime/Cache/Admin/d3b702bf72ed230e8c20adf6e3c65fe7.php 第 359 行.
NOTIC: [8] Use of undefined constant GROUP_NAME - assumed 'GROUP_NAME' /home/wwwroot/blog/ydyl/Runtime/Cache/Admin/d3b702bf72ed230e8c20adf6e3c65fe7.php 第 366 行.
NOTIC: [8] Use of undefined constant GROUP_NAME - assumed 'GROUP_NAME' /home/wwwroot/blog/ydyl/Runtime/Cache/Admin/d3b702bf72ed230e8c20adf6e3c65fe7.php 第 373 行.
NOTIC: [8] Use of undefined constant GROUP_NAME - assumed 'GROUP_NAME' /home/wwwroot/blog/ydyl/Runtime/Cache/Admin/d3b702bf72ed230e8c20adf6e3c65fe7.php 第 379 行.
NOTIC: [8] Use of undefined constant GROUP_NAME - assumed 'GROUP_NAME' /home/wwwroot/blog/ydyl/Runtime/Cache/Admin/d3b702bf72ed230e8c20adf6e3c65fe7.php 第 405 行.
NOTIC: [8] Use of undefined constant GROUP_NAME - assumed 'GROUP_NAME' /home/wwwroot/blog/ydyl/Runtime/Cache/Admin/d3b702bf72ed230e8c20adf6e3c65fe7.php 第 412 行.
NOTIC: [8] Undefined index: REMOTE_HOST /home/wwwroot/blog/ydyl/Runtime/Cache/Admin/d3b702bf72ed230e8c20adf6e3c65fe7.php 第 609 行.
INFO: Run Behavior\ParseTemplateBehavior [ RunTime:0.012198s ]
INFO: [ view_parse ] --END-- [ RunTime:0.012233s ]
INFO: [ view_filter ] --START--
INFO: Run Behavior\WriteHtmlCacheBehavior [ RunTime:0.000126s ]
INFO: [ view_filter ] --END-- [ RunTime:0.000154s ]
INFO: [ app_end ] --START--
INFO: Run Behavior\ShowPageTraceBehavior [ RunTime:0.000380s ]
INFO: [ app_end ] --END-- [ RunTime:0.000426s ]

[ 2018-04-17T15:32:16+08:00 ] 222.128.92.94 /Admin
INFO: [ app_init ] --START--
INFO: Run Behavior\BuildLiteBehavior [ RunTime:0.000010s ]
INFO: [ app_init ] --END-- [ RunTime:0.000065s ]
INFO: [ app_begin ] --START--
INFO: Run Behavior\ReadHtmlCacheBehavior [ RunTime:0.000325s ]
INFO: [ app_begin ] --END-- [ RunTime:0.000365s ]
INFO: [ view_parse ] --START--
INFO: [ template_filter ] --START--
INFO: Run Behavior\ContentReplaceBehavior [ RunTime:0.000074s ]
INFO: [ template_filter ] --END-- [ RunTime:0.000111s ]
NOTIC: [8] Use of undefined constant GROUP_NAME - assumed 'GROUP_NAME' /home/wwwroot/blog/ydyl/Runtime/Cache/Admin/d3b702bf72ed230e8c20adf6e3c65fe7.php 第 55 行.
NOTIC: [8] Undefined index: logintime /home/wwwroot/blog/ydyl/Runtime/Cache/Admin/d3b702bf72ed230e8c20adf6e3c65fe7.php 第 70 行.
NOTIC: [8] Undefined index: loginip /home/wwwroot/blog/ydyl/Runtime/Cache/Admin/d3b702bf72ed230e8c20adf6e3c65fe7.php 第 79 行.
NOTIC: [8] Undefined index: username /home/wwwroot/blog/ydyl/Runtime/Cache/Admin/d3b702bf72ed230e8c20adf6e3c65fe7.php 第 90 行.
NOTIC: [8] Use of undefined constant GROUP_NAME - assumed 'GROUP_NAME' /home/wwwroot/blog/ydyl/Runtime/Cache/Admin/d3b702bf72ed230e8c20adf6e3c65fe7.php 第 98 行.
NOTIC: [8] Use of undefined constant GROUP_NAME - assumed 'GROUP_NAME' /home/wwwroot/blog/ydyl/Runtime/Cache/Admin/d3b702bf72ed230e8c20adf6e3c65fe7.php 第 108 行.
NOTIC: [8] Undefined index: REMOTE_HOST /home/wwwroot/blog/ydyl/Runtime/Cache/Admin/d3b702bf72ed230e8c20adf6e3c65fe7.php 第 609 行.
INFO: Run Behavior\ParseTemplateBehavior [ RunTime:0.011389s ]
INFO: [ view_parse ] --END-- [ RunTime:0.011422s ]
INFO: [ view_filter ] --START--
INFO: Run Behavior\WriteHtmlCacheBehavior [ RunTime:0.000107s ]
INFO: [ view_filter ] --END-- [ RunTime:0.000134s ]
INFO: [ app_end ] --START--
INFO: Run Behavior\ShowPageTraceBehavior [ RunTime:0.000325s ]
INFO: [ app_end ] --END-- [ RunTime:0.000361s ]

[ 2018-04-17T15:32:17+08:00 ] 222.128.92.94 /Admin/System/verify.html
INFO: [ app_init ] --START--
INFO: Run Behavior\BuildLiteBehavior [ RunTime:0.000010s ]
INFO: [ app_init ] --END-- [ RunTime:0.000066s ]
INFO: [ app_begin ] --START--
INFO: Run Behavior\ReadHtmlCacheBehavior [ RunTime:0.000786s ]
INFO: [ app_begin ] --END-- [ RunTime:0.000826s ]
ERR: 无法加载控制器:System

[ 2018-04-17T15:32:26+08:00 ] 222.128.92.94 /Admin/House/index.html
INFO: [ app_init ] --START--
INFO: Run Behavior\BuildLiteBehavior [ RunTime:0.000011s ]
INFO: [ app_init ] --END-- [ RunTime:0.000069s ]
INFO: [ app_begin ] --START--
INFO: Run Behavior\ReadHtmlCacheBehavior [ RunTime:0.000352s ]
INFO: [ app_begin ] --END-- [ RunTime:0.000395s ]
ERR: 无法加载控制器:House

[ 2018-04-17T16:21:05+08:00 ] 222.128.92.94 /Admin/News/news.html
INFO: [ app_init ] --START--
INFO: Run Behavior\BuildLiteBehavior [ RunTime:0.000010s ]
INFO: [ app_init ] --END-- [ RunTime:0.000065s ]
INFO: [ app_begin ] --START--
INFO: Run Behavior\ReadHtmlCacheBehavior [ RunTime:0.000313s ]
INFO: [ app_begin ] --END-- [ RunTime:0.000352s ]
ERR: 无法加载控制器:News

