[ 2018-04-23T15:15:37+08:00 ] 222.128.92.94 /Admin
INFO: [ app_init ] --START--
INFO: Run Behavior\BuildLiteBehavior [ RunTime:0.000010s ]
INFO: [ app_init ] --END-- [ RunTime:0.000066s ]
INFO: [ app_begin ] --START--
INFO: Run Behavior\ReadHtmlCacheBehavior [ RunTime:0.000318s ]
INFO: [ app_begin ] --END-- [ RunTime:0.000356s ]

[ 2018-04-23T15:15:37+08:00 ] 222.128.92.94 /Admin/Login/index.html
INFO: [ app_init ] --START--
INFO: Run Behavior\BuildLiteBehavior [ RunTime:0.000010s ]
INFO: [ app_init ] --END-- [ RunTime:0.000064s ]
INFO: [ app_begin ] --START--
INFO: Run Behavior\ReadHtmlCacheBehavior [ RunTime:0.000348s ]
INFO: [ app_begin ] --END-- [ RunTime:0.000386s ]
INFO: [ view_parse ] --START--
INFO: [ template_filter ] --START--
INFO: Run Behavior\ContentReplaceBehavior [ RunTime:0.000041s ]
INFO: [ template_filter ] --END-- [ RunTime:0.000075s ]
INFO: Run Behavior\ParseTemplateBehavior [ RunTime:0.005276s ]
INFO: [ view_parse ] --END-- [ RunTime:0.005324s ]
INFO: [ view_filter ] --START--
INFO: Run Behavior\WriteHtmlCacheBehavior [ RunTime:0.000099s ]
INFO: [ view_filter ] --END-- [ RunTime:0.000125s ]
INFO: [ app_end ] --START--
INFO: Run Behavior\ShowPageTraceBehavior [ RunTime:0.000312s ]
INFO: [ app_end ] --END-- [ RunTime:0.000345s ]

[ 2018-04-23T15:15:38+08:00 ] 222.128.92.94 /Admin/Login/verify.html
INFO: [ app_init ] --START--
INFO: Run Behavior\BuildLiteBehavior [ RunTime:0.000011s ]
INFO: [ app_init ] --END-- [ RunTime:0.000065s ]
INFO: [ app_begin ] --START--
INFO: Run Behavior\ReadHtmlCacheBehavior [ RunTime:0.000313s ]
INFO: [ app_begin ] --END-- [ RunTime:0.000352s ]
INFO: [ app_end ] --START--
INFO: Run Behavior\ShowPageTraceBehavior [ RunTime:0.000339s ]
INFO: [ app_end ] --END-- [ RunTime:0.000381s ]

[ 2018-04-23T15:16:19+08:00 ] 222.128.92.94 /Admin/Login/verify.html?0.6155081670453779
INFO: [ app_init ] --START--
INFO: Run Behavior\BuildLiteBehavior [ RunTime:0.000010s ]
INFO: [ app_init ] --END-- [ RunTime:0.000067s ]
INFO: [ app_begin ] --START--
INFO: Run Behavior\ReadHtmlCacheBehavior [ RunTime:0.000324s ]
INFO: [ app_begin ] --END-- [ RunTime:0.000362s ]
INFO: [ app_end ] --START--
INFO: Run Behavior\ShowPageTraceBehavior [ RunTime:0.000318s ]
INFO: [ app_end ] --END-- [ RunTime:0.000360s ]

[ 2018-04-23T15:16:26+08:00 ] 222.128.92.94 /Admin/Login/login.html
INFO: [ app_init ] --START--
INFO: Run Behavior\BuildLiteBehavior [ RunTime:0.000010s ]
INFO: [ app_init ] --END-- [ RunTime:0.000068s ]
INFO: [ app_begin ] --START--
INFO: Run Behavior\ReadHtmlCacheBehavior [ RunTime:0.000319s ]
INFO: [ app_begin ] --END-- [ RunTime:0.000360s ]
SQL: SHOW COLUMNS FROM `news_admin` [ RunTime:0.0004s ]
SQL: SELECT * FROM `news_admin` WHERE `username` = 'admin' AND `password` = '1a145a23d6e47aadfe2063f1f951e691'  [ RunTime:0.0001s ]
INFO: [ view_parse ] --START--
INFO: [ template_filter ] --START--
INFO: Run Behavior\ContentReplaceBehavior [ RunTime:0.000025s ]
INFO: [ template_filter ] --END-- [ RunTime:0.000063s ]
INFO: Run Behavior\ParseTemplateBehavior [ RunTime:0.004114s ]
INFO: [ view_parse ] --END-- [ RunTime:0.004155s ]
INFO: [ view_filter ] --START--
INFO: Run Behavior\WriteHtmlCacheBehavior [ RunTime:0.000100s ]
INFO: [ view_filter ] --END-- [ RunTime:0.000126s ]
INFO: [ app_end ] --START--
INFO: Run Behavior\ShowPageTraceBehavior [ RunTime:0.000326s ]
INFO: [ app_end ] --END-- [ RunTime:0.000359s ]

[ 2018-04-23T15:16:28+08:00 ] 222.128.92.94 /Admin/Index/index.html
INFO: [ app_init ] --START--
INFO: Run Behavior\BuildLiteBehavior [ RunTime:0.000010s ]
INFO: [ app_init ] --END-- [ RunTime:0.000066s ]
INFO: [ app_begin ] --START--
INFO: Run Behavior\ReadHtmlCacheBehavior [ RunTime:0.000318s ]
INFO: [ app_begin ] --END-- [ RunTime:0.000357s ]
INFO: [ view_parse ] --START--
INFO: [ template_filter ] --START--
INFO: Run Behavior\ContentReplaceBehavior [ RunTime:0.000068s ]
INFO: [ template_filter ] --END-- [ RunTime:0.000108s ]
NOTIC: [8] Use of undefined constant GROUP_NAME - assumed 'GROUP_NAME' /home/wwwroot/blog/ydyl/Runtime/Cache/Admin/d3b702bf72ed230e8c20adf6e3c65fe7.php 第 55 行.
NOTIC: [8] Undefined index: logintime /home/wwwroot/blog/ydyl/Runtime/Cache/Admin/d3b702bf72ed230e8c20adf6e3c65fe7.php 第 70 行.
NOTIC: [8] Undefined index: loginip /home/wwwroot/blog/ydyl/Runtime/Cache/Admin/d3b702bf72ed230e8c20adf6e3c65fe7.php 第 79 行.
NOTIC: [8] Undefined index: username /home/wwwroot/blog/ydyl/Runtime/Cache/Admin/d3b702bf72ed230e8c20adf6e3c65fe7.php 第 90 行.
NOTIC: [8] Use of undefined constant GROUP_NAME - assumed 'GROUP_NAME' /home/wwwroot/blog/ydyl/Runtime/Cache/Admin/d3b702bf72ed230e8c20adf6e3c65fe7.php 第 98 行.
NOTIC: [8] Use of undefined constant GROUP_NAME - assumed 'GROUP_NAME' /home/wwwroot/blog/ydyl/Runtime/Cache/Admin/d3b702bf72ed230e8c20adf6e3c65fe7.php 第 108 行.
NOTIC: [8] Undefined index: REMOTE_HOST /home/wwwroot/blog/ydyl/Runtime/Cache/Admin/d3b702bf72ed230e8c20adf6e3c65fe7.php 第 369 行.
INFO: Run Behavior\ParseTemplateBehavior [ RunTime:0.008738s ]
INFO: [ view_parse ] --END-- [ RunTime:0.008772s ]
INFO: [ view_filter ] --START--
INFO: Run Behavior\WriteHtmlCacheBehavior [ RunTime:0.000116s ]
INFO: [ view_filter ] --END-- [ RunTime:0.000146s ]
INFO: [ app_end ] --START--
INFO: Run Behavior\ShowPageTraceBehavior [ RunTime:0.000460s ]
INFO: [ app_end ] --END-- [ RunTime:0.000497s ]

[ 2018-04-23T15:16:38+08:00 ] 222.128.92.94 /Admin/News/news.html
INFO: [ app_init ] --START--
INFO: Run Behavior\BuildLiteBehavior [ RunTime:0.000010s ]
INFO: [ app_init ] --END-- [ RunTime:0.000067s ]
INFO: [ app_begin ] --START--
INFO: Run Behavior\ReadHtmlCacheBehavior [ RunTime:0.000324s ]
INFO: [ app_begin ] --END-- [ RunTime:0.000364s ]
INFO: [ view_parse ] --START--
INFO: [ template_filter ] --START--
INFO: Run Behavior\ContentReplaceBehavior [ RunTime:0.000068s ]
INFO: [ template_filter ] --END-- [ RunTime:0.000107s ]
NOTIC: [8] Use of undefined constant GROUP_NAME - assumed 'GROUP_NAME' /home/wwwroot/blog/ydyl/Runtime/Cache/Admin/52a1ca446a8a4a712935178c3b252c68.php 第 51 行.
NOTIC: [8] Undefined index: logintime /home/wwwroot/blog/ydyl/Runtime/Cache/Admin/52a1ca446a8a4a712935178c3b252c68.php 第 66 行.
NOTIC: [8] Undefined index: loginip /home/wwwroot/blog/ydyl/Runtime/Cache/Admin/52a1ca446a8a4a712935178c3b252c68.php 第 75 行.
NOTIC: [8] Undefined index: username /home/wwwroot/blog/ydyl/Runtime/Cache/Admin/52a1ca446a8a4a712935178c3b252c68.php 第 86 行.
NOTIC: [8] Use of undefined constant GROUP_NAME - assumed 'GROUP_NAME' /home/wwwroot/blog/ydyl/Runtime/Cache/Admin/52a1ca446a8a4a712935178c3b252c68.php 第 94 行.
NOTIC: [8] Use of undefined constant GROUP_NAME - assumed 'GROUP_NAME' /home/wwwroot/blog/ydyl/Runtime/Cache/Admin/52a1ca446a8a4a712935178c3b252c68.php 第 104 行.
NOTIC: [8] Use of undefined constant GROUP_NAME - assumed 'GROUP_NAME' /home/wwwroot/blog/ydyl/Runtime/Cache/Admin/52a1ca446a8a4a712935178c3b252c68.php 第 276 行.
NOTIC: [8] Undefined variable: type /home/wwwroot/blog/ydyl/Runtime/Cache/Admin/52a1ca446a8a4a712935178c3b252c68.php 第 282 行.
INFO: Run Behavior\ParseTemplateBehavior [ RunTime:0.009854s ]
INFO: [ view_parse ] --END-- [ RunTime:0.009887s ]
INFO: [ view_filter ] --START--
INFO: Run Behavior\WriteHtmlCacheBehavior [ RunTime:0.000102s ]
INFO: [ view_filter ] --END-- [ RunTime:0.000128s ]
INFO: [ app_end ] --START--
INFO: Run Behavior\ShowPageTraceBehavior [ RunTime:0.000329s ]
INFO: [ app_end ] --END-- [ RunTime:0.000366s ]

[ 2018-04-23T15:16:40+08:00 ] 222.128.92.94 /Admin/News/type
INFO: [ app_init ] --START--
INFO: Run Behavior\BuildLiteBehavior [ RunTime:0.000011s ]
INFO: [ app_init ] --END-- [ RunTime:0.000077s ]
INFO: [ app_begin ] --START--
INFO: Run Behavior\ReadHtmlCacheBehavior [ RunTime:0.003650s ]
INFO: [ app_begin ] --END-- [ RunTime:0.003692s ]

[ 2018-04-23T15:38:40+08:00 ] 222.128.92.94 /Admin/News/news.html
INFO: [ app_init ] --START--
INFO: Run Behavior\BuildLiteBehavior [ RunTime:0.000011s ]
INFO: [ app_init ] --END-- [ RunTime:0.000068s ]
INFO: [ app_begin ] --START--
INFO: Run Behavior\ReadHtmlCacheBehavior [ RunTime:0.000350s ]
INFO: [ app_begin ] --END-- [ RunTime:0.000390s ]
INFO: [ view_parse ] --START--
INFO: [ template_filter ] --START--
INFO: Run Behavior\ContentReplaceBehavior [ RunTime:0.000069s ]
INFO: [ template_filter ] --END-- [ RunTime:0.000107s ]
NOTIC: [8] Use of undefined constant GROUP_NAME - assumed 'GROUP_NAME' /home/wwwroot/blog/ydyl/Runtime/Cache/Admin/52a1ca446a8a4a712935178c3b252c68.php 第 51 行.
NOTIC: [8] Undefined index: logintime /home/wwwroot/blog/ydyl/Runtime/Cache/Admin/52a1ca446a8a4a712935178c3b252c68.php 第 66 行.
NOTIC: [8] Undefined index: loginip /home/wwwroot/blog/ydyl/Runtime/Cache/Admin/52a1ca446a8a4a712935178c3b252c68.php 第 75 行.
NOTIC: [8] Undefined index: username /home/wwwroot/blog/ydyl/Runtime/Cache/Admin/52a1ca446a8a4a712935178c3b252c68.php 第 86 行.
NOTIC: [8] Use of undefined constant GROUP_NAME - assumed 'GROUP_NAME' /home/wwwroot/blog/ydyl/Runtime/Cache/Admin/52a1ca446a8a4a712935178c3b252c68.php 第 94 行.
NOTIC: [8] Use of undefined constant GROUP_NAME - assumed 'GROUP_NAME' /home/wwwroot/blog/ydyl/Runtime/Cache/Admin/52a1ca446a8a4a712935178c3b252c68.php 第 104 行.
NOTIC: [8] Use of undefined constant GROUP_NAME - assumed 'GROUP_NAME' /home/wwwroot/blog/ydyl/Runtime/Cache/Admin/52a1ca446a8a4a712935178c3b252c68.php 第 276 行.
NOTIC: [8] Undefined variable: type /home/wwwroot/blog/ydyl/Runtime/Cache/Admin/52a1ca446a8a4a712935178c3b252c68.php 第 282 行.
INFO: Run Behavior\ParseTemplateBehavior [ RunTime:0.010079s ]
INFO: [ view_parse ] --END-- [ RunTime:0.010111s ]
INFO: [ view_filter ] --START--
INFO: Run Behavior\WriteHtmlCacheBehavior [ RunTime:0.000103s ]
INFO: [ view_filter ] --END-- [ RunTime:0.000131s ]
INFO: [ app_end ] --START--
INFO: Run Behavior\ShowPageTraceBehavior [ RunTime:0.000375s ]
INFO: [ app_end ] --END-- [ RunTime:0.000411s ]

[ 2018-04-23T15:38:40+08:00 ] 222.128.92.94 /Admin/News/type
INFO: [ app_init ] --START--
INFO: Run Behavior\BuildLiteBehavior [ RunTime:0.000010s ]
INFO: [ app_init ] --END-- [ RunTime:0.000078s ]
INFO: [ app_begin ] --START--
INFO: Run Behavior\ReadHtmlCacheBehavior [ RunTime:0.000341s ]
INFO: [ app_begin ] --END-- [ RunTime:0.000390s ]

[ 2018-04-23T15:38:41+08:00 ] 222.128.92.94 /Admin/News/news.html
INFO: [ app_init ] --START--
INFO: Run Behavior\BuildLiteBehavior [ RunTime:0.000010s ]
INFO: [ app_init ] --END-- [ RunTime:0.000069s ]
INFO: [ app_begin ] --START--
INFO: Run Behavior\ReadHtmlCacheBehavior [ RunTime:0.000332s ]
INFO: [ app_begin ] --END-- [ RunTime:0.000373s ]
INFO: [ view_parse ] --START--
INFO: [ template_filter ] --START--
INFO: Run Behavior\ContentReplaceBehavior [ RunTime:0.000070s ]
INFO: [ template_filter ] --END-- [ RunTime:0.000109s ]
NOTIC: [8] Use of undefined constant GROUP_NAME - assumed 'GROUP_NAME' /home/wwwroot/blog/ydyl/Runtime/Cache/Admin/52a1ca446a8a4a712935178c3b252c68.php 第 51 行.
NOTIC: [8] Undefined index: logintime /home/wwwroot/blog/ydyl/Runtime/Cache/Admin/52a1ca446a8a4a712935178c3b252c68.php 第 66 行.
NOTIC: [8] Undefined index: loginip /home/wwwroot/blog/ydyl/Runtime/Cache/Admin/52a1ca446a8a4a712935178c3b252c68.php 第 75 行.
NOTIC: [8] Undefined index: username /home/wwwroot/blog/ydyl/Runtime/Cache/Admin/52a1ca446a8a4a712935178c3b252c68.php 第 86 行.
NOTIC: [8] Use of undefined constant GROUP_NAME - assumed 'GROUP_NAME' /home/wwwroot/blog/ydyl/Runtime/Cache/Admin/52a1ca446a8a4a712935178c3b252c68.php 第 94 行.
NOTIC: [8] Use of undefined constant GROUP_NAME - assumed 'GROUP_NAME' /home/wwwroot/blog/ydyl/Runtime/Cache/Admin/52a1ca446a8a4a712935178c3b252c68.php 第 104 行.
NOTIC: [8] Use of undefined constant GROUP_NAME - assumed 'GROUP_NAME' /home/wwwroot/blog/ydyl/Runtime/Cache/Admin/52a1ca446a8a4a712935178c3b252c68.php 第 276 行.
NOTIC: [8] Undefined variable: type /home/wwwroot/blog/ydyl/Runtime/Cache/Admin/52a1ca446a8a4a712935178c3b252c68.php 第 282 行.
INFO: Run Behavior\ParseTemplateBehavior [ RunTime:0.010063s ]
INFO: [ view_parse ] --END-- [ RunTime:0.010098s ]
INFO: [ view_filter ] --START--
INFO: Run Behavior\WriteHtmlCacheBehavior [ RunTime:0.000120s ]
INFO: [ view_filter ] --END-- [ RunTime:0.000148s ]
INFO: [ app_end ] --START--
INFO: Run Behavior\ShowPageTraceBehavior [ RunTime:0.000350s ]
INFO: [ app_end ] --END-- [ RunTime:0.000387s ]

[ 2018-04-23T15:38:41+08:00 ] 222.128.92.94 /Admin/News/type
INFO: [ app_init ] --START--
INFO: Run Behavior\BuildLiteBehavior [ RunTime:0.000010s ]
INFO: [ app_init ] --END-- [ RunTime:0.000070s ]
INFO: [ app_begin ] --START--
INFO: Run Behavior\ReadHtmlCacheBehavior [ RunTime:0.000444s ]
INFO: [ app_begin ] --END-- [ RunTime:0.000487s ]

