[ 2018-05-12T00:07:24+08:00 ] 183.240.196.147 /favicon.ico
INFO: [ app_init ] --START--
INFO: Run Behavior\BuildLiteBehavior [ RunTime:0.000010s ]
INFO: [ app_init ] --END-- [ RunTime:0.000087s ]

[ 2018-05-12T00:07:24+08:00 ] 183.240.196.147 /favicon.ico
INFO: [ app_init ] --START--
INFO: Run Behavior\BuildLiteBehavior [ RunTime:0.000009s ]
INFO: [ app_init ] --END-- [ RunTime:0.000060s ]

[ 2018-05-12T00:07:24+08:00 ] 183.240.196.147 /favicon.ico
INFO: [ app_init ] --START--
INFO: Run Behavior\BuildLiteBehavior [ RunTime:0.000011s ]
INFO: [ app_init ] --END-- [ RunTime:0.000067s ]

[ 2018-05-12T01:41:01+08:00 ] 220.181.108.150 /
INFO: [ app_init ] --START--
INFO: Run Behavior\BuildLiteBehavior [ RunTime:0.000011s ]
INFO: [ app_init ] --END-- [ RunTime:0.000086s ]
INFO: [ app_begin ] --START--
INFO: Run Behavior\ReadHtmlCacheBehavior [ RunTime:0.000316s ]
INFO: [ app_begin ] --END-- [ RunTime:0.000356s ]
INFO: [ view_parse ] --START--
INFO: [ template_filter ] --START--
INFO: Run Behavior\ContentReplaceBehavior [ RunTime:0.000116s ]
INFO: [ template_filter ] --END-- [ RunTime:0.000165s ]
INFO: Run Behavior\ParseTemplateBehavior [ RunTime:0.020303s ]
INFO: [ view_parse ] --END-- [ RunTime:0.020353s ]
INFO: [ view_filter ] --START--
INFO: Run Behavior\WriteHtmlCacheBehavior [ RunTime:0.000122s ]
INFO: [ view_filter ] --END-- [ RunTime:0.000152s ]
INFO: [ app_end ] --START--
INFO: Run Behavior\ShowPageTraceBehavior [ RunTime:0.000382s ]
INFO: [ app_end ] --END-- [ RunTime:0.000424s ]

[ 2018-05-12T01:41:12+08:00 ] 111.206.221.7 /Home/Index/type
INFO: [ app_init ] --START--
INFO: Run Behavior\BuildLiteBehavior [ RunTime:0.000011s ]
INFO: [ app_init ] --END-- [ RunTime:0.000065s ]
INFO: [ app_begin ] --START--
INFO: Run Behavior\ReadHtmlCacheBehavior [ RunTime:0.000344s ]
INFO: [ app_begin ] --END-- [ RunTime:0.000384s ]
SQL: SHOW COLUMNS FROM `news_type` [ RunTime:0.0013s ]
SQL: SELECT * FROM `news_type` ORDER BY id desc  [ RunTime:0.0001s ]
SQL: SHOW COLUMNS FROM `news_nexttype` [ RunTime:0.0003s ]
SQL: SELECT * FROM `news_nexttype` WHERE `sid` = 27 ORDER BY id desc  [ RunTime:0.0001s ]
SQL: SELECT * FROM `news_nexttype` WHERE `sid` = 26 ORDER BY id desc  [ RunTime:0.0001s ]
SQL: SELECT * FROM `news_nexttype` WHERE `sid` = 25 ORDER BY id desc  [ RunTime:0.0001s ]
SQL: SELECT * FROM `news_nexttype` WHERE `sid` = 23 ORDER BY id desc  [ RunTime:0.0001s ]
SQL: SELECT * FROM `news_nexttype` WHERE `sid` = 21 ORDER BY id desc  [ RunTime:0.0001s ]
SQL: SELECT * FROM `news_nexttype` WHERE `sid` = 20 ORDER BY id desc  [ RunTime:0.0001s ]
SQL: SELECT * FROM `news_nexttype` WHERE `sid` = 19 ORDER BY id desc  [ RunTime:0.0001s ]
SQL: SELECT * FROM `news_nexttype` WHERE `sid` = 16 ORDER BY id desc  [ RunTime:0.0001s ]
SQL: SELECT * FROM `news_nexttype` WHERE `sid` = 15 ORDER BY id desc  [ RunTime:0.0001s ]
SQL: SELECT * FROM `news_nexttype` WHERE `sid` = 14 ORDER BY id desc  [ RunTime:0.0001s ]
SQL: SELECT * FROM `news_nexttype` WHERE `sid` = 13 ORDER BY id desc  [ RunTime:0.0001s ]
SQL: SELECT * FROM `news_nexttype` WHERE `sid` = 12 ORDER BY id desc  [ RunTime:0.0001s ]
SQL: SELECT * FROM `news_nexttype` WHERE `sid` = 11 ORDER BY id desc  [ RunTime:0.0000s ]
SQL: SELECT * FROM `news_nexttype` WHERE `sid` = 10 ORDER BY id desc  [ RunTime:0.0001s ]
SQL: SELECT * FROM `news_nexttype` WHERE `sid` = 9 ORDER BY id desc  [ RunTime:0.0001s ]
SQL: SELECT * FROM `news_nexttype` WHERE `sid` = 8 ORDER BY id desc  [ RunTime:0.0000s ]
SQL: SELECT * FROM `news_nexttype` WHERE `sid` = 6 ORDER BY id desc  [ RunTime:0.0001s ]
SQL: SELECT * FROM `news_nexttype` WHERE `sid` = 5 ORDER BY id desc  [ RunTime:0.0001s ]
SQL: SELECT * FROM `news_nexttype` WHERE `sid` = 2 ORDER BY id desc  [ RunTime:0.0001s ]
SQL: SELECT * FROM `news_nexttype` WHERE `sid` = 1 ORDER BY id desc  [ RunTime:0.0001s ]
INFO: [ app_end ] --START--
INFO: Run Behavior\ShowPageTraceBehavior [ RunTime:0.000354s ]
INFO: [ app_end ] --END-- [ RunTime:0.000391s ]

[ 2018-05-12T01:41:13+08:00 ] 111.206.198.46 /Home/Index/indexfor
INFO: [ app_init ] --START--
INFO: Run Behavior\BuildLiteBehavior [ RunTime:0.000010s ]
INFO: [ app_init ] --END-- [ RunTime:0.000060s ]
INFO: [ app_begin ] --START--
INFO: Run Behavior\ReadHtmlCacheBehavior [ RunTime:0.000350s ]
INFO: [ app_begin ] --END-- [ RunTime:0.000391s ]
SQL: SHOW COLUMNS FROM `news_type` [ RunTime:0.0003s ]
SQL: SELECT * FROM `news_type` WHERE `name` = '轮播图' LIMIT 1   [ RunTime:0.0005s ]
SQL: SHOW COLUMNS FROM `news_nexttype` [ RunTime:0.0003s ]
SQL: SELECT * FROM `news_nexttype` WHERE `sid` = 6 LIMIT 1   [ RunTime:0.0003s ]
SQL: SHOW COLUMNS FROM `news_news` [ RunTime:0.0003s ]
SQL: SELECT * FROM `news_news` WHERE `twotype` = 30 ORDER BY id desc LIMIT 8   [ RunTime:0.0005s ]
INFO: [ app_end ] --START--
INFO: Run Behavior\ShowPageTraceBehavior [ RunTime:0.000374s ]
INFO: [ app_end ] --END-- [ RunTime:0.000409s ]

[ 2018-05-12T01:41:14+08:00 ] 111.206.221.88 /Home/Index/indexvideo
INFO: [ app_init ] --START--
INFO: Run Behavior\BuildLiteBehavior [ RunTime:0.000008s ]
INFO: [ app_init ] --END-- [ RunTime:0.000057s ]
INFO: [ app_begin ] --START--
INFO: Run Behavior\ReadHtmlCacheBehavior [ RunTime:0.000313s ]
INFO: [ app_begin ] --END-- [ RunTime:0.000359s ]
SQL: SHOW COLUMNS FROM `news_news` [ RunTime:0.0005s ]
SQL: SELECT * FROM `news_news` WHERE `isvideo` = 1 ORDER BY id desc LIMIT 7   [ RunTime:0.0008s ]
INFO: [ app_end ] --START--
INFO: Run Behavior\ShowPageTraceBehavior [ RunTime:0.000375s ]
INFO: [ app_end ] --END-- [ RunTime:0.000415s ]

[ 2018-05-12T01:41:14+08:00 ] 111.206.198.120 /Home/Index/indeximg
INFO: [ app_init ] --START--
INFO: Run Behavior\BuildLiteBehavior [ RunTime:0.000009s ]
INFO: [ app_init ] --END-- [ RunTime:0.000057s ]
INFO: [ app_begin ] --START--
INFO: Run Behavior\ReadHtmlCacheBehavior [ RunTime:0.012595s ]
INFO: [ app_begin ] --END-- [ RunTime:0.012640s ]
SQL: SHOW COLUMNS FROM `news_allimg` [ RunTime:0.0003s ]
SQL: SELECT * FROM `news_allimg` ORDER BY id desc LIMIT 5   [ RunTime:0.0020s ]
INFO: [ app_end ] --START--
INFO: Run Behavior\ShowPageTraceBehavior [ RunTime:0.000379s ]
INFO: [ app_end ] --END-- [ RunTime:0.000417s ]

[ 2018-05-12T01:41:15+08:00 ] 111.206.221.92 /Home/Login/islogin
INFO: [ app_init ] --START--
INFO: Run Behavior\BuildLiteBehavior [ RunTime:0.000011s ]
INFO: [ app_init ] --END-- [ RunTime:0.000068s ]
INFO: [ app_begin ] --START--
INFO: Run Behavior\ReadHtmlCacheBehavior [ RunTime:0.000365s ]
INFO: [ app_begin ] --END-- [ RunTime:0.000424s ]
INFO: [ app_end ] --START--
INFO: Run Behavior\ShowPageTraceBehavior [ RunTime:0.000366s ]
INFO: [ app_end ] --END-- [ RunTime:0.000408s ]

[ 2018-05-12T01:41:18+08:00 ] 111.206.198.17 /Home/Index/indexdata
INFO: [ app_init ] --START--
INFO: Run Behavior\BuildLiteBehavior [ RunTime:0.000011s ]
INFO: [ app_init ] --END-- [ RunTime:0.000081s ]
INFO: [ app_begin ] --START--
INFO: Run Behavior\ReadHtmlCacheBehavior [ RunTime:0.008128s ]
INFO: [ app_begin ] --END-- [ RunTime:0.008173s ]
SQL: SHOW COLUMNS FROM `news_type` [ RunTime:0.0004s ]
SQL: SELECT * FROM `news_type`  [ RunTime:0.0001s ]
SQL: SHOW COLUMNS FROM `news_news` [ RunTime:0.0003s ]
SQL: SELECT * FROM `news_news` WHERE `onetype` = 1 ORDER BY id desc LIMIT 5   [ RunTime:0.0002s ]
SQL: SELECT * FROM `news_news` WHERE `onetype` = 2 ORDER BY id desc LIMIT 5   [ RunTime:0.0008s ]
SQL: SELECT * FROM `news_news` WHERE `onetype` = 5 ORDER BY id desc LIMIT 5   [ RunTime:0.0006s ]
SQL: SELECT * FROM `news_news` WHERE `onetype` = 6 ORDER BY id desc LIMIT 5   [ RunTime:0.0007s ]
SQL: SELECT * FROM `news_news` WHERE `onetype` = 8 ORDER BY id desc LIMIT 5   [ RunTime:0.0001s ]
SQL: SELECT * FROM `news_news` WHERE `onetype` = 9 ORDER BY id desc LIMIT 5   [ RunTime:0.0019s ]
SQL: SELECT * FROM `news_news` WHERE `onetype` = 10 ORDER BY id desc LIMIT 5   [ RunTime:0.0001s ]
SQL: SELECT * FROM `news_news` WHERE `onetype` = 11 ORDER BY id desc LIMIT 5   [ RunTime:0.0001s ]
SQL: SELECT * FROM `news_news` WHERE `onetype` = 12 ORDER BY id desc LIMIT 5   [ RunTime:0.0001s ]
SQL: SELECT * FROM `news_news` WHERE `onetype` = 13 ORDER BY id desc LIMIT 5   [ RunTime:0.0001s ]
SQL: SELECT * FROM `news_news` WHERE `onetype` = 14 ORDER BY id desc LIMIT 5   [ RunTime:0.0001s ]
SQL: SELECT * FROM `news_news` WHERE `onetype` = 15 ORDER BY id desc LIMIT 5   [ RunTime:0.0001s ]
SQL: SELECT * FROM `news_news` WHERE `onetype` = 16 ORDER BY id desc LIMIT 5   [ RunTime:0.0001s ]
SQL: SELECT * FROM `news_news` WHERE `onetype` = 19 ORDER BY id desc LIMIT 5   [ RunTime:0.0001s ]
SQL: SELECT * FROM `news_news` WHERE `onetype` = 20 ORDER BY id desc LIMIT 5   [ RunTime:0.0001s ]
SQL: SELECT * FROM `news_news` WHERE `onetype` = 21 ORDER BY id desc LIMIT 5   [ RunTime:0.0001s ]
SQL: SELECT * FROM `news_news` WHERE `onetype` = 23 ORDER BY id desc LIMIT 5   [ RunTime:0.0001s ]
SQL: SELECT * FROM `news_news` WHERE `onetype` = 25 ORDER BY id desc LIMIT 5   [ RunTime:0.0001s ]
SQL: SELECT * FROM `news_news` WHERE `onetype` = 26 ORDER BY id desc LIMIT 5   [ RunTime:0.0001s ]
SQL: SELECT * FROM `news_news` WHERE `onetype` = 27 ORDER BY id desc LIMIT 5   [ RunTime:0.0001s ]

[ 2018-05-12T01:41:19+08:00 ] 111.206.198.97 /Home/Index/indexcool
INFO: [ app_init ] --START--
INFO: Run Behavior\BuildLiteBehavior [ RunTime:0.000010s ]
INFO: [ app_init ] --END-- [ RunTime:0.000067s ]
INFO: [ app_begin ] --START--
INFO: Run Behavior\ReadHtmlCacheBehavior [ RunTime:0.000370s ]
INFO: [ app_begin ] --END-- [ RunTime:0.000421s ]
SQL: SHOW COLUMNS FROM `news_type` [ RunTime:0.0003s ]
SQL: SELECT * FROM `news_type` WHERE `name` = '时政新闻' LIMIT 1   [ RunTime:0.0001s ]
SQL: SHOW COLUMNS FROM `news_news` [ RunTime:0.0003s ]
SQL: SELECT * FROM `news_news` WHERE `onetype` = 1 ORDER BY id desc LIMIT 6   [ RunTime:0.0002s ]
SQL: SELECT * FROM `news_type` WHERE `name` = '首页头条' LIMIT 1   [ RunTime:0.0001s ]
SQL: SELECT * FROM `news_news` WHERE `onetype` = 8 ORDER BY id desc LIMIT 4   [ RunTime:0.0001s ]
SQL: SELECT * FROM `news_news` WHERE `onetype` = 8 AND `isleft` = 1 ORDER BY id desc LIMIT 6   [ RunTime:0.0001s ]
SQL: SHOW COLUMNS FROM `news_nexttype` [ RunTime:0.0002s ]
SQL: SELECT * FROM `news_nexttype` WHERE `sid` = 8  [ RunTime:0.0001s ]
SQL: SELECT * FROM `news_news` WHERE `twotype` = 31 AND `isleft` = 0 ORDER BY id desc LIMIT 7   [ RunTime:0.0001s ]
SQL: SELECT * FROM `news_news` WHERE `twotype` = 32 AND `isleft` = 0 ORDER BY id desc LIMIT 7   [ RunTime:0.0001s ]
INFO: [ app_end ] --START--
INFO: Run Behavior\ShowPageTraceBehavior [ RunTime:0.000539s ]
INFO: [ app_end ] --END-- [ RunTime:0.000615s ]

[ 2018-05-12T03:50:17+08:00 ] 106.11.227.63 /
INFO: [ app_init ] --START--
INFO: Run Behavior\BuildLiteBehavior [ RunTime:0.000020s ]
INFO: [ app_init ] --END-- [ RunTime:0.000079s ]
INFO: [ app_begin ] --START--
INFO: Run Behavior\ReadHtmlCacheBehavior [ RunTime:0.000304s ]
INFO: [ app_begin ] --END-- [ RunTime:0.000342s ]
INFO: [ view_parse ] --START--
INFO: [ template_filter ] --START--
INFO: Run Behavior\ContentReplaceBehavior [ RunTime:0.000106s ]
INFO: [ template_filter ] --END-- [ RunTime:0.000145s ]
INFO: Run Behavior\ParseTemplateBehavior [ RunTime:0.019835s ]
INFO: [ view_parse ] --END-- [ RunTime:0.019872s ]
INFO: [ view_filter ] --START--
INFO: Run Behavior\WriteHtmlCacheBehavior [ RunTime:0.000107s ]
INFO: [ view_filter ] --END-- [ RunTime:0.000135s ]
INFO: [ app_end ] --START--
INFO: Run Behavior\ShowPageTraceBehavior [ RunTime:0.000326s ]
INFO: [ app_end ] --END-- [ RunTime:0.000364s ]

[ 2018-05-12T06:34:53+08:00 ] 106.11.227.55 /
INFO: [ app_init ] --START--
INFO: Run Behavior\BuildLiteBehavior [ RunTime:0.000012s ]
INFO: [ app_init ] --END-- [ RunTime:0.000070s ]
INFO: [ app_begin ] --START--
INFO: Run Behavior\ReadHtmlCacheBehavior [ RunTime:0.000335s ]
INFO: [ app_begin ] --END-- [ RunTime:0.000373s ]
INFO: [ view_parse ] --START--
INFO: [ template_filter ] --START--
INFO: Run Behavior\ContentReplaceBehavior [ RunTime:0.000111s ]
INFO: [ template_filter ] --END-- [ RunTime:0.000163s ]
INFO: Run Behavior\ParseTemplateBehavior [ RunTime:0.020888s ]
INFO: [ view_parse ] --END-- [ RunTime:0.020926s ]
INFO: [ view_filter ] --START--
INFO: Run Behavior\WriteHtmlCacheBehavior [ RunTime:0.000120s ]
INFO: [ view_filter ] --END-- [ RunTime:0.000147s ]
INFO: [ app_end ] --START--
INFO: Run Behavior\ShowPageTraceBehavior [ RunTime:0.000356s ]
INFO: [ app_end ] --END-- [ RunTime:0.000394s ]

[ 2018-05-12T09:18:29+08:00 ] 61.55.191.148 /
INFO: [ app_init ] --START--
INFO: Run Behavior\BuildLiteBehavior [ RunTime:0.000010s ]
INFO: [ app_init ] --END-- [ RunTime:0.000066s ]
INFO: [ app_begin ] --START--
INFO: Run Behavior\ReadHtmlCacheBehavior [ RunTime:0.000424s ]
INFO: [ app_begin ] --END-- [ RunTime:0.000465s ]
INFO: [ view_parse ] --START--
INFO: [ template_filter ] --START--
INFO: Run Behavior\ContentReplaceBehavior [ RunTime:0.000107s ]
INFO: [ template_filter ] --END-- [ RunTime:0.000150s ]
INFO: Run Behavior\ParseTemplateBehavior [ RunTime:0.020160s ]
INFO: [ view_parse ] --END-- [ RunTime:0.020198s ]
INFO: [ view_filter ] --START--
INFO: Run Behavior\WriteHtmlCacheBehavior [ RunTime:0.000107s ]
INFO: [ view_filter ] --END-- [ RunTime:0.000135s ]
INFO: [ app_end ] --START--
INFO: Run Behavior\ShowPageTraceBehavior [ RunTime:0.000342s ]
INFO: [ app_end ] --END-- [ RunTime:0.000385s ]

[ 2018-05-12T09:44:23+08:00 ] 123.125.71.101 /
INFO: [ app_init ] --START--
INFO: Run Behavior\BuildLiteBehavior [ RunTime:0.000016s ]
INFO: [ app_init ] --END-- [ RunTime:0.000099s ]
INFO: [ app_begin ] --START--
INFO: Run Behavior\ReadHtmlCacheBehavior [ RunTime:0.000388s ]
INFO: [ app_begin ] --END-- [ RunTime:0.000444s ]
INFO: [ view_parse ] --START--
INFO: [ template_filter ] --START--
INFO: Run Behavior\ContentReplaceBehavior [ RunTime:0.000136s ]
INFO: [ template_filter ] --END-- [ RunTime:0.000197s ]
INFO: Run Behavior\ParseTemplateBehavior [ RunTime:0.020959s ]
INFO: [ view_parse ] --END-- [ RunTime:0.021001s ]
INFO: [ view_filter ] --START--
INFO: Run Behavior\WriteHtmlCacheBehavior [ RunTime:0.000134s ]
INFO: [ view_filter ] --END-- [ RunTime:0.000161s ]
INFO: [ app_end ] --START--
INFO: Run Behavior\ShowPageTraceBehavior [ RunTime:0.000367s ]
INFO: [ app_end ] --END-- [ RunTime:0.000405s ]

[ 2018-05-12T09:44:36+08:00 ] 111.206.198.14 /Home/Index/type
INFO: [ app_init ] --START--
INFO: Run Behavior\BuildLiteBehavior [ RunTime:0.000012s ]
INFO: [ app_init ] --END-- [ RunTime:0.000073s ]
INFO: [ app_begin ] --START--
INFO: Run Behavior\ReadHtmlCacheBehavior [ RunTime:0.000506s ]
INFO: [ app_begin ] --END-- [ RunTime:0.000550s ]
SQL: SHOW COLUMNS FROM `news_type` [ RunTime:0.0006s ]
SQL: SELECT * FROM `news_type` ORDER BY id desc  [ RunTime:0.0001s ]
SQL: SHOW COLUMNS FROM `news_nexttype` [ RunTime:0.0003s ]
SQL: SELECT * FROM `news_nexttype` WHERE `sid` = 27 ORDER BY id desc  [ RunTime:0.0001s ]
SQL: SELECT * FROM `news_nexttype` WHERE `sid` = 26 ORDER BY id desc  [ RunTime:0.0001s ]
SQL: SELECT * FROM `news_nexttype` WHERE `sid` = 25 ORDER BY id desc  [ RunTime:0.0001s ]
SQL: SELECT * FROM `news_nexttype` WHERE `sid` = 23 ORDER BY id desc  [ RunTime:0.0001s ]
SQL: SELECT * FROM `news_nexttype` WHERE `sid` = 21 ORDER BY id desc  [ RunTime:0.0001s ]
SQL: SELECT * FROM `news_nexttype` WHERE `sid` = 20 ORDER BY id desc  [ RunTime:0.0001s ]
SQL: SELECT * FROM `news_nexttype` WHERE `sid` = 19 ORDER BY id desc  [ RunTime:0.0001s ]
SQL: SELECT * FROM `news_nexttype` WHERE `sid` = 16 ORDER BY id desc  [ RunTime:0.0001s ]
SQL: SELECT * FROM `news_nexttype` WHERE `sid` = 15 ORDER BY id desc  [ RunTime:0.0001s ]
SQL: SELECT * FROM `news_nexttype` WHERE `sid` = 14 ORDER BY id desc  [ RunTime:0.0001s ]
SQL: SELECT * FROM `news_nexttype` WHERE `sid` = 13 ORDER BY id desc  [ RunTime:0.0001s ]
SQL: SELECT * FROM `news_nexttype` WHERE `sid` = 12 ORDER BY id desc  [ RunTime:0.0001s ]
SQL: SELECT * FROM `news_nexttype` WHERE `sid` = 11 ORDER BY id desc  [ RunTime:0.0001s ]
SQL: SELECT * FROM `news_nexttype` WHERE `sid` = 10 ORDER BY id desc  [ RunTime:0.0001s ]
SQL: SELECT * FROM `news_nexttype` WHERE `sid` = 9 ORDER BY id desc  [ RunTime:0.0001s ]
SQL: SELECT * FROM `news_nexttype` WHERE `sid` = 8 ORDER BY id desc  [ RunTime:0.0001s ]
SQL: SELECT * FROM `news_nexttype` WHERE `sid` = 6 ORDER BY id desc  [ RunTime:0.0001s ]
SQL: SELECT * FROM `news_nexttype` WHERE `sid` = 5 ORDER BY id desc  [ RunTime:0.0001s ]
SQL: SELECT * FROM `news_nexttype` WHERE `sid` = 2 ORDER BY id desc  [ RunTime:0.0001s ]
SQL: SELECT * FROM `news_nexttype` WHERE `sid` = 1 ORDER BY id desc  [ RunTime:0.0001s ]
INFO: [ app_end ] --START--
INFO: Run Behavior\ShowPageTraceBehavior [ RunTime:0.000436s ]
INFO: [ app_end ] --END-- [ RunTime:0.000487s ]

[ 2018-05-12T09:44:37+08:00 ] 111.206.221.73 /Home/Login/islogin
INFO: [ app_init ] --START--
INFO: Run Behavior\BuildLiteBehavior [ RunTime:0.000013s ]
INFO: [ app_init ] --END-- [ RunTime:0.000069s ]
INFO: [ app_begin ] --START--
INFO: Run Behavior\ReadHtmlCacheBehavior [ RunTime:0.000345s ]
INFO: [ app_begin ] --END-- [ RunTime:0.000392s ]
INFO: [ app_end ] --START--
INFO: Run Behavior\ShowPageTraceBehavior [ RunTime:0.000379s ]
INFO: [ app_end ] --END-- [ RunTime:0.000420s ]

[ 2018-05-12T09:44:37+08:00 ] 111.206.221.39 /Home/Index/indexcool
INFO: [ app_init ] --START--
INFO: Run Behavior\BuildLiteBehavior [ RunTime:0.000011s ]
INFO: [ app_init ] --END-- [ RunTime:0.000068s ]
INFO: [ app_begin ] --START--
INFO: Run Behavior\ReadHtmlCacheBehavior [ RunTime:0.003622s ]
INFO: [ app_begin ] --END-- [ RunTime:0.003666s ]
SQL: SHOW COLUMNS FROM `news_type` [ RunTime:0.0004s ]
SQL: SELECT * FROM `news_type` WHERE `name` = '时政新闻' LIMIT 1   [ RunTime:0.0001s ]
SQL: SHOW COLUMNS FROM `news_news` [ RunTime:0.0003s ]
SQL: SELECT * FROM `news_news` WHERE `onetype` = 1 ORDER BY id desc LIMIT 6   [ RunTime:0.0002s ]
SQL: SELECT * FROM `news_type` WHERE `name` = '首页头条' LIMIT 1   [ RunTime:0.0001s ]
SQL: SELECT * FROM `news_news` WHERE `onetype` = 8 ORDER BY id desc LIMIT 4   [ RunTime:0.0001s ]
SQL: SELECT * FROM `news_news` WHERE `onetype` = 8 AND `isleft` = 1 ORDER BY id desc LIMIT 6   [ RunTime:0.0001s ]
SQL: SHOW COLUMNS FROM `news_nexttype` [ RunTime:0.0003s ]
SQL: SELECT * FROM `news_nexttype` WHERE `sid` = 8  [ RunTime:0.0001s ]
SQL: SELECT * FROM `news_news` WHERE `twotype` = 31 AND `isleft` = 0 ORDER BY id desc LIMIT 7   [ RunTime:0.0001s ]
SQL: SELECT * FROM `news_news` WHERE `twotype` = 32 AND `isleft` = 0 ORDER BY id desc LIMIT 7   [ RunTime:0.0001s ]
INFO: [ app_end ] --START--
INFO: Run Behavior\ShowPageTraceBehavior [ RunTime:0.000658s ]
INFO: [ app_end ] --END-- [ RunTime:0.000761s ]

[ 2018-05-12T09:44:38+08:00 ] 111.206.198.108 /Home/Index/indeximg
INFO: [ app_init ] --START--
INFO: Run Behavior\BuildLiteBehavior [ RunTime:0.000010s ]
INFO: [ app_init ] --END-- [ RunTime:0.000059s ]
INFO: [ app_begin ] --START--
INFO: Run Behavior\ReadHtmlCacheBehavior [ RunTime:0.000320s ]
INFO: [ app_begin ] --END-- [ RunTime:0.000361s ]
SQL: SHOW COLUMNS FROM `news_allimg` [ RunTime:0.0005s ]
SQL: SELECT * FROM `news_allimg` ORDER BY id desc LIMIT 5   [ RunTime:0.0008s ]
INFO: [ app_end ] --START--
INFO: Run Behavior\ShowPageTraceBehavior [ RunTime:0.000393s ]
INFO: [ app_end ] --END-- [ RunTime:0.000434s ]

[ 2018-05-12T09:44:38+08:00 ] 111.206.198.48 /Home/Index/indexfor
INFO: [ app_init ] --START--
INFO: Run Behavior\BuildLiteBehavior [ RunTime:0.000010s ]
INFO: [ app_init ] --END-- [ RunTime:0.022114s ]
INFO: [ app_begin ] --START--
INFO: Run Behavior\ReadHtmlCacheBehavior [ RunTime:0.000365s ]
INFO: [ app_begin ] --END-- [ RunTime:0.000408s ]
SQL: SHOW COLUMNS FROM `news_type` [ RunTime:0.0003s ]
SQL: SELECT * FROM `news_type` WHERE `name` = '轮播图' LIMIT 1   [ RunTime:0.0005s ]
SQL: SHOW COLUMNS FROM `news_nexttype` [ RunTime:0.0003s ]
SQL: SELECT * FROM `news_nexttype` WHERE `sid` = 6 LIMIT 1   [ RunTime:0.0005s ]
SQL: SHOW COLUMNS FROM `news_news` [ RunTime:0.0003s ]
SQL: SELECT * FROM `news_news` WHERE `twotype` = 30 ORDER BY id desc LIMIT 8   [ RunTime:0.0003s ]
INFO: [ app_end ] --START--
INFO: Run Behavior\ShowPageTraceBehavior [ RunTime:0.000406s ]
INFO: [ app_end ] --END-- [ RunTime:0.000447s ]

[ 2018-05-12T09:44:39+08:00 ] 111.206.221.6 /Home/Index/indexvideo
INFO: [ app_init ] --START--
INFO: Run Behavior\BuildLiteBehavior [ RunTime:0.000011s ]
INFO: [ app_init ] --END-- [ RunTime:0.000067s ]
INFO: [ app_begin ] --START--
INFO: Run Behavior\ReadHtmlCacheBehavior [ RunTime:0.000389s ]
INFO: [ app_begin ] --END-- [ RunTime:0.000446s ]
SQL: SHOW COLUMNS FROM `news_news` [ RunTime:0.0005s ]
SQL: SELECT * FROM `news_news` WHERE `isvideo` = 1 ORDER BY id desc LIMIT 7   [ RunTime:0.0001s ]
INFO: [ app_end ] --START--
INFO: Run Behavior\ShowPageTraceBehavior [ RunTime:0.000376s ]
INFO: [ app_end ] --END-- [ RunTime:0.000419s ]

[ 2018-05-12T09:44:41+08:00 ] 111.206.221.79 /Home/Index/indexdata
INFO: [ app_init ] --START--
INFO: Run Behavior\BuildLiteBehavior [ RunTime:0.000010s ]
INFO: [ app_init ] --END-- [ RunTime:0.000059s ]
INFO: [ app_begin ] --START--
INFO: Run Behavior\ReadHtmlCacheBehavior [ RunTime:0.000325s ]
INFO: [ app_begin ] --END-- [ RunTime:0.000366s ]
SQL: SHOW COLUMNS FROM `news_type` [ RunTime:0.0003s ]
SQL: SELECT * FROM `news_type`  [ RunTime:0.0021s ]
SQL: SHOW COLUMNS FROM `news_news` [ RunTime:0.0004s ]
SQL: SELECT * FROM `news_news` WHERE `onetype` = 1 ORDER BY id desc LIMIT 5   [ RunTime:0.0009s ]
SQL: SELECT * FROM `news_news` WHERE `onetype` = 2 ORDER BY id desc LIMIT 5   [ RunTime:0.0008s ]
SQL: SELECT * FROM `news_news` WHERE `onetype` = 5 ORDER BY id desc LIMIT 5   [ RunTime:0.0007s ]
SQL: SELECT * FROM `news_news` WHERE `onetype` = 6 ORDER BY id desc LIMIT 5   [ RunTime:0.0021s ]
SQL: SELECT * FROM `news_news` WHERE `onetype` = 8 ORDER BY id desc LIMIT 5   [ RunTime:0.0001s ]
SQL: SELECT * FROM `news_news` WHERE `onetype` = 9 ORDER BY id desc LIMIT 5   [ RunTime:0.0001s ]
SQL: SELECT * FROM `news_news` WHERE `onetype` = 10 ORDER BY id desc LIMIT 5   [ RunTime:0.0001s ]
SQL: SELECT * FROM `news_news` WHERE `onetype` = 11 ORDER BY id desc LIMIT 5   [ RunTime:0.0001s ]
SQL: SELECT * FROM `news_news` WHERE `onetype` = 12 ORDER BY id desc LIMIT 5   [ RunTime:0.0001s ]
SQL: SELECT * FROM `news_news` WHERE `onetype` = 13 ORDER BY id desc LIMIT 5   [ RunTime:0.0001s ]
SQL: SELECT * FROM `news_news` WHERE `onetype` = 14 ORDER BY id desc LIMIT 5   [ RunTime:0.0001s ]
SQL: SELECT * FROM `news_news` WHERE `onetype` = 15 ORDER BY id desc LIMIT 5   [ RunTime:0.0001s ]
SQL: SELECT * FROM `news_news` WHERE `onetype` = 16 ORDER BY id desc LIMIT 5   [ RunTime:0.0001s ]
SQL: SELECT * FROM `news_news` WHERE `onetype` = 19 ORDER BY id desc LIMIT 5   [ RunTime:0.0001s ]
SQL: SELECT * FROM `news_news` WHERE `onetype` = 20 ORDER BY id desc LIMIT 5   [ RunTime:0.0001s ]
SQL: SELECT * FROM `news_news` WHERE `onetype` = 21 ORDER BY id desc LIMIT 5   [ RunTime:0.0001s ]
SQL: SELECT * FROM `news_news` WHERE `onetype` = 23 ORDER BY id desc LIMIT 5   [ RunTime:0.0001s ]
SQL: SELECT * FROM `news_news` WHERE `onetype` = 25 ORDER BY id desc LIMIT 5   [ RunTime:0.0001s ]
SQL: SELECT * FROM `news_news` WHERE `onetype` = 26 ORDER BY id desc LIMIT 5   [ RunTime:0.0001s ]
SQL: SELECT * FROM `news_news` WHERE `onetype` = 27 ORDER BY id desc LIMIT 5   [ RunTime:0.0001s ]

[ 2018-05-12T17:24:54+08:00 ] 123.125.143.155 /
INFO: [ app_init ] --START--
INFO: Run Behavior\BuildLiteBehavior [ RunTime:0.000011s ]
INFO: [ app_init ] --END-- [ RunTime:0.000068s ]
INFO: [ app_begin ] --START--
INFO: Run Behavior\ReadHtmlCacheBehavior [ RunTime:0.000330s ]
INFO: [ app_begin ] --END-- [ RunTime:0.000370s ]
INFO: [ view_parse ] --START--
INFO: [ template_filter ] --START--
INFO: Run Behavior\ContentReplaceBehavior [ RunTime:0.000109s ]
INFO: [ template_filter ] --END-- [ RunTime:0.000155s ]
INFO: Run Behavior\ParseTemplateBehavior [ RunTime:0.020277s ]
INFO: [ view_parse ] --END-- [ RunTime:0.020315s ]
INFO: [ view_filter ] --START--
INFO: Run Behavior\WriteHtmlCacheBehavior [ RunTime:0.000109s ]
INFO: [ view_filter ] --END-- [ RunTime:0.000137s ]
INFO: [ app_end ] --START--
INFO: Run Behavior\ShowPageTraceBehavior [ RunTime:0.000369s ]
INFO: [ app_end ] --END-- [ RunTime:0.000407s ]

[ 2018-05-12T17:24:57+08:00 ] 123.125.143.6 /Home/Index/type
INFO: [ app_init ] --START--
INFO: Run Behavior\BuildLiteBehavior [ RunTime:0.000012s ]
INFO: [ app_init ] --END-- [ RunTime:0.000068s ]
INFO: [ app_begin ] --START--
INFO: Run Behavior\ReadHtmlCacheBehavior [ RunTime:0.000342s ]
INFO: [ app_begin ] --END-- [ RunTime:0.000381s ]
SQL: SHOW COLUMNS FROM `news_type` [ RunTime:0.0005s ]
SQL: SELECT * FROM `news_type` ORDER BY id desc  [ RunTime:0.0001s ]
SQL: SHOW COLUMNS FROM `news_nexttype` [ RunTime:0.0003s ]
SQL: SELECT * FROM `news_nexttype` WHERE `sid` = 27 ORDER BY id desc  [ RunTime:0.0001s ]
SQL: SELECT * FROM `news_nexttype` WHERE `sid` = 26 ORDER BY id desc  [ RunTime:0.0001s ]
SQL: SELECT * FROM `news_nexttype` WHERE `sid` = 25 ORDER BY id desc  [ RunTime:0.0001s ]
SQL: SELECT * FROM `news_nexttype` WHERE `sid` = 23 ORDER BY id desc  [ RunTime:0.0001s ]
SQL: SELECT * FROM `news_nexttype` WHERE `sid` = 21 ORDER BY id desc  [ RunTime:0.0001s ]
SQL: SELECT * FROM `news_nexttype` WHERE `sid` = 20 ORDER BY id desc  [ RunTime:0.0001s ]
SQL: SELECT * FROM `news_nexttype` WHERE `sid` = 19 ORDER BY id desc  [ RunTime:0.0001s ]
SQL: SELECT * FROM `news_nexttype` WHERE `sid` = 16 ORDER BY id desc  [ RunTime:0.0001s ]
SQL: SELECT * FROM `news_nexttype` WHERE `sid` = 15 ORDER BY id desc  [ RunTime:0.0001s ]
SQL: SELECT * FROM `news_nexttype` WHERE `sid` = 14 ORDER BY id desc  [ RunTime:0.0001s ]
SQL: SELECT * FROM `news_nexttype` WHERE `sid` = 13 ORDER BY id desc  [ RunTime:0.0001s ]
SQL: SELECT * FROM `news_nexttype` WHERE `sid` = 12 ORDER BY id desc  [ RunTime:0.0001s ]
SQL: SELECT * FROM `news_nexttype` WHERE `sid` = 11 ORDER BY id desc  [ RunTime:0.0001s ]
SQL: SELECT * FROM `news_nexttype` WHERE `sid` = 10 ORDER BY id desc  [ RunTime:0.0001s ]
SQL: SELECT * FROM `news_nexttype` WHERE `sid` = 9 ORDER BY id desc  [ RunTime:0.0001s ]
SQL: SELECT * FROM `news_nexttype` WHERE `sid` = 8 ORDER BY id desc  [ RunTime:0.0000s ]
SQL: SELECT * FROM `news_nexttype` WHERE `sid` = 6 ORDER BY id desc  [ RunTime:0.0000s ]
SQL: SELECT * FROM `news_nexttype` WHERE `sid` = 5 ORDER BY id desc  [ RunTime:0.0001s ]
SQL: SELECT * FROM `news_nexttype` WHERE `sid` = 2 ORDER BY id desc  [ RunTime:0.0001s ]
SQL: SELECT * FROM `news_nexttype` WHERE `sid` = 1 ORDER BY id desc  [ RunTime:0.0001s ]
INFO: [ app_end ] --START--
INFO: Run Behavior\ShowPageTraceBehavior [ RunTime:0.000355s ]
INFO: [ app_end ] --END-- [ RunTime:0.000392s ]

[ 2018-05-12T17:24:57+08:00 ] 123.125.143.144 /Home/Login/islogin
INFO: [ app_init ] --START--
INFO: Run Behavior\BuildLiteBehavior [ RunTime:0.000010s ]
INFO: [ app_init ] --END-- [ RunTime:0.000062s ]
INFO: [ app_begin ] --START--
INFO: Run Behavior\ReadHtmlCacheBehavior [ RunTime:0.000329s ]
INFO: [ app_begin ] --END-- [ RunTime:0.000374s ]
INFO: [ app_end ] --START--
INFO: Run Behavior\ShowPageTraceBehavior [ RunTime:0.000339s ]
INFO: [ app_end ] --END-- [ RunTime:0.000378s ]

[ 2018-05-12T17:24:58+08:00 ] 123.125.143.149 /Home/Index/indexdata
INFO: [ app_init ] --START--
INFO: Run Behavior\BuildLiteBehavior [ RunTime:0.000011s ]
INFO: [ app_init ] --END-- [ RunTime:0.000077s ]
INFO: [ app_begin ] --START--
INFO: Run Behavior\ReadHtmlCacheBehavior [ RunTime:0.000418s ]
INFO: [ app_begin ] --END-- [ RunTime:0.048246s ]
SQL: SHOW COLUMNS FROM `news_type` [ RunTime:0.0004s ]
SQL: SELECT * FROM `news_type`  [ RunTime:0.0001s ]
SQL: SHOW COLUMNS FROM `news_news` [ RunTime:0.0003s ]
SQL: SELECT * FROM `news_news` WHERE `onetype` = 1 ORDER BY id desc LIMIT 5   [ RunTime:0.0002s ]
SQL: SELECT * FROM `news_news` WHERE `onetype` = 2 ORDER BY id desc LIMIT 5   [ RunTime:0.0002s ]
SQL: SELECT * FROM `news_news` WHERE `onetype` = 5 ORDER BY id desc LIMIT 5   [ RunTime:0.0001s ]
SQL: SELECT * FROM `news_news` WHERE `onetype` = 6 ORDER BY id desc LIMIT 5   [ RunTime:0.0001s ]
SQL: SELECT * FROM `news_news` WHERE `onetype` = 8 ORDER BY id desc LIMIT 5   [ RunTime:0.0001s ]
SQL: SELECT * FROM `news_news` WHERE `onetype` = 9 ORDER BY id desc LIMIT 5   [ RunTime:0.0001s ]
SQL: SELECT * FROM `news_news` WHERE `onetype` = 10 ORDER BY id desc LIMIT 5   [ RunTime:0.0001s ]
SQL: SELECT * FROM `news_news` WHERE `onetype` = 11 ORDER BY id desc LIMIT 5   [ RunTime:0.0001s ]
SQL: SELECT * FROM `news_news` WHERE `onetype` = 12 ORDER BY id desc LIMIT 5   [ RunTime:0.0001s ]
SQL: SELECT * FROM `news_news` WHERE `onetype` = 13 ORDER BY id desc LIMIT 5   [ RunTime:0.0001s ]
SQL: SELECT * FROM `news_news` WHERE `onetype` = 14 ORDER BY id desc LIMIT 5   [ RunTime:0.0001s ]
SQL: SELECT * FROM `news_news` WHERE `onetype` = 15 ORDER BY id desc LIMIT 5   [ RunTime:0.0001s ]
SQL: SELECT * FROM `news_news` WHERE `onetype` = 16 ORDER BY id desc LIMIT 5   [ RunTime:0.0001s ]
SQL: SELECT * FROM `news_news` WHERE `onetype` = 19 ORDER BY id desc LIMIT 5   [ RunTime:0.0001s ]
SQL: SELECT * FROM `news_news` WHERE `onetype` = 20 ORDER BY id desc LIMIT 5   [ RunTime:0.0001s ]
SQL: SELECT * FROM `news_news` WHERE `onetype` = 21 ORDER BY id desc LIMIT 5   [ RunTime:0.0001s ]
SQL: SELECT * FROM `news_news` WHERE `onetype` = 23 ORDER BY id desc LIMIT 5   [ RunTime:0.0001s ]
SQL: SELECT * FROM `news_news` WHERE `onetype` = 25 ORDER BY id desc LIMIT 5   [ RunTime:0.0001s ]
SQL: SELECT * FROM `news_news` WHERE `onetype` = 26 ORDER BY id desc LIMIT 5   [ RunTime:0.0001s ]
SQL: SELECT * FROM `news_news` WHERE `onetype` = 27 ORDER BY id desc LIMIT 5   [ RunTime:0.0001s ]
INFO: [ app_end ] --START--
INFO: Run Behavior\ShowPageTraceBehavior [ RunTime:0.000522s ]
INFO: [ app_end ] --END-- [ RunTime:0.000596s ]

[ 2018-05-12T17:24:58+08:00 ] 123.125.143.20 /Home/Index/indexfor
INFO: [ app_init ] --START--
INFO: Run Behavior\BuildLiteBehavior [ RunTime:0.000011s ]
INFO: [ app_init ] --END-- [ RunTime:0.000073s ]
INFO: [ app_begin ] --START--
INFO: Run Behavior\ReadHtmlCacheBehavior [ RunTime:0.000376s ]
INFO: [ app_begin ] --END-- [ RunTime:0.000430s ]
SQL: SHOW COLUMNS FROM `news_type` [ RunTime:0.0004s ]
SQL: SELECT * FROM `news_type` WHERE `name` = '轮播图' LIMIT 1   [ RunTime:0.0001s ]
SQL: SHOW COLUMNS FROM `news_nexttype` [ RunTime:0.0003s ]
SQL: SELECT * FROM `news_nexttype` WHERE `sid` = 6 LIMIT 1   [ RunTime:0.0001s ]
SQL: SHOW COLUMNS FROM `news_news` [ RunTime:0.0003s ]
SQL: SELECT * FROM `news_news` WHERE `twotype` = 30 ORDER BY id desc LIMIT 8   [ RunTime:0.0001s ]
INFO: [ app_end ] --START--
INFO: Run Behavior\ShowPageTraceBehavior [ RunTime:0.000392s ]
INFO: [ app_end ] --END-- [ RunTime:0.000430s ]

[ 2018-05-12T17:24:58+08:00 ] 123.125.143.133 /Home/Index/indeximg
INFO: [ app_init ] --START--
INFO: Run Behavior\BuildLiteBehavior [ RunTime:0.000011s ]
INFO: [ app_init ] --END-- [ RunTime:0.000068s ]
INFO: [ app_begin ] --START--
INFO: Run Behavior\ReadHtmlCacheBehavior [ RunTime:0.045206s ]
INFO: [ app_begin ] --END-- [ RunTime:0.045254s ]
SQL: SHOW COLUMNS FROM `news_allimg` [ RunTime:0.0003s ]
SQL: SELECT * FROM `news_allimg` ORDER BY id desc LIMIT 5   [ RunTime:0.0001s ]
INFO: [ app_end ] --START--
INFO: Run Behavior\ShowPageTraceBehavior [ RunTime:0.000363s ]
INFO: [ app_end ] --END-- [ RunTime:0.000403s ]

[ 2018-05-12T17:24:58+08:00 ] 123.125.143.12 /Home/Index/indexcool
INFO: [ app_init ] --START--
INFO: Run Behavior\BuildLiteBehavior [ RunTime:0.000010s ]
INFO: [ app_init ] --END-- [ RunTime:0.000063s ]
INFO: [ app_begin ] --START--
INFO: Run Behavior\ReadHtmlCacheBehavior [ RunTime:0.034580s ]
INFO: [ app_begin ] --END-- [ RunTime:0.034628s ]
SQL: SHOW COLUMNS FROM `news_type` [ RunTime:0.0003s ]
SQL: SELECT * FROM `news_type` WHERE `name` = '时政新闻' LIMIT 1   [ RunTime:0.0001s ]
SQL: SHOW COLUMNS FROM `news_news` [ RunTime:0.0003s ]
SQL: SELECT * FROM `news_news` WHERE `onetype` = 1 ORDER BY id desc LIMIT 6   [ RunTime:0.0002s ]
SQL: SELECT * FROM `news_type` WHERE `name` = '首页头条' LIMIT 1   [ RunTime:0.0001s ]
SQL: SELECT * FROM `news_news` WHERE `onetype` = 8 ORDER BY id desc LIMIT 4   [ RunTime:0.0001s ]
SQL: SELECT * FROM `news_news` WHERE `onetype` = 8 AND `isleft` = 1 ORDER BY id desc LIMIT 6   [ RunTime:0.0001s ]
SQL: SHOW COLUMNS FROM `news_nexttype` [ RunTime:0.0003s ]
SQL: SELECT * FROM `news_nexttype` WHERE `sid` = 8  [ RunTime:0.0001s ]
SQL: SELECT * FROM `news_news` WHERE `twotype` = 31 AND `isleft` = 0 ORDER BY id desc LIMIT 7   [ RunTime:0.0001s ]
SQL: SELECT * FROM `news_news` WHERE `twotype` = 32 AND `isleft` = 0 ORDER BY id desc LIMIT 7   [ RunTime:0.0001s ]
INFO: [ app_end ] --START--
INFO: Run Behavior\ShowPageTraceBehavior [ RunTime:0.000412s ]
INFO: [ app_end ] --END-- [ RunTime:0.000466s ]

[ 2018-05-12T17:24:58+08:00 ] 123.125.143.7 /Home/Index/indexvideo
INFO: [ app_init ] --START--
INFO: Run Behavior\BuildLiteBehavior [ RunTime:0.000010s ]
INFO: [ app_init ] --END-- [ RunTime:0.000077s ]
INFO: [ app_begin ] --START--
INFO: Run Behavior\ReadHtmlCacheBehavior [ RunTime:0.023866s ]
INFO: [ app_begin ] --END-- [ RunTime:0.023911s ]
SQL: SHOW COLUMNS FROM `news_news` [ RunTime:0.0005s ]
SQL: SELECT * FROM `news_news` WHERE `isvideo` = 1 ORDER BY id desc LIMIT 7   [ RunTime:0.0001s ]
INFO: [ app_end ] --START--
INFO: Run Behavior\ShowPageTraceBehavior [ RunTime:0.000361s ]
INFO: [ app_end ] --END-- [ RunTime:0.000402s ]

[ 2018-05-12T17:42:26+08:00 ] 220.181.108.119 /
INFO: [ app_init ] --START--
INFO: Run Behavior\BuildLiteBehavior [ RunTime:0.000012s ]
INFO: [ app_init ] --END-- [ RunTime:0.000069s ]
INFO: [ app_begin ] --START--
INFO: Run Behavior\ReadHtmlCacheBehavior [ RunTime:0.000323s ]
INFO: [ app_begin ] --END-- [ RunTime:0.000363s ]
INFO: [ view_parse ] --START--
INFO: [ template_filter ] --START--
INFO: Run Behavior\ContentReplaceBehavior [ RunTime:0.000137s ]
INFO: [ template_filter ] --END-- [ RunTime:0.000204s ]
INFO: Run Behavior\ParseTemplateBehavior [ RunTime:0.020551s ]
INFO: [ view_parse ] --END-- [ RunTime:0.020608s ]
INFO: [ view_filter ] --START--
INFO: Run Behavior\WriteHtmlCacheBehavior [ RunTime:0.000140s ]
INFO: [ view_filter ] --END-- [ RunTime:0.000166s ]
INFO: [ app_end ] --START--
INFO: Run Behavior\ShowPageTraceBehavior [ RunTime:0.000380s ]
INFO: [ app_end ] --END-- [ RunTime:0.000421s ]

[ 2018-05-12T17:42:37+08:00 ] 111.206.198.125 /Home/Index/type
INFO: [ app_init ] --START--
INFO: Run Behavior\BuildLiteBehavior [ RunTime:0.000013s ]
INFO: [ app_init ] --END-- [ RunTime:0.000073s ]
INFO: [ app_begin ] --START--
INFO: Run Behavior\ReadHtmlCacheBehavior [ RunTime:0.000326s ]
INFO: [ app_begin ] --END-- [ RunTime:0.000366s ]
SQL: SHOW COLUMNS FROM `news_type` [ RunTime:0.0004s ]
SQL: SELECT * FROM `news_type` ORDER BY id desc  [ RunTime:0.0001s ]
SQL: SHOW COLUMNS FROM `news_nexttype` [ RunTime:0.0003s ]
SQL: SELECT * FROM `news_nexttype` WHERE `sid` = 27 ORDER BY id desc  [ RunTime:0.0001s ]
SQL: SELECT * FROM `news_nexttype` WHERE `sid` = 26 ORDER BY id desc  [ RunTime:0.0001s ]
SQL: SELECT * FROM `news_nexttype` WHERE `sid` = 25 ORDER BY id desc  [ RunTime:0.0000s ]
SQL: SELECT * FROM `news_nexttype` WHERE `sid` = 23 ORDER BY id desc  [ RunTime:0.0001s ]
SQL: SELECT * FROM `news_nexttype` WHERE `sid` = 21 ORDER BY id desc  [ RunTime:0.0001s ]
SQL: SELECT * FROM `news_nexttype` WHERE `sid` = 20 ORDER BY id desc  [ RunTime:0.0001s ]
SQL: SELECT * FROM `news_nexttype` WHERE `sid` = 19 ORDER BY id desc  [ RunTime:0.0001s ]
SQL: SELECT * FROM `news_nexttype` WHERE `sid` = 16 ORDER BY id desc  [ RunTime:0.0001s ]
SQL: SELECT * FROM `news_nexttype` WHERE `sid` = 15 ORDER BY id desc  [ RunTime:0.0001s ]
SQL: SELECT * FROM `news_nexttype` WHERE `sid` = 14 ORDER BY id desc  [ RunTime:0.0001s ]
SQL: SELECT * FROM `news_nexttype` WHERE `sid` = 13 ORDER BY id desc  [ RunTime:0.0001s ]
SQL: SELECT * FROM `news_nexttype` WHERE `sid` = 12 ORDER BY id desc  [ RunTime:0.0001s ]
SQL: SELECT * FROM `news_nexttype` WHERE `sid` = 11 ORDER BY id desc  [ RunTime:0.0001s ]
SQL: SELECT * FROM `news_nexttype` WHERE `sid` = 10 ORDER BY id desc  [ RunTime:0.0001s ]
SQL: SELECT * FROM `news_nexttype` WHERE `sid` = 9 ORDER BY id desc  [ RunTime:0.0001s ]
SQL: SELECT * FROM `news_nexttype` WHERE `sid` = 8 ORDER BY id desc  [ RunTime:0.0001s ]
SQL: SELECT * FROM `news_nexttype` WHERE `sid` = 6 ORDER BY id desc  [ RunTime:0.0001s ]
SQL: SELECT * FROM `news_nexttype` WHERE `sid` = 5 ORDER BY id desc  [ RunTime:0.0001s ]
SQL: SELECT * FROM `news_nexttype` WHERE `sid` = 2 ORDER BY id desc  [ RunTime:0.0001s ]
SQL: SELECT * FROM `news_nexttype` WHERE `sid` = 1 ORDER BY id desc  [ RunTime:0.0001s ]
INFO: [ app_end ] --START--
INFO: Run Behavior\ShowPageTraceBehavior [ RunTime:0.000482s ]
INFO: [ app_end ] --END-- [ RunTime:0.000528s ]

[ 2018-05-12T17:42:37+08:00 ] 111.206.198.126 /Home/Index/indeximg
INFO: [ app_init ] --START--
INFO: Run Behavior\BuildLiteBehavior [ RunTime:0.000012s ]
INFO: [ app_init ] --END-- [ RunTime:0.000074s ]
INFO: [ app_begin ] --START--
INFO: Run Behavior\ReadHtmlCacheBehavior [ RunTime:0.000405s ]
INFO: [ app_begin ] --END-- [ RunTime:0.000448s ]
SQL: SHOW COLUMNS FROM `news_allimg` [ RunTime:0.0003s ]
SQL: SELECT * FROM `news_allimg` ORDER BY id desc LIMIT 5   [ RunTime:0.0001s ]
INFO: [ app_end ] --START--
INFO: Run Behavior\ShowPageTraceBehavior [ RunTime:0.000414s ]
INFO: [ app_end ] --END-- [ RunTime:0.000472s ]

[ 2018-05-12T17:42:37+08:00 ] 111.206.221.112 /Home/Index/indexfor
INFO: [ app_init ] --START--
INFO: Run Behavior\BuildLiteBehavior [ RunTime:0.000011s ]
INFO: [ app_init ] --END-- [ RunTime:0.000067s ]
INFO: [ app_begin ] --START--
INFO: Run Behavior\ReadHtmlCacheBehavior [ RunTime:0.000334s ]
INFO: [ app_begin ] --END-- [ RunTime:0.000375s ]
SQL: SHOW COLUMNS FROM `news_type` [ RunTime:0.0005s ]
SQL: SELECT * FROM `news_type` WHERE `name` = '轮播图' LIMIT 1   [ RunTime:0.0027s ]
SQL: SHOW COLUMNS FROM `news_nexttype` [ RunTime:0.0003s ]
SQL: SELECT * FROM `news_nexttype` WHERE `sid` = 6 LIMIT 1   [ RunTime:0.0001s ]
SQL: SHOW COLUMNS FROM `news_news` [ RunTime:0.0003s ]
SQL: SELECT * FROM `news_news` WHERE `twotype` = 30 ORDER BY id desc LIMIT 8   [ RunTime:0.0001s ]
INFO: [ app_end ] --START--
INFO: Run Behavior\ShowPageTraceBehavior [ RunTime:0.000361s ]
INFO: [ app_end ] --END-- [ RunTime:0.000397s ]

[ 2018-05-12T17:42:38+08:00 ] 111.206.198.40 /Home/Index/indexvideo
INFO: [ app_init ] --START--
INFO: Run Behavior\BuildLiteBehavior [ RunTime:0.000010s ]
INFO: [ app_init ] --END-- [ RunTime:0.000065s ]
INFO: [ app_begin ] --START--
INFO: Run Behavior\ReadHtmlCacheBehavior [ RunTime:0.018247s ]
INFO: [ app_begin ] --END-- [ RunTime:0.018295s ]
SQL: SHOW COLUMNS FROM `news_news` [ RunTime:0.0005s ]
SQL: SELECT * FROM `news_news` WHERE `isvideo` = 1 ORDER BY id desc LIMIT 7   [ RunTime:0.0001s ]
INFO: [ app_end ] --START--
INFO: Run Behavior\ShowPageTraceBehavior [ RunTime:0.000377s ]
INFO: [ app_end ] --END-- [ RunTime:0.000419s ]

[ 2018-05-12T17:42:39+08:00 ] 111.206.198.37 /Home/Login/islogin
INFO: [ app_init ] --START--
INFO: Run Behavior\BuildLiteBehavior [ RunTime:0.000011s ]
INFO: [ app_init ] --END-- [ RunTime:0.000066s ]
INFO: [ app_begin ] --START--
INFO: Run Behavior\ReadHtmlCacheBehavior [ RunTime:0.000323s ]
INFO: [ app_begin ] --END-- [ RunTime:0.000363s ]
INFO: [ app_end ] --START--
INFO: Run Behavior\ShowPageTraceBehavior [ RunTime:0.000341s ]
INFO: [ app_end ] --END-- [ RunTime:0.000383s ]

[ 2018-05-12T17:42:40+08:00 ] 111.206.198.68 /Home/Index/indexdata
INFO: [ app_init ] --START--
INFO: Run Behavior\BuildLiteBehavior [ RunTime:0.000012s ]
INFO: [ app_init ] --END-- [ RunTime:0.000073s ]
INFO: [ app_begin ] --START--
INFO: Run Behavior\ReadHtmlCacheBehavior [ RunTime:0.000453s ]
INFO: [ app_begin ] --END-- [ RunTime:0.000495s ]
SQL: SHOW COLUMNS FROM `news_type` [ RunTime:0.0004s ]
SQL: SELECT * FROM `news_type`  [ RunTime:0.0001s ]
SQL: SHOW COLUMNS FROM `news_news` [ RunTime:0.0003s ]
SQL: SELECT * FROM `news_news` WHERE `onetype` = 1 ORDER BY id desc LIMIT 5   [ RunTime:0.0002s ]
SQL: SELECT * FROM `news_news` WHERE `onetype` = 2 ORDER BY id desc LIMIT 5   [ RunTime:0.0002s ]
SQL: SELECT * FROM `news_news` WHERE `onetype` = 5 ORDER BY id desc LIMIT 5   [ RunTime:0.0001s ]
SQL: SELECT * FROM `news_news` WHERE `onetype` = 6 ORDER BY id desc LIMIT 5   [ RunTime:0.0001s ]
SQL: SELECT * FROM `news_news` WHERE `onetype` = 8 ORDER BY id desc LIMIT 5   [ RunTime:0.0001s ]
SQL: SELECT * FROM `news_news` WHERE `onetype` = 9 ORDER BY id desc LIMIT 5   [ RunTime:0.0001s ]
SQL: SELECT * FROM `news_news` WHERE `onetype` = 10 ORDER BY id desc LIMIT 5   [ RunTime:0.0001s ]
SQL: SELECT * FROM `news_news` WHERE `onetype` = 11 ORDER BY id desc LIMIT 5   [ RunTime:0.0001s ]
SQL: SELECT * FROM `news_news` WHERE `onetype` = 12 ORDER BY id desc LIMIT 5   [ RunTime:0.0001s ]
SQL: SELECT * FROM `news_news` WHERE `onetype` = 13 ORDER BY id desc LIMIT 5   [ RunTime:0.0001s ]
SQL: SELECT * FROM `news_news` WHERE `onetype` = 14 ORDER BY id desc LIMIT 5   [ RunTime:0.0001s ]
SQL: SELECT * FROM `news_news` WHERE `onetype` = 15 ORDER BY id desc LIMIT 5   [ RunTime:0.0001s ]
SQL: SELECT * FROM `news_news` WHERE `onetype` = 16 ORDER BY id desc LIMIT 5   [ RunTime:0.0001s ]
SQL: SELECT * FROM `news_news` WHERE `onetype` = 19 ORDER BY id desc LIMIT 5   [ RunTime:0.0001s ]
SQL: SELECT * FROM `news_news` WHERE `onetype` = 20 ORDER BY id desc LIMIT 5   [ RunTime:0.0001s ]
SQL: SELECT * FROM `news_news` WHERE `onetype` = 21 ORDER BY id desc LIMIT 5   [ RunTime:0.0001s ]
SQL: SELECT * FROM `news_news` WHERE `onetype` = 23 ORDER BY id desc LIMIT 5   [ RunTime:0.0001s ]
SQL: SELECT * FROM `news_news` WHERE `onetype` = 25 ORDER BY id desc LIMIT 5   [ RunTime:0.0001s ]
SQL: SELECT * FROM `news_news` WHERE `onetype` = 26 ORDER BY id desc LIMIT 5   [ RunTime:0.0001s ]
SQL: SELECT * FROM `news_news` WHERE `onetype` = 27 ORDER BY id desc LIMIT 5   [ RunTime:0.0001s ]

[ 2018-05-12T17:42:42+08:00 ] 111.206.221.77 /Home/Index/indexcool
INFO: [ app_init ] --START--
INFO: Run Behavior\BuildLiteBehavior [ RunTime:0.000013s ]
INFO: [ app_init ] --END-- [ RunTime:0.000073s ]
INFO: [ app_begin ] --START--
INFO: Run Behavior\ReadHtmlCacheBehavior [ RunTime:0.000378s ]
INFO: [ app_begin ] --END-- [ RunTime:0.000418s ]
SQL: SHOW COLUMNS FROM `news_type` [ RunTime:0.0003s ]
SQL: SELECT * FROM `news_type` WHERE `name` = '时政新闻' LIMIT 1   [ RunTime:0.0001s ]
SQL: SHOW COLUMNS FROM `news_news` [ RunTime:0.0003s ]
SQL: SELECT * FROM `news_news` WHERE `onetype` = 1 ORDER BY id desc LIMIT 6   [ RunTime:0.0002s ]
SQL: SELECT * FROM `news_type` WHERE `name` = '首页头条' LIMIT 1   [ RunTime:0.0001s ]
SQL: SELECT * FROM `news_news` WHERE `onetype` = 8 ORDER BY id desc LIMIT 4   [ RunTime:0.0001s ]
SQL: SELECT * FROM `news_news` WHERE `onetype` = 8 AND `isleft` = 1 ORDER BY id desc LIMIT 6   [ RunTime:0.0013s ]
SQL: SHOW COLUMNS FROM `news_nexttype` [ RunTime:0.0003s ]
SQL: SELECT * FROM `news_nexttype` WHERE `sid` = 8  [ RunTime:0.0001s ]
SQL: SELECT * FROM `news_news` WHERE `twotype` = 31 AND `isleft` = 0 ORDER BY id desc LIMIT 7   [ RunTime:0.0001s ]
SQL: SELECT * FROM `news_news` WHERE `twotype` = 32 AND `isleft` = 0 ORDER BY id desc LIMIT 7   [ RunTime:0.0005s ]
INFO: [ app_end ] --START--
INFO: Run Behavior\ShowPageTraceBehavior [ RunTime:0.000538s ]
INFO: [ app_end ] --END-- [ RunTime:0.000624s ]

[ 2018-05-12T20:48:02+08:00 ] 203.208.60.165 /robots.txt
INFO: [ app_init ] --START--
INFO: Run Behavior\BuildLiteBehavior [ RunTime:0.000010s ]
INFO: [ app_init ] --END-- [ RunTime:0.000066s ]
INFO: [ app_begin ] --START--
INFO: Run Behavior\ReadHtmlCacheBehavior [ RunTime:0.000316s ]
INFO: [ app_begin ] --END-- [ RunTime:0.000355s ]
ERR: 无法加载控制器:Robots.txt

[ 2018-05-12T20:48:02+08:00 ] 203.208.60.166 /
INFO: [ app_init ] --START--
INFO: Run Behavior\BuildLiteBehavior [ RunTime:0.000009s ]
INFO: [ app_init ] --END-- [ RunTime:0.000059s ]
INFO: [ app_begin ] --START--
INFO: Run Behavior\ReadHtmlCacheBehavior [ RunTime:0.000305s ]
INFO: [ app_begin ] --END-- [ RunTime:0.000345s ]
INFO: [ view_parse ] --START--
INFO: [ template_filter ] --START--
INFO: Run Behavior\ContentReplaceBehavior [ RunTime:0.000112s ]
INFO: [ template_filter ] --END-- [ RunTime:0.000157s ]
INFO: Run Behavior\ParseTemplateBehavior [ RunTime:0.041793s ]
INFO: [ view_parse ] --END-- [ RunTime:0.041841s ]
INFO: [ view_filter ] --START--
INFO: Run Behavior\WriteHtmlCacheBehavior [ RunTime:0.000142s ]
INFO: [ view_filter ] --END-- [ RunTime:0.000170s ]
INFO: [ app_end ] --START--
INFO: Run Behavior\ShowPageTraceBehavior [ RunTime:0.000365s ]
INFO: [ app_end ] --END-- [ RunTime:0.000405s ]

[ 2018-05-12T20:48:12+08:00 ] 203.208.60.165 /Home/Index/type
INFO: [ app_init ] --START--
INFO: Run Behavior\BuildLiteBehavior [ RunTime:0.000011s ]
INFO: [ app_init ] --END-- [ RunTime:0.000068s ]
INFO: [ app_begin ] --START--
INFO: Run Behavior\ReadHtmlCacheBehavior [ RunTime:0.000322s ]
INFO: [ app_begin ] --END-- [ RunTime:0.000359s ]
SQL: SHOW COLUMNS FROM `news_type` [ RunTime:0.0004s ]
SQL: SELECT * FROM `news_type` ORDER BY id desc  [ RunTime:0.0001s ]
SQL: SHOW COLUMNS FROM `news_nexttype` [ RunTime:0.0003s ]
SQL: SELECT * FROM `news_nexttype` WHERE `sid` = 27 ORDER BY id desc  [ RunTime:0.0001s ]
SQL: SELECT * FROM `news_nexttype` WHERE `sid` = 26 ORDER BY id desc  [ RunTime:0.0001s ]
SQL: SELECT * FROM `news_nexttype` WHERE `sid` = 25 ORDER BY id desc  [ RunTime:0.0001s ]
SQL: SELECT * FROM `news_nexttype` WHERE `sid` = 23 ORDER BY id desc  [ RunTime:0.0001s ]
SQL: SELECT * FROM `news_nexttype` WHERE `sid` = 21 ORDER BY id desc  [ RunTime:0.0001s ]
SQL: SELECT * FROM `news_nexttype` WHERE `sid` = 20 ORDER BY id desc  [ RunTime:0.0001s ]
SQL: SELECT * FROM `news_nexttype` WHERE `sid` = 19 ORDER BY id desc  [ RunTime:0.0001s ]
SQL: SELECT * FROM `news_nexttype` WHERE `sid` = 16 ORDER BY id desc  [ RunTime:0.0001s ]
SQL: SELECT * FROM `news_nexttype` WHERE `sid` = 15 ORDER BY id desc  [ RunTime:0.0001s ]
SQL: SELECT * FROM `news_nexttype` WHERE `sid` = 14 ORDER BY id desc  [ RunTime:0.0001s ]
SQL: SELECT * FROM `news_nexttype` WHERE `sid` = 13 ORDER BY id desc  [ RunTime:0.0001s ]
SQL: SELECT * FROM `news_nexttype` WHERE `sid` = 12 ORDER BY id desc  [ RunTime:0.0001s ]
SQL: SELECT * FROM `news_nexttype` WHERE `sid` = 11 ORDER BY id desc  [ RunTime:0.0001s ]
SQL: SELECT * FROM `news_nexttype` WHERE `sid` = 10 ORDER BY id desc  [ RunTime:0.0001s ]
SQL: SELECT * FROM `news_nexttype` WHERE `sid` = 9 ORDER BY id desc  [ RunTime:0.0001s ]
SQL: SELECT * FROM `news_nexttype` WHERE `sid` = 8 ORDER BY id desc  [ RunTime:0.0001s ]
SQL: SELECT * FROM `news_nexttype` WHERE `sid` = 6 ORDER BY id desc  [ RunTime:0.0001s ]
SQL: SELECT * FROM `news_nexttype` WHERE `sid` = 5 ORDER BY id desc  [ RunTime:0.0001s ]
SQL: SELECT * FROM `news_nexttype` WHERE `sid` = 2 ORDER BY id desc  [ RunTime:0.0001s ]
SQL: SELECT * FROM `news_nexttype` WHERE `sid` = 1 ORDER BY id desc  [ RunTime:0.0001s ]
INFO: [ app_end ] --START--
INFO: Run Behavior\ShowPageTraceBehavior [ RunTime:0.000390s ]
INFO: [ app_end ] --END-- [ RunTime:0.000428s ]

[ 2018-05-12T21:08:26+08:00 ] 203.208.60.216 /robots.txt
INFO: [ app_init ] --START--
INFO: Run Behavior\BuildLiteBehavior [ RunTime:0.000011s ]
INFO: [ app_init ] --END-- [ RunTime:0.000067s ]
INFO: [ app_begin ] --START--
INFO: Run Behavior\ReadHtmlCacheBehavior [ RunTime:0.000317s ]
INFO: [ app_begin ] --END-- [ RunTime:0.000357s ]
ERR: 无法加载控制器:Robots.txt

[ 2018-05-12T21:08:26+08:00 ] 203.208.60.216 /
INFO: [ app_init ] --START--
INFO: Run Behavior\BuildLiteBehavior [ RunTime:0.000012s ]
INFO: [ app_init ] --END-- [ RunTime:0.000068s ]
INFO: [ app_begin ] --START--
INFO: Run Behavior\ReadHtmlCacheBehavior [ RunTime:0.000322s ]
INFO: [ app_begin ] --END-- [ RunTime:0.000361s ]
INFO: [ view_parse ] --START--
INFO: [ template_filter ] --START--
INFO: Run Behavior\ContentReplaceBehavior [ RunTime:0.000123s ]
INFO: [ template_filter ] --END-- [ RunTime:0.000174s ]
INFO: Run Behavior\ParseTemplateBehavior [ RunTime:0.020428s ]
INFO: [ view_parse ] --END-- [ RunTime:0.020467s ]
INFO: [ view_filter ] --START--
INFO: Run Behavior\WriteHtmlCacheBehavior [ RunTime:0.000129s ]
INFO: [ view_filter ] --END-- [ RunTime:0.000158s ]
INFO: [ app_end ] --START--
INFO: Run Behavior\ShowPageTraceBehavior [ RunTime:0.000349s ]
INFO: [ app_end ] --END-- [ RunTime:0.000387s ]

[ 2018-05-12T21:08:35+08:00 ] 203.208.60.165 /Home/Index/type
INFO: [ app_init ] --START--
INFO: Run Behavior\BuildLiteBehavior [ RunTime:0.000026s ]
INFO: [ app_init ] --END-- [ RunTime:0.000084s ]
INFO: [ app_begin ] --START--
INFO: Run Behavior\ReadHtmlCacheBehavior [ RunTime:0.000339s ]
INFO: [ app_begin ] --END-- [ RunTime:0.000379s ]
SQL: SHOW COLUMNS FROM `news_type` [ RunTime:0.0004s ]
SQL: SELECT * FROM `news_type` ORDER BY id desc  [ RunTime:0.0001s ]
SQL: SHOW COLUMNS FROM `news_nexttype` [ RunTime:0.0003s ]
SQL: SELECT * FROM `news_nexttype` WHERE `sid` = 27 ORDER BY id desc  [ RunTime:0.0001s ]
SQL: SELECT * FROM `news_nexttype` WHERE `sid` = 26 ORDER BY id desc  [ RunTime:0.0001s ]
SQL: SELECT * FROM `news_nexttype` WHERE `sid` = 25 ORDER BY id desc  [ RunTime:0.0001s ]
SQL: SELECT * FROM `news_nexttype` WHERE `sid` = 23 ORDER BY id desc  [ RunTime:0.0001s ]
SQL: SELECT * FROM `news_nexttype` WHERE `sid` = 21 ORDER BY id desc  [ RunTime:0.0001s ]
SQL: SELECT * FROM `news_nexttype` WHERE `sid` = 20 ORDER BY id desc  [ RunTime:0.0001s ]
SQL: SELECT * FROM `news_nexttype` WHERE `sid` = 19 ORDER BY id desc  [ RunTime:0.0001s ]
SQL: SELECT * FROM `news_nexttype` WHERE `sid` = 16 ORDER BY id desc  [ RunTime:0.0001s ]
SQL: SELECT * FROM `news_nexttype` WHERE `sid` = 15 ORDER BY id desc  [ RunTime:0.0001s ]
SQL: SELECT * FROM `news_nexttype` WHERE `sid` = 14 ORDER BY id desc  [ RunTime:0.0001s ]
SQL: SELECT * FROM `news_nexttype` WHERE `sid` = 13 ORDER BY id desc  [ RunTime:0.0001s ]
SQL: SELECT * FROM `news_nexttype` WHERE `sid` = 12 ORDER BY id desc  [ RunTime:0.0001s ]
SQL: SELECT * FROM `news_nexttype` WHERE `sid` = 11 ORDER BY id desc  [ RunTime:0.0001s ]
SQL: SELECT * FROM `news_nexttype` WHERE `sid` = 10 ORDER BY id desc  [ RunTime:0.0001s ]
SQL: SELECT * FROM `news_nexttype` WHERE `sid` = 9 ORDER BY id desc  [ RunTime:0.0001s ]
SQL: SELECT * FROM `news_nexttype` WHERE `sid` = 8 ORDER BY id desc  [ RunTime:0.0001s ]
SQL: SELECT * FROM `news_nexttype` WHERE `sid` = 6 ORDER BY id desc  [ RunTime:0.0000s ]
SQL: SELECT * FROM `news_nexttype` WHERE `sid` = 5 ORDER BY id desc  [ RunTime:0.0001s ]
SQL: SELECT * FROM `news_nexttype` WHERE `sid` = 2 ORDER BY id desc  [ RunTime:0.0000s ]
SQL: SELECT * FROM `news_nexttype` WHERE `sid` = 1 ORDER BY id desc  [ RunTime:0.0000s ]
INFO: [ app_end ] --START--
INFO: Run Behavior\ShowPageTraceBehavior [ RunTime:0.000352s ]
INFO: [ app_end ] --END-- [ RunTime:0.000388s ]

