[ 2018-04-29T23:52:22+08:00 ] 183.240.196.117 /Home/Index/twolistleft
INFO: [ app_init ] --START--
INFO: Run Behavior\BuildLiteBehavior [ RunTime:0.000010s ]
INFO: [ app_init ] --END-- [ RunTime:0.000066s ]
INFO: [ app_begin ] --START--
INFO: Run Behavior\ReadHtmlCacheBehavior [ RunTime:0.000317s ]
INFO: [ app_begin ] --END-- [ RunTime:0.000357s ]
SQL: SHOW COLUMNS FROM `news_news` [ RunTime:0.0005s ]
SQL: SELECT * FROM `news_news` WHERE `twotype` = 1 ORDER BY id desc LIMIT 10   [ RunTime:0.0007s ]
SQL: SELECT * FROM `news_news` WHERE `twotype` = 1 AND `isvideo` = 1 ORDER BY id desc LIMIT 6   [ RunTime:0.0003s ]
INFO: [ app_end ] --START--
INFO: Run Behavior\ShowPageTraceBehavior [ RunTime:0.000324s ]
INFO: [ app_end ] --END-- [ RunTime:0.000359s ]

[ 2018-04-29T23:52:38+08:00 ] 183.240.196.117 /Index/indextwo?1
INFO: [ app_init ] --START--
INFO: Run Behavior\BuildLiteBehavior [ RunTime:0.000011s ]
INFO: [ app_init ] --END-- [ RunTime:0.000074s ]
INFO: [ app_begin ] --START--
INFO: Run Behavior\ReadHtmlCacheBehavior [ RunTime:0.000356s ]
INFO: [ app_begin ] --END-- [ RunTime:0.000397s ]
INFO: [ view_parse ] --START--
INFO: [ template_filter ] --START--
INFO: Run Behavior\ContentReplaceBehavior [ RunTime:0.000057s ]
INFO: [ template_filter ] --END-- [ RunTime:0.000095s ]
INFO: Run Behavior\ParseTemplateBehavior [ RunTime:0.008067s ]
INFO: [ view_parse ] --END-- [ RunTime:0.008133s ]
INFO: [ view_filter ] --START--
INFO: Run Behavior\WriteHtmlCacheBehavior [ RunTime:0.000105s ]
INFO: [ view_filter ] --END-- [ RunTime:0.000132s ]
INFO: [ app_end ] --START--
INFO: Run Behavior\ShowPageTraceBehavior [ RunTime:0.000331s ]
INFO: [ app_end ] --END-- [ RunTime:0.000379s ]

[ 2018-04-29T23:52:39+08:00 ] 183.240.196.117 /Home/Index/type
INFO: [ app_init ] --START--
INFO: Run Behavior\BuildLiteBehavior [ RunTime:0.000012s ]
INFO: [ app_init ] --END-- [ RunTime:0.000071s ]
INFO: [ app_begin ] --START--
INFO: Run Behavior\ReadHtmlCacheBehavior [ RunTime:0.000330s ]
INFO: [ app_begin ] --END-- [ RunTime:0.000371s ]
SQL: SHOW COLUMNS FROM `news_type` [ RunTime:0.0004s ]
SQL: SELECT * FROM `news_type` ORDER BY id desc  [ RunTime:0.0001s ]
SQL: SHOW COLUMNS FROM `news_nexttype` [ RunTime:0.0003s ]
SQL: SELECT * FROM `news_nexttype` WHERE `sid` = 27 ORDER BY id desc  [ RunTime:0.0001s ]
SQL: SELECT * FROM `news_nexttype` WHERE `sid` = 26 ORDER BY id desc  [ RunTime:0.0001s ]
SQL: SELECT * FROM `news_nexttype` WHERE `sid` = 25 ORDER BY id desc  [ RunTime:0.0001s ]
SQL: SELECT * FROM `news_nexttype` WHERE `sid` = 23 ORDER BY id desc  [ RunTime:0.0001s ]
SQL: SELECT * FROM `news_nexttype` WHERE `sid` = 21 ORDER BY id desc  [ RunTime:0.0001s ]
SQL: SELECT * FROM `news_nexttype` WHERE `sid` = 20 ORDER BY id desc  [ RunTime:0.0001s ]
SQL: SELECT * FROM `news_nexttype` WHERE `sid` = 19 ORDER BY id desc  [ RunTime:0.0001s ]
SQL: SELECT * FROM `news_nexttype` WHERE `sid` = 16 ORDER BY id desc  [ RunTime:0.0001s ]
SQL: SELECT * FROM `news_nexttype` WHERE `sid` = 15 ORDER BY id desc  [ RunTime:0.0001s ]
SQL: SELECT * FROM `news_nexttype` WHERE `sid` = 14 ORDER BY id desc  [ RunTime:0.0001s ]
SQL: SELECT * FROM `news_nexttype` WHERE `sid` = 13 ORDER BY id desc  [ RunTime:0.0001s ]
SQL: SELECT * FROM `news_nexttype` WHERE `sid` = 12 ORDER BY id desc  [ RunTime:0.0001s ]
SQL: SELECT * FROM `news_nexttype` WHERE `sid` = 11 ORDER BY id desc  [ RunTime:0.0001s ]
SQL: SELECT * FROM `news_nexttype` WHERE `sid` = 10 ORDER BY id desc  [ RunTime:0.0001s ]
SQL: SELECT * FROM `news_nexttype` WHERE `sid` = 9 ORDER BY id desc  [ RunTime:0.0001s ]
SQL: SELECT * FROM `news_nexttype` WHERE `sid` = 8 ORDER BY id desc  [ RunTime:0.0001s ]
SQL: SELECT * FROM `news_nexttype` WHERE `sid` = 6 ORDER BY id desc  [ RunTime:0.0001s ]
SQL: SELECT * FROM `news_nexttype` WHERE `sid` = 5 ORDER BY id desc  [ RunTime:0.0001s ]
SQL: SELECT * FROM `news_nexttype` WHERE `sid` = 2 ORDER BY id desc  [ RunTime:0.0001s ]
SQL: SELECT * FROM `news_nexttype` WHERE `sid` = 1 ORDER BY id desc  [ RunTime:0.0001s ]
INFO: [ app_end ] --START--
INFO: Run Behavior\ShowPageTraceBehavior [ RunTime:0.000404s ]
INFO: [ app_end ] --END-- [ RunTime:0.000443s ]

[ 2018-04-29T23:52:39+08:00 ] 183.240.196.117 /Home/Index/twolistright
INFO: [ app_init ] --START--
INFO: Run Behavior\BuildLiteBehavior [ RunTime:0.000012s ]
INFO: [ app_init ] --END-- [ RunTime:0.000069s ]
INFO: [ app_begin ] --START--
INFO: Run Behavior\ReadHtmlCacheBehavior [ RunTime:0.000311s ]
INFO: [ app_begin ] --END-- [ RunTime:0.000348s ]
SQL: SHOW COLUMNS FROM `news_nexttype` [ RunTime:0.0004s ]
SQL: SELECT * FROM `news_nexttype` WHERE `sid` = 1 ORDER BY id desc  [ RunTime:0.0001s ]
SQL: SHOW COLUMNS FROM `news_news` [ RunTime:0.0003s ]
SQL: SELECT * FROM `news_news` WHERE `twotype` = 42 ORDER BY id desc LIMIT 7   [ RunTime:0.0001s ]
SQL: SELECT * FROM `news_news` WHERE `twotype` = 5 ORDER BY id desc LIMIT 7   [ RunTime:0.0001s ]
SQL: SELECT * FROM `news_news` WHERE `twotype` = 4 ORDER BY id desc LIMIT 7   [ RunTime:0.0001s ]
SQL: SELECT * FROM `news_news` WHERE `twotype` = 3 ORDER BY id desc LIMIT 7   [ RunTime:0.0001s ]
SQL: SELECT * FROM `news_news` WHERE `twotype` = 2 ORDER BY id desc LIMIT 7   [ RunTime:0.0002s ]
SQL: SELECT * FROM `news_news` WHERE `twotype` = 1 ORDER BY id desc LIMIT 7   [ RunTime:0.0001s ]
SQL: SELECT * FROM `news_news` WHERE `onetype` = 1 ORDER BY id desc LIMIT 6   [ RunTime:0.0001s ]
INFO: [ app_end ] --START--
INFO: Run Behavior\ShowPageTraceBehavior [ RunTime:0.000416s ]
INFO: [ app_end ] --END-- [ RunTime:0.000476s ]

[ 2018-04-29T23:52:40+08:00 ] 183.240.196.117 /Home/Index/twolistleft
INFO: [ app_init ] --START--
INFO: Run Behavior\BuildLiteBehavior [ RunTime:0.000012s ]
INFO: [ app_init ] --END-- [ RunTime:0.000071s ]
INFO: [ app_begin ] --START--
INFO: Run Behavior\ReadHtmlCacheBehavior [ RunTime:0.000376s ]
INFO: [ app_begin ] --END-- [ RunTime:0.000415s ]
SQL: SHOW COLUMNS FROM `news_news` [ RunTime:0.0005s ]
SQL: SELECT * FROM `news_news` WHERE `twotype` = 1 ORDER BY id desc LIMIT 10   [ RunTime:0.0007s ]
SQL: SELECT * FROM `news_news` WHERE `twotype` = 1 AND `isvideo` = 1 ORDER BY id desc LIMIT 6   [ RunTime:0.0004s ]
INFO: [ app_end ] --START--
INFO: Run Behavior\ShowPageTraceBehavior [ RunTime:0.000346s ]
INFO: [ app_end ] --END-- [ RunTime:0.000384s ]

[ 2018-04-29T23:55:01+08:00 ] 221.217.236.155 /
INFO: [ app_init ] --START--
INFO: Run Behavior\BuildLiteBehavior [ RunTime:0.000013s ]
INFO: [ app_init ] --END-- [ RunTime:0.000073s ]
INFO: [ app_begin ] --START--
INFO: Run Behavior\ReadHtmlCacheBehavior [ RunTime:0.000329s ]
INFO: [ app_begin ] --END-- [ RunTime:0.000372s ]
INFO: [ view_parse ] --START--
INFO: [ template_filter ] --START--
INFO: Run Behavior\ContentReplaceBehavior [ RunTime:0.000098s ]
INFO: [ template_filter ] --END-- [ RunTime:0.000162s ]
INFO: Run Behavior\ParseTemplateBehavior [ RunTime:0.017809s ]
INFO: [ view_parse ] --END-- [ RunTime:0.017847s ]
INFO: [ view_filter ] --START--
INFO: Run Behavior\WriteHtmlCacheBehavior [ RunTime:0.000137s ]
INFO: [ view_filter ] --END-- [ RunTime:0.000169s ]
INFO: [ app_end ] --START--
INFO: Run Behavior\ShowPageTraceBehavior [ RunTime:0.000413s ]
INFO: [ app_end ] --END-- [ RunTime:0.000453s ]

[ 2018-04-29T23:55:01+08:00 ] 221.217.236.155 /Home/Index/type
INFO: [ app_init ] --START--
INFO: Run Behavior\BuildLiteBehavior [ RunTime:0.000013s ]
INFO: [ app_init ] --END-- [ RunTime:0.000072s ]
INFO: [ app_begin ] --START--
INFO: Run Behavior\ReadHtmlCacheBehavior [ RunTime:0.000357s ]
INFO: [ app_begin ] --END-- [ RunTime:0.000395s ]
SQL: SHOW COLUMNS FROM `news_type` [ RunTime:0.0004s ]
SQL: SELECT * FROM `news_type` ORDER BY id desc  [ RunTime:0.0001s ]
SQL: SHOW COLUMNS FROM `news_nexttype` [ RunTime:0.0003s ]
SQL: SELECT * FROM `news_nexttype` WHERE `sid` = 27 ORDER BY id desc  [ RunTime:0.0001s ]
SQL: SELECT * FROM `news_nexttype` WHERE `sid` = 26 ORDER BY id desc  [ RunTime:0.0001s ]
SQL: SELECT * FROM `news_nexttype` WHERE `sid` = 25 ORDER BY id desc  [ RunTime:0.0001s ]
SQL: SELECT * FROM `news_nexttype` WHERE `sid` = 23 ORDER BY id desc  [ RunTime:0.0001s ]
SQL: SELECT * FROM `news_nexttype` WHERE `sid` = 21 ORDER BY id desc  [ RunTime:0.0001s ]
SQL: SELECT * FROM `news_nexttype` WHERE `sid` = 20 ORDER BY id desc  [ RunTime:0.0001s ]
SQL: SELECT * FROM `news_nexttype` WHERE `sid` = 19 ORDER BY id desc  [ RunTime:0.0001s ]
SQL: SELECT * FROM `news_nexttype` WHERE `sid` = 16 ORDER BY id desc  [ RunTime:0.0001s ]
SQL: SELECT * FROM `news_nexttype` WHERE `sid` = 15 ORDER BY id desc  [ RunTime:0.0001s ]
SQL: SELECT * FROM `news_nexttype` WHERE `sid` = 14 ORDER BY id desc  [ RunTime:0.0000s ]
SQL: SELECT * FROM `news_nexttype` WHERE `sid` = 13 ORDER BY id desc  [ RunTime:0.0001s ]
SQL: SELECT * FROM `news_nexttype` WHERE `sid` = 12 ORDER BY id desc  [ RunTime:0.0000s ]
SQL: SELECT * FROM `news_nexttype` WHERE `sid` = 11 ORDER BY id desc  [ RunTime:0.0000s ]
SQL: SELECT * FROM `news_nexttype` WHERE `sid` = 10 ORDER BY id desc  [ RunTime:0.0001s ]
SQL: SELECT * FROM `news_nexttype` WHERE `sid` = 9 ORDER BY id desc  [ RunTime:0.0001s ]
SQL: SELECT * FROM `news_nexttype` WHERE `sid` = 8 ORDER BY id desc  [ RunTime:0.0000s ]
SQL: SELECT * FROM `news_nexttype` WHERE `sid` = 6 ORDER BY id desc  [ RunTime:0.0000s ]
SQL: SELECT * FROM `news_nexttype` WHERE `sid` = 5 ORDER BY id desc  [ RunTime:0.0000s ]
SQL: SELECT * FROM `news_nexttype` WHERE `sid` = 2 ORDER BY id desc  [ RunTime:0.0000s ]
SQL: SELECT * FROM `news_nexttype` WHERE `sid` = 1 ORDER BY id desc  [ RunTime:0.0001s ]
INFO: [ app_end ] --START--
INFO: Run Behavior\ShowPageTraceBehavior [ RunTime:0.000404s ]
INFO: [ app_end ] --END-- [ RunTime:0.000441s ]

[ 2018-04-29T23:55:02+08:00 ] 221.217.236.155 /Home/Index/indexcool
INFO: [ app_init ] --START--
INFO: Run Behavior\BuildLiteBehavior [ RunTime:0.000011s ]
INFO: [ app_init ] --END-- [ RunTime:0.000069s ]
INFO: [ app_begin ] --START--
INFO: Run Behavior\ReadHtmlCacheBehavior [ RunTime:0.000321s ]
INFO: [ app_begin ] --END-- [ RunTime:0.000359s ]
SQL: SHOW COLUMNS FROM `news_type` [ RunTime:0.0004s ]
SQL: SELECT * FROM `news_type` WHERE `name` = '时政新闻' LIMIT 1   [ RunTime:0.0001s ]
SQL: SHOW COLUMNS FROM `news_news` [ RunTime:0.0003s ]
SQL: SELECT * FROM `news_news` WHERE `onetype` = 1 ORDER BY id desc LIMIT 3   [ RunTime:0.0006s ]
SQL: SELECT * FROM `news_type` WHERE `name` = '首页头条' LIMIT 1   [ RunTime:0.0001s ]
SQL: SELECT * FROM `news_news` WHERE `onetype` = 8 ORDER BY id desc LIMIT 4   [ RunTime:0.0002s ]
SQL: SELECT * FROM `news_news` WHERE `onetype` = 8 AND `isleft` = 1 ORDER BY id desc LIMIT 6   [ RunTime:0.0004s ]
SQL: SHOW COLUMNS FROM `news_nexttype` [ RunTime:0.0003s ]
SQL: SELECT * FROM `news_nexttype` WHERE `sid` = 8  [ RunTime:0.0001s ]
SQL: SELECT * FROM `news_news` WHERE `twotype` = 31 AND `isleft` = 0 ORDER BY id desc LIMIT 7   [ RunTime:0.0002s ]
SQL: SELECT * FROM `news_news` WHERE `twotype` = 32 AND `isleft` = 0 ORDER BY id desc LIMIT 7   [ RunTime:0.0004s ]
INFO: [ app_end ] --START--
INFO: Run Behavior\ShowPageTraceBehavior [ RunTime:0.000417s ]
INFO: [ app_end ] --END-- [ RunTime:0.000460s ]

[ 2018-04-29T23:55:02+08:00 ] 221.217.236.155 /Home/Index/indeximg
INFO: [ app_init ] --START--
INFO: Run Behavior\BuildLiteBehavior [ RunTime:0.000011s ]
INFO: [ app_init ] --END-- [ RunTime:0.000069s ]
INFO: [ app_begin ] --START--
INFO: Run Behavior\ReadHtmlCacheBehavior [ RunTime:0.000315s ]
INFO: [ app_begin ] --END-- [ RunTime:0.000355s ]
SQL: SHOW COLUMNS FROM `news_news` [ RunTime:0.0005s ]
SQL: SELECT * FROM `news_news` ORDER BY id desc LIMIT 5   [ RunTime:0.0002s ]
INFO: [ app_end ] --START--
INFO: Run Behavior\ShowPageTraceBehavior [ RunTime:0.000416s ]
INFO: [ app_end ] --END-- [ RunTime:0.000468s ]

[ 2018-04-29T23:55:02+08:00 ] 221.217.236.155 /Home/Index/indexvideo
INFO: [ app_init ] --START--
INFO: Run Behavior\BuildLiteBehavior [ RunTime:0.000011s ]
INFO: [ app_init ] --END-- [ RunTime:0.000063s ]
INFO: [ app_begin ] --START--
INFO: Run Behavior\ReadHtmlCacheBehavior [ RunTime:0.000315s ]
INFO: [ app_begin ] --END-- [ RunTime:0.000353s ]
SQL: SHOW COLUMNS FROM `news_news` [ RunTime:0.0004s ]
SQL: SELECT * FROM `news_news` WHERE `isvideo` = 1 ORDER BY id desc LIMIT 7   [ RunTime:0.0003s ]
INFO: [ app_end ] --START--
INFO: Run Behavior\ShowPageTraceBehavior [ RunTime:0.000368s ]
INFO: [ app_end ] --END-- [ RunTime:0.000408s ]

[ 2018-04-29T23:55:03+08:00 ] 221.217.236.155 /Home/Index/indexdata
INFO: [ app_init ] --START--
INFO: Run Behavior\BuildLiteBehavior [ RunTime:0.000013s ]
INFO: [ app_init ] --END-- [ RunTime:0.000085s ]
INFO: [ app_begin ] --START--
INFO: Run Behavior\ReadHtmlCacheBehavior [ RunTime:0.000343s ]
INFO: [ app_begin ] --END-- [ RunTime:0.000391s ]
SQL: SHOW COLUMNS FROM `news_type` [ RunTime:0.0004s ]
SQL: SELECT * FROM `news_type`  [ RunTime:0.0001s ]
SQL: SHOW COLUMNS FROM `news_news` [ RunTime:0.0003s ]
SQL: SELECT * FROM `news_news` WHERE `onetype` = 1 ORDER BY id desc LIMIT 5   [ RunTime:0.0007s ]
SQL: SELECT * FROM `news_news` WHERE `onetype` = 2 ORDER BY id desc LIMIT 5   [ RunTime:0.0006s ]
SQL: SELECT * FROM `news_news` WHERE `onetype` = 5 ORDER BY id desc LIMIT 5   [ RunTime:0.0004s ]
SQL: SELECT * FROM `news_news` WHERE `onetype` = 6 ORDER BY id desc LIMIT 5   [ RunTime:0.0003s ]
SQL: SELECT * FROM `news_news` WHERE `onetype` = 8 ORDER BY id desc LIMIT 5   [ RunTime:0.0002s ]
SQL: SELECT * FROM `news_news` WHERE `onetype` = 9 ORDER BY id desc LIMIT 5   [ RunTime:0.0004s ]
SQL: SELECT * FROM `news_news` WHERE `onetype` = 10 ORDER BY id desc LIMIT 5   [ RunTime:0.0003s ]
SQL: SELECT * FROM `news_news` WHERE `onetype` = 11 ORDER BY id desc LIMIT 5   [ RunTime:0.0004s ]
SQL: SELECT * FROM `news_news` WHERE `onetype` = 12 ORDER BY id desc LIMIT 5   [ RunTime:0.0004s ]
SQL: SELECT * FROM `news_news` WHERE `onetype` = 13 ORDER BY id desc LIMIT 5   [ RunTime:0.0004s ]
SQL: SELECT * FROM `news_news` WHERE `onetype` = 14 ORDER BY id desc LIMIT 5   [ RunTime:0.0004s ]
SQL: SELECT * FROM `news_news` WHERE `onetype` = 15 ORDER BY id desc LIMIT 5   [ RunTime:0.0003s ]
SQL: SELECT * FROM `news_news` WHERE `onetype` = 16 ORDER BY id desc LIMIT 5   [ RunTime:0.0003s ]
SQL: SELECT * FROM `news_news` WHERE `onetype` = 19 ORDER BY id desc LIMIT 5   [ RunTime:0.0003s ]
SQL: SELECT * FROM `news_news` WHERE `onetype` = 20 ORDER BY id desc LIMIT 5   [ RunTime:0.0003s ]
SQL: SELECT * FROM `news_news` WHERE `onetype` = 21 ORDER BY id desc LIMIT 5   [ RunTime:0.0004s ]
SQL: SELECT * FROM `news_news` WHERE `onetype` = 23 ORDER BY id desc LIMIT 5   [ RunTime:0.0002s ]
SQL: SELECT * FROM `news_news` WHERE `onetype` = 25 ORDER BY id desc LIMIT 5   [ RunTime:0.0004s ]
SQL: SELECT * FROM `news_news` WHERE `onetype` = 26 ORDER BY id desc LIMIT 5   [ RunTime:0.0003s ]
SQL: SELECT * FROM `news_news` WHERE `onetype` = 27 ORDER BY id desc LIMIT 5   [ RunTime:0.0005s ]
INFO: [ app_end ] --START--
INFO: Run Behavior\ShowPageTraceBehavior [ RunTime:0.000537s ]
INFO: [ app_end ] --END-- [ RunTime:0.000616s ]

[ 2018-04-29T23:55:03+08:00 ] 221.217.236.155 /Home/Index/indexfor
INFO: [ app_init ] --START--
INFO: Run Behavior\BuildLiteBehavior [ RunTime:0.000013s ]
INFO: [ app_init ] --END-- [ RunTime:0.000070s ]
INFO: [ app_begin ] --START--
INFO: Run Behavior\ReadHtmlCacheBehavior [ RunTime:0.000427s ]
INFO: [ app_begin ] --END-- [ RunTime:0.000480s ]
SQL: SHOW COLUMNS FROM `news_type` [ RunTime:0.0019s ]
SQL: SELECT * FROM `news_type` WHERE `name` = '轮播图' LIMIT 1   [ RunTime:0.0001s ]
SQL: SHOW COLUMNS FROM `news_nexttype` [ RunTime:0.0003s ]
SQL: SELECT * FROM `news_nexttype` WHERE `sid` = 6 LIMIT 1   [ RunTime:0.0001s ]
SQL: SHOW COLUMNS FROM `news_news` [ RunTime:0.0003s ]
SQL: SELECT * FROM `news_news` WHERE `twotype` = 30 ORDER BY id desc LIMIT 8   [ RunTime:0.0006s ]
INFO: [ app_end ] --START--
INFO: Run Behavior\ShowPageTraceBehavior [ RunTime:0.000474s ]
INFO: [ app_end ] --END-- [ RunTime:0.000520s ]

[ 2018-04-29T23:55:33+08:00 ] 221.217.236.155 /
INFO: [ app_init ] --START--
INFO: Run Behavior\BuildLiteBehavior [ RunTime:0.000013s ]
INFO: [ app_init ] --END-- [ RunTime:0.000078s ]
INFO: [ app_begin ] --START--
INFO: Run Behavior\ReadHtmlCacheBehavior [ RunTime:0.000402s ]
INFO: [ app_begin ] --END-- [ RunTime:0.000444s ]
INFO: [ view_parse ] --START--
INFO: [ template_filter ] --START--
INFO: Run Behavior\ContentReplaceBehavior [ RunTime:0.000113s ]
INFO: [ template_filter ] --END-- [ RunTime:0.000179s ]
INFO: Run Behavior\ParseTemplateBehavior [ RunTime:0.018689s ]
INFO: [ view_parse ] --END-- [ RunTime:0.018733s ]
INFO: [ view_filter ] --START--
INFO: Run Behavior\WriteHtmlCacheBehavior [ RunTime:0.000156s ]
INFO: [ view_filter ] --END-- [ RunTime:0.000189s ]
INFO: [ app_end ] --START--
INFO: Run Behavior\ShowPageTraceBehavior [ RunTime:0.000464s ]
INFO: [ app_end ] --END-- [ RunTime:0.000521s ]

[ 2018-04-29T23:55:34+08:00 ] 221.217.236.155 /Home/Index/type
INFO: [ app_init ] --START--
INFO: Run Behavior\BuildLiteBehavior [ RunTime:0.000011s ]
INFO: [ app_init ] --END-- [ RunTime:0.000095s ]
INFO: [ app_begin ] --START--
INFO: Run Behavior\ReadHtmlCacheBehavior [ RunTime:0.000360s ]
INFO: [ app_begin ] --END-- [ RunTime:0.000399s ]
SQL: SHOW COLUMNS FROM `news_type` [ RunTime:0.0005s ]
SQL: SELECT * FROM `news_type` ORDER BY id desc  [ RunTime:0.0001s ]
SQL: SHOW COLUMNS FROM `news_nexttype` [ RunTime:0.0003s ]
SQL: SELECT * FROM `news_nexttype` WHERE `sid` = 27 ORDER BY id desc  [ RunTime:0.0001s ]
SQL: SELECT * FROM `news_nexttype` WHERE `sid` = 26 ORDER BY id desc  [ RunTime:0.0001s ]
SQL: SELECT * FROM `news_nexttype` WHERE `sid` = 25 ORDER BY id desc  [ RunTime:0.0001s ]
SQL: SELECT * FROM `news_nexttype` WHERE `sid` = 23 ORDER BY id desc  [ RunTime:0.0001s ]
SQL: SELECT * FROM `news_nexttype` WHERE `sid` = 21 ORDER BY id desc  [ RunTime:0.0001s ]
SQL: SELECT * FROM `news_nexttype` WHERE `sid` = 20 ORDER BY id desc  [ RunTime:0.0001s ]
SQL: SELECT * FROM `news_nexttype` WHERE `sid` = 19 ORDER BY id desc  [ RunTime:0.0001s ]
SQL: SELECT * FROM `news_nexttype` WHERE `sid` = 16 ORDER BY id desc  [ RunTime:0.0001s ]
SQL: SELECT * FROM `news_nexttype` WHERE `sid` = 15 ORDER BY id desc  [ RunTime:0.0001s ]
SQL: SELECT * FROM `news_nexttype` WHERE `sid` = 14 ORDER BY id desc  [ RunTime:0.0001s ]
SQL: SELECT * FROM `news_nexttype` WHERE `sid` = 13 ORDER BY id desc  [ RunTime:0.0001s ]
SQL: SELECT * FROM `news_nexttype` WHERE `sid` = 12 ORDER BY id desc  [ RunTime:0.0001s ]
SQL: SELECT * FROM `news_nexttype` WHERE `sid` = 11 ORDER BY id desc  [ RunTime:0.0001s ]
SQL: SELECT * FROM `news_nexttype` WHERE `sid` = 10 ORDER BY id desc  [ RunTime:0.0001s ]
SQL: SELECT * FROM `news_nexttype` WHERE `sid` = 9 ORDER BY id desc  [ RunTime:0.0001s ]
SQL: SELECT * FROM `news_nexttype` WHERE `sid` = 8 ORDER BY id desc  [ RunTime:0.0000s ]
SQL: SELECT * FROM `news_nexttype` WHERE `sid` = 6 ORDER BY id desc  [ RunTime:0.0000s ]
SQL: SELECT * FROM `news_nexttype` WHERE `sid` = 5 ORDER BY id desc  [ RunTime:0.0001s ]
SQL: SELECT * FROM `news_nexttype` WHERE `sid` = 2 ORDER BY id desc  [ RunTime:0.0001s ]
SQL: SELECT * FROM `news_nexttype` WHERE `sid` = 1 ORDER BY id desc  [ RunTime:0.0001s ]
INFO: [ app_end ] --START--
INFO: Run Behavior\ShowPageTraceBehavior [ RunTime:0.000375s ]
INFO: [ app_end ] --END-- [ RunTime:0.000411s ]

[ 2018-04-29T23:55:34+08:00 ] 221.217.236.155 /Home/Index/indexcool
INFO: [ app_init ] --START--
INFO: Run Behavior\BuildLiteBehavior [ RunTime:0.000012s ]
INFO: [ app_init ] --END-- [ RunTime:0.000072s ]
INFO: [ app_begin ] --START--
INFO: Run Behavior\ReadHtmlCacheBehavior [ RunTime:0.000352s ]
INFO: [ app_begin ] --END-- [ RunTime:0.000390s ]
SQL: SHOW COLUMNS FROM `news_type` [ RunTime:0.0004s ]
SQL: SELECT * FROM `news_type` WHERE `name` = '时政新闻' LIMIT 1   [ RunTime:0.0001s ]
SQL: SHOW COLUMNS FROM `news_news` [ RunTime:0.0004s ]
SQL: SELECT * FROM `news_news` WHERE `onetype` = 1 ORDER BY id desc LIMIT 3   [ RunTime:0.0006s ]
SQL: SELECT * FROM `news_type` WHERE `name` = '首页头条' LIMIT 1   [ RunTime:0.0001s ]
SQL: SELECT * FROM `news_news` WHERE `onetype` = 8 ORDER BY id desc LIMIT 4   [ RunTime:0.0002s ]
SQL: SELECT * FROM `news_news` WHERE `onetype` = 8 AND `isleft` = 1 ORDER BY id desc LIMIT 6   [ RunTime:0.0005s ]
SQL: SHOW COLUMNS FROM `news_nexttype` [ RunTime:0.0003s ]
SQL: SELECT * FROM `news_nexttype` WHERE `sid` = 8  [ RunTime:0.0001s ]
SQL: SELECT * FROM `news_news` WHERE `twotype` = 31 AND `isleft` = 0 ORDER BY id desc LIMIT 7   [ RunTime:0.0002s ]
SQL: SELECT * FROM `news_news` WHERE `twotype` = 32 AND `isleft` = 0 ORDER BY id desc LIMIT 7   [ RunTime:0.0003s ]
INFO: [ app_end ] --START--
INFO: Run Behavior\ShowPageTraceBehavior [ RunTime:0.000420s ]
INFO: [ app_end ] --END-- [ RunTime:0.000468s ]

[ 2018-04-29T23:55:35+08:00 ] 221.217.236.155 /Home/Index/indexdata
INFO: [ app_init ] --START--
INFO: Run Behavior\BuildLiteBehavior [ RunTime:0.000009s ]
INFO: [ app_init ] --END-- [ RunTime:0.000064s ]
INFO: [ app_begin ] --START--
INFO: Run Behavior\ReadHtmlCacheBehavior [ RunTime:0.008621s ]
INFO: [ app_begin ] --END-- [ RunTime:0.008670s ]
SQL: SHOW COLUMNS FROM `news_type` [ RunTime:0.0004s ]
SQL: SELECT * FROM `news_type`  [ RunTime:0.0001s ]
SQL: SHOW COLUMNS FROM `news_news` [ RunTime:0.0003s ]
SQL: SELECT * FROM `news_news` WHERE `onetype` = 1 ORDER BY id desc LIMIT 5   [ RunTime:0.0007s ]
SQL: SELECT * FROM `news_news` WHERE `onetype` = 2 ORDER BY id desc LIMIT 5   [ RunTime:0.0006s ]
SQL: SELECT * FROM `news_news` WHERE `onetype` = 5 ORDER BY id desc LIMIT 5   [ RunTime:0.0005s ]
SQL: SELECT * FROM `news_news` WHERE `onetype` = 6 ORDER BY id desc LIMIT 5   [ RunTime:0.0004s ]
SQL: SELECT * FROM `news_news` WHERE `onetype` = 8 ORDER BY id desc LIMIT 5   [ RunTime:0.0002s ]
SQL: SELECT * FROM `news_news` WHERE `onetype` = 9 ORDER BY id desc LIMIT 5   [ RunTime:0.0004s ]
SQL: SELECT * FROM `news_news` WHERE `onetype` = 10 ORDER BY id desc LIMIT 5   [ RunTime:0.0005s ]
SQL: SELECT * FROM `news_news` WHERE `onetype` = 11 ORDER BY id desc LIMIT 5   [ RunTime:0.0004s ]
SQL: SELECT * FROM `news_news` WHERE `onetype` = 12 ORDER BY id desc LIMIT 5   [ RunTime:0.0004s ]
SQL: SELECT * FROM `news_news` WHERE `onetype` = 13 ORDER BY id desc LIMIT 5   [ RunTime:0.0003s ]
SQL: SELECT * FROM `news_news` WHERE `onetype` = 14 ORDER BY id desc LIMIT 5   [ RunTime:0.0005s ]
SQL: SELECT * FROM `news_news` WHERE `onetype` = 15 ORDER BY id desc LIMIT 5   [ RunTime:0.0003s ]
SQL: SELECT * FROM `news_news` WHERE `onetype` = 16 ORDER BY id desc LIMIT 5   [ RunTime:0.0003s ]
SQL: SELECT * FROM `news_news` WHERE `onetype` = 19 ORDER BY id desc LIMIT 5   [ RunTime:0.0003s ]
SQL: SELECT * FROM `news_news` WHERE `onetype` = 20 ORDER BY id desc LIMIT 5   [ RunTime:0.0004s ]
SQL: SELECT * FROM `news_news` WHERE `onetype` = 21 ORDER BY id desc LIMIT 5   [ RunTime:0.0004s ]
SQL: SELECT * FROM `news_news` WHERE `onetype` = 23 ORDER BY id desc LIMIT 5   [ RunTime:0.0003s ]
SQL: SELECT * FROM `news_news` WHERE `onetype` = 25 ORDER BY id desc LIMIT 5   [ RunTime:0.0004s ]
SQL: SELECT * FROM `news_news` WHERE `onetype` = 26 ORDER BY id desc LIMIT 5   [ RunTime:0.0004s ]
SQL: SELECT * FROM `news_news` WHERE `onetype` = 27 ORDER BY id desc LIMIT 5   [ RunTime:0.0005s ]
INFO: [ app_end ] --START--
INFO: Run Behavior\ShowPageTraceBehavior [ RunTime:0.000592s ]
INFO: [ app_end ] --END-- [ RunTime:0.000693s ]

[ 2018-04-29T23:55:35+08:00 ] 221.217.236.155 /Home/Index/indexvideo
INFO: [ app_init ] --START--
INFO: Run Behavior\BuildLiteBehavior [ RunTime:0.000012s ]
INFO: [ app_init ] --END-- [ RunTime:0.000072s ]
INFO: [ app_begin ] --START--
INFO: Run Behavior\ReadHtmlCacheBehavior [ RunTime:0.000436s ]
INFO: [ app_begin ] --END-- [ RunTime:0.000486s ]
SQL: SHOW COLUMNS FROM `news_news` [ RunTime:0.0006s ]
SQL: SELECT * FROM `news_news` WHERE `isvideo` = 1 ORDER BY id desc LIMIT 7   [ RunTime:0.0003s ]
INFO: [ app_end ] --START--
INFO: Run Behavior\ShowPageTraceBehavior [ RunTime:0.000375s ]
INFO: [ app_end ] --END-- [ RunTime:0.000418s ]

[ 2018-04-29T23:55:35+08:00 ] 221.217.236.155 /Home/Index/indeximg
INFO: [ app_init ] --START--
INFO: Run Behavior\BuildLiteBehavior [ RunTime:0.000010s ]
INFO: [ app_init ] --END-- [ RunTime:0.000081s ]
INFO: [ app_begin ] --START--
INFO: Run Behavior\ReadHtmlCacheBehavior [ RunTime:0.031625s ]
INFO: [ app_begin ] --END-- [ RunTime:0.031679s ]
SQL: SHOW COLUMNS FROM `news_news` [ RunTime:0.0005s ]
SQL: SELECT * FROM `news_news` ORDER BY id desc LIMIT 5   [ RunTime:0.0002s ]
INFO: [ app_end ] --START--
INFO: Run Behavior\ShowPageTraceBehavior [ RunTime:0.000409s ]
INFO: [ app_end ] --END-- [ RunTime:0.000451s ]

[ 2018-04-29T23:55:35+08:00 ] 221.217.236.155 /Home/Index/indexfor
INFO: [ app_init ] --START--
INFO: Run Behavior\BuildLiteBehavior [ RunTime:0.000019s ]
INFO: [ app_init ] --END-- [ RunTime:0.000099s ]
INFO: [ app_begin ] --START--
INFO: Run Behavior\ReadHtmlCacheBehavior [ RunTime:0.020827s ]
INFO: [ app_begin ] --END-- [ RunTime:0.020888s ]
SQL: SHOW COLUMNS FROM `news_type` [ RunTime:0.0004s ]
SQL: SELECT * FROM `news_type` WHERE `name` = '轮播图' LIMIT 1   [ RunTime:0.0001s ]
SQL: SHOW COLUMNS FROM `news_nexttype` [ RunTime:0.0003s ]
SQL: SELECT * FROM `news_nexttype` WHERE `sid` = 6 LIMIT 1   [ RunTime:0.0001s ]
SQL: SHOW COLUMNS FROM `news_news` [ RunTime:0.0004s ]
SQL: SELECT * FROM `news_news` WHERE `twotype` = 30 ORDER BY id desc LIMIT 8   [ RunTime:0.0005s ]
INFO: [ app_end ] --START--
INFO: Run Behavior\ShowPageTraceBehavior [ RunTime:0.000377s ]
INFO: [ app_end ] --END-- [ RunTime:0.000423s ]

[ 2018-04-29T23:56:17+08:00 ] 221.217.236.155 /
INFO: [ app_init ] --START--
INFO: Run Behavior\BuildLiteBehavior [ RunTime:0.000011s ]
INFO: [ app_init ] --END-- [ RunTime:0.000068s ]
INFO: [ app_begin ] --START--
INFO: Run Behavior\ReadHtmlCacheBehavior [ RunTime:0.000310s ]
INFO: [ app_begin ] --END-- [ RunTime:0.000348s ]
INFO: [ view_parse ] --START--
INFO: [ template_filter ] --START--
INFO: Run Behavior\ContentReplaceBehavior [ RunTime:0.000089s ]
INFO: [ template_filter ] --END-- [ RunTime:0.000142s ]
INFO: Run Behavior\ParseTemplateBehavior [ RunTime:0.017563s ]
INFO: [ view_parse ] --END-- [ RunTime:0.017600s ]
INFO: [ view_filter ] --START--
INFO: Run Behavior\WriteHtmlCacheBehavior [ RunTime:0.000126s ]
INFO: [ view_filter ] --END-- [ RunTime:0.000156s ]
INFO: [ app_end ] --START--
INFO: Run Behavior\ShowPageTraceBehavior [ RunTime:0.000396s ]
INFO: [ app_end ] --END-- [ RunTime:0.000434s ]

[ 2018-04-29T23:56:18+08:00 ] 221.217.236.155 /Home/Index/type
INFO: [ app_init ] --START--
INFO: Run Behavior\BuildLiteBehavior [ RunTime:0.000010s ]
INFO: [ app_init ] --END-- [ RunTime:0.000066s ]
INFO: [ app_begin ] --START--
INFO: Run Behavior\ReadHtmlCacheBehavior [ RunTime:0.000317s ]
INFO: [ app_begin ] --END-- [ RunTime:0.000354s ]
SQL: SHOW COLUMNS FROM `news_type` [ RunTime:0.0004s ]
SQL: SELECT * FROM `news_type` ORDER BY id desc  [ RunTime:0.0001s ]
SQL: SHOW COLUMNS FROM `news_nexttype` [ RunTime:0.0003s ]
SQL: SELECT * FROM `news_nexttype` WHERE `sid` = 27 ORDER BY id desc  [ RunTime:0.0001s ]
SQL: SELECT * FROM `news_nexttype` WHERE `sid` = 26 ORDER BY id desc  [ RunTime:0.0001s ]
SQL: SELECT * FROM `news_nexttype` WHERE `sid` = 25 ORDER BY id desc  [ RunTime:0.0001s ]
SQL: SELECT * FROM `news_nexttype` WHERE `sid` = 23 ORDER BY id desc  [ RunTime:0.0001s ]
SQL: SELECT * FROM `news_nexttype` WHERE `sid` = 21 ORDER BY id desc  [ RunTime:0.0001s ]
SQL: SELECT * FROM `news_nexttype` WHERE `sid` = 20 ORDER BY id desc  [ RunTime:0.0001s ]
SQL: SELECT * FROM `news_nexttype` WHERE `sid` = 19 ORDER BY id desc  [ RunTime:0.0001s ]
SQL: SELECT * FROM `news_nexttype` WHERE `sid` = 16 ORDER BY id desc  [ RunTime:0.0000s ]
SQL: SELECT * FROM `news_nexttype` WHERE `sid` = 15 ORDER BY id desc  [ RunTime:0.0001s ]
SQL: SELECT * FROM `news_nexttype` WHERE `sid` = 14 ORDER BY id desc  [ RunTime:0.0001s ]
SQL: SELECT * FROM `news_nexttype` WHERE `sid` = 13 ORDER BY id desc  [ RunTime:0.0001s ]
SQL: SELECT * FROM `news_nexttype` WHERE `sid` = 12 ORDER BY id desc  [ RunTime:0.0001s ]
SQL: SELECT * FROM `news_nexttype` WHERE `sid` = 11 ORDER BY id desc  [ RunTime:0.0000s ]
SQL: SELECT * FROM `news_nexttype` WHERE `sid` = 10 ORDER BY id desc  [ RunTime:0.0001s ]
SQL: SELECT * FROM `news_nexttype` WHERE `sid` = 9 ORDER BY id desc  [ RunTime:0.0000s ]
SQL: SELECT * FROM `news_nexttype` WHERE `sid` = 8 ORDER BY id desc  [ RunTime:0.0000s ]
SQL: SELECT * FROM `news_nexttype` WHERE `sid` = 6 ORDER BY id desc  [ RunTime:0.0000s ]
SQL: SELECT * FROM `news_nexttype` WHERE `sid` = 5 ORDER BY id desc  [ RunTime:0.0000s ]
SQL: SELECT * FROM `news_nexttype` WHERE `sid` = 2 ORDER BY id desc  [ RunTime:0.0001s ]
SQL: SELECT * FROM `news_nexttype` WHERE `sid` = 1 ORDER BY id desc  [ RunTime:0.0000s ]
INFO: [ app_end ] --START--
INFO: Run Behavior\ShowPageTraceBehavior [ RunTime:0.000361s ]
INFO: [ app_end ] --END-- [ RunTime:0.000395s ]

[ 2018-04-29T23:56:18+08:00 ] 221.217.236.155 /Home/Index/indexfor
INFO: [ app_init ] --START--
INFO: Run Behavior\BuildLiteBehavior [ RunTime:0.000010s ]
INFO: [ app_init ] --END-- [ RunTime:0.000064s ]
INFO: [ app_begin ] --START--
INFO: Run Behavior\ReadHtmlCacheBehavior [ RunTime:0.000322s ]
INFO: [ app_begin ] --END-- [ RunTime:0.000359s ]
SQL: SHOW COLUMNS FROM `news_type` [ RunTime:0.0004s ]
SQL: SELECT * FROM `news_type` WHERE `name` = '轮播图' LIMIT 1   [ RunTime:0.0001s ]
SQL: SHOW COLUMNS FROM `news_nexttype` [ RunTime:0.0003s ]
SQL: SELECT * FROM `news_nexttype` WHERE `sid` = 6 LIMIT 1   [ RunTime:0.0455s ]
SQL: SHOW COLUMNS FROM `news_news` [ RunTime:0.0005s ]
SQL: SELECT * FROM `news_news` WHERE `twotype` = 30 ORDER BY id desc LIMIT 8   [ RunTime:0.0006s ]
INFO: [ app_end ] --START--
INFO: Run Behavior\ShowPageTraceBehavior [ RunTime:0.000400s ]
INFO: [ app_end ] --END-- [ RunTime:0.000444s ]

[ 2018-04-29T23:56:19+08:00 ] 221.217.236.155 /Home/Index/indexdata
INFO: [ app_init ] --START--
INFO: Run Behavior\BuildLiteBehavior [ RunTime:0.000009s ]
INFO: [ app_init ] --END-- [ RunTime:0.000061s ]
INFO: [ app_begin ] --START--
INFO: Run Behavior\ReadHtmlCacheBehavior [ RunTime:0.000308s ]
INFO: [ app_begin ] --END-- [ RunTime:0.000345s ]
SQL: SHOW COLUMNS FROM `news_type` [ RunTime:0.0004s ]
SQL: SELECT * FROM `news_type`  [ RunTime:0.0001s ]
SQL: SHOW COLUMNS FROM `news_news` [ RunTime:0.0003s ]
SQL: SELECT * FROM `news_news` WHERE `onetype` = 1 ORDER BY id desc LIMIT 5   [ RunTime:0.0006s ]
SQL: SELECT * FROM `news_news` WHERE `onetype` = 2 ORDER BY id desc LIMIT 5   [ RunTime:0.0005s ]
SQL: SELECT * FROM `news_news` WHERE `onetype` = 5 ORDER BY id desc LIMIT 5   [ RunTime:0.0004s ]
SQL: SELECT * FROM `news_news` WHERE `onetype` = 6 ORDER BY id desc LIMIT 5   [ RunTime:0.0003s ]
SQL: SELECT * FROM `news_news` WHERE `onetype` = 8 ORDER BY id desc LIMIT 5   [ RunTime:0.0002s ]
SQL: SELECT * FROM `news_news` WHERE `onetype` = 9 ORDER BY id desc LIMIT 5   [ RunTime:0.0004s ]
SQL: SELECT * FROM `news_news` WHERE `onetype` = 10 ORDER BY id desc LIMIT 5   [ RunTime:0.0004s ]
SQL: SELECT * FROM `news_news` WHERE `onetype` = 11 ORDER BY id desc LIMIT 5   [ RunTime:0.0003s ]
SQL: SELECT * FROM `news_news` WHERE `onetype` = 12 ORDER BY id desc LIMIT 5   [ RunTime:0.0004s ]
SQL: SELECT * FROM `news_news` WHERE `onetype` = 13 ORDER BY id desc LIMIT 5   [ RunTime:0.0003s ]
SQL: SELECT * FROM `news_news` WHERE `onetype` = 14 ORDER BY id desc LIMIT 5   [ RunTime:0.0004s ]
SQL: SELECT * FROM `news_news` WHERE `onetype` = 15 ORDER BY id desc LIMIT 5   [ RunTime:0.0003s ]
SQL: SELECT * FROM `news_news` WHERE `onetype` = 16 ORDER BY id desc LIMIT 5   [ RunTime:0.0003s ]
SQL: SELECT * FROM `news_news` WHERE `onetype` = 19 ORDER BY id desc LIMIT 5   [ RunTime:0.0003s ]
SQL: SELECT * FROM `news_news` WHERE `onetype` = 20 ORDER BY id desc LIMIT 5   [ RunTime:0.0003s ]
SQL: SELECT * FROM `news_news` WHERE `onetype` = 21 ORDER BY id desc LIMIT 5   [ RunTime:0.0004s ]
SQL: SELECT * FROM `news_news` WHERE `onetype` = 23 ORDER BY id desc LIMIT 5   [ RunTime:0.0002s ]
SQL: SELECT * FROM `news_news` WHERE `onetype` = 25 ORDER BY id desc LIMIT 5   [ RunTime:0.0004s ]
SQL: SELECT * FROM `news_news` WHERE `onetype` = 26 ORDER BY id desc LIMIT 5   [ RunTime:0.0003s ]
SQL: SELECT * FROM `news_news` WHERE `onetype` = 27 ORDER BY id desc LIMIT 5   [ RunTime:0.0005s ]
INFO: [ app_end ] --START--
INFO: Run Behavior\ShowPageTraceBehavior [ RunTime:0.000555s ]
INFO: [ app_end ] --END-- [ RunTime:0.000650s ]

[ 2018-04-29T23:56:19+08:00 ] 221.217.236.155 /Home/Index/indexvideo
INFO: [ app_init ] --START--
INFO: Run Behavior\BuildLiteBehavior [ RunTime:0.000009s ]
INFO: [ app_init ] --END-- [ RunTime:0.000060s ]
INFO: [ app_begin ] --START--
INFO: Run Behavior\ReadHtmlCacheBehavior [ RunTime:0.000317s ]
INFO: [ app_begin ] --END-- [ RunTime:0.000353s ]
SQL: SHOW COLUMNS FROM `news_news` [ RunTime:0.0005s ]
SQL: SELECT * FROM `news_news` WHERE `isvideo` = 1 ORDER BY id desc LIMIT 7   [ RunTime:0.0003s ]
INFO: [ app_end ] --START--
INFO: Run Behavior\ShowPageTraceBehavior [ RunTime:0.000394s ]
INFO: [ app_end ] --END-- [ RunTime:0.000443s ]

[ 2018-04-29T23:56:19+08:00 ] 221.217.236.155 /Home/Index/indeximg
INFO: [ app_init ] --START--
INFO: Run Behavior\BuildLiteBehavior [ RunTime:0.000011s ]
INFO: [ app_init ] --END-- [ RunTime:0.000062s ]
INFO: [ app_begin ] --START--
INFO: Run Behavior\ReadHtmlCacheBehavior [ RunTime:0.000305s ]
INFO: [ app_begin ] --END-- [ RunTime:0.000341s ]
SQL: SHOW COLUMNS FROM `news_news` [ RunTime:0.0005s ]
SQL: SELECT * FROM `news_news` ORDER BY id desc LIMIT 5   [ RunTime:0.0002s ]
INFO: [ app_end ] --START--
INFO: Run Behavior\ShowPageTraceBehavior [ RunTime:0.000531s ]
INFO: [ app_end ] --END-- [ RunTime:0.000578s ]

[ 2018-04-29T23:56:19+08:00 ] 221.217.236.155 /Home/Index/indexcool
INFO: [ app_init ] --START--
INFO: Run Behavior\BuildLiteBehavior [ RunTime:0.000009s ]
INFO: [ app_init ] --END-- [ RunTime:0.000060s ]
INFO: [ app_begin ] --START--
INFO: Run Behavior\ReadHtmlCacheBehavior [ RunTime:0.000324s ]
INFO: [ app_begin ] --END-- [ RunTime:0.000360s ]
SQL: SHOW COLUMNS FROM `news_type` [ RunTime:0.0005s ]
SQL: SELECT * FROM `news_type` WHERE `name` = '时政新闻' LIMIT 1   [ RunTime:0.0001s ]
SQL: SHOW COLUMNS FROM `news_news` [ RunTime:0.0003s ]
SQL: SELECT * FROM `news_news` WHERE `onetype` = 1 ORDER BY id desc LIMIT 3   [ RunTime:0.0006s ]
SQL: SELECT * FROM `news_type` WHERE `name` = '首页头条' LIMIT 1   [ RunTime:0.0001s ]
SQL: SELECT * FROM `news_news` WHERE `onetype` = 8 ORDER BY id desc LIMIT 4   [ RunTime:0.0002s ]
SQL: SELECT * FROM `news_news` WHERE `onetype` = 8 AND `isleft` = 1 ORDER BY id desc LIMIT 6   [ RunTime:0.0005s ]
SQL: SHOW COLUMNS FROM `news_nexttype` [ RunTime:0.0003s ]
SQL: SELECT * FROM `news_nexttype` WHERE `sid` = 8  [ RunTime:0.0001s ]
SQL: SELECT * FROM `news_news` WHERE `twotype` = 31 AND `isleft` = 0 ORDER BY id desc LIMIT 7   [ RunTime:0.0002s ]
SQL: SELECT * FROM `news_news` WHERE `twotype` = 32 AND `isleft` = 0 ORDER BY id desc LIMIT 7   [ RunTime:0.0005s ]
INFO: [ app_end ] --START--
INFO: Run Behavior\ShowPageTraceBehavior [ RunTime:0.000471s ]
INFO: [ app_end ] --END-- [ RunTime:0.000518s ]

[ 2018-04-29T23:56:45+08:00 ] 183.240.196.117 /Index/indextwo?1
INFO: [ app_init ] --START--
INFO: Run Behavior\BuildLiteBehavior [ RunTime:0.000011s ]
INFO: [ app_init ] --END-- [ RunTime:0.000067s ]
INFO: [ app_begin ] --START--
INFO: Run Behavior\ReadHtmlCacheBehavior [ RunTime:0.000311s ]
INFO: [ app_begin ] --END-- [ RunTime:0.000351s ]
INFO: [ view_parse ] --START--
INFO: [ template_filter ] --START--
INFO: Run Behavior\ContentReplaceBehavior [ RunTime:0.000060s ]
INFO: [ template_filter ] --END-- [ RunTime:0.000111s ]
INFO: Run Behavior\ParseTemplateBehavior [ RunTime:0.008024s ]
INFO: [ view_parse ] --END-- [ RunTime:0.008072s ]
INFO: [ view_filter ] --START--
INFO: Run Behavior\WriteHtmlCacheBehavior [ RunTime:0.000102s ]
INFO: [ view_filter ] --END-- [ RunTime:0.000129s ]
INFO: [ app_end ] --START--
INFO: Run Behavior\ShowPageTraceBehavior [ RunTime:0.000328s ]
INFO: [ app_end ] --END-- [ RunTime:0.000376s ]

[ 2018-04-29T23:56:46+08:00 ] 183.240.196.117 /Home/Index/type
INFO: [ app_init ] --START--
INFO: Run Behavior\BuildLiteBehavior [ RunTime:0.000010s ]
INFO: [ app_init ] --END-- [ RunTime:0.000066s ]
INFO: [ app_begin ] --START--
INFO: Run Behavior\ReadHtmlCacheBehavior [ RunTime:0.000326s ]
INFO: [ app_begin ] --END-- [ RunTime:0.000379s ]
SQL: SHOW COLUMNS FROM `news_type` [ RunTime:0.0004s ]
SQL: SELECT * FROM `news_type` ORDER BY id desc  [ RunTime:0.0001s ]
SQL: SHOW COLUMNS FROM `news_nexttype` [ RunTime:0.0003s ]
SQL: SELECT * FROM `news_nexttype` WHERE `sid` = 27 ORDER BY id desc  [ RunTime:0.0001s ]
SQL: SELECT * FROM `news_nexttype` WHERE `sid` = 26 ORDER BY id desc  [ RunTime:0.0001s ]
SQL: SELECT * FROM `news_nexttype` WHERE `sid` = 25 ORDER BY id desc  [ RunTime:0.0000s ]
SQL: SELECT * FROM `news_nexttype` WHERE `sid` = 23 ORDER BY id desc  [ RunTime:0.0000s ]
SQL: SELECT * FROM `news_nexttype` WHERE `sid` = 21 ORDER BY id desc  [ RunTime:0.0001s ]
SQL: SELECT * FROM `news_nexttype` WHERE `sid` = 20 ORDER BY id desc  [ RunTime:0.0001s ]
SQL: SELECT * FROM `news_nexttype` WHERE `sid` = 19 ORDER BY id desc  [ RunTime:0.0001s ]
SQL: SELECT * FROM `news_nexttype` WHERE `sid` = 16 ORDER BY id desc  [ RunTime:0.0001s ]
SQL: SELECT * FROM `news_nexttype` WHERE `sid` = 15 ORDER BY id desc  [ RunTime:0.0001s ]
SQL: SELECT * FROM `news_nexttype` WHERE `sid` = 14 ORDER BY id desc  [ RunTime:0.0000s ]
SQL: SELECT * FROM `news_nexttype` WHERE `sid` = 13 ORDER BY id desc  [ RunTime:0.0001s ]
SQL: SELECT * FROM `news_nexttype` WHERE `sid` = 12 ORDER BY id desc  [ RunTime:0.0000s ]
SQL: SELECT * FROM `news_nexttype` WHERE `sid` = 11 ORDER BY id desc  [ RunTime:0.0001s ]
SQL: SELECT * FROM `news_nexttype` WHERE `sid` = 10 ORDER BY id desc  [ RunTime:0.0001s ]
SQL: SELECT * FROM `news_nexttype` WHERE `sid` = 9 ORDER BY id desc  [ RunTime:0.0001s ]
SQL: SELECT * FROM `news_nexttype` WHERE `sid` = 8 ORDER BY id desc  [ RunTime:0.0000s ]
SQL: SELECT * FROM `news_nexttype` WHERE `sid` = 6 ORDER BY id desc  [ RunTime:0.0000s ]
SQL: SELECT * FROM `news_nexttype` WHERE `sid` = 5 ORDER BY id desc  [ RunTime:0.0000s ]
SQL: SELECT * FROM `news_nexttype` WHERE `sid` = 2 ORDER BY id desc  [ RunTime:0.0000s ]
SQL: SELECT * FROM `news_nexttype` WHERE `sid` = 1 ORDER BY id desc  [ RunTime:0.0000s ]
INFO: [ app_end ] --START--
INFO: Run Behavior\ShowPageTraceBehavior [ RunTime:0.000363s ]
INFO: [ app_end ] --END-- [ RunTime:0.000399s ]

[ 2018-04-29T23:56:46+08:00 ] 183.240.196.117 /Home/Index/twolistright
INFO: [ app_init ] --START--
INFO: Run Behavior\BuildLiteBehavior [ RunTime:0.000010s ]
INFO: [ app_init ] --END-- [ RunTime:0.000068s ]
INFO: [ app_begin ] --START--
INFO: Run Behavior\ReadHtmlCacheBehavior [ RunTime:0.000339s ]
INFO: [ app_begin ] --END-- [ RunTime:0.000378s ]
SQL: SHOW COLUMNS FROM `news_nexttype` [ RunTime:0.0004s ]
SQL: SELECT * FROM `news_nexttype` WHERE `sid` = 1 ORDER BY id desc  [ RunTime:0.0001s ]
SQL: SHOW COLUMNS FROM `news_news` [ RunTime:0.0003s ]
SQL: SELECT * FROM `news_news` WHERE `twotype` = 42 ORDER BY id desc LIMIT 7   [ RunTime:0.0006s ]
SQL: SELECT * FROM `news_news` WHERE `twotype` = 5 ORDER BY id desc LIMIT 7   [ RunTime:0.0003s ]
SQL: SELECT * FROM `news_news` WHERE `twotype` = 4 ORDER BY id desc LIMIT 7   [ RunTime:0.0003s ]
SQL: SELECT * FROM `news_news` WHERE `twotype` = 3 ORDER BY id desc LIMIT 7   [ RunTime:0.0003s ]
SQL: SELECT * FROM `news_news` WHERE `twotype` = 2 ORDER BY id desc LIMIT 7   [ RunTime:0.0005s ]
SQL: SELECT * FROM `news_news` WHERE `twotype` = 1 ORDER BY id desc LIMIT 7   [ RunTime:0.0004s ]
SQL: SELECT * FROM `news_news` WHERE `onetype` = 1 ORDER BY id desc LIMIT 6   [ RunTime:0.0004s ]
INFO: [ app_end ] --START--
INFO: Run Behavior\ShowPageTraceBehavior [ RunTime:0.000418s ]
INFO: [ app_end ] --END-- [ RunTime:0.000468s ]

[ 2018-04-29T23:56:47+08:00 ] 183.240.196.117 /Home/Index/twolistleft
INFO: [ app_init ] --START--
INFO: Run Behavior\BuildLiteBehavior [ RunTime:0.000011s ]
INFO: [ app_init ] --END-- [ RunTime:0.000069s ]
INFO: [ app_begin ] --START--
INFO: Run Behavior\ReadHtmlCacheBehavior [ RunTime:0.000317s ]
INFO: [ app_begin ] --END-- [ RunTime:0.000357s ]
SQL: SHOW COLUMNS FROM `news_news` [ RunTime:0.0005s ]
SQL: SELECT * FROM `news_news` WHERE `twotype` = 1 ORDER BY id desc LIMIT 10   [ RunTime:0.0007s ]
SQL: SELECT * FROM `news_news` WHERE `twotype` = 1 AND `isvideo` = 1 ORDER BY id desc LIMIT 6   [ RunTime:0.0004s ]
INFO: [ app_end ] --START--
INFO: Run Behavior\ShowPageTraceBehavior [ RunTime:0.000342s ]
INFO: [ app_end ] --END-- [ RunTime:0.000380s ]

[ 2018-04-29T23:57:11+08:00 ] 183.240.196.117 /Index/indextwo?1
INFO: [ app_init ] --START--
INFO: Run Behavior\BuildLiteBehavior [ RunTime:0.000011s ]
INFO: [ app_init ] --END-- [ RunTime:0.000068s ]
INFO: [ app_begin ] --START--
INFO: Run Behavior\ReadHtmlCacheBehavior [ RunTime:0.000358s ]
INFO: [ app_begin ] --END-- [ RunTime:0.000404s ]
INFO: [ view_parse ] --START--
INFO: [ template_filter ] --START--
INFO: Run Behavior\ContentReplaceBehavior [ RunTime:0.000058s ]
INFO: [ template_filter ] --END-- [ RunTime:0.000098s ]
INFO: Run Behavior\ParseTemplateBehavior [ RunTime:0.008083s ]
INFO: [ view_parse ] --END-- [ RunTime:0.008135s ]
INFO: [ view_filter ] --START--
INFO: Run Behavior\WriteHtmlCacheBehavior [ RunTime:0.000120s ]
INFO: [ view_filter ] --END-- [ RunTime:0.000148s ]
INFO: [ app_end ] --START--
INFO: Run Behavior\ShowPageTraceBehavior [ RunTime:0.000334s ]
INFO: [ app_end ] --END-- [ RunTime:0.000370s ]

[ 2018-04-29T23:57:12+08:00 ] 183.240.196.117 /Home/Index/type
INFO: [ app_init ] --START--
INFO: Run Behavior\BuildLiteBehavior [ RunTime:0.000011s ]
INFO: [ app_init ] --END-- [ RunTime:0.000071s ]
INFO: [ app_begin ] --START--
INFO: Run Behavior\ReadHtmlCacheBehavior [ RunTime:0.000323s ]
INFO: [ app_begin ] --END-- [ RunTime:0.000361s ]
SQL: SHOW COLUMNS FROM `news_type` [ RunTime:0.0004s ]
SQL: SELECT * FROM `news_type` ORDER BY id desc  [ RunTime:0.0001s ]
SQL: SHOW COLUMNS FROM `news_nexttype` [ RunTime:0.0003s ]
SQL: SELECT * FROM `news_nexttype` WHERE `sid` = 27 ORDER BY id desc  [ RunTime:0.0001s ]
SQL: SELECT * FROM `news_nexttype` WHERE `sid` = 26 ORDER BY id desc  [ RunTime:0.0001s ]
SQL: SELECT * FROM `news_nexttype` WHERE `sid` = 25 ORDER BY id desc  [ RunTime:0.0001s ]
SQL: SELECT * FROM `news_nexttype` WHERE `sid` = 23 ORDER BY id desc  [ RunTime:0.0001s ]
SQL: SELECT * FROM `news_nexttype` WHERE `sid` = 21 ORDER BY id desc  [ RunTime:0.0001s ]
SQL: SELECT * FROM `news_nexttype` WHERE `sid` = 20 ORDER BY id desc  [ RunTime:0.0001s ]
SQL: SELECT * FROM `news_nexttype` WHERE `sid` = 19 ORDER BY id desc  [ RunTime:0.0001s ]
SQL: SELECT * FROM `news_nexttype` WHERE `sid` = 16 ORDER BY id desc  [ RunTime:0.0001s ]
SQL: SELECT * FROM `news_nexttype` WHERE `sid` = 15 ORDER BY id desc  [ RunTime:0.0001s ]
SQL: SELECT * FROM `news_nexttype` WHERE `sid` = 14 ORDER BY id desc  [ RunTime:0.0000s ]
SQL: SELECT * FROM `news_nexttype` WHERE `sid` = 13 ORDER BY id desc  [ RunTime:0.0001s ]
SQL: SELECT * FROM `news_nexttype` WHERE `sid` = 12 ORDER BY id desc  [ RunTime:0.0001s ]
SQL: SELECT * FROM `news_nexttype` WHERE `sid` = 11 ORDER BY id desc  [ RunTime:0.0001s ]
SQL: SELECT * FROM `news_nexttype` WHERE `sid` = 10 ORDER BY id desc  [ RunTime:0.0001s ]
SQL: SELECT * FROM `news_nexttype` WHERE `sid` = 9 ORDER BY id desc  [ RunTime:0.0000s ]
SQL: SELECT * FROM `news_nexttype` WHERE `sid` = 8 ORDER BY id desc  [ RunTime:0.0000s ]
SQL: SELECT * FROM `news_nexttype` WHERE `sid` = 6 ORDER BY id desc  [ RunTime:0.0001s ]
SQL: SELECT * FROM `news_nexttype` WHERE `sid` = 5 ORDER BY id desc  [ RunTime:0.0000s ]
SQL: SELECT * FROM `news_nexttype` WHERE `sid` = 2 ORDER BY id desc  [ RunTime:0.0001s ]
SQL: SELECT * FROM `news_nexttype` WHERE `sid` = 1 ORDER BY id desc  [ RunTime:0.0001s ]
INFO: [ app_end ] --START--
INFO: Run Behavior\ShowPageTraceBehavior [ RunTime:0.000358s ]
INFO: [ app_end ] --END-- [ RunTime:0.000405s ]

[ 2018-04-29T23:57:12+08:00 ] 183.240.196.117 /Home/Index/twolistright
INFO: [ app_init ] --START--
INFO: Run Behavior\BuildLiteBehavior [ RunTime:0.000011s ]
INFO: [ app_init ] --END-- [ RunTime:0.000072s ]
INFO: [ app_begin ] --START--
INFO: Run Behavior\ReadHtmlCacheBehavior [ RunTime:0.000343s ]
INFO: [ app_begin ] --END-- [ RunTime:0.000383s ]
SQL: SHOW COLUMNS FROM `news_nexttype` [ RunTime:0.0005s ]
SQL: SELECT * FROM `news_nexttype` WHERE `sid` = 1 ORDER BY id desc  [ RunTime:0.0001s ]
SQL: SHOW COLUMNS FROM `news_news` [ RunTime:0.0003s ]
SQL: SELECT * FROM `news_news` WHERE `twotype` = 42 ORDER BY id desc LIMIT 7   [ RunTime:0.0001s ]
SQL: SELECT * FROM `news_news` WHERE `twotype` = 5 ORDER BY id desc LIMIT 7   [ RunTime:0.0001s ]
SQL: SELECT * FROM `news_news` WHERE `twotype` = 4 ORDER BY id desc LIMIT 7   [ RunTime:0.0001s ]
SQL: SELECT * FROM `news_news` WHERE `twotype` = 3 ORDER BY id desc LIMIT 7   [ RunTime:0.0001s ]
SQL: SELECT * FROM `news_news` WHERE `twotype` = 2 ORDER BY id desc LIMIT 7   [ RunTime:0.0002s ]
SQL: SELECT * FROM `news_news` WHERE `twotype` = 1 ORDER BY id desc LIMIT 7   [ RunTime:0.0001s ]
SQL: SELECT * FROM `news_news` WHERE `onetype` = 1 ORDER BY id desc LIMIT 6   [ RunTime:0.0001s ]
INFO: [ app_end ] --START--
INFO: Run Behavior\ShowPageTraceBehavior [ RunTime:0.000472s ]
INFO: [ app_end ] --END-- [ RunTime:0.000531s ]

[ 2018-04-29T23:57:13+08:00 ] 183.240.196.117 /Home/Index/twolistleft
INFO: [ app_init ] --START--
INFO: Run Behavior\BuildLiteBehavior [ RunTime:0.000011s ]
INFO: [ app_init ] --END-- [ RunTime:0.000068s ]
INFO: [ app_begin ] --START--
INFO: Run Behavior\ReadHtmlCacheBehavior [ RunTime:0.000343s ]
INFO: [ app_begin ] --END-- [ RunTime:0.000382s ]
SQL: SHOW COLUMNS FROM `news_news` [ RunTime:0.0005s ]
SQL: SELECT * FROM `news_news` WHERE `twotype` = 1 ORDER BY id desc LIMIT 10   [ RunTime:0.0001s ]
SQL: SELECT * FROM `news_news` WHERE `twotype` = 1 AND `isvideo` = 1 ORDER BY id desc LIMIT 6   [ RunTime:0.0001s ]
INFO: [ app_end ] --START--
INFO: Run Behavior\ShowPageTraceBehavior [ RunTime:0.000351s ]
INFO: [ app_end ] --END-- [ RunTime:0.000388s ]

[ 2018-04-29T23:57:42+08:00 ] 183.240.196.117 /Index/indextwo?1
INFO: [ app_init ] --START--
INFO: Run Behavior\BuildLiteBehavior [ RunTime:0.000012s ]
INFO: [ app_init ] --END-- [ RunTime:0.000071s ]
INFO: [ app_begin ] --START--
INFO: Run Behavior\ReadHtmlCacheBehavior [ RunTime:0.000331s ]
INFO: [ app_begin ] --END-- [ RunTime:0.000371s ]
INFO: [ view_parse ] --START--
INFO: [ template_filter ] --START--
INFO: Run Behavior\ContentReplaceBehavior [ RunTime:0.000056s ]
INFO: [ template_filter ] --END-- [ RunTime:0.000095s ]
INFO: Run Behavior\ParseTemplateBehavior [ RunTime:0.008024s ]
INFO: [ view_parse ] --END-- [ RunTime:0.008074s ]
INFO: [ view_filter ] --START--
INFO: Run Behavior\WriteHtmlCacheBehavior [ RunTime:0.000100s ]
INFO: [ view_filter ] --END-- [ RunTime:0.000140s ]
INFO: [ app_end ] --START--
INFO: Run Behavior\ShowPageTraceBehavior [ RunTime:0.000333s ]
INFO: [ app_end ] --END-- [ RunTime:0.000366s ]

[ 2018-04-29T23:57:42+08:00 ] 183.240.196.117 /Home/Index/type
INFO: [ app_init ] --START--
INFO: Run Behavior\BuildLiteBehavior [ RunTime:0.000010s ]
INFO: [ app_init ] --END-- [ RunTime:0.000065s ]
INFO: [ app_begin ] --START--
INFO: Run Behavior\ReadHtmlCacheBehavior [ RunTime:0.000313s ]
INFO: [ app_begin ] --END-- [ RunTime:0.000349s ]
SQL: SHOW COLUMNS FROM `news_type` [ RunTime:0.0004s ]
SQL: SELECT * FROM `news_type` ORDER BY id desc  [ RunTime:0.0001s ]
SQL: SHOW COLUMNS FROM `news_nexttype` [ RunTime:0.0003s ]
SQL: SELECT * FROM `news_nexttype` WHERE `sid` = 27 ORDER BY id desc  [ RunTime:0.0001s ]
SQL: SELECT * FROM `news_nexttype` WHERE `sid` = 26 ORDER BY id desc  [ RunTime:0.0001s ]
SQL: SELECT * FROM `news_nexttype` WHERE `sid` = 25 ORDER BY id desc  [ RunTime:0.0000s ]
SQL: SELECT * FROM `news_nexttype` WHERE `sid` = 23 ORDER BY id desc  [ RunTime:0.0001s ]
SQL: SELECT * FROM `news_nexttype` WHERE `sid` = 21 ORDER BY id desc  [ RunTime:0.0001s ]
SQL: SELECT * FROM `news_nexttype` WHERE `sid` = 20 ORDER BY id desc  [ RunTime:0.0001s ]
SQL: SELECT * FROM `news_nexttype` WHERE `sid` = 19 ORDER BY id desc  [ RunTime:0.0001s ]
SQL: SELECT * FROM `news_nexttype` WHERE `sid` = 16 ORDER BY id desc  [ RunTime:0.0001s ]
SQL: SELECT * FROM `news_nexttype` WHERE `sid` = 15 ORDER BY id desc  [ RunTime:0.0001s ]
SQL: SELECT * FROM `news_nexttype` WHERE `sid` = 14 ORDER BY id desc  [ RunTime:0.0001s ]
SQL: SELECT * FROM `news_nexttype` WHERE `sid` = 13 ORDER BY id desc  [ RunTime:0.0000s ]
SQL: SELECT * FROM `news_nexttype` WHERE `sid` = 12 ORDER BY id desc  [ RunTime:0.0001s ]
SQL: SELECT * FROM `news_nexttype` WHERE `sid` = 11 ORDER BY id desc  [ RunTime:0.0001s ]
SQL: SELECT * FROM `news_nexttype` WHERE `sid` = 10 ORDER BY id desc  [ RunTime:0.0001s ]
SQL: SELECT * FROM `news_nexttype` WHERE `sid` = 9 ORDER BY id desc  [ RunTime:0.0000s ]
SQL: SELECT * FROM `news_nexttype` WHERE `sid` = 8 ORDER BY id desc  [ RunTime:0.0000s ]
SQL: SELECT * FROM `news_nexttype` WHERE `sid` = 6 ORDER BY id desc  [ RunTime:0.0000s ]
SQL: SELECT * FROM `news_nexttype` WHERE `sid` = 5 ORDER BY id desc  [ RunTime:0.0000s ]
SQL: SELECT * FROM `news_nexttype` WHERE `sid` = 2 ORDER BY id desc  [ RunTime:0.0001s ]
SQL: SELECT * FROM `news_nexttype` WHERE `sid` = 1 ORDER BY id desc  [ RunTime:0.0000s ]
INFO: [ app_end ] --START--
INFO: Run Behavior\ShowPageTraceBehavior [ RunTime:0.000352s ]
INFO: [ app_end ] --END-- [ RunTime:0.000387s ]

[ 2018-04-29T23:57:42+08:00 ] 183.240.196.117 /Home/Index/twolistright
INFO: [ app_init ] --START--
INFO: Run Behavior\BuildLiteBehavior [ RunTime:0.000011s ]
INFO: [ app_init ] --END-- [ RunTime:0.000069s ]
INFO: [ app_begin ] --START--
INFO: Run Behavior\ReadHtmlCacheBehavior [ RunTime:0.000330s ]
INFO: [ app_begin ] --END-- [ RunTime:0.000371s ]
SQL: SHOW COLUMNS FROM `news_nexttype` [ RunTime:0.0004s ]
SQL: SELECT * FROM `news_nexttype` WHERE `sid` = 1 ORDER BY id desc  [ RunTime:0.0001s ]
SQL: SHOW COLUMNS FROM `news_news` [ RunTime:0.0003s ]
SQL: SELECT * FROM `news_news` WHERE `twotype` = 42 ORDER BY id desc LIMIT 7   [ RunTime:0.0001s ]
SQL: SELECT * FROM `news_news` WHERE `twotype` = 5 ORDER BY id desc LIMIT 7   [ RunTime:0.0001s ]
SQL: SELECT * FROM `news_news` WHERE `twotype` = 4 ORDER BY id desc LIMIT 7   [ RunTime:0.0001s ]
SQL: SELECT * FROM `news_news` WHERE `twotype` = 3 ORDER BY id desc LIMIT 7   [ RunTime:0.0001s ]
SQL: SELECT * FROM `news_news` WHERE `twotype` = 2 ORDER BY id desc LIMIT 7   [ RunTime:0.0001s ]
SQL: SELECT * FROM `news_news` WHERE `twotype` = 1 ORDER BY id desc LIMIT 7   [ RunTime:0.0001s ]
SQL: SELECT * FROM `news_news` WHERE `onetype` = 1 ORDER BY id desc LIMIT 6   [ RunTime:0.0001s ]
INFO: [ app_end ] --START--
INFO: Run Behavior\ShowPageTraceBehavior [ RunTime:0.000389s ]
INFO: [ app_end ] --END-- [ RunTime:0.000436s ]

[ 2018-04-29T23:57:43+08:00 ] 183.240.196.117 /Home/Index/twolistleft
INFO: [ app_init ] --START--
INFO: Run Behavior\BuildLiteBehavior [ RunTime:0.000012s ]
INFO: [ app_init ] --END-- [ RunTime:0.000070s ]
INFO: [ app_begin ] --START--
INFO: Run Behavior\ReadHtmlCacheBehavior [ RunTime:0.000310s ]
INFO: [ app_begin ] --END-- [ RunTime:0.000347s ]
SQL: SHOW COLUMNS FROM `news_news` [ RunTime:0.0005s ]
SQL: SELECT * FROM `news_news` WHERE `twotype` = 1 ORDER BY id desc LIMIT 10   [ RunTime:0.0001s ]
SQL: SELECT * FROM `news_news` WHERE `twotype` = 1 AND `isvideo` = 1 ORDER BY id desc LIMIT 6   [ RunTime:0.0001s ]
INFO: [ app_end ] --START--
INFO: Run Behavior\ShowPageTraceBehavior [ RunTime:0.000323s ]
INFO: [ app_end ] --END-- [ RunTime:0.000358s ]

[ 2018-04-29T23:57:48+08:00 ] 183.240.196.117 /Index/indextwo?1
INFO: [ app_init ] --START--
INFO: Run Behavior\BuildLiteBehavior [ RunTime:0.000010s ]
INFO: [ app_init ] --END-- [ RunTime:0.000083s ]
INFO: [ app_begin ] --START--
INFO: Run Behavior\ReadHtmlCacheBehavior [ RunTime:0.000368s ]
INFO: [ app_begin ] --END-- [ RunTime:0.000420s ]
INFO: [ view_parse ] --START--
INFO: [ template_filter ] --START--
INFO: Run Behavior\ContentReplaceBehavior [ RunTime:0.000060s ]
INFO: [ template_filter ] --END-- [ RunTime:0.000102s ]
INFO: Run Behavior\ParseTemplateBehavior [ RunTime:0.008048s ]
INFO: [ view_parse ] --END-- [ RunTime:0.008099s ]
INFO: [ view_filter ] --START--
INFO: Run Behavior\WriteHtmlCacheBehavior [ RunTime:0.000104s ]
INFO: [ view_filter ] --END-- [ RunTime:0.000131s ]
INFO: [ app_end ] --START--
INFO: Run Behavior\ShowPageTraceBehavior [ RunTime:0.000340s ]
INFO: [ app_end ] --END-- [ RunTime:0.000376s ]

[ 2018-04-29T23:57:50+08:00 ] 183.240.196.117 /Home/Index/type
INFO: [ app_init ] --START--
INFO: Run Behavior\BuildLiteBehavior [ RunTime:0.000012s ]
INFO: [ app_init ] --END-- [ RunTime:0.000072s ]
INFO: [ app_begin ] --START--
INFO: Run Behavior\ReadHtmlCacheBehavior [ RunTime:0.000381s ]
INFO: [ app_begin ] --END-- [ RunTime:0.000421s ]
SQL: SHOW COLUMNS FROM `news_type` [ RunTime:0.0004s ]
SQL: SELECT * FROM `news_type` ORDER BY id desc  [ RunTime:0.0001s ]
SQL: SHOW COLUMNS FROM `news_nexttype` [ RunTime:0.0003s ]
SQL: SELECT * FROM `news_nexttype` WHERE `sid` = 27 ORDER BY id desc  [ RunTime:0.0001s ]
SQL: SELECT * FROM `news_nexttype` WHERE `sid` = 26 ORDER BY id desc  [ RunTime:0.0001s ]
SQL: SELECT * FROM `news_nexttype` WHERE `sid` = 25 ORDER BY id desc  [ RunTime:0.0001s ]
SQL: SELECT * FROM `news_nexttype` WHERE `sid` = 23 ORDER BY id desc  [ RunTime:0.0001s ]
SQL: SELECT * FROM `news_nexttype` WHERE `sid` = 21 ORDER BY id desc  [ RunTime:0.0001s ]
SQL: SELECT * FROM `news_nexttype` WHERE `sid` = 20 ORDER BY id desc  [ RunTime:0.0001s ]
SQL: SELECT * FROM `news_nexttype` WHERE `sid` = 19 ORDER BY id desc  [ RunTime:0.0001s ]
SQL: SELECT * FROM `news_nexttype` WHERE `sid` = 16 ORDER BY id desc  [ RunTime:0.0001s ]
SQL: SELECT * FROM `news_nexttype` WHERE `sid` = 15 ORDER BY id desc  [ RunTime:0.0001s ]
SQL: SELECT * FROM `news_nexttype` WHERE `sid` = 14 ORDER BY id desc  [ RunTime:0.0001s ]
SQL: SELECT * FROM `news_nexttype` WHERE `sid` = 13 ORDER BY id desc  [ RunTime:0.0001s ]
SQL: SELECT * FROM `news_nexttype` WHERE `sid` = 12 ORDER BY id desc  [ RunTime:0.0001s ]
SQL: SELECT * FROM `news_nexttype` WHERE `sid` = 11 ORDER BY id desc  [ RunTime:0.0001s ]
SQL: SELECT * FROM `news_nexttype` WHERE `sid` = 10 ORDER BY id desc  [ RunTime:0.0001s ]
SQL: SELECT * FROM `news_nexttype` WHERE `sid` = 9 ORDER BY id desc  [ RunTime:0.0001s ]
SQL: SELECT * FROM `news_nexttype` WHERE `sid` = 8 ORDER BY id desc  [ RunTime:0.0001s ]
SQL: SELECT * FROM `news_nexttype` WHERE `sid` = 6 ORDER BY id desc  [ RunTime:0.0001s ]
SQL: SELECT * FROM `news_nexttype` WHERE `sid` = 5 ORDER BY id desc  [ RunTime:0.0001s ]
SQL: SELECT * FROM `news_nexttype` WHERE `sid` = 2 ORDER BY id desc  [ RunTime:0.0001s ]
SQL: SELECT * FROM `news_nexttype` WHERE `sid` = 1 ORDER BY id desc  [ RunTime:0.0001s ]
INFO: [ app_end ] --START--
INFO: Run Behavior\ShowPageTraceBehavior [ RunTime:0.000385s ]
INFO: [ app_end ] --END-- [ RunTime:0.000423s ]

[ 2018-04-29T23:57:50+08:00 ] 183.240.196.117 /Home/Index/twolistright
INFO: [ app_init ] --START--
INFO: Run Behavior\BuildLiteBehavior [ RunTime:0.000012s ]
INFO: [ app_init ] --END-- [ RunTime:0.000070s ]
INFO: [ app_begin ] --START--
INFO: Run Behavior\ReadHtmlCacheBehavior [ RunTime:0.000372s ]
INFO: [ app_begin ] --END-- [ RunTime:0.000423s ]
SQL: SHOW COLUMNS FROM `news_nexttype` [ RunTime:0.0003s ]
SQL: SELECT * FROM `news_nexttype` WHERE `sid` = 1 ORDER BY id desc  [ RunTime:0.0001s ]
SQL: SHOW COLUMNS FROM `news_news` [ RunTime:0.0003s ]
SQL: SELECT * FROM `news_news` WHERE `twotype` = 42 ORDER BY id desc LIMIT 7   [ RunTime:0.0001s ]
SQL: SELECT * FROM `news_news` WHERE `twotype` = 5 ORDER BY id desc LIMIT 7   [ RunTime:0.0001s ]
SQL: SELECT * FROM `news_news` WHERE `twotype` = 4 ORDER BY id desc LIMIT 7   [ RunTime:0.0001s ]
SQL: SELECT * FROM `news_news` WHERE `twotype` = 3 ORDER BY id desc LIMIT 7   [ RunTime:0.0001s ]
SQL: SELECT * FROM `news_news` WHERE `twotype` = 2 ORDER BY id desc LIMIT 7   [ RunTime:0.0001s ]
SQL: SELECT * FROM `news_news` WHERE `twotype` = 1 ORDER BY id desc LIMIT 7   [ RunTime:0.0001s ]
SQL: SELECT * FROM `news_news` WHERE `onetype` = 1 ORDER BY id desc LIMIT 6   [ RunTime:0.0001s ]
INFO: [ app_end ] --START--
INFO: Run Behavior\ShowPageTraceBehavior [ RunTime:0.000436s ]
INFO: [ app_end ] --END-- [ RunTime:0.000491s ]

[ 2018-04-29T23:57:52+08:00 ] 183.240.196.117 /Home/Index/twolistleft
INFO: [ app_init ] --START--
INFO: Run Behavior\BuildLiteBehavior [ RunTime:0.000012s ]
INFO: [ app_init ] --END-- [ RunTime:0.000070s ]
INFO: [ app_begin ] --START--
INFO: Run Behavior\ReadHtmlCacheBehavior [ RunTime:0.000340s ]
INFO: [ app_begin ] --END-- [ RunTime:0.000385s ]
SQL: SHOW COLUMNS FROM `news_news` [ RunTime:0.0005s ]
SQL: SELECT * FROM `news_news` WHERE `twotype` = 1 ORDER BY id desc LIMIT 10   [ RunTime:0.0002s ]
SQL: SELECT * FROM `news_news` WHERE `twotype` = 1 AND `isvideo` = 1 ORDER BY id desc LIMIT 6   [ RunTime:0.0001s ]
INFO: [ app_end ] --START--
INFO: Run Behavior\ShowPageTraceBehavior [ RunTime:0.000374s ]
INFO: [ app_end ] --END-- [ RunTime:0.000417s ]

[ 2018-04-29T23:58:23+08:00 ] 183.240.196.117 /Index/indextwo?1
INFO: [ app_init ] --START--
INFO: Run Behavior\BuildLiteBehavior [ RunTime:0.000011s ]
INFO: [ app_init ] --END-- [ RunTime:0.000068s ]
INFO: [ app_begin ] --START--
INFO: Run Behavior\ReadHtmlCacheBehavior [ RunTime:0.000315s ]
INFO: [ app_begin ] --END-- [ RunTime:0.000354s ]
INFO: [ view_parse ] --START--
INFO: [ template_filter ] --START--
INFO: Run Behavior\ContentReplaceBehavior [ RunTime:0.000067s ]
INFO: [ template_filter ] --END-- [ RunTime:0.000120s ]
INFO: Run Behavior\ParseTemplateBehavior [ RunTime:0.008258s ]
INFO: [ view_parse ] --END-- [ RunTime:0.008308s ]
INFO: [ view_filter ] --START--
INFO: Run Behavior\WriteHtmlCacheBehavior [ RunTime:0.000120s ]
INFO: [ view_filter ] --END-- [ RunTime:0.000147s ]
INFO: [ app_end ] --START--
INFO: Run Behavior\ShowPageTraceBehavior [ RunTime:0.000362s ]
INFO: [ app_end ] --END-- [ RunTime:0.000398s ]

[ 2018-04-29T23:58:24+08:00 ] 183.240.196.117 /Home/Index/type
INFO: [ app_init ] --START--
INFO: Run Behavior\BuildLiteBehavior [ RunTime:0.000011s ]
INFO: [ app_init ] --END-- [ RunTime:0.000069s ]
INFO: [ app_begin ] --START--
INFO: Run Behavior\ReadHtmlCacheBehavior [ RunTime:0.000388s ]
INFO: [ app_begin ] --END-- [ RunTime:0.000424s ]
SQL: SHOW COLUMNS FROM `news_type` [ RunTime:0.0004s ]
SQL: SELECT * FROM `news_type` ORDER BY id desc  [ RunTime:0.0001s ]
SQL: SHOW COLUMNS FROM `news_nexttype` [ RunTime:0.0003s ]
SQL: SELECT * FROM `news_nexttype` WHERE `sid` = 27 ORDER BY id desc  [ RunTime:0.0001s ]
SQL: SELECT * FROM `news_nexttype` WHERE `sid` = 26 ORDER BY id desc  [ RunTime:0.0001s ]
SQL: SELECT * FROM `news_nexttype` WHERE `sid` = 25 ORDER BY id desc  [ RunTime:0.0001s ]
SQL: SELECT * FROM `news_nexttype` WHERE `sid` = 23 ORDER BY id desc  [ RunTime:0.0001s ]
SQL: SELECT * FROM `news_nexttype` WHERE `sid` = 21 ORDER BY id desc  [ RunTime:0.0001s ]
SQL: SELECT * FROM `news_nexttype` WHERE `sid` = 20 ORDER BY id desc  [ RunTime:0.0001s ]
SQL: SELECT * FROM `news_nexttype` WHERE `sid` = 19 ORDER BY id desc  [ RunTime:0.0001s ]
SQL: SELECT * FROM `news_nexttype` WHERE `sid` = 16 ORDER BY id desc  [ RunTime:0.0001s ]
SQL: SELECT * FROM `news_nexttype` WHERE `sid` = 15 ORDER BY id desc  [ RunTime:0.0001s ]
SQL: SELECT * FROM `news_nexttype` WHERE `sid` = 14 ORDER BY id desc  [ RunTime:0.0000s ]
SQL: SELECT * FROM `news_nexttype` WHERE `sid` = 13 ORDER BY id desc  [ RunTime:0.0001s ]
SQL: SELECT * FROM `news_nexttype` WHERE `sid` = 12 ORDER BY id desc  [ RunTime:0.0001s ]
SQL: SELECT * FROM `news_nexttype` WHERE `sid` = 11 ORDER BY id desc  [ RunTime:0.0001s ]
SQL: SELECT * FROM `news_nexttype` WHERE `sid` = 10 ORDER BY id desc  [ RunTime:0.0001s ]
SQL: SELECT * FROM `news_nexttype` WHERE `sid` = 9 ORDER BY id desc  [ RunTime:0.0001s ]
SQL: SELECT * FROM `news_nexttype` WHERE `sid` = 8 ORDER BY id desc  [ RunTime:0.0000s ]
SQL: SELECT * FROM `news_nexttype` WHERE `sid` = 6 ORDER BY id desc  [ RunTime:0.0000s ]
SQL: SELECT * FROM `news_nexttype` WHERE `sid` = 5 ORDER BY id desc  [ RunTime:0.0001s ]
SQL: SELECT * FROM `news_nexttype` WHERE `sid` = 2 ORDER BY id desc  [ RunTime:0.0000s ]
SQL: SELECT * FROM `news_nexttype` WHERE `sid` = 1 ORDER BY id desc  [ RunTime:0.0001s ]
INFO: [ app_end ] --START--
INFO: Run Behavior\ShowPageTraceBehavior [ RunTime:0.000454s ]
INFO: [ app_end ] --END-- [ RunTime:0.000495s ]

[ 2018-04-29T23:58:24+08:00 ] 183.240.196.117 /Home/Index/twolistright
INFO: [ app_init ] --START--
INFO: Run Behavior\BuildLiteBehavior [ RunTime:0.000011s ]
INFO: [ app_init ] --END-- [ RunTime:0.000085s ]
INFO: [ app_begin ] --START--
INFO: Run Behavior\ReadHtmlCacheBehavior [ RunTime:0.000351s ]
INFO: [ app_begin ] --END-- [ RunTime:0.000395s ]
SQL: SHOW COLUMNS FROM `news_nexttype` [ RunTime:0.0004s ]
SQL: SELECT * FROM `news_nexttype` WHERE `sid` = 1 ORDER BY id desc  [ RunTime:0.0001s ]
SQL: SHOW COLUMNS FROM `news_news` [ RunTime:0.0003s ]
SQL: SELECT * FROM `news_news` WHERE `twotype` = 42 ORDER BY id desc LIMIT 7   [ RunTime:0.0001s ]
SQL: SELECT * FROM `news_news` WHERE `twotype` = 5 ORDER BY id desc LIMIT 7   [ RunTime:0.0001s ]
SQL: SELECT * FROM `news_news` WHERE `twotype` = 4 ORDER BY id desc LIMIT 7   [ RunTime:0.0001s ]
SQL: SELECT * FROM `news_news` WHERE `twotype` = 3 ORDER BY id desc LIMIT 7   [ RunTime:0.0001s ]
SQL: SELECT * FROM `news_news` WHERE `twotype` = 2 ORDER BY id desc LIMIT 7   [ RunTime:0.0001s ]
SQL: SELECT * FROM `news_news` WHERE `twotype` = 1 ORDER BY id desc LIMIT 7   [ RunTime:0.0001s ]
SQL: SELECT * FROM `news_news` WHERE `onetype` = 1 ORDER BY id desc LIMIT 6   [ RunTime:0.0001s ]
INFO: [ app_end ] --START--
INFO: Run Behavior\ShowPageTraceBehavior [ RunTime:0.000485s ]
INFO: [ app_end ] --END-- [ RunTime:0.000546s ]

[ 2018-04-29T23:58:25+08:00 ] 183.240.196.117 /Home/Index/twolistleft
INFO: [ app_init ] --START--
INFO: Run Behavior\BuildLiteBehavior [ RunTime:0.000012s ]
INFO: [ app_init ] --END-- [ RunTime:0.000070s ]
INFO: [ app_begin ] --START--
INFO: Run Behavior\ReadHtmlCacheBehavior [ RunTime:0.000311s ]
INFO: [ app_begin ] --END-- [ RunTime:0.000353s ]
SQL: SHOW COLUMNS FROM `news_news` [ RunTime:0.0005s ]
SQL: SELECT * FROM `news_news` WHERE `twotype` = 1 ORDER BY id desc LIMIT 10   [ RunTime:0.0001s ]
SQL: SELECT * FROM `news_news` WHERE `twotype` = 1 AND `isvideo` = 1 ORDER BY id desc LIMIT 6   [ RunTime:0.0001s ]
INFO: [ app_end ] --START--
INFO: Run Behavior\ShowPageTraceBehavior [ RunTime:0.000336s ]
INFO: [ app_end ] --END-- [ RunTime:0.000371s ]

